[2025-07-21T16:54:41.578+0000] {local_task_job_runner.py:120} INFO - ::group::Pre task execution logs
[2025-07-21T16:54:41.628+0000] {taskinstance.py:2076} INFO - Dependencies all met for dep_context=non-requeueable deps ti=<TaskInstance: bps_simdasi_pipeline.process_simdasi_apis.process_api_9 manual__2025-07-21T16:51:36.203962+00:00 [queued]>
[2025-07-21T16:54:41.647+0000] {taskinstance.py:2076} INFO - Dependencies all met for dep_context=requeueable deps ti=<TaskInstance: bps_simdasi_pipeline.process_simdasi_apis.process_api_9 manual__2025-07-21T16:51:36.203962+00:00 [queued]>
[2025-07-21T16:54:41.648+0000] {taskinstance.py:2306} INFO - Starting attempt 1 of 2
[2025-07-21T16:54:41.678+0000] {taskinstance.py:2330} INFO - Executing <Task(PythonOperator): process_simdasi_apis.process_api_9> on 2025-07-21 16:51:36.203962+00:00
[2025-07-21T16:54:41.694+0000] {warnings.py:112} WARNING - /home/***/.local/lib/python3.12/site-packages/***/task/task_runner/standard_task_runner.py:61: DeprecationWarning: This process (pid=323) is multi-threaded, use of fork() may lead to deadlocks in the child.
  pid = os.fork()

[2025-07-21T16:54:41.698+0000] {standard_task_runner.py:63} INFO - Started process 325 to run task
[2025-07-21T16:54:41.698+0000] {standard_task_runner.py:90} INFO - Running: ['***', 'tasks', 'run', 'bps_simdasi_pipeline', 'process_simdasi_apis.process_api_9', 'manual__2025-07-21T16:51:36.203962+00:00', '--job-id', '212', '--raw', '--subdir', 'DAGS_FOLDER/bps_simdasi_pipeline.py', '--cfg-path', '/tmp/tmp9tpv8q1l']
[2025-07-21T16:54:41.699+0000] {standard_task_runner.py:91} INFO - Job 212: Subtask process_simdasi_apis.process_api_9
[2025-07-21T16:54:41.826+0000] {task_command.py:426} INFO - Running <TaskInstance: bps_simdasi_pipeline.process_simdasi_apis.process_api_9 manual__2025-07-21T16:51:36.203962+00:00 [running]> on host be615b49433c
[2025-07-21T16:54:42.033+0000] {taskinstance.py:2648} INFO - Exporting env vars: AIRFLOW_CTX_DAG_OWNER='***' AIRFLOW_CTX_DAG_ID='bps_simdasi_pipeline' AIRFLOW_CTX_TASK_ID='process_simdasi_apis.process_api_9' AIRFLOW_CTX_EXECUTION_DATE='2025-07-21T16:51:36.203962+00:00' AIRFLOW_CTX_TRY_NUMBER='1' AIRFLOW_CTX_DAG_RUN_ID='manual__2025-07-21T16:51:36.203962+00:00'
[2025-07-21T16:54:42.035+0000] {taskinstance.py:430} INFO - ::endgroup::
[2025-07-21T16:54:42.037+0000] {logging_mixin.py:188} INFO - ðŸ” Processing URL: https://webapi.bps.go.id/v1/api/interoperabilitas/datasource/simdasi/id/25/tahun/2025/id_tabel/WVRlTTcySlZDa3lUcFp6czNwbHl4QT09/wilayah/0000000/key/79452e4c302f8921ad36cd2bf55f0630/
[2025-07-21T16:54:42.038+0000] {logging_mixin.py:188} INFO - 
ðŸ”„ Mencoba mengambil daftar tahun yang tersedia secara otomatis...
[2025-07-21T16:54:44.712+0000] {logging_mixin.py:188} INFO - âœ… Tahun yang tersedia ditemukan: [2010, 2016, 2017, 2018, 2019, 2020, 2021, 2022, 2023, 2024, 2025]
[2025-07-21T16:54:44.717+0000] {logging_mixin.py:188} INFO - 
--- Memulai Loop Pengambilan Data SIMDASI ---
[2025-07-21T16:54:44.725+0000] {logging_mixin.py:188} INFO - ðŸ”„ Mengambil tahun 2010...
[2025-07-21T16:54:45.456+0000] {logging_mixin.py:188} INFO - 
âœ… Metadata awal ditangkap dari tahun 2010:
[2025-07-21T16:54:45.457+0000] {logging_mixin.py:188} INFO -    -> Nama Skema: api_bps_kependudukan_migrasi
[2025-07-21T16:54:45.459+0000] {logging_mixin.py:188} INFO -    -> Nama Kolom Label: provinsi
[2025-07-21T16:54:45.460+0000] {logging_mixin.py:188} INFO -    -> ID Kategori (mms_id): 519
[2025-07-21T16:54:45.462+0000] {logging_mixin.py:188} INFO - -> Berhasil memproses data untuk tahun 2010.
[2025-07-21T16:54:45.463+0000] {logging_mixin.py:188} INFO - ðŸ”„ Mengambil tahun 2016...
[2025-07-21T16:54:46.153+0000] {logging_mixin.py:188} INFO - -> Berhasil memproses data untuk tahun 2016.
[2025-07-21T16:54:46.154+0000] {logging_mixin.py:188} INFO - ðŸ”„ Mengambil tahun 2017...
[2025-07-21T16:54:46.814+0000] {logging_mixin.py:188} INFO - -> Berhasil memproses data untuk tahun 2017.
[2025-07-21T16:54:46.816+0000] {logging_mixin.py:188} INFO - ðŸ”„ Mengambil tahun 2018...
[2025-07-21T16:54:47.399+0000] {logging_mixin.py:188} INFO - -> Berhasil memproses data untuk tahun 2018.
[2025-07-21T16:54:47.400+0000] {logging_mixin.py:188} INFO - ðŸ”„ Mengambil tahun 2019...
[2025-07-21T16:54:48.333+0000] {logging_mixin.py:188} INFO - -> Berhasil memproses data untuk tahun 2019.
[2025-07-21T16:54:48.335+0000] {logging_mixin.py:188} INFO - ðŸ”„ Mengambil tahun 2020...
[2025-07-21T16:54:49.533+0000] {logging_mixin.py:188} INFO - -> Berhasil memproses data untuk tahun 2020.
[2025-07-21T16:54:49.534+0000] {logging_mixin.py:188} INFO - ðŸ”„ Mengambil tahun 2021...
[2025-07-21T16:54:50.226+0000] {logging_mixin.py:188} INFO - -> Berhasil memproses data untuk tahun 2021.
[2025-07-21T16:54:50.228+0000] {logging_mixin.py:188} INFO - ðŸ”„ Mengambil tahun 2022...
[2025-07-21T16:54:50.940+0000] {logging_mixin.py:188} INFO - -> Berhasil memproses data untuk tahun 2022.
[2025-07-21T16:54:50.948+0000] {logging_mixin.py:188} INFO - ðŸ”„ Mengambil tahun 2023...
[2025-07-21T16:54:51.599+0000] {logging_mixin.py:188} INFO - -> Berhasil memproses data untuk tahun 2023.
[2025-07-21T16:54:51.600+0000] {logging_mixin.py:188} INFO - ðŸ”„ Mengambil tahun 2024...
[2025-07-21T16:54:52.312+0000] {logging_mixin.py:188} INFO - -> Berhasil memproses data untuk tahun 2024.
[2025-07-21T16:54:52.313+0000] {logging_mixin.py:188} INFO - ðŸ”„ Mengambil tahun 2025...
[2025-07-21T16:54:53.070+0000] {logging_mixin.py:188} INFO - -> Berhasil memproses data untuk tahun 2025.
[2025-07-21T16:54:55.113+0000] {logging_mixin.py:188} INFO - âœ… Data saved to api_bps_kependudukan_migrasi.pnddk_lj_prtmbhn_pnddk_dstrbs_prsnts_pnddk_kpdtn_pnddk_rs_jns_k
[2025-07-21T16:54:55.116+0000] {python.py:237} INFO - Done. Returned value was: None
[2025-07-21T16:54:55.124+0000] {taskinstance.py:441} INFO - ::group::Post task execution logs
[2025-07-21T16:54:55.157+0000] {taskinstance.py:1206} INFO - Marking task as SUCCESS. dag_id=bps_simdasi_pipeline, task_id=process_simdasi_apis.process_api_9, run_id=manual__2025-07-21T16:51:36.203962+00:00, execution_date=20250721T165136, start_date=20250721T165441, end_date=20250721T165455
[2025-07-21T16:54:55.253+0000] {local_task_job_runner.py:240} INFO - Task exited with return code 0
[2025-07-21T16:54:55.352+0000] {taskinstance.py:3503} INFO - 1 downstream tasks scheduled from follow-on schedule check
[2025-07-21T16:54:55.357+0000] {local_task_job_runner.py:222} INFO - ::endgroup::
