[2025-07-14T15:10:07.341+0000] {local_task_job_runner.py:120} INFO - ::group::Pre task execution logs
[2025-07-14T15:10:07.343+0000] {local_task_job_runner.py:120} INFO - ::group::Pre task execution logs
[2025-07-14T15:10:07.441+0000] {taskinstance.py:2076} INFO - Dependencies all met for dep_context=non-requeueable deps ti=<TaskInstance: bps_simdasi_pipeline_direct_db.list_urls_task scheduled__2025-07-13T00:00:00+00:00 [queued]>
[2025-07-14T15:10:07.476+0000] {taskinstance.py:2076} INFO - Dependencies all met for dep_context=requeueable deps ti=<TaskInstance: bps_simdasi_pipeline_direct_db.list_urls_task scheduled__2025-07-13T00:00:00+00:00 [queued]>
[2025-07-14T15:10:07.478+0000] {taskinstance.py:2306} INFO - Starting attempt 1 of 1
[2025-07-14T15:10:07.534+0000] {taskinstance.py:2330} INFO - Executing <Task(_PythonDecoratedOperator): list_urls_task> on 2025-07-13 00:00:00+00:00
[2025-07-14T15:10:07.537+0000] {taskinstance.py:2066} INFO - Dependencies not met for <TaskInstance: bps_simdasi_pipeline_direct_db.list_urls_task scheduled__2025-07-13T00:00:00+00:00 [running]>, dependency 'Task Instance State' FAILED: Task is in the 'running' state.
[2025-07-14T15:10:07.564+0000] {taskinstance.py:2066} INFO - Dependencies not met for <TaskInstance: bps_simdasi_pipeline_direct_db.list_urls_task scheduled__2025-07-13T00:00:00+00:00 [running]>, dependency 'Task Instance Not Running' FAILED: Task is in the running state
[2025-07-14T15:10:07.574+0000] {local_task_job_runner.py:163} INFO - Task is not able to be run
[2025-07-14T15:10:07.599+0000] {warnings.py:112} WARNING - /home/***/.local/lib/python3.12/site-packages/***/task/task_runner/standard_task_runner.py:61: DeprecationWarning: This process (pid=143) is multi-threaded, use of fork() may lead to deadlocks in the child.
  pid = os.fork()

[2025-07-14T15:10:07.608+0000] {standard_task_runner.py:63} INFO - Started process 155 to run task
[2025-07-14T15:10:07.606+0000] {standard_task_runner.py:90} INFO - Running: ['***', 'tasks', 'run', 'bps_simdasi_pipeline_direct_db', 'list_urls_task', 'scheduled__2025-07-13T00:00:00+00:00', '--job-id', '72', '--raw', '--subdir', 'DAGS_FOLDER/script/dag_simdasi.py', '--cfg-path', '/tmp/tmpqc5jvti3']
[2025-07-14T15:10:07.613+0000] {standard_task_runner.py:91} INFO - Job 72: Subtask list_urls_task
[2025-07-14T15:10:07.941+0000] {task_command.py:426} INFO - Running <TaskInstance: bps_simdasi_pipeline_direct_db.list_urls_task scheduled__2025-07-13T00:00:00+00:00 [running]> on host be615b49433c
[2025-07-14T15:10:08.370+0000] {taskinstance.py:2648} INFO - Exporting env vars: AIRFLOW_CTX_DAG_OWNER='***' AIRFLOW_CTX_DAG_ID='bps_simdasi_pipeline_direct_db' AIRFLOW_CTX_TASK_ID='list_urls_task' AIRFLOW_CTX_EXECUTION_DATE='2025-07-13T00:00:00+00:00' AIRFLOW_CTX_TRY_NUMBER='1' AIRFLOW_CTX_DAG_RUN_ID='scheduled__2025-07-13T00:00:00+00:00'
[2025-07-14T15:10:08.379+0000] {taskinstance.py:430} INFO - ::endgroup::
[2025-07-14T15:10:08.384+0000] {logging_mixin.py:188} INFO - Menyiapkan daftar URL untuk diproses...
[2025-07-14T15:10:08.387+0000] {python.py:237} INFO - Done. Returned value was: ['https://webapi.bps.go.id/v1/api/interoperabilitas/datasource/simdasi/id/25/tahun/{tahun}/id_tabel/SnM1eUlLcDgxNDR4aEowTlJpbjh3Zz09/wilayah/0000000/key/79452e4c302f8921ad36cd2bf55f0630/', 'https://webapi.bps.go.id/v1/api/interoperabilitas/datasource/simdasi/id/26/key/79452e4c302f8921ad36cd2bf55f0630/']
[2025-07-14T15:10:08.393+0000] {taskinstance.py:441} INFO - ::group::Post task execution logs
[2025-07-14T15:10:08.596+0000] {taskinstance.py:1206} INFO - Marking task as SUCCESS. dag_id=bps_simdasi_pipeline_direct_db, task_id=list_urls_task, run_id=scheduled__2025-07-13T00:00:00+00:00, execution_date=20250713T000000, start_date=20250714T151007, end_date=20250714T151008
[2025-07-14T15:10:08.844+0000] {local_task_job_runner.py:240} INFO - Task exited with return code 0
[2025-07-14T15:10:09.611+0000] {taskinstance.py:3503} INFO - 2 downstream tasks scheduled from follow-on schedule check
[2025-07-14T15:10:09.637+0000] {local_task_job_runner.py:222} INFO - ::endgroup::
