[2025-07-17T15:23:40.699+0000] {local_task_job_runner.py:120} INFO - ::group::Pre task execution logs
[2025-07-17T15:23:40.868+0000] {taskinstance.py:2076} INFO - Dependencies all met for dep_context=non-requeueable deps ti=<TaskInstance: bps_simdasi_pipeline.process_simdasi_apis.process_api_9 manual__2025-07-17T15:22:43.606411+00:00 [queued]>
[2025-07-17T15:23:40.941+0000] {taskinstance.py:2076} INFO - Dependencies all met for dep_context=requeueable deps ti=<TaskInstance: bps_simdasi_pipeline.process_simdasi_apis.process_api_9 manual__2025-07-17T15:22:43.606411+00:00 [queued]>
[2025-07-17T15:23:40.944+0000] {taskinstance.py:2306} INFO - Starting attempt 1 of 2
[2025-07-17T15:23:41.020+0000] {taskinstance.py:2330} INFO - Executing <Task(PythonOperator): process_simdasi_apis.process_api_9> on 2025-07-17 15:22:43.606411+00:00
[2025-07-17T15:23:41.285+0000] {warnings.py:112} WARNING - /home/***/.local/lib/python3.12/site-packages/***/task/task_runner/standard_task_runner.py:61: DeprecationWarning: This process (pid=833) is multi-threaded, use of fork() may lead to deadlocks in the child.
  pid = os.fork()

[2025-07-17T15:23:41.314+0000] {standard_task_runner.py:63} INFO - Started process 866 to run task
[2025-07-17T15:23:41.332+0000] {standard_task_runner.py:90} INFO - Running: ['***', 'tasks', 'run', 'bps_simdasi_pipeline', 'process_simdasi_apis.process_api_9', 'manual__2025-07-17T15:22:43.606411+00:00', '--job-id', '187', '--raw', '--subdir', 'DAGS_FOLDER/bps_simdasi_pipeline.py', '--cfg-path', '/tmp/tmpsn3iyxne']
[2025-07-17T15:23:41.342+0000] {standard_task_runner.py:91} INFO - Job 187: Subtask process_simdasi_apis.process_api_9
[2025-07-17T15:23:42.568+0000] {task_command.py:426} INFO - Running <TaskInstance: bps_simdasi_pipeline.process_simdasi_apis.process_api_9 manual__2025-07-17T15:22:43.606411+00:00 [running]> on host be615b49433c
[2025-07-17T15:23:46.118+0000] {taskinstance.py:2648} INFO - Exporting env vars: AIRFLOW_CTX_DAG_OWNER='***' AIRFLOW_CTX_DAG_ID='bps_simdasi_pipeline' AIRFLOW_CTX_TASK_ID='process_simdasi_apis.process_api_9' AIRFLOW_CTX_EXECUTION_DATE='2025-07-17T15:22:43.606411+00:00' AIRFLOW_CTX_TRY_NUMBER='1' AIRFLOW_CTX_DAG_RUN_ID='manual__2025-07-17T15:22:43.606411+00:00'
[2025-07-17T15:23:46.152+0000] {taskinstance.py:430} INFO - ::endgroup::
[2025-07-17T15:23:46.289+0000] {logging_mixin.py:188} INFO - Processing URL: https://webapi.bps.go.id/v1/api/interoperabilitas/datasource/simdasi/id/25/tahun/2023/id_tabel/TkFMNjl1eC9uUlBMSVdIWmdaZE00UT09/wilayah/3500000/key/79452e4c302f8921ad36cd2bf55f0630
[2025-07-17T15:23:46.301+0000] {logging_mixin.py:188} INFO - 
🔄 Mencoba mengambil daftar tahun yang tersedia secara otomatis...
[2025-07-17T15:23:52.978+0000] {logging_mixin.py:188} INFO - ✅ Tahun yang tersedia ditemukan: [2014, 2015, 2016, 2017, 2018, 2019, 2020, 2021, 2022, 2023]
[2025-07-17T15:23:52.993+0000] {logging_mixin.py:188} INFO - 
--- Memulai Loop Pengambilan Data SIMDASI ---
[2025-07-17T15:23:53.007+0000] {logging_mixin.py:188} INFO - 🔄 Mengambil tahun 2014...
[2025-07-17T15:23:57.093+0000] {logging_mixin.py:188} INFO - 
✅ Metadata awal ditangkap dari tahun 2014:
[2025-07-17T15:23:57.095+0000] {logging_mixin.py:188} INFO -    -> Nama Skema: api_bps_pemukiman_perumahan
[2025-07-17T15:23:57.097+0000] {logging_mixin.py:188} INFO -    -> Nama Kolom Label: kabupatenkota
[2025-07-17T15:23:57.098+0000] {logging_mixin.py:188} INFO -    -> ID Kategori (mms_id): 525
[2025-07-17T15:23:57.101+0000] {logging_mixin.py:188} INFO - -> Berhasil memproses data untuk tahun 2014.
[2025-07-17T15:23:57.103+0000] {logging_mixin.py:188} INFO - 🔄 Mengambil tahun 2015...
[2025-07-17T15:23:58.112+0000] {logging_mixin.py:188} INFO - -> Berhasil memproses data untuk tahun 2015.
[2025-07-17T15:23:58.117+0000] {logging_mixin.py:188} INFO - 🔄 Mengambil tahun 2016...
[2025-07-17T15:24:00.036+0000] {logging_mixin.py:188} INFO - -> Berhasil memproses data untuk tahun 2016.
[2025-07-17T15:24:00.039+0000] {logging_mixin.py:188} INFO - 🔄 Mengambil tahun 2017...
[2025-07-17T15:24:01.155+0000] {logging_mixin.py:188} INFO - -> Berhasil memproses data untuk tahun 2017.
[2025-07-17T15:24:01.162+0000] {logging_mixin.py:188} INFO - 🔄 Mengambil tahun 2018...
[2025-07-17T15:24:02.011+0000] {logging_mixin.py:188} INFO - -> Berhasil memproses data untuk tahun 2018.
[2025-07-17T15:24:02.017+0000] {logging_mixin.py:188} INFO - 🔄 Mengambil tahun 2019...
[2025-07-17T15:24:03.042+0000] {logging_mixin.py:188} INFO - -> Berhasil memproses data untuk tahun 2019.
[2025-07-17T15:24:03.046+0000] {logging_mixin.py:188} INFO - 🔄 Mengambil tahun 2020...
[2025-07-17T15:24:04.866+0000] {logging_mixin.py:188} INFO - -> Berhasil memproses data untuk tahun 2020.
[2025-07-17T15:24:04.870+0000] {logging_mixin.py:188} INFO - 🔄 Mengambil tahun 2021...
[2025-07-17T15:24:05.808+0000] {logging_mixin.py:188} INFO - -> Berhasil memproses data untuk tahun 2021.
[2025-07-17T15:24:05.811+0000] {logging_mixin.py:188} INFO - 🔄 Mengambil tahun 2022...
[2025-07-17T15:24:06.930+0000] {logging_mixin.py:188} INFO - -> Berhasil memproses data untuk tahun 2022.
[2025-07-17T15:24:06.947+0000] {logging_mixin.py:188} INFO - 🔄 Mengambil tahun 2023...
[2025-07-17T15:24:09.549+0000] {logging_mixin.py:188} INFO - -> Berhasil memproses data untuk tahun 2023.
[2025-07-17T15:24:14.616+0000] {logging_mixin.py:188} INFO - ✅ Data saved to api_bps_pemukiman_perumahan.prsnts_rmh_tngg_yng_mmlk_kss_trhdp_snts_lyk_mnrt_kbptnkt_d_prvn
[2025-07-17T15:24:14.663+0000] {python.py:237} INFO - Done. Returned value was: None
[2025-07-17T15:24:15.184+0000] {taskinstance.py:441} INFO - ::group::Post task execution logs
[2025-07-17T15:24:16.845+0000] {taskinstance.py:1206} INFO - Marking task as SUCCESS. dag_id=bps_simdasi_pipeline, task_id=process_simdasi_apis.process_api_9, run_id=manual__2025-07-17T15:22:43.606411+00:00, execution_date=20250717T152243, start_date=20250717T152340, end_date=20250717T152416
[2025-07-17T15:24:17.931+0000] {local_task_job_runner.py:240} INFO - Task exited with return code 0
[2025-07-17T15:24:18.210+0000] {local_task_job_runner.py:222} INFO - ::endgroup::
