[2025-07-14T15:11:08.242+0000] {local_task_job_runner.py:120} INFO - ::group::Pre task execution logs
[2025-07-14T15:11:08.365+0000] {taskinstance.py:2076} INFO - Dependencies all met for dep_context=non-requeueable deps ti=<TaskInstance: bps_simdasi_pipeline_direct_db.list_urls_task manual__2025-07-14T15:10:56.753779+00:00 [queued]>
[2025-07-14T15:11:08.408+0000] {taskinstance.py:2076} INFO - Dependencies all met for dep_context=requeueable deps ti=<TaskInstance: bps_simdasi_pipeline_direct_db.list_urls_task manual__2025-07-14T15:10:56.753779+00:00 [queued]>
[2025-07-14T15:11:08.412+0000] {taskinstance.py:2306} INFO - Starting attempt 1 of 1
[2025-07-14T15:11:08.485+0000] {taskinstance.py:2330} INFO - Executing <Task(_PythonDecoratedOperator): list_urls_task> on 2025-07-14 15:10:56.753779+00:00
[2025-07-14T15:11:08.532+0000] {warnings.py:112} WARNING - /home/***/.local/lib/python3.12/site-packages/***/task/task_runner/standard_task_runner.py:61: DeprecationWarning: This process (pid=181) is multi-threaded, use of fork() may lead to deadlocks in the child.
  pid = os.fork()

[2025-07-14T15:11:08.545+0000] {standard_task_runner.py:63} INFO - Started process 183 to run task
[2025-07-14T15:11:08.544+0000] {standard_task_runner.py:90} INFO - Running: ['***', 'tasks', 'run', 'bps_simdasi_pipeline_direct_db', 'list_urls_task', 'manual__2025-07-14T15:10:56.753779+00:00', '--job-id', '77', '--raw', '--subdir', 'DAGS_FOLDER/script/dag_simdasi.py', '--cfg-path', '/tmp/tmpt7wo2m1j']
[2025-07-14T15:11:08.555+0000] {standard_task_runner.py:91} INFO - Job 77: Subtask list_urls_task
[2025-07-14T15:11:08.926+0000] {task_command.py:426} INFO - Running <TaskInstance: bps_simdasi_pipeline_direct_db.list_urls_task manual__2025-07-14T15:10:56.753779+00:00 [running]> on host be615b49433c
[2025-07-14T15:11:09.879+0000] {taskinstance.py:2648} INFO - Exporting env vars: AIRFLOW_CTX_DAG_OWNER='***' AIRFLOW_CTX_DAG_ID='bps_simdasi_pipeline_direct_db' AIRFLOW_CTX_TASK_ID='list_urls_task' AIRFLOW_CTX_EXECUTION_DATE='2025-07-14T15:10:56.753779+00:00' AIRFLOW_CTX_TRY_NUMBER='1' AIRFLOW_CTX_DAG_RUN_ID='manual__2025-07-14T15:10:56.753779+00:00'
[2025-07-14T15:11:09.893+0000] {taskinstance.py:430} INFO - ::endgroup::
[2025-07-14T15:11:09.898+0000] {logging_mixin.py:188} INFO - Menyiapkan daftar URL untuk diproses...
[2025-07-14T15:11:09.911+0000] {python.py:237} INFO - Done. Returned value was: ['https://webapi.bps.go.id/v1/api/interoperabilitas/datasource/simdasi/id/25/tahun/{tahun}/id_tabel/SnM1eUlLcDgxNDR4aEowTlJpbjh3Zz09/wilayah/0000000/key/79452e4c302f8921ad36cd2bf55f0630/', 'https://webapi.bps.go.id/v1/api/interoperabilitas/datasource/simdasi/id/26/key/79452e4c302f8921ad36cd2bf55f0630/']
[2025-07-14T15:11:09.914+0000] {taskinstance.py:441} INFO - ::group::Post task execution logs
[2025-07-14T15:11:10.262+0000] {taskinstance.py:1206} INFO - Marking task as SUCCESS. dag_id=bps_simdasi_pipeline_direct_db, task_id=list_urls_task, run_id=manual__2025-07-14T15:10:56.753779+00:00, execution_date=20250714T151056, start_date=20250714T151108, end_date=20250714T151110
[2025-07-14T15:11:10.629+0000] {local_task_job_runner.py:240} INFO - Task exited with return code 0
[2025-07-14T15:11:11.286+0000] {taskinstance.py:3503} INFO - 2 downstream tasks scheduled from follow-on schedule check
[2025-07-14T15:11:11.295+0000] {local_task_job_runner.py:222} INFO - ::endgroup::
