[2025-07-17T11:31:14.393+0000] {local_task_job_runner.py:120} INFO - ::group::Pre task execution logs
[2025-07-17T11:31:14.702+0000] {taskinstance.py:2076} INFO - Dependencies all met for dep_context=non-requeueable deps ti=<TaskInstance: bps_simdasi_pipeline.process_simdasi_apis.process_api_4 manual__2025-07-17T11:23:16.824677+00:00 [queued]>
[2025-07-17T11:31:15.279+0000] {taskinstance.py:2076} INFO - Dependencies all met for dep_context=requeueable deps ti=<TaskInstance: bps_simdasi_pipeline.process_simdasi_apis.process_api_4 manual__2025-07-17T11:23:16.824677+00:00 [queued]>
[2025-07-17T11:31:15.316+0000] {taskinstance.py:2306} INFO - Starting attempt 2 of 2
[2025-07-17T11:31:16.396+0000] {taskinstance.py:2330} INFO - Executing <Task(PythonOperator): process_simdasi_apis.process_api_4> on 2025-07-17 11:23:16.824677+00:00
[2025-07-17T11:31:16.527+0000] {warnings.py:112} WARNING - /home/***/.local/lib/python3.12/site-packages/***/task/task_runner/standard_task_runner.py:61: DeprecationWarning: This process (pid=313) is multi-threaded, use of fork() may lead to deadlocks in the child.
  pid = os.fork()

[2025-07-17T11:31:16.544+0000] {standard_task_runner.py:63} INFO - Started process 338 to run task
[2025-07-17T11:31:16.643+0000] {standard_task_runner.py:90} INFO - Running: ['***', 'tasks', 'run', 'bps_simdasi_pipeline', 'process_simdasi_apis.process_api_4', 'manual__2025-07-17T11:23:16.824677+00:00', '--job-id', '134', '--raw', '--subdir', 'DAGS_FOLDER/bps_simdasi_pipeline.py.py', '--cfg-path', '/tmp/tmpjw42fbzp']
[2025-07-17T11:31:16.667+0000] {standard_task_runner.py:91} INFO - Job 134: Subtask process_simdasi_apis.process_api_4
[2025-07-17T11:31:17.568+0000] {task_command.py:426} INFO - Running <TaskInstance: bps_simdasi_pipeline.process_simdasi_apis.process_api_4 manual__2025-07-17T11:23:16.824677+00:00 [running]> on host be615b49433c
[2025-07-17T11:31:18.362+0000] {taskinstance.py:2648} INFO - Exporting env vars: AIRFLOW_CTX_DAG_OWNER='***' AIRFLOW_CTX_DAG_ID='bps_simdasi_pipeline' AIRFLOW_CTX_TASK_ID='process_simdasi_apis.process_api_4' AIRFLOW_CTX_EXECUTION_DATE='2025-07-17T11:23:16.824677+00:00' AIRFLOW_CTX_TRY_NUMBER='2' AIRFLOW_CTX_DAG_RUN_ID='manual__2025-07-17T11:23:16.824677+00:00'
[2025-07-17T11:31:18.400+0000] {taskinstance.py:430} INFO - ::endgroup::
[2025-07-17T11:31:18.417+0000] {logging_mixin.py:188} INFO - Processing URL: https://webapi.bps.go.id/v1/api/interoperabilitas/datasource/simdasi/id/25/tahun/2020/id_tabel/elJzMTFDZWI0bS9OcGptMVFWNEdhdz09/wilayah/0000000/key/79452e4c302f8921ad36cd2bf55f0630
[2025-07-17T11:31:24.121+0000] {logging_mixin.py:188} INFO - 
--- Memulai Loop Pengambilan Data SIMDASI ---
[2025-07-17T11:31:24.133+0000] {logging_mixin.py:188} INFO - 🔄 Mengambil tahun 2017...
[2025-07-17T11:31:26.076+0000] {logging_mixin.py:188} INFO - 
✅ Metadata awal ditangkap dari tahun 2017:
[2025-07-17T11:31:26.102+0000] {logging_mixin.py:188} INFO -    -> Nama Skema: api_bps_hortikultura_khutanan_perikanan
[2025-07-17T11:31:26.103+0000] {logging_mixin.py:188} INFO -    -> Nama Kolom Label: provinsi
[2025-07-17T11:31:26.105+0000] {logging_mixin.py:188} INFO -    -> ID Kategori (mms_id): 557
[2025-07-17T11:31:26.118+0000] {logging_mixin.py:188} INFO - -> Berhasil memproses data untuk tahun 2017.
[2025-07-17T11:31:26.130+0000] {logging_mixin.py:188} INFO - 🔄 Mengambil tahun 2018...
[2025-07-17T11:31:29.814+0000] {logging_mixin.py:188} INFO - -> Berhasil memproses data untuk tahun 2018.
[2025-07-17T11:31:29.827+0000] {logging_mixin.py:188} INFO - 🔄 Mengambil tahun 2019...
[2025-07-17T11:31:35.977+0000] {logging_mixin.py:188} INFO - -> Berhasil memproses data untuk tahun 2019.
[2025-07-17T11:31:36.023+0000] {logging_mixin.py:188} INFO - 🔄 Mengambil tahun 2020...
[2025-07-17T11:31:38.151+0000] {logging_mixin.py:188} INFO - -> Berhasil memproses data untuk tahun 2020.
[2025-07-17T11:31:38.182+0000] {logging_mixin.py:188} INFO - 
✅ Nama tabel final diatur ke: 'prdks_prkbnn_mnrt_jns_tnmn_mnrt_prvns_rb_tn_2020' (berdasarkan judul dari tahun terakhir yang tersedia).
[2025-07-17T11:31:39.771+0000] {logging_mixin.py:188} INFO - ❌ Database error: connection to server at "103.183.92.158", port 5432 failed: FATAL:  sorry, too many clients already
[2025-07-17T11:31:39.854+0000] {python.py:237} INFO - Done. Returned value was: None
[2025-07-17T11:31:39.946+0000] {taskinstance.py:441} INFO - ::group::Post task execution logs
[2025-07-17T11:31:43.019+0000] {taskinstance.py:1206} INFO - Marking task as SUCCESS. dag_id=bps_simdasi_pipeline, task_id=process_simdasi_apis.process_api_4, run_id=manual__2025-07-17T11:23:16.824677+00:00, execution_date=20250717T112316, start_date=20250717T113114, end_date=20250717T113143
[2025-07-17T11:31:43.294+0000] {local_task_job_runner.py:240} INFO - Task exited with return code 0
[2025-07-17T11:31:43.492+0000] {taskinstance.py:3503} INFO - 0 downstream tasks scheduled from follow-on schedule check
[2025-07-17T11:31:43.507+0000] {local_task_job_runner.py:222} INFO - ::endgroup::
