[2025-07-21T16:52:33.638+0000] {local_task_job_runner.py:120} INFO - ::group::Pre task execution logs
[2025-07-21T16:52:33.697+0000] {taskinstance.py:2076} INFO - Dependencies all met for dep_context=non-requeueable deps ti=<TaskInstance: bps_simdasi_pipeline.process_simdasi_apis.process_api_2 manual__2025-07-21T16:51:36.203962+00:00 [queued]>
[2025-07-21T16:52:33.717+0000] {taskinstance.py:2076} INFO - Dependencies all met for dep_context=requeueable deps ti=<TaskInstance: bps_simdasi_pipeline.process_simdasi_apis.process_api_2 manual__2025-07-21T16:51:36.203962+00:00 [queued]>
[2025-07-21T16:52:33.720+0000] {taskinstance.py:2306} INFO - Starting attempt 1 of 2
[2025-07-21T16:52:33.765+0000] {taskinstance.py:2330} INFO - Executing <Task(PythonOperator): process_simdasi_apis.process_api_2> on 2025-07-21 16:51:36.203962+00:00
[2025-07-21T16:52:33.786+0000] {warnings.py:112} WARNING - /home/***/.local/lib/python3.12/site-packages/***/task/task_runner/standard_task_runner.py:61: DeprecationWarning: This process (pid=279) is multi-threaded, use of fork() may lead to deadlocks in the child.
  pid = os.fork()

[2025-07-21T16:52:33.789+0000] {standard_task_runner.py:63} INFO - Started process 281 to run task
[2025-07-21T16:52:33.792+0000] {standard_task_runner.py:90} INFO - Running: ['***', 'tasks', 'run', 'bps_simdasi_pipeline', 'process_simdasi_apis.process_api_2', 'manual__2025-07-21T16:51:36.203962+00:00', '--job-id', '205', '--raw', '--subdir', 'DAGS_FOLDER/bps_simdasi_pipeline.py', '--cfg-path', '/tmp/tmpwgghwp38']
[2025-07-21T16:52:33.795+0000] {standard_task_runner.py:91} INFO - Job 205: Subtask process_simdasi_apis.process_api_2
[2025-07-21T16:52:33.940+0000] {task_command.py:426} INFO - Running <TaskInstance: bps_simdasi_pipeline.process_simdasi_apis.process_api_2 manual__2025-07-21T16:51:36.203962+00:00 [running]> on host be615b49433c
[2025-07-21T16:52:34.230+0000] {taskinstance.py:2648} INFO - Exporting env vars: AIRFLOW_CTX_DAG_OWNER='***' AIRFLOW_CTX_DAG_ID='bps_simdasi_pipeline' AIRFLOW_CTX_TASK_ID='process_simdasi_apis.process_api_2' AIRFLOW_CTX_EXECUTION_DATE='2025-07-21T16:51:36.203962+00:00' AIRFLOW_CTX_TRY_NUMBER='1' AIRFLOW_CTX_DAG_RUN_ID='manual__2025-07-21T16:51:36.203962+00:00'
[2025-07-21T16:52:34.234+0000] {taskinstance.py:430} INFO - ::endgroup::
[2025-07-21T16:52:34.238+0000] {logging_mixin.py:188} INFO - ðŸ” Processing URL: https://webapi.bps.go.id/v1/api/interoperabilitas/datasource/simdasi/id/25/tahun/2024/id_tabel/a1lFcnlHNXNYMFlueG8xL0ZOZnU0Zz09/wilayah/0000000/key/79452e4c302f8921ad36cd2bf55f0630/
[2025-07-21T16:52:34.239+0000] {logging_mixin.py:188} INFO - 
ðŸ”„ Mencoba mengambil daftar tahun yang tersedia secara otomatis...
[2025-07-21T16:52:36.331+0000] {logging_mixin.py:188} INFO - âœ… Tahun yang tersedia ditemukan: [2016, 2017, 2018, 2019, 2020, 2021, 2022, 2023, 2024]
[2025-07-21T16:52:36.336+0000] {logging_mixin.py:188} INFO - 
--- Memulai Loop Pengambilan Data SIMDASI ---
[2025-07-21T16:52:36.342+0000] {logging_mixin.py:188} INFO - ðŸ”„ Mengambil tahun 2016...
[2025-07-21T16:52:37.027+0000] {logging_mixin.py:188} INFO - 
âœ… Metadata awal ditangkap dari tahun 2016:
[2025-07-21T16:52:37.029+0000] {logging_mixin.py:188} INFO -    -> Nama Skema: api_bps_pendidikan
[2025-07-21T16:52:37.030+0000] {logging_mixin.py:188} INFO -    -> Nama Kolom Label: provinsi
[2025-07-21T16:52:37.032+0000] {logging_mixin.py:188} INFO -    -> ID Kategori (mms_id): 521
[2025-07-21T16:52:37.034+0000] {logging_mixin.py:188} INFO - -> Berhasil memproses data untuk tahun 2016.
[2025-07-21T16:52:37.035+0000] {logging_mixin.py:188} INFO - ðŸ”„ Mengambil tahun 2017...
[2025-07-21T16:52:37.665+0000] {logging_mixin.py:188} INFO - -> Berhasil memproses data untuk tahun 2017.
[2025-07-21T16:52:37.667+0000] {logging_mixin.py:188} INFO - ðŸ”„ Mengambil tahun 2018...
[2025-07-21T16:52:38.205+0000] {logging_mixin.py:188} INFO - -> Berhasil memproses data untuk tahun 2018.
[2025-07-21T16:52:38.206+0000] {logging_mixin.py:188} INFO - ðŸ”„ Mengambil tahun 2019...
[2025-07-21T16:52:38.821+0000] {logging_mixin.py:188} INFO - -> Berhasil memproses data untuk tahun 2019.
[2025-07-21T16:52:38.823+0000] {logging_mixin.py:188} INFO - ðŸ”„ Mengambil tahun 2020...
[2025-07-21T16:52:39.420+0000] {logging_mixin.py:188} INFO - -> Berhasil memproses data untuk tahun 2020.
[2025-07-21T16:52:39.421+0000] {logging_mixin.py:188} INFO - ðŸ”„ Mengambil tahun 2021...
[2025-07-21T16:52:39.943+0000] {logging_mixin.py:188} INFO - -> Berhasil memproses data untuk tahun 2021.
[2025-07-21T16:52:39.945+0000] {logging_mixin.py:188} INFO - ðŸ”„ Mengambil tahun 2022...
[2025-07-21T16:52:40.624+0000] {logging_mixin.py:188} INFO - -> Berhasil memproses data untuk tahun 2022.
[2025-07-21T16:52:40.626+0000] {logging_mixin.py:188} INFO - ðŸ”„ Mengambil tahun 2023...
[2025-07-21T16:52:41.241+0000] {logging_mixin.py:188} INFO - -> Berhasil memproses data untuk tahun 2023.
[2025-07-21T16:52:41.245+0000] {logging_mixin.py:188} INFO - ðŸ”„ Mengambil tahun 2024...
[2025-07-21T16:52:41.908+0000] {logging_mixin.py:188} INFO - -> Berhasil memproses data untuk tahun 2024.
[2025-07-21T16:52:47.123+0000] {logging_mixin.py:188} INFO - âœ… Data saved to api_bps_pendidikan.jmlh_sklh_gr_dn_mrd_sklh_mnngh_ts_sm_d_bwh_kmntrn_pnddkn_kbdyn_
[2025-07-21T16:52:47.124+0000] {python.py:237} INFO - Done. Returned value was: None
[2025-07-21T16:52:47.127+0000] {taskinstance.py:441} INFO - ::group::Post task execution logs
[2025-07-21T16:52:47.154+0000] {taskinstance.py:1206} INFO - Marking task as SUCCESS. dag_id=bps_simdasi_pipeline, task_id=process_simdasi_apis.process_api_2, run_id=manual__2025-07-21T16:51:36.203962+00:00, execution_date=20250721T165136, start_date=20250721T165233, end_date=20250721T165247
[2025-07-21T16:52:47.257+0000] {local_task_job_runner.py:240} INFO - Task exited with return code 0
[2025-07-21T16:52:47.333+0000] {taskinstance.py:3503} INFO - 1 downstream tasks scheduled from follow-on schedule check
[2025-07-21T16:52:47.338+0000] {local_task_job_runner.py:222} INFO - ::endgroup::
