[2025-07-23T16:02:43.028+0000] {local_task_job_runner.py:120} INFO - ::group::Pre task execution logs
[2025-07-23T16:02:43.080+0000] {taskinstance.py:2076} INFO - Dependencies all met for dep_context=non-requeueable deps ti=<TaskInstance: bps_simdasi_pipeline.process_simdasi_apis.process_api_1 manual__2025-07-23T16:02:34.444004+00:00 [queued]>
[2025-07-23T16:02:43.094+0000] {taskinstance.py:2076} INFO - Dependencies all met for dep_context=requeueable deps ti=<TaskInstance: bps_simdasi_pipeline.process_simdasi_apis.process_api_1 manual__2025-07-23T16:02:34.444004+00:00 [queued]>
[2025-07-23T16:02:43.096+0000] {taskinstance.py:2306} INFO - Starting attempt 1 of 2
[2025-07-23T16:02:43.122+0000] {taskinstance.py:2330} INFO - Executing <Task(PythonOperator): process_simdasi_apis.process_api_1> on 2025-07-23 16:02:34.444004+00:00
[2025-07-23T16:02:43.148+0000] {warnings.py:112} WARNING - /home/***/.local/lib/python3.12/site-packages/***/task/task_runner/standard_task_runner.py:61: DeprecationWarning: This process (pid=337) is multi-threaded, use of fork() may lead to deadlocks in the child.
  pid = os.fork()

[2025-07-23T16:02:43.151+0000] {standard_task_runner.py:63} INFO - Started process 339 to run task
[2025-07-23T16:02:43.152+0000] {standard_task_runner.py:90} INFO - Running: ['***', 'tasks', 'run', 'bps_simdasi_pipeline', 'process_simdasi_apis.process_api_1', 'manual__2025-07-23T16:02:34.444004+00:00', '--job-id', '239', '--raw', '--subdir', 'DAGS_FOLDER/bps_simdasi_pipeline.py', '--cfg-path', '/tmp/tmpx1wa7qhe']
[2025-07-23T16:02:43.154+0000] {standard_task_runner.py:91} INFO - Job 239: Subtask process_simdasi_apis.process_api_1
[2025-07-23T16:02:43.277+0000] {task_command.py:426} INFO - Running <TaskInstance: bps_simdasi_pipeline.process_simdasi_apis.process_api_1 manual__2025-07-23T16:02:34.444004+00:00 [running]> on host be615b49433c
[2025-07-23T16:02:43.467+0000] {taskinstance.py:2648} INFO - Exporting env vars: AIRFLOW_CTX_DAG_OWNER='***' AIRFLOW_CTX_DAG_ID='bps_simdasi_pipeline' AIRFLOW_CTX_TASK_ID='process_simdasi_apis.process_api_1' AIRFLOW_CTX_EXECUTION_DATE='2025-07-23T16:02:34.444004+00:00' AIRFLOW_CTX_TRY_NUMBER='1' AIRFLOW_CTX_DAG_RUN_ID='manual__2025-07-23T16:02:34.444004+00:00'
[2025-07-23T16:02:43.470+0000] {taskinstance.py:430} INFO - ::endgroup::
[2025-07-23T16:02:43.473+0000] {logging_mixin.py:188} INFO - 🔁 Processing URL: https://webapi.bps.go.id/v1/api/interoperabilitas/datasource/simdasi/id/25/tahun/2024/id_tabel/eDUyUFFYcUdLWnIyQ0VDVkorZWlGZz09/wilayah/0000000/key/79452e4c302f8921ad36cd2bf55f0630/
[2025-07-23T16:02:43.474+0000] {logging_mixin.py:188} INFO - 
🔄 Mencoba mengambil daftar tahun yang tersedia secara otomatis...
[2025-07-23T16:03:05.432+0000] {logging_mixin.py:188} INFO - ❌ Terjadi kesalahan saat mengambil tahun otomatis: HTTPSConnectionPool(host='webapi.bps.go.id', port=443): Max retries exceeded with url: /v1/api/interoperabilitas/datasource/simdasi/id/23/wilayah/0000000/key/79452e4c302f8921ad36cd2bf55f0630/ (Caused by NewConnectionError('<urllib3.connection.HTTPSConnection object at 0x789d822fec90>: Failed to establish a new connection: [Errno 111] Connection refused'))
[2025-07-23T16:03:05.433+0000] {logging_mixin.py:188} INFO - ⚠️ Menggunakan rentang tahun default: [2015, 2016, 2017, 2018, 2019, 2020, 2021, 2022, 2023, 2024, 2025]
[2025-07-23T16:03:05.434+0000] {logging_mixin.py:188} INFO - 
--- Memulai Loop Pengambilan Data SIMDASI ---
[2025-07-23T16:03:05.436+0000] {logging_mixin.py:188} INFO - 🔄 Mengambil tahun 2015...
[2025-07-23T16:03:27.397+0000] {logging_mixin.py:188} INFO - ❌ Kesalahan jaringan untuk tahun 2015: HTTPSConnectionPool(host='webapi.bps.go.id', port=443): Max retries exceeded with url: /v1/api/interoperabilitas/datasource/simdasi/id/25/tahun/2024/id_tabel/eDUyUFFYcUdLWnIyQ0VDVkorZWlGZz09/wilayah/0000000/key/79452e4c302f8921ad36cd2bf55f0630/ (Caused by NewConnectionError('<urllib3.connection.HTTPSConnection object at 0x789d8206d970>: Failed to establish a new connection: [Errno 111] Connection refused'))
[2025-07-23T16:03:27.399+0000] {logging_mixin.py:188} INFO - 🔄 Mengambil tahun 2016...
[2025-07-23T16:03:49.419+0000] {logging_mixin.py:188} INFO - ❌ Kesalahan jaringan untuk tahun 2016: HTTPSConnectionPool(host='webapi.bps.go.id', port=443): Max retries exceeded with url: /v1/api/interoperabilitas/datasource/simdasi/id/25/tahun/2024/id_tabel/eDUyUFFYcUdLWnIyQ0VDVkorZWlGZz09/wilayah/0000000/key/79452e4c302f8921ad36cd2bf55f0630/ (Caused by NewConnectionError('<urllib3.connection.HTTPSConnection object at 0x789d81fae2d0>: Failed to establish a new connection: [Errno 111] Connection refused'))
[2025-07-23T16:03:49.420+0000] {logging_mixin.py:188} INFO - 🔄 Mengambil tahun 2017...
[2025-07-23T16:04:11.428+0000] {logging_mixin.py:188} INFO - ❌ Kesalahan jaringan untuk tahun 2017: HTTPSConnectionPool(host='webapi.bps.go.id', port=443): Max retries exceeded with url: /v1/api/interoperabilitas/datasource/simdasi/id/25/tahun/2024/id_tabel/eDUyUFFYcUdLWnIyQ0VDVkorZWlGZz09/wilayah/0000000/key/79452e4c302f8921ad36cd2bf55f0630/ (Caused by NewConnectionError('<urllib3.connection.HTTPSConnection object at 0x789d81faeba0>: Failed to establish a new connection: [Errno 111] Connection refused'))
[2025-07-23T16:04:11.435+0000] {logging_mixin.py:188} INFO - 🔄 Mengambil tahun 2018...
[2025-07-23T16:04:33.415+0000] {logging_mixin.py:188} INFO - ❌ Kesalahan jaringan untuk tahun 2018: HTTPSConnectionPool(host='webapi.bps.go.id', port=443): Max retries exceeded with url: /v1/api/interoperabilitas/datasource/simdasi/id/25/tahun/2024/id_tabel/eDUyUFFYcUdLWnIyQ0VDVkorZWlGZz09/wilayah/0000000/key/79452e4c302f8921ad36cd2bf55f0630/ (Caused by NewConnectionError('<urllib3.connection.HTTPSConnection object at 0x789d81faf560>: Failed to establish a new connection: [Errno 111] Connection refused'))
[2025-07-23T16:04:33.418+0000] {logging_mixin.py:188} INFO - 🔄 Mengambil tahun 2019...
[2025-07-23T16:04:55.405+0000] {logging_mixin.py:188} INFO - ❌ Kesalahan jaringan untuk tahun 2019: HTTPSConnectionPool(host='webapi.bps.go.id', port=443): Max retries exceeded with url: /v1/api/interoperabilitas/datasource/simdasi/id/25/tahun/2024/id_tabel/eDUyUFFYcUdLWnIyQ0VDVkorZWlGZz09/wilayah/0000000/key/79452e4c302f8921ad36cd2bf55f0630/ (Caused by NewConnectionError('<urllib3.connection.HTTPSConnection object at 0x789d81fafc80>: Failed to establish a new connection: [Errno 111] Connection refused'))
[2025-07-23T16:04:55.409+0000] {logging_mixin.py:188} INFO - 🔄 Mengambil tahun 2020...
[2025-07-23T16:05:17.419+0000] {logging_mixin.py:188} INFO - ❌ Kesalahan jaringan untuk tahun 2020: HTTPSConnectionPool(host='webapi.bps.go.id', port=443): Max retries exceeded with url: /v1/api/interoperabilitas/datasource/simdasi/id/25/tahun/2024/id_tabel/eDUyUFFYcUdLWnIyQ0VDVkorZWlGZz09/wilayah/0000000/key/79452e4c302f8921ad36cd2bf55f0630/ (Caused by NewConnectionError('<urllib3.connection.HTTPSConnection object at 0x789d81fe46b0>: Failed to establish a new connection: [Errno 111] Connection refused'))
[2025-07-23T16:05:17.421+0000] {logging_mixin.py:188} INFO - 🔄 Mengambil tahun 2021...
[2025-07-23T16:05:39.395+0000] {logging_mixin.py:188} INFO - ❌ Kesalahan jaringan untuk tahun 2021: HTTPSConnectionPool(host='webapi.bps.go.id', port=443): Max retries exceeded with url: /v1/api/interoperabilitas/datasource/simdasi/id/25/tahun/2024/id_tabel/eDUyUFFYcUdLWnIyQ0VDVkorZWlGZz09/wilayah/0000000/key/79452e4c302f8921ad36cd2bf55f0630/ (Caused by NewConnectionError('<urllib3.connection.HTTPSConnection object at 0x789d82232180>: Failed to establish a new connection: [Errno 111] Connection refused'))
[2025-07-23T16:05:39.402+0000] {logging_mixin.py:188} INFO - 🔄 Mengambil tahun 2022...
[2025-07-23T16:06:01.400+0000] {logging_mixin.py:188} INFO - ❌ Kesalahan jaringan untuk tahun 2022: HTTPSConnectionPool(host='webapi.bps.go.id', port=443): Max retries exceeded with url: /v1/api/interoperabilitas/datasource/simdasi/id/25/tahun/2024/id_tabel/eDUyUFFYcUdLWnIyQ0VDVkorZWlGZz09/wilayah/0000000/key/79452e4c302f8921ad36cd2bf55f0630/ (Caused by NewConnectionError('<urllib3.connection.HTTPSConnection object at 0x789d81faf140>: Failed to establish a new connection: [Errno 111] Connection refused'))
[2025-07-23T16:06:01.408+0000] {logging_mixin.py:188} INFO - 🔄 Mengambil tahun 2023...
[2025-07-23T16:06:23.396+0000] {logging_mixin.py:188} INFO - ❌ Kesalahan jaringan untuk tahun 2023: HTTPSConnectionPool(host='webapi.bps.go.id', port=443): Max retries exceeded with url: /v1/api/interoperabilitas/datasource/simdasi/id/25/tahun/2024/id_tabel/eDUyUFFYcUdLWnIyQ0VDVkorZWlGZz09/wilayah/0000000/key/79452e4c302f8921ad36cd2bf55f0630/ (Caused by NewConnectionError('<urllib3.connection.HTTPSConnection object at 0x789d81fae210>: Failed to establish a new connection: [Errno 111] Connection refused'))
[2025-07-23T16:06:23.401+0000] {logging_mixin.py:188} INFO - 🔄 Mengambil tahun 2024...
[2025-07-23T16:06:45.429+0000] {logging_mixin.py:188} INFO - ❌ Kesalahan jaringan untuk tahun 2024: HTTPSConnectionPool(host='webapi.bps.go.id', port=443): Max retries exceeded with url: /v1/api/interoperabilitas/datasource/simdasi/id/25/tahun/2024/id_tabel/eDUyUFFYcUdLWnIyQ0VDVkorZWlGZz09/wilayah/0000000/key/79452e4c302f8921ad36cd2bf55f0630/ (Caused by NewConnectionError('<urllib3.connection.HTTPSConnection object at 0x789d8206eff0>: Failed to establish a new connection: [Errno 111] Connection refused'))
[2025-07-23T16:06:45.435+0000] {logging_mixin.py:188} INFO - 🔄 Mengambil tahun 2025...
[2025-07-23T16:07:07.400+0000] {logging_mixin.py:188} INFO - ❌ Kesalahan jaringan untuk tahun 2025: HTTPSConnectionPool(host='webapi.bps.go.id', port=443): Max retries exceeded with url: /v1/api/interoperabilitas/datasource/simdasi/id/25/tahun/2024/id_tabel/eDUyUFFYcUdLWnIyQ0VDVkorZWlGZz09/wilayah/0000000/key/79452e4c302f8921ad36cd2bf55f0630/ (Caused by NewConnectionError('<urllib3.connection.HTTPSConnection object at 0x789d81fe5040>: Failed to establish a new connection: [Errno 111] Connection refused'))
[2025-07-23T16:07:07.404+0000] {logging_mixin.py:188} INFO - 
❌ Gagal Total: Tidak dapat menangkap metadata nama dari tahun manapun. Proses dihentikan.
[2025-07-23T16:07:08.707+0000] {logging_mixin.py:188} INFO - ⚠️ No data processed or table name missing
[2025-07-23T16:07:08.724+0000] {python.py:237} INFO - Done. Returned value was: None
[2025-07-23T16:07:08.729+0000] {taskinstance.py:441} INFO - ::group::Post task execution logs
[2025-07-23T16:07:09.578+0000] {taskinstance.py:1206} INFO - Marking task as SUCCESS. dag_id=bps_simdasi_pipeline, task_id=process_simdasi_apis.process_api_1, run_id=manual__2025-07-23T16:02:34.444004+00:00, execution_date=20250723T160234, start_date=20250723T160243, end_date=20250723T160709
[2025-07-23T16:07:10.307+0000] {local_task_job_runner.py:240} INFO - Task exited with return code 0
[2025-07-23T16:07:10.678+0000] {local_task_job_runner.py:222} INFO - ::endgroup::
