[2025-07-08T06:29:55.853+0000] {local_task_job_runner.py:120} INFO - ::group::Pre task execution logs
[2025-07-08T06:29:55.969+0000] {taskinstance.py:2076} INFO - Dependencies all met for dep_context=non-requeueable deps ti=<TaskInstance: tutorial.sleep scheduled__2025-07-07T00:00:00+00:00 [queued]>
[2025-07-08T06:29:56.002+0000] {taskinstance.py:2076} INFO - Dependencies all met for dep_context=requeueable deps ti=<TaskInstance: tutorial.sleep scheduled__2025-07-07T00:00:00+00:00 [queued]>
[2025-07-08T06:29:56.005+0000] {taskinstance.py:2306} INFO - Starting attempt 1 of 4
[2025-07-08T06:29:56.095+0000] {taskinstance.py:2330} INFO - Executing <Task(BashOperator): sleep> on 2025-07-07 00:00:00+00:00
[2025-07-08T06:29:56.129+0000] {warnings.py:112} WARNING - /home/***/.local/lib/python3.12/site-packages/***/task/task_runner/standard_task_runner.py:61: DeprecationWarning: This process (pid=522) is multi-threaded, use of fork() may lead to deadlocks in the child.
  pid = os.fork()

[2025-07-08T06:29:56.140+0000] {standard_task_runner.py:63} INFO - Started process 536 to run task
[2025-07-08T06:29:56.155+0000] {standard_task_runner.py:90} INFO - Running: ['***', 'tasks', 'run', 'tutorial', 'sleep', 'scheduled__2025-07-07T00:00:00+00:00', '--job-id', '19', '--raw', '--subdir', '/home/***/.local/lib/python3.12/site-packages/***/example_dags/tutorial.py', '--cfg-path', '/tmp/tmp19eb99nu']
[2025-07-08T06:29:56.169+0000] {standard_task_runner.py:91} INFO - Job 19: Subtask sleep
[2025-07-08T06:29:56.436+0000] {task_command.py:426} INFO - Running <TaskInstance: tutorial.sleep scheduled__2025-07-07T00:00:00+00:00 [running]> on host 1fa35bf9f54b
[2025-07-08T06:29:56.682+0000] {taskinstance.py:2648} INFO - Exporting env vars: AIRFLOW_CTX_DAG_EMAIL='***@example.com' AIRFLOW_CTX_DAG_OWNER='***' AIRFLOW_CTX_DAG_ID='tutorial' AIRFLOW_CTX_TASK_ID='sleep' AIRFLOW_CTX_EXECUTION_DATE='2025-07-07T00:00:00+00:00' AIRFLOW_CTX_TRY_NUMBER='1' AIRFLOW_CTX_DAG_RUN_ID='scheduled__2025-07-07T00:00:00+00:00'
[2025-07-08T06:29:56.688+0000] {taskinstance.py:430} INFO - ::endgroup::
[2025-07-08T06:29:56.692+0000] {subprocess.py:63} INFO - Tmp dir root location: /tmp
[2025-07-08T06:29:56.696+0000] {subprocess.py:75} INFO - Running command: ['/usr/bin/bash', '-c', 'sleep 5']
[2025-07-08T06:29:56.738+0000] {subprocess.py:86} INFO - Output:
[2025-07-08T06:30:01.749+0000] {subprocess.py:97} INFO - Command exited with return code 0
[2025-07-08T06:30:01.752+0000] {taskinstance.py:441} INFO - ::group::Post task execution logs
[2025-07-08T06:30:01.810+0000] {taskinstance.py:1206} INFO - Marking task as SUCCESS. dag_id=tutorial, task_id=sleep, run_id=scheduled__2025-07-07T00:00:00+00:00, execution_date=20250707T000000, start_date=20250708T062955, end_date=20250708T063001
[2025-07-08T06:30:01.906+0000] {local_task_job_runner.py:240} INFO - Task exited with return code 0
[2025-07-08T06:30:01.938+0000] {taskinstance.py:3503} INFO - 0 downstream tasks scheduled from follow-on schedule check
[2025-07-08T06:30:01.944+0000] {local_task_job_runner.py:222} INFO - ::endgroup::
