[2025-07-21T16:57:30.217+0000] {local_task_job_runner.py:120} INFO - ::group::Pre task execution logs
[2025-07-21T16:57:30.272+0000] {taskinstance.py:2076} INFO - Dependencies all met for dep_context=non-requeueable deps ti=<TaskInstance: bps_simdasi_pipeline.process_simdasi_apis.process_api_19 manual__2025-07-21T16:51:36.203962+00:00 [queued]>
[2025-07-21T16:57:30.291+0000] {taskinstance.py:2076} INFO - Dependencies all met for dep_context=requeueable deps ti=<TaskInstance: bps_simdasi_pipeline.process_simdasi_apis.process_api_19 manual__2025-07-21T16:51:36.203962+00:00 [queued]>
[2025-07-21T16:57:30.292+0000] {taskinstance.py:2306} INFO - Starting attempt 1 of 2
[2025-07-21T16:57:30.322+0000] {taskinstance.py:2330} INFO - Executing <Task(PythonOperator): process_simdasi_apis.process_api_19> on 2025-07-21 16:51:36.203962+00:00
[2025-07-21T16:57:30.338+0000] {warnings.py:112} WARNING - /home/***/.local/lib/python3.12/site-packages/***/task/task_runner/standard_task_runner.py:61: DeprecationWarning: This process (pid=388) is multi-threaded, use of fork() may lead to deadlocks in the child.
  pid = os.fork()

[2025-07-21T16:57:30.342+0000] {standard_task_runner.py:63} INFO - Started process 390 to run task
[2025-07-21T16:57:30.342+0000] {standard_task_runner.py:90} INFO - Running: ['***', 'tasks', 'run', 'bps_simdasi_pipeline', 'process_simdasi_apis.process_api_19', 'manual__2025-07-21T16:51:36.203962+00:00', '--job-id', '222', '--raw', '--subdir', 'DAGS_FOLDER/bps_simdasi_pipeline.py', '--cfg-path', '/tmp/tmp7qgc3l2i']
[2025-07-21T16:57:30.344+0000] {standard_task_runner.py:91} INFO - Job 222: Subtask process_simdasi_apis.process_api_19
[2025-07-21T16:57:30.458+0000] {task_command.py:426} INFO - Running <TaskInstance: bps_simdasi_pipeline.process_simdasi_apis.process_api_19 manual__2025-07-21T16:51:36.203962+00:00 [running]> on host be615b49433c
[2025-07-21T16:57:30.636+0000] {taskinstance.py:2648} INFO - Exporting env vars: AIRFLOW_CTX_DAG_OWNER='***' AIRFLOW_CTX_DAG_ID='bps_simdasi_pipeline' AIRFLOW_CTX_TASK_ID='process_simdasi_apis.process_api_19' AIRFLOW_CTX_EXECUTION_DATE='2025-07-21T16:51:36.203962+00:00' AIRFLOW_CTX_TRY_NUMBER='1' AIRFLOW_CTX_DAG_RUN_ID='manual__2025-07-21T16:51:36.203962+00:00'
[2025-07-21T16:57:30.640+0000] {taskinstance.py:430} INFO - ::endgroup::
[2025-07-21T16:57:30.641+0000] {logging_mixin.py:188} INFO - ðŸ” Processing URL: https://webapi.bps.go.id/v1/api/interoperabilitas/datasource/simdasi/id/25/tahun/2024/id_tabel/Mkt1SFdWbWdZa1hKZ2FtRU1NaHRsUT09/wilayah/3500000/key/79452e4c302f8921ad36cd2bf55f0630/
[2025-07-21T16:57:30.642+0000] {logging_mixin.py:188} INFO - 
ðŸ”„ Mencoba mengambil daftar tahun yang tersedia secara otomatis...
[2025-07-21T16:57:32.596+0000] {logging_mixin.py:188} INFO - âœ… Tahun yang tersedia ditemukan: [2018, 2019, 2020, 2021, 2022, 2023, 2024]
[2025-07-21T16:57:32.603+0000] {logging_mixin.py:188} INFO - 
--- Memulai Loop Pengambilan Data SIMDASI ---
[2025-07-21T16:57:32.606+0000] {logging_mixin.py:188} INFO - ðŸ”„ Mengambil tahun 2018...
[2025-07-21T16:57:33.351+0000] {logging_mixin.py:188} INFO - 
âœ… Metadata awal ditangkap dari tahun 2018:
[2025-07-21T16:57:33.353+0000] {logging_mixin.py:188} INFO -    -> Nama Skema: api_bps_perlindungan_sosial
[2025-07-21T16:57:33.354+0000] {logging_mixin.py:188} INFO -    -> Nama Kolom Label: kabupatenkota
[2025-07-21T16:57:33.355+0000] {logging_mixin.py:188} INFO -    -> ID Kategori (mms_id): 524
[2025-07-21T16:57:33.357+0000] {logging_mixin.py:188} INFO - -> Berhasil memproses data untuk tahun 2018.
[2025-07-21T16:57:33.358+0000] {logging_mixin.py:188} INFO - ðŸ”„ Mengambil tahun 2019...
[2025-07-21T16:57:34.382+0000] {logging_mixin.py:188} INFO - -> Berhasil memproses data untuk tahun 2019.
[2025-07-21T16:57:34.384+0000] {logging_mixin.py:188} INFO - ðŸ”„ Mengambil tahun 2020...
[2025-07-21T16:57:35.140+0000] {logging_mixin.py:188} INFO - -> Berhasil memproses data untuk tahun 2020.
[2025-07-21T16:57:35.143+0000] {logging_mixin.py:188} INFO - ðŸ”„ Mengambil tahun 2021...
[2025-07-21T16:57:35.949+0000] {logging_mixin.py:188} INFO - -> Berhasil memproses data untuk tahun 2021.
[2025-07-21T16:57:35.950+0000] {logging_mixin.py:188} INFO - ðŸ”„ Mengambil tahun 2022...
[2025-07-21T16:57:37.673+0000] {logging_mixin.py:188} INFO - -> Berhasil memproses data untuk tahun 2022.
[2025-07-21T16:57:37.675+0000] {logging_mixin.py:188} INFO - ðŸ”„ Mengambil tahun 2023...
[2025-07-21T16:57:38.373+0000] {logging_mixin.py:188} INFO - -> Berhasil memproses data untuk tahun 2023.
[2025-07-21T16:57:38.374+0000] {logging_mixin.py:188} INFO - ðŸ”„ Mengambil tahun 2024...
[2025-07-21T16:57:39.154+0000] {logging_mixin.py:188} INFO - -> Berhasil memproses data untuk tahun 2024.
[2025-07-21T16:57:41.442+0000] {logging_mixin.py:188} INFO - âœ… Data saved to api_bps_perlindungan_sosial.jmlh_klrg_pnrm_mnft_kpm_dn_nggrn_bntn_ssl_pngn_mnrt_kbptnkt_d_p
[2025-07-21T16:57:41.444+0000] {python.py:237} INFO - Done. Returned value was: None
[2025-07-21T16:57:41.446+0000] {taskinstance.py:441} INFO - ::group::Post task execution logs
[2025-07-21T16:57:41.467+0000] {taskinstance.py:1206} INFO - Marking task as SUCCESS. dag_id=bps_simdasi_pipeline, task_id=process_simdasi_apis.process_api_19, run_id=manual__2025-07-21T16:51:36.203962+00:00, execution_date=20250721T165136, start_date=20250721T165730, end_date=20250721T165741
[2025-07-21T16:57:41.553+0000] {local_task_job_runner.py:240} INFO - Task exited with return code 0
[2025-07-21T16:57:41.611+0000] {taskinstance.py:3503} INFO - 1 downstream tasks scheduled from follow-on schedule check
[2025-07-21T16:57:41.616+0000] {local_task_job_runner.py:222} INFO - ::endgroup::
