[2025-07-23T16:08:21.160+0000] {local_task_job_runner.py:120} INFO - ::group::Pre task execution logs
[2025-07-23T16:08:21.223+0000] {taskinstance.py:2076} INFO - Dependencies all met for dep_context=non-requeueable deps ti=<TaskInstance: bps_simdasi_pipeline.process_simdasi_apis.process_api_4 manual__2025-07-23T15:54:10.461716+00:00 [queued]>
[2025-07-23T16:08:21.246+0000] {taskinstance.py:2076} INFO - Dependencies all met for dep_context=requeueable deps ti=<TaskInstance: bps_simdasi_pipeline.process_simdasi_apis.process_api_4 manual__2025-07-23T15:54:10.461716+00:00 [queued]>
[2025-07-23T16:08:21.247+0000] {taskinstance.py:2306} INFO - Starting attempt 1 of 2
[2025-07-23T16:08:21.281+0000] {taskinstance.py:2330} INFO - Executing <Task(PythonOperator): process_simdasi_apis.process_api_4> on 2025-07-23 15:54:10.461716+00:00
[2025-07-23T16:08:21.305+0000] {warnings.py:112} WARNING - /home/***/.local/lib/python3.12/site-packages/***/task/task_runner/standard_task_runner.py:61: DeprecationWarning: This process (pid=410) is multi-threaded, use of fork() may lead to deadlocks in the child.
  pid = os.fork()

[2025-07-23T16:08:21.309+0000] {standard_task_runner.py:63} INFO - Started process 412 to run task
[2025-07-23T16:08:21.308+0000] {standard_task_runner.py:90} INFO - Running: ['***', 'tasks', 'run', 'bps_simdasi_pipeline', 'process_simdasi_apis.process_api_4', 'manual__2025-07-23T15:54:10.461716+00:00', '--job-id', '242', '--raw', '--subdir', 'DAGS_FOLDER/bps_simdasi_pipeline.py', '--cfg-path', '/tmp/tmpx9__btrx']
[2025-07-23T16:08:21.311+0000] {standard_task_runner.py:91} INFO - Job 242: Subtask process_simdasi_apis.process_api_4
[2025-07-23T16:08:21.460+0000] {task_command.py:426} INFO - Running <TaskInstance: bps_simdasi_pipeline.process_simdasi_apis.process_api_4 manual__2025-07-23T15:54:10.461716+00:00 [running]> on host be615b49433c
[2025-07-23T16:08:21.655+0000] {taskinstance.py:2648} INFO - Exporting env vars: AIRFLOW_CTX_DAG_OWNER='***' AIRFLOW_CTX_DAG_ID='bps_simdasi_pipeline' AIRFLOW_CTX_TASK_ID='process_simdasi_apis.process_api_4' AIRFLOW_CTX_EXECUTION_DATE='2025-07-23T15:54:10.461716+00:00' AIRFLOW_CTX_TRY_NUMBER='1' AIRFLOW_CTX_DAG_RUN_ID='manual__2025-07-23T15:54:10.461716+00:00'
[2025-07-23T16:08:21.658+0000] {taskinstance.py:430} INFO - ::endgroup::
[2025-07-23T16:08:21.660+0000] {logging_mixin.py:188} INFO - 🔁 Processing URL: https://webapi.bps.go.id/v1/api/interoperabilitas/datasource/simdasi/id/25/tahun/2024/id_tabel/dzdoVmp3YWdGNU0yWEgraVIwbmRqZz09/wilayah/0000000/key/79452e4c302f8921ad36cd2bf55f0630/
[2025-07-23T16:08:21.661+0000] {logging_mixin.py:188} INFO - 
🔄 Mencoba mengambil daftar tahun yang tersedia secara otomatis...
[2025-07-23T16:08:43.403+0000] {logging_mixin.py:188} INFO - ❌ Terjadi kesalahan saat mengambil tahun otomatis: HTTPSConnectionPool(host='webapi.bps.go.id', port=443): Max retries exceeded with url: /v1/api/interoperabilitas/datasource/simdasi/id/23/wilayah/0000000/key/79452e4c302f8921ad36cd2bf55f0630/ (Caused by NewConnectionError('<urllib3.connection.HTTPSConnection object at 0x789d8206e0f0>: Failed to establish a new connection: [Errno 111] Connection refused'))
[2025-07-23T16:08:43.404+0000] {logging_mixin.py:188} INFO - ⚠️ Menggunakan rentang tahun default: [2015, 2016, 2017, 2018, 2019, 2020, 2021, 2022, 2023, 2024, 2025]
[2025-07-23T16:08:43.405+0000] {logging_mixin.py:188} INFO - 
--- Memulai Loop Pengambilan Data SIMDASI ---
[2025-07-23T16:08:43.406+0000] {logging_mixin.py:188} INFO - 🔄 Mengambil tahun 2015...
[2025-07-23T16:09:05.420+0000] {logging_mixin.py:188} INFO - ❌ Kesalahan jaringan untuk tahun 2015: HTTPSConnectionPool(host='webapi.bps.go.id', port=443): Max retries exceeded with url: /v1/api/interoperabilitas/datasource/simdasi/id/25/tahun/2024/id_tabel/dzdoVmp3YWdGNU0yWEgraVIwbmRqZz09/wilayah/0000000/key/79452e4c302f8921ad36cd2bf55f0630/ (Caused by NewConnectionError('<urllib3.connection.HTTPSConnection object at 0x789d81fb2660>: Failed to establish a new connection: [Errno 111] Connection refused'))
[2025-07-23T16:09:05.421+0000] {logging_mixin.py:188} INFO - 🔄 Mengambil tahun 2016...
[2025-07-23T16:09:27.399+0000] {logging_mixin.py:188} INFO - ❌ Kesalahan jaringan untuk tahun 2016: HTTPSConnectionPool(host='webapi.bps.go.id', port=443): Max retries exceeded with url: /v1/api/interoperabilitas/datasource/simdasi/id/25/tahun/2024/id_tabel/dzdoVmp3YWdGNU0yWEgraVIwbmRqZz09/wilayah/0000000/key/79452e4c302f8921ad36cd2bf55f0630/ (Caused by NewConnectionError('<urllib3.connection.HTTPSConnection object at 0x789d81fb3230>: Failed to establish a new connection: [Errno 111] Connection refused'))
[2025-07-23T16:09:27.401+0000] {logging_mixin.py:188} INFO - 🔄 Mengambil tahun 2017...
[2025-07-23T16:09:49.423+0000] {logging_mixin.py:188} INFO - ❌ Kesalahan jaringan untuk tahun 2017: HTTPSConnectionPool(host='webapi.bps.go.id', port=443): Max retries exceeded with url: /v1/api/interoperabilitas/datasource/simdasi/id/25/tahun/2024/id_tabel/dzdoVmp3YWdGNU0yWEgraVIwbmRqZz09/wilayah/0000000/key/79452e4c302f8921ad36cd2bf55f0630/ (Caused by NewConnectionError('<urllib3.connection.HTTPSConnection object at 0x789d81fb3e60>: Failed to establish a new connection: [Errno 111] Connection refused'))
[2025-07-23T16:09:49.426+0000] {logging_mixin.py:188} INFO - 🔄 Mengambil tahun 2018...
[2025-07-23T16:10:11.435+0000] {logging_mixin.py:188} INFO - ❌ Kesalahan jaringan untuk tahun 2018: HTTPSConnectionPool(host='webapi.bps.go.id', port=443): Max retries exceeded with url: /v1/api/interoperabilitas/datasource/simdasi/id/25/tahun/2024/id_tabel/dzdoVmp3YWdGNU0yWEgraVIwbmRqZz09/wilayah/0000000/key/79452e4c302f8921ad36cd2bf55f0630/ (Caused by NewConnectionError('<urllib3.connection.HTTPSConnection object at 0x789d81fe47d0>: Failed to establish a new connection: [Errno 111] Connection refused'))
[2025-07-23T16:10:11.437+0000] {logging_mixin.py:188} INFO - 🔄 Mengambil tahun 2019...
[2025-07-23T16:10:33.411+0000] {logging_mixin.py:188} INFO - ❌ Kesalahan jaringan untuk tahun 2019: HTTPSConnectionPool(host='webapi.bps.go.id', port=443): Max retries exceeded with url: /v1/api/interoperabilitas/datasource/simdasi/id/25/tahun/2024/id_tabel/dzdoVmp3YWdGNU0yWEgraVIwbmRqZz09/wilayah/0000000/key/79452e4c302f8921ad36cd2bf55f0630/ (Caused by NewConnectionError('<urllib3.connection.HTTPSConnection object at 0x789d81fe5100>: Failed to establish a new connection: [Errno 111] Connection refused'))
[2025-07-23T16:10:33.412+0000] {logging_mixin.py:188} INFO - 🔄 Mengambil tahun 2020...
[2025-07-23T16:10:55.443+0000] {logging_mixin.py:188} INFO - ❌ Kesalahan jaringan untuk tahun 2020: HTTPSConnectionPool(host='webapi.bps.go.id', port=443): Max retries exceeded with url: /v1/api/interoperabilitas/datasource/simdasi/id/25/tahun/2024/id_tabel/dzdoVmp3YWdGNU0yWEgraVIwbmRqZz09/wilayah/0000000/key/79452e4c302f8921ad36cd2bf55f0630/ (Caused by NewConnectionError('<urllib3.connection.HTTPSConnection object at 0x789d82412cc0>: Failed to establish a new connection: [Errno 111] Connection refused'))
[2025-07-23T16:10:55.446+0000] {logging_mixin.py:188} INFO - 🔄 Mengambil tahun 2021...
[2025-07-23T16:11:17.403+0000] {logging_mixin.py:188} INFO - ❌ Kesalahan jaringan untuk tahun 2021: HTTPSConnectionPool(host='webapi.bps.go.id', port=443): Max retries exceeded with url: /v1/api/interoperabilitas/datasource/simdasi/id/25/tahun/2024/id_tabel/dzdoVmp3YWdGNU0yWEgraVIwbmRqZz09/wilayah/0000000/key/79452e4c302f8921ad36cd2bf55f0630/ (Caused by NewConnectionError('<urllib3.connection.HTTPSConnection object at 0x789d81fb3170>: Failed to establish a new connection: [Errno 111] Connection refused'))
[2025-07-23T16:11:17.405+0000] {logging_mixin.py:188} INFO - 🔄 Mengambil tahun 2022...
[2025-07-23T16:11:39.410+0000] {logging_mixin.py:188} INFO - ❌ Kesalahan jaringan untuk tahun 2022: HTTPSConnectionPool(host='webapi.bps.go.id', port=443): Max retries exceeded with url: /v1/api/interoperabilitas/datasource/simdasi/id/25/tahun/2024/id_tabel/dzdoVmp3YWdGNU0yWEgraVIwbmRqZz09/wilayah/0000000/key/79452e4c302f8921ad36cd2bf55f0630/ (Caused by NewConnectionError('<urllib3.connection.HTTPSConnection object at 0x789d81fb17c0>: Failed to establish a new connection: [Errno 111] Connection refused'))
[2025-07-23T16:11:39.412+0000] {logging_mixin.py:188} INFO - 🔄 Mengambil tahun 2023...
[2025-07-23T16:12:01.409+0000] {logging_mixin.py:188} INFO - ❌ Kesalahan jaringan untuk tahun 2023: HTTPSConnectionPool(host='webapi.bps.go.id', port=443): Max retries exceeded with url: /v1/api/interoperabilitas/datasource/simdasi/id/25/tahun/2024/id_tabel/dzdoVmp3YWdGNU0yWEgraVIwbmRqZz09/wilayah/0000000/key/79452e4c302f8921ad36cd2bf55f0630/ (Caused by NewConnectionError('<urllib3.connection.HTTPSConnection object at 0x789d81fe4d70>: Failed to establish a new connection: [Errno 111] Connection refused'))
[2025-07-23T16:12:01.411+0000] {logging_mixin.py:188} INFO - 🔄 Mengambil tahun 2024...
[2025-07-23T16:12:23.411+0000] {logging_mixin.py:188} INFO - ❌ Kesalahan jaringan untuk tahun 2024: HTTPSConnectionPool(host='webapi.bps.go.id', port=443): Max retries exceeded with url: /v1/api/interoperabilitas/datasource/simdasi/id/25/tahun/2024/id_tabel/dzdoVmp3YWdGNU0yWEgraVIwbmRqZz09/wilayah/0000000/key/79452e4c302f8921ad36cd2bf55f0630/ (Caused by NewConnectionError('<urllib3.connection.HTTPSConnection object at 0x789d81fe42f0>: Failed to establish a new connection: [Errno 111] Connection refused'))
[2025-07-23T16:12:23.413+0000] {logging_mixin.py:188} INFO - 🔄 Mengambil tahun 2025...
[2025-07-23T16:12:45.412+0000] {logging_mixin.py:188} INFO - ❌ Kesalahan jaringan untuk tahun 2025: HTTPSConnectionPool(host='webapi.bps.go.id', port=443): Max retries exceeded with url: /v1/api/interoperabilitas/datasource/simdasi/id/25/tahun/2024/id_tabel/dzdoVmp3YWdGNU0yWEgraVIwbmRqZz09/wilayah/0000000/key/79452e4c302f8921ad36cd2bf55f0630/ (Caused by NewConnectionError('<urllib3.connection.HTTPSConnection object at 0x789d81fe66c0>: Failed to establish a new connection: [Errno 111] Connection refused'))
[2025-07-23T16:12:45.414+0000] {logging_mixin.py:188} INFO - 
❌ Gagal Total: Tidak dapat menangkap metadata nama dari tahun manapun. Proses dihentikan.
[2025-07-23T16:12:45.563+0000] {logging_mixin.py:188} INFO - ⚠️ No data processed or table name missing
[2025-07-23T16:12:45.567+0000] {python.py:237} INFO - Done. Returned value was: None
[2025-07-23T16:12:45.570+0000] {taskinstance.py:441} INFO - ::group::Post task execution logs
[2025-07-23T16:12:45.680+0000] {taskinstance.py:1206} INFO - Marking task as SUCCESS. dag_id=bps_simdasi_pipeline, task_id=process_simdasi_apis.process_api_4, run_id=manual__2025-07-23T15:54:10.461716+00:00, execution_date=20250723T155410, start_date=20250723T160821, end_date=20250723T161245
[2025-07-23T16:12:45.885+0000] {local_task_job_runner.py:240} INFO - Task exited with return code 0
[2025-07-23T16:12:46.083+0000] {taskinstance.py:3503} INFO - 1 downstream tasks scheduled from follow-on schedule check
[2025-07-23T16:12:46.091+0000] {local_task_job_runner.py:222} INFO - ::endgroup::
