[2025-07-21T16:56:12.046+0000] {local_task_job_runner.py:120} INFO - ::group::Pre task execution logs
[2025-07-21T16:56:12.088+0000] {taskinstance.py:2076} INFO - Dependencies all met for dep_context=non-requeueable deps ti=<TaskInstance: bps_simdasi_pipeline.process_simdasi_apis.process_api_14 manual__2025-07-21T16:51:36.203962+00:00 [queued]>
[2025-07-21T16:56:12.104+0000] {taskinstance.py:2076} INFO - Dependencies all met for dep_context=requeueable deps ti=<TaskInstance: bps_simdasi_pipeline.process_simdasi_apis.process_api_14 manual__2025-07-21T16:51:36.203962+00:00 [queued]>
[2025-07-21T16:56:12.105+0000] {taskinstance.py:2306} INFO - Starting attempt 1 of 2
[2025-07-21T16:56:12.136+0000] {taskinstance.py:2330} INFO - Executing <Task(PythonOperator): process_simdasi_apis.process_api_14> on 2025-07-21 16:51:36.203962+00:00
[2025-07-21T16:56:12.162+0000] {warnings.py:112} WARNING - /home/***/.local/lib/python3.12/site-packages/***/task/task_runner/standard_task_runner.py:61: DeprecationWarning: This process (pid=358) is multi-threaded, use of fork() may lead to deadlocks in the child.
  pid = os.fork()

[2025-07-21T16:56:12.165+0000] {standard_task_runner.py:63} INFO - Started process 360 to run task
[2025-07-21T16:56:12.166+0000] {standard_task_runner.py:90} INFO - Running: ['***', 'tasks', 'run', 'bps_simdasi_pipeline', 'process_simdasi_apis.process_api_14', 'manual__2025-07-21T16:51:36.203962+00:00', '--job-id', '217', '--raw', '--subdir', 'DAGS_FOLDER/bps_simdasi_pipeline.py', '--cfg-path', '/tmp/tmppn1oykas']
[2025-07-21T16:56:12.168+0000] {standard_task_runner.py:91} INFO - Job 217: Subtask process_simdasi_apis.process_api_14
[2025-07-21T16:56:12.280+0000] {task_command.py:426} INFO - Running <TaskInstance: bps_simdasi_pipeline.process_simdasi_apis.process_api_14 manual__2025-07-21T16:51:36.203962+00:00 [running]> on host be615b49433c
[2025-07-21T16:56:12.465+0000] {taskinstance.py:2648} INFO - Exporting env vars: AIRFLOW_CTX_DAG_OWNER='***' AIRFLOW_CTX_DAG_ID='bps_simdasi_pipeline' AIRFLOW_CTX_TASK_ID='process_simdasi_apis.process_api_14' AIRFLOW_CTX_EXECUTION_DATE='2025-07-21T16:51:36.203962+00:00' AIRFLOW_CTX_TRY_NUMBER='1' AIRFLOW_CTX_DAG_RUN_ID='manual__2025-07-21T16:51:36.203962+00:00'
[2025-07-21T16:56:12.468+0000] {taskinstance.py:430} INFO - ::endgroup::
[2025-07-21T16:56:12.470+0000] {logging_mixin.py:188} INFO - ðŸ” Processing URL: https://webapi.bps.go.id/v1/api/interoperabilitas/datasource/simdasi/id/25/tahun/2020/id_tabel/L2lNQW9xWUo5TFhkQ0RMbEJadEdDUT09/wilayah/0000000/key/79452e4c302f8921ad36cd2bf55f0630
[2025-07-21T16:56:12.471+0000] {logging_mixin.py:188} INFO - 
ðŸ”„ Mencoba mengambil daftar tahun yang tersedia secara otomatis...
[2025-07-21T16:56:14.933+0000] {logging_mixin.py:188} INFO - âœ… Tahun yang tersedia ditemukan: [2019, 2020, 2021]
[2025-07-21T16:56:14.940+0000] {logging_mixin.py:188} INFO - 
--- Memulai Loop Pengambilan Data SIMDASI ---
[2025-07-21T16:56:14.946+0000] {logging_mixin.py:188} INFO - ðŸ”„ Mengambil tahun 2019...
[2025-07-21T16:56:17.183+0000] {logging_mixin.py:188} INFO - 
âœ… Metadata awal ditangkap dari tahun 2019:
[2025-07-21T16:56:17.185+0000] {logging_mixin.py:188} INFO -    -> Nama Skema: api_bps_masyarakat_informasi
[2025-07-21T16:56:17.187+0000] {logging_mixin.py:188} INFO -    -> Nama Kolom Label: provinsi
[2025-07-21T16:56:17.188+0000] {logging_mixin.py:188} INFO -    -> ID Kategori (mms_id): 565
[2025-07-21T16:56:17.191+0000] {logging_mixin.py:188} INFO - -> Berhasil memproses data untuk tahun 2019.
[2025-07-21T16:56:17.192+0000] {logging_mixin.py:188} INFO - ðŸ”„ Mengambil tahun 2020...
[2025-07-21T16:56:19.175+0000] {logging_mixin.py:188} INFO - -> Berhasil memproses data untuk tahun 2020.
[2025-07-21T16:56:19.177+0000] {logging_mixin.py:188} INFO - ðŸ”„ Mengambil tahun 2021...
[2025-07-21T16:56:22.867+0000] {logging_mixin.py:188} INFO - -> Berhasil memproses data untuk tahun 2021.
[2025-07-21T16:56:25.491+0000] {logging_mixin.py:188} INFO - âœ… Data saved to api_bps_masyarakat_informasi.bnykny_dsltspgt1ltspgtklrhn_mnrt_prvns_dn_pnrmn_snyl_ntrnt_tlpn
[2025-07-21T16:56:25.492+0000] {python.py:237} INFO - Done. Returned value was: None
[2025-07-21T16:56:25.496+0000] {taskinstance.py:441} INFO - ::group::Post task execution logs
[2025-07-21T16:56:25.517+0000] {taskinstance.py:1206} INFO - Marking task as SUCCESS. dag_id=bps_simdasi_pipeline, task_id=process_simdasi_apis.process_api_14, run_id=manual__2025-07-21T16:51:36.203962+00:00, execution_date=20250721T165136, start_date=20250721T165612, end_date=20250721T165625
[2025-07-21T16:56:25.598+0000] {local_task_job_runner.py:240} INFO - Task exited with return code 0
[2025-07-21T16:56:25.660+0000] {taskinstance.py:3503} INFO - 1 downstream tasks scheduled from follow-on schedule check
[2025-07-21T16:56:25.669+0000] {local_task_job_runner.py:222} INFO - ::endgroup::
