[2025-07-17T15:23:40.668+0000] {local_task_job_runner.py:120} INFO - ::group::Pre task execution logs
[2025-07-17T15:23:40.981+0000] {taskinstance.py:2076} INFO - Dependencies all met for dep_context=non-requeueable deps ti=<TaskInstance: bps_simdasi_pipeline.process_simdasi_apis.process_api_1 manual__2025-07-17T15:22:43.606411+00:00 [queued]>
[2025-07-17T15:23:41.130+0000] {taskinstance.py:2076} INFO - Dependencies all met for dep_context=requeueable deps ti=<TaskInstance: bps_simdasi_pipeline.process_simdasi_apis.process_api_1 manual__2025-07-17T15:22:43.606411+00:00 [queued]>
[2025-07-17T15:23:41.148+0000] {taskinstance.py:2306} INFO - Starting attempt 1 of 2
[2025-07-17T15:23:41.380+0000] {taskinstance.py:2330} INFO - Executing <Task(PythonOperator): process_simdasi_apis.process_api_1> on 2025-07-17 15:22:43.606411+00:00
[2025-07-17T15:23:41.733+0000] {warnings.py:112} WARNING - /home/***/.local/lib/python3.12/site-packages/***/task/task_runner/standard_task_runner.py:61: DeprecationWarning: This process (pid=837) is multi-threaded, use of fork() may lead to deadlocks in the child.
  pid = os.fork()

[2025-07-17T15:23:41.860+0000] {standard_task_runner.py:63} INFO - Started process 867 to run task
[2025-07-17T15:23:41.993+0000] {standard_task_runner.py:90} INFO - Running: ['***', 'tasks', 'run', 'bps_simdasi_pipeline', 'process_simdasi_apis.process_api_1', 'manual__2025-07-17T15:22:43.606411+00:00', '--job-id', '185', '--raw', '--subdir', 'DAGS_FOLDER/bps_simdasi_pipeline.py', '--cfg-path', '/tmp/tmp0uo118p7']
[2025-07-17T15:23:42.017+0000] {standard_task_runner.py:91} INFO - Job 185: Subtask process_simdasi_apis.process_api_1
[2025-07-17T15:23:43.168+0000] {task_command.py:426} INFO - Running <TaskInstance: bps_simdasi_pipeline.process_simdasi_apis.process_api_1 manual__2025-07-17T15:22:43.606411+00:00 [running]> on host be615b49433c
[2025-07-17T15:23:46.512+0000] {taskinstance.py:2648} INFO - Exporting env vars: AIRFLOW_CTX_DAG_OWNER='***' AIRFLOW_CTX_DAG_ID='bps_simdasi_pipeline' AIRFLOW_CTX_TASK_ID='process_simdasi_apis.process_api_1' AIRFLOW_CTX_EXECUTION_DATE='2025-07-17T15:22:43.606411+00:00' AIRFLOW_CTX_TRY_NUMBER='1' AIRFLOW_CTX_DAG_RUN_ID='manual__2025-07-17T15:22:43.606411+00:00'
[2025-07-17T15:23:46.734+0000] {taskinstance.py:430} INFO - ::endgroup::
[2025-07-17T15:23:46.849+0000] {logging_mixin.py:188} INFO - Processing URL: https://webapi.bps.go.id/v1/api/interoperabilitas/datasource/simdasi/id/25/tahun/2019/id_tabel/SENxVDdSbVprRGF2Sk91UTdGcVdTdz09/wilayah/0000000/key/79452e4c302f8921ad36cd2bf55f0630
[2025-07-17T15:23:46.875+0000] {logging_mixin.py:188} INFO - 
🔄 Mencoba mengambil daftar tahun yang tersedia secara otomatis...
[2025-07-17T15:23:55.856+0000] {logging_mixin.py:188} INFO - ✅ Tahun yang tersedia ditemukan: [2016, 2017, 2018, 2019, 2020, 2021, 2022, 2023]
[2025-07-17T15:23:55.868+0000] {logging_mixin.py:188} INFO - 
--- Memulai Loop Pengambilan Data SIMDASI ---
[2025-07-17T15:23:55.876+0000] {logging_mixin.py:188} INFO - 🔄 Mengambil tahun 2016...
[2025-07-17T15:23:59.132+0000] {logging_mixin.py:188} INFO - 
✅ Metadata awal ditangkap dari tahun 2016:
[2025-07-17T15:23:59.160+0000] {logging_mixin.py:188} INFO -    -> Nama Skema: api_bps_transportasi
[2025-07-17T15:23:59.170+0000] {logging_mixin.py:188} INFO -    -> Nama Kolom Label: provinsi
[2025-07-17T15:23:59.179+0000] {logging_mixin.py:188} INFO -    -> ID Kategori (mms_id): 560
[2025-07-17T15:23:59.199+0000] {logging_mixin.py:188} INFO - -> Berhasil memproses data untuk tahun 2016.
[2025-07-17T15:23:59.218+0000] {logging_mixin.py:188} INFO - 🔄 Mengambil tahun 2017...
[2025-07-17T15:24:02.318+0000] {logging_mixin.py:188} INFO - -> Berhasil memproses data untuk tahun 2017.
[2025-07-17T15:24:02.320+0000] {logging_mixin.py:188} INFO - 🔄 Mengambil tahun 2018...
[2025-07-17T15:24:04.683+0000] {logging_mixin.py:188} INFO - -> Berhasil memproses data untuk tahun 2018.
[2025-07-17T15:24:04.686+0000] {logging_mixin.py:188} INFO - 🔄 Mengambil tahun 2019...
[2025-07-17T15:24:06.913+0000] {logging_mixin.py:188} INFO - -> Berhasil memproses data untuk tahun 2019.
[2025-07-17T15:24:06.928+0000] {logging_mixin.py:188} INFO - 🔄 Mengambil tahun 2020...
[2025-07-17T15:24:09.446+0000] {logging_mixin.py:188} INFO - -> Berhasil memproses data untuk tahun 2020.
[2025-07-17T15:24:09.459+0000] {logging_mixin.py:188} INFO - 🔄 Mengambil tahun 2021...
[2025-07-17T15:24:12.113+0000] {logging_mixin.py:188} INFO - -> Berhasil memproses data untuk tahun 2021.
[2025-07-17T15:24:12.120+0000] {logging_mixin.py:188} INFO - 🔄 Mengambil tahun 2022...
[2025-07-17T15:24:15.022+0000] {logging_mixin.py:188} INFO - -> Berhasil memproses data untuk tahun 2022.
[2025-07-17T15:24:15.033+0000] {logging_mixin.py:188} INFO - 🔄 Mengambil tahun 2023...
[2025-07-17T15:24:18.843+0000] {logging_mixin.py:188} INFO - -> Berhasil memproses data untuk tahun 2023.
[2025-07-17T15:24:24.643+0000] {logging_mixin.py:188} INFO - ✅ Data saved to api_bps_transportasi.pnjng_jln_mnrt_prvns_dn_tngkt_kwnngn_pmrnthn_ltspgt1ltspgt_2019
[2025-07-17T15:24:24.692+0000] {python.py:237} INFO - Done. Returned value was: None
[2025-07-17T15:24:24.853+0000] {taskinstance.py:441} INFO - ::group::Post task execution logs
[2025-07-17T15:24:25.208+0000] {taskinstance.py:1206} INFO - Marking task as SUCCESS. dag_id=bps_simdasi_pipeline, task_id=process_simdasi_apis.process_api_1, run_id=manual__2025-07-17T15:22:43.606411+00:00, execution_date=20250717T152243, start_date=20250717T152340, end_date=20250717T152425
[2025-07-17T15:24:25.549+0000] {local_task_job_runner.py:240} INFO - Task exited with return code 0
[2025-07-17T15:24:25.858+0000] {taskinstance.py:3503} INFO - 0 downstream tasks scheduled from follow-on schedule check
[2025-07-17T15:24:25.886+0000] {local_task_job_runner.py:222} INFO - ::endgroup::
