[2025-07-14T15:10:19.450+0000] {local_task_job_runner.py:120} INFO - ::group::Pre task execution logs
[2025-07-14T15:10:19.689+0000] {taskinstance.py:2076} INFO - Dependencies all met for dep_context=non-requeueable deps ti=<TaskInstance: bps_simdasi_pipeline_direct_db.get_data_task scheduled__2025-07-13T00:00:00+00:00 map_index=0 [queued]>
[2025-07-14T15:10:19.807+0000] {taskinstance.py:2076} INFO - Dependencies all met for dep_context=requeueable deps ti=<TaskInstance: bps_simdasi_pipeline_direct_db.get_data_task scheduled__2025-07-13T00:00:00+00:00 map_index=0 [queued]>
[2025-07-14T15:10:19.815+0000] {taskinstance.py:2306} INFO - Starting attempt 1 of 1
[2025-07-14T15:10:20.039+0000] {taskinstance.py:2330} INFO - Executing <Mapped(_PythonDecoratedOperator): get_data_task> on 2025-07-13 00:00:00+00:00
[2025-07-14T15:10:20.114+0000] {warnings.py:112} WARNING - /home/***/.local/lib/python3.12/site-packages/***/task/task_runner/standard_task_runner.py:61: DeprecationWarning: This process (pid=157) is multi-threaded, use of fork() may lead to deadlocks in the child.
  pid = os.fork()

[2025-07-14T15:10:20.131+0000] {standard_task_runner.py:63} INFO - Started process 168 to run task
[2025-07-14T15:10:20.167+0000] {standard_task_runner.py:90} INFO - Running: ['***', 'tasks', 'run', 'bps_simdasi_pipeline_direct_db', 'get_data_task', 'scheduled__2025-07-13T00:00:00+00:00', '--job-id', '74', '--raw', '--subdir', 'DAGS_FOLDER/script/dag_simdasi.py', '--cfg-path', '/tmp/tmpd859thh1', '--map-index', '0']
[2025-07-14T15:10:20.184+0000] {standard_task_runner.py:91} INFO - Job 74: Subtask get_data_task
[2025-07-14T15:10:20.711+0000] {task_command.py:426} INFO - Running <TaskInstance: bps_simdasi_pipeline_direct_db.get_data_task scheduled__2025-07-13T00:00:00+00:00 map_index=0 [running]> on host be615b49433c
[2025-07-14T15:10:21.167+0000] {taskinstance.py:2648} INFO - Exporting env vars: AIRFLOW_CTX_DAG_OWNER='***' AIRFLOW_CTX_DAG_ID='bps_simdasi_pipeline_direct_db' AIRFLOW_CTX_TASK_ID='get_data_task' AIRFLOW_CTX_EXECUTION_DATE='2025-07-13T00:00:00+00:00' AIRFLOW_CTX_TRY_NUMBER='1' AIRFLOW_CTX_DAG_RUN_ID='scheduled__2025-07-13T00:00:00+00:00'
[2025-07-14T15:10:21.173+0000] {taskinstance.py:430} INFO - ::endgroup::
[2025-07-14T15:10:21.177+0000] {logging_mixin.py:188} INFO - Memproses URL: https://webapi.bps.go.id/v1/api/interoperabilitas/datasource/simdasi/id/25/tahun/{tahun}/id_tabel/SnM1eUlLcDgxNDR4aEowTlJpbjh3Zz09/wilayah/0000000/key/79452e4c302f8921ad36cd2bf55f0630/
[2025-07-14T15:10:21.179+0000] {logging_mixin.py:188} INFO - 
🔄 Mencoba mengambil daftar tahun yang tersedia...
[2025-07-14T15:10:24.084+0000] {logging_mixin.py:188} INFO - ⚠️ Menggunakan rentang tahun default: [2020, 2021, 2022, 2023, 2024, 2025]
[2025-07-14T15:10:25.098+0000] {logging_mixin.py:188} INFO - ✅ Metadata ditangkap: Skema='api_bps_default', Tabel='default_table'
[2025-07-14T15:10:30.336+0000] {python.py:237} INFO - Done. Returned value was: None
[2025-07-14T15:10:30.347+0000] {taskinstance.py:441} INFO - ::group::Post task execution logs
[2025-07-14T15:10:30.455+0000] {taskinstance.py:1206} INFO - Marking task as SUCCESS. dag_id=bps_simdasi_pipeline_direct_db, task_id=get_data_task, run_id=scheduled__2025-07-13T00:00:00+00:00, map_index=0, execution_date=20250713T000000, start_date=20250714T151019, end_date=20250714T151030
[2025-07-14T15:10:30.586+0000] {local_task_job_runner.py:240} INFO - Task exited with return code 0
[2025-07-14T15:10:30.896+0000] {taskinstance.py:3503} INFO - 1 downstream tasks scheduled from follow-on schedule check
[2025-07-14T15:10:30.910+0000] {local_task_job_runner.py:222} INFO - ::endgroup::
