[2025-07-17T12:24:32.708+0000] {local_task_job_runner.py:120} INFO - ::group::Pre task execution logs
[2025-07-17T12:24:32.785+0000] {taskinstance.py:2076} INFO - Dependencies all met for dep_context=non-requeueable deps ti=<TaskInstance: bps_simdasi_pipeline.process_simdasi_apis.process_api_5 manual__2025-07-17T12:17:17.887634+00:00 [queued]>
[2025-07-17T12:24:32.824+0000] {taskinstance.py:2076} INFO - Dependencies all met for dep_context=requeueable deps ti=<TaskInstance: bps_simdasi_pipeline.process_simdasi_apis.process_api_5 manual__2025-07-17T12:17:17.887634+00:00 [queued]>
[2025-07-17T12:24:32.829+0000] {taskinstance.py:2306} INFO - Starting attempt 2 of 2
[2025-07-17T12:24:32.889+0000] {taskinstance.py:2330} INFO - Executing <Task(PythonOperator): process_simdasi_apis.process_api_5> on 2025-07-17 12:17:17.887634+00:00
[2025-07-17T12:24:32.920+0000] {warnings.py:112} WARNING - /home/***/.local/lib/python3.12/site-packages/***/task/task_runner/standard_task_runner.py:61: DeprecationWarning: This process (pid=1058) is multi-threaded, use of fork() may lead to deadlocks in the child.
  pid = os.fork()

[2025-07-17T12:24:32.928+0000] {standard_task_runner.py:63} INFO - Started process 1071 to run task
[2025-07-17T12:24:32.925+0000] {standard_task_runner.py:90} INFO - Running: ['***', 'tasks', 'run', 'bps_simdasi_pipeline', 'process_simdasi_apis.process_api_5', 'manual__2025-07-17T12:17:17.887634+00:00', '--job-id', '160', '--raw', '--subdir', 'DAGS_FOLDER/bps_simdasi_pipeline.py.py', '--cfg-path', '/tmp/tmpl82gs0ev']
[2025-07-17T12:24:32.931+0000] {standard_task_runner.py:91} INFO - Job 160: Subtask process_simdasi_apis.process_api_5
[2025-07-17T12:24:33.124+0000] {task_command.py:426} INFO - Running <TaskInstance: bps_simdasi_pipeline.process_simdasi_apis.process_api_5 manual__2025-07-17T12:17:17.887634+00:00 [running]> on host be615b49433c
[2025-07-17T12:24:33.609+0000] {taskinstance.py:2648} INFO - Exporting env vars: AIRFLOW_CTX_DAG_OWNER='***' AIRFLOW_CTX_DAG_ID='bps_simdasi_pipeline' AIRFLOW_CTX_TASK_ID='process_simdasi_apis.process_api_5' AIRFLOW_CTX_EXECUTION_DATE='2025-07-17T12:17:17.887634+00:00' AIRFLOW_CTX_TRY_NUMBER='2' AIRFLOW_CTX_DAG_RUN_ID='manual__2025-07-17T12:17:17.887634+00:00'
[2025-07-17T12:24:33.619+0000] {taskinstance.py:430} INFO - ::endgroup::
[2025-07-17T12:24:33.623+0000] {logging_mixin.py:188} INFO - Processing URL: https://webapi.bps.go.id/v1/api/interoperabilitas/datasource/simdasi/id/25/tahun/2024/id_tabel/S2ViU1dwVTlpSXRwU1MvendHN05Cdz09/wilayah/3500000/key/79452e4c302f8921ad36cd2bf55f0630
[2025-07-17T12:24:37.356+0000] {logging_mixin.py:188} INFO - 
--- Memulai Loop Pengambilan Data SIMDASI ---
[2025-07-17T12:24:37.363+0000] {logging_mixin.py:188} INFO - 🔄 Mengambil tahun 2017...
[2025-07-17T12:24:40.051+0000] {logging_mixin.py:188} INFO - 
✅ Metadata awal ditangkap dari tahun 2017:
[2025-07-17T12:24:40.053+0000] {logging_mixin.py:188} INFO -    -> Nama Skema: api_bps_hortikultura_perkebunan_peternakan
[2025-07-17T12:24:40.055+0000] {logging_mixin.py:188} INFO -    -> Nama Kolom Label: kabupatenkota
[2025-07-17T12:24:40.058+0000] {logging_mixin.py:188} INFO -    -> ID Kategori (mms_id): 557
[2025-07-17T12:24:40.070+0000] {logging_mixin.py:188} INFO - -> Berhasil memproses data untuk tahun 2017.
[2025-07-17T12:24:40.072+0000] {logging_mixin.py:188} INFO - 🔄 Mengambil tahun 2018...
[2025-07-17T12:24:42.768+0000] {logging_mixin.py:188} INFO - -> Berhasil memproses data untuk tahun 2018.
[2025-07-17T12:24:42.769+0000] {logging_mixin.py:188} INFO - 🔄 Mengambil tahun 2019...
[2025-07-17T12:24:45.145+0000] {logging_mixin.py:188} INFO - -> Berhasil memproses data untuk tahun 2019.
[2025-07-17T12:24:45.152+0000] {logging_mixin.py:188} INFO - 🔄 Mengambil tahun 2020...
[2025-07-17T12:24:49.150+0000] {logging_mixin.py:188} INFO - -> Berhasil memproses data untuk tahun 2020.
[2025-07-17T12:24:49.151+0000] {logging_mixin.py:188} INFO - 🔄 Mengambil tahun 2021...
[2025-07-17T12:24:51.838+0000] {logging_mixin.py:188} INFO - -> Berhasil memproses data untuk tahun 2021.
[2025-07-17T12:24:51.839+0000] {logging_mixin.py:188} INFO - 🔄 Mengambil tahun 2022...
[2025-07-17T12:24:55.132+0000] {logging_mixin.py:188} INFO - -> Berhasil memproses data untuk tahun 2022.
[2025-07-17T12:24:55.134+0000] {logging_mixin.py:188} INFO - 🔄 Mengambil tahun 2023...
[2025-07-17T12:24:57.389+0000] {logging_mixin.py:188} INFO - -> Berhasil memproses data untuk tahun 2023.
[2025-07-17T12:24:57.391+0000] {logging_mixin.py:188} INFO - 🔄 Mengambil tahun 2024...
[2025-07-17T12:25:00.876+0000] {logging_mixin.py:188} INFO - -> Berhasil memproses data untuk tahun 2024.
[2025-07-17T12:25:00.877+0000] {logging_mixin.py:188} INFO - 
✅ Nama tabel final diatur ke: 'ppls_trnk_mnrt_kbptnkt_dn_jns_trnk_d_prvns_jw_tmr_kr_2024' (berdasarkan judul dari tahun terakhir yang tersedia).
[2025-07-17T12:25:03.466+0000] {logging_mixin.py:188} INFO - ✅ Data saved to api_bps_hortikultura_perkebunan_peternakan.ppls_trnk_mnrt_kbptnkt_dn_jns_trnk_d_prvns_jw_tmr_kr_2024
[2025-07-17T12:25:03.467+0000] {python.py:237} INFO - Done. Returned value was: None
[2025-07-17T12:25:03.470+0000] {taskinstance.py:441} INFO - ::group::Post task execution logs
[2025-07-17T12:25:03.488+0000] {taskinstance.py:1206} INFO - Marking task as SUCCESS. dag_id=bps_simdasi_pipeline, task_id=process_simdasi_apis.process_api_5, run_id=manual__2025-07-17T12:17:17.887634+00:00, execution_date=20250717T121717, start_date=20250717T122432, end_date=20250717T122503
[2025-07-17T12:25:03.578+0000] {local_task_job_runner.py:240} INFO - Task exited with return code 0
[2025-07-17T12:25:03.608+0000] {taskinstance.py:3503} INFO - 0 downstream tasks scheduled from follow-on schedule check
[2025-07-17T12:25:03.614+0000] {local_task_job_runner.py:222} INFO - ::endgroup::
