[2025-07-09T05:50:48.209+0000] {local_task_job_runner.py:120} INFO - ::group::Pre task execution logs
[2025-07-09T05:50:48.361+0000] {taskinstance.py:2076} INFO - Dependencies all met for dep_context=non-requeueable deps ti=<TaskInstance: etl_simdasi_pipeline.run_simdasi_etl manual__2025-07-09T05:50:26.688595+00:00 [queued]>
[2025-07-09T05:50:48.409+0000] {taskinstance.py:2076} INFO - Dependencies all met for dep_context=requeueable deps ti=<TaskInstance: etl_simdasi_pipeline.run_simdasi_etl manual__2025-07-09T05:50:26.688595+00:00 [queued]>
[2025-07-09T05:50:48.412+0000] {taskinstance.py:2306} INFO - Starting attempt 1 of 2
[2025-07-09T05:50:48.502+0000] {taskinstance.py:2330} INFO - Executing <Task(PythonOperator): run_simdasi_etl> on 2025-07-09 05:50:26.688595+00:00
[2025-07-09T05:50:48.583+0000] {warnings.py:112} WARNING - /home/***/.local/lib/python3.12/site-packages/***/task/task_runner/standard_task_runner.py:61: DeprecationWarning: This process (pid=106) is multi-threaded, use of fork() may lead to deadlocks in the child.
  pid = os.fork()

[2025-07-09T05:50:48.600+0000] {standard_task_runner.py:63} INFO - Started process 117 to run task
[2025-07-09T05:50:48.593+0000] {standard_task_runner.py:90} INFO - Running: ['***', 'tasks', 'run', 'etl_simdasi_pipeline', 'run_simdasi_etl', 'manual__2025-07-09T05:50:26.688595+00:00', '--job-id', '60', '--raw', '--subdir', 'DAGS_FOLDER/script/etl_dag.py', '--cfg-path', '/tmp/tmp0uqt5onb']
[2025-07-09T05:50:48.629+0000] {standard_task_runner.py:91} INFO - Job 60: Subtask run_simdasi_etl
[2025-07-09T05:50:49.128+0000] {task_command.py:426} INFO - Running <TaskInstance: etl_simdasi_pipeline.run_simdasi_etl manual__2025-07-09T05:50:26.688595+00:00 [running]> on host be615b49433c
[2025-07-09T05:50:49.611+0000] {taskinstance.py:2648} INFO - Exporting env vars: AIRFLOW_CTX_DAG_OWNER='puput' AIRFLOW_CTX_DAG_ID='etl_simdasi_pipeline' AIRFLOW_CTX_TASK_ID='run_simdasi_etl' AIRFLOW_CTX_EXECUTION_DATE='2025-07-09T05:50:26.688595+00:00' AIRFLOW_CTX_TRY_NUMBER='1' AIRFLOW_CTX_DAG_RUN_ID='manual__2025-07-09T05:50:26.688595+00:00'
[2025-07-09T05:50:49.624+0000] {taskinstance.py:430} INFO - ::endgroup::
[2025-07-09T05:50:49.629+0000] {logging_mixin.py:188} INFO - 🔄 Fetching tahun 2016...
[2025-07-09T05:51:13.966+0000] {logging_mixin.py:188} INFO - 🔄 Fetching tahun 2017...
[2025-07-09T05:51:37.841+0000] {logging_mixin.py:188} INFO - 🔄 Fetching tahun 2018...
[2025-07-09T05:51:59.809+0000] {logging_mixin.py:188} INFO - 🔄 Fetching tahun 2019...
[2025-07-09T05:52:21.288+0000] {logging_mixin.py:188} INFO - 🔄 Fetching tahun 2020...
[2025-07-09T05:52:42.591+0000] {logging_mixin.py:188} INFO - 🔄 Fetching tahun 2021...
[2025-07-09T05:53:04.557+0000] {logging_mixin.py:188} INFO - 🔄 Fetching tahun 2022...
[2025-07-09T05:53:06.973+0000] {logging_mixin.py:188} INFO - 🔄 Fetching tahun 2023...
[2025-07-09T05:53:09.241+0000] {logging_mixin.py:188} INFO - 🔄 Fetching tahun 2024...
[2025-07-09T05:53:11.959+0000] {logging_mixin.py:188} INFO - 📦 Schema 'simdasi' dipastikan ada.
[2025-07-09T05:53:13.199+0000] {logging_mixin.py:188} INFO - ❌ Gagal simpan ke DB: (psycopg2.errors.UniqueViolation) duplicate key value violates unique constraint "pg_type_typname_nsp_index"
DETAIL:  Key (typname, typnamespace)=(test_***_simdasi_pisah_config_puput, 14149971) already exists.

[SQL: 
CREATE TABLE simdasi.test_***_simdasi_pisah_config_puput (
	provinsi TEXT, 
	tahun BIGINT, 
	jumlah_sekolah_sma_negeri FLOAT(53), 
	jumlah_sekolah_sma_swasta FLOAT(53), 
	jumlah_sekolah_sma_negeriswasta FLOAT(53), 
	jumlah_guru_sma_negeri FLOAT(53), 
	jumlah_guru_sma_swasta FLOAT(53), 
	jumlah_guru_sma_negeriswasta FLOAT(53), 
	jumlah_murid_sma_negeri FLOAT(53), 
	jumlah_murid_sma_swasta FLOAT(53), 
	jumlah_murid_sma_negeriswasta FLOAT(53)
)

]
(Background on this error at: https://sqlalche.me/e/14/gkpj)
[2025-07-09T05:53:13.204+0000] {python.py:237} INFO - Done. Returned value was: None
[2025-07-09T05:53:13.224+0000] {taskinstance.py:441} INFO - ::group::Post task execution logs
[2025-07-09T05:53:13.270+0000] {taskinstance.py:1206} INFO - Marking task as SUCCESS. dag_id=etl_simdasi_pipeline, task_id=run_simdasi_etl, run_id=manual__2025-07-09T05:50:26.688595+00:00, execution_date=20250709T055026, start_date=20250709T055048, end_date=20250709T055313
[2025-07-09T05:53:13.426+0000] {local_task_job_runner.py:240} INFO - Task exited with return code 0
[2025-07-09T05:53:13.553+0000] {taskinstance.py:3503} INFO - 0 downstream tasks scheduled from follow-on schedule check
[2025-07-09T05:53:13.561+0000] {local_task_job_runner.py:222} INFO - ::endgroup::
