[2025-07-21T17:01:07.801+0000] {local_task_job_runner.py:120} INFO - ::group::Pre task execution logs
[2025-07-21T17:01:07.850+0000] {taskinstance.py:2076} INFO - Dependencies all met for dep_context=non-requeueable deps ti=<TaskInstance: bps_simdasi_pipeline.process_simdasi_apis.process_api_30 manual__2025-07-21T16:51:36.203962+00:00 [queued]>
[2025-07-21T17:01:07.871+0000] {taskinstance.py:2076} INFO - Dependencies all met for dep_context=requeueable deps ti=<TaskInstance: bps_simdasi_pipeline.process_simdasi_apis.process_api_30 manual__2025-07-21T16:51:36.203962+00:00 [queued]>
[2025-07-21T17:01:07.872+0000] {taskinstance.py:2306} INFO - Starting attempt 1 of 2
[2025-07-21T17:01:07.900+0000] {taskinstance.py:2330} INFO - Executing <Task(PythonOperator): process_simdasi_apis.process_api_30> on 2025-07-21 16:51:36.203962+00:00
[2025-07-21T17:01:07.916+0000] {warnings.py:112} WARNING - /home/***/.local/lib/python3.12/site-packages/***/task/task_runner/standard_task_runner.py:61: DeprecationWarning: This process (pid=464) is multi-threaded, use of fork() may lead to deadlocks in the child.
  pid = os.fork()

[2025-07-21T17:01:07.919+0000] {standard_task_runner.py:63} INFO - Started process 466 to run task
[2025-07-21T17:01:07.920+0000] {standard_task_runner.py:90} INFO - Running: ['***', 'tasks', 'run', 'bps_simdasi_pipeline', 'process_simdasi_apis.process_api_30', 'manual__2025-07-21T16:51:36.203962+00:00', '--job-id', '233', '--raw', '--subdir', 'DAGS_FOLDER/bps_simdasi_pipeline.py', '--cfg-path', '/tmp/tmpqc2w4nui']
[2025-07-21T17:01:07.922+0000] {standard_task_runner.py:91} INFO - Job 233: Subtask process_simdasi_apis.process_api_30
[2025-07-21T17:01:08.039+0000] {task_command.py:426} INFO - Running <TaskInstance: bps_simdasi_pipeline.process_simdasi_apis.process_api_30 manual__2025-07-21T16:51:36.203962+00:00 [running]> on host be615b49433c
[2025-07-21T17:01:08.209+0000] {taskinstance.py:2648} INFO - Exporting env vars: AIRFLOW_CTX_DAG_OWNER='***' AIRFLOW_CTX_DAG_ID='bps_simdasi_pipeline' AIRFLOW_CTX_TASK_ID='process_simdasi_apis.process_api_30' AIRFLOW_CTX_EXECUTION_DATE='2025-07-21T16:51:36.203962+00:00' AIRFLOW_CTX_TRY_NUMBER='1' AIRFLOW_CTX_DAG_RUN_ID='manual__2025-07-21T16:51:36.203962+00:00'
[2025-07-21T17:01:08.211+0000] {taskinstance.py:430} INFO - ::endgroup::
[2025-07-21T17:01:08.213+0000] {logging_mixin.py:188} INFO - ðŸ” Processing URL: https://webapi.bps.go.id/v1/api/interoperabilitas/datasource/simdasi/id/25/tahun/2024/id_tabel/aWpHRGF4UVBjZTVEODBHMTV4R0xUUT09/wilayah/3500000/key/79452e4c302f8921ad36cd2bf55f0630/
[2025-07-21T17:01:08.214+0000] {logging_mixin.py:188} INFO - 
ðŸ”„ Mencoba mengambil daftar tahun yang tersedia secara otomatis...
[2025-07-21T17:01:11.782+0000] {logging_mixin.py:188} INFO - âœ… Tahun yang tersedia ditemukan: [2018, 2019, 2023, 2024]
[2025-07-21T17:01:11.786+0000] {logging_mixin.py:188} INFO - 
--- Memulai Loop Pengambilan Data SIMDASI ---
[2025-07-21T17:01:11.788+0000] {logging_mixin.py:188} INFO - ðŸ”„ Mengambil tahun 2018...
[2025-07-21T17:01:12.482+0000] {logging_mixin.py:188} INFO - 
âœ… Metadata awal ditangkap dari tahun 2018:
[2025-07-21T17:01:12.483+0000] {logging_mixin.py:188} INFO -    -> Nama Skema: api_bps_kesehatan
[2025-07-21T17:01:12.485+0000] {logging_mixin.py:188} INFO -    -> Nama Kolom Label: kabupatenkota
[2025-07-21T17:01:12.486+0000] {logging_mixin.py:188} INFO -    -> ID Kategori (mms_id): 522
[2025-07-21T17:01:12.488+0000] {logging_mixin.py:188} INFO - -> Berhasil memproses data untuk tahun 2018.
[2025-07-21T17:01:12.490+0000] {logging_mixin.py:188} INFO - ðŸ”„ Mengambil tahun 2019...
[2025-07-21T17:01:13.224+0000] {logging_mixin.py:188} INFO - -> Berhasil memproses data untuk tahun 2019.
[2025-07-21T17:01:13.225+0000] {logging_mixin.py:188} INFO - ðŸ”„ Mengambil tahun 2023...
[2025-07-21T17:01:13.847+0000] {logging_mixin.py:188} INFO - -> Berhasil memproses data untuk tahun 2023.
[2025-07-21T17:01:13.848+0000] {logging_mixin.py:188} INFO - ðŸ”„ Mengambil tahun 2024...
[2025-07-21T17:01:14.604+0000] {logging_mixin.py:188} INFO - -> Berhasil memproses data untuk tahun 2024.
[2025-07-21T17:01:15.522+0000] {logging_mixin.py:188} INFO - âœ… Data saved to api_bps_kesehatan.jmlh_tng_kshtn_mnrt_kbptnkt_d_prvns_jw_tmr_2024
[2025-07-21T17:01:15.524+0000] {python.py:237} INFO - Done. Returned value was: None
[2025-07-21T17:01:15.526+0000] {taskinstance.py:441} INFO - ::group::Post task execution logs
[2025-07-21T17:01:15.546+0000] {taskinstance.py:1206} INFO - Marking task as SUCCESS. dag_id=bps_simdasi_pipeline, task_id=process_simdasi_apis.process_api_30, run_id=manual__2025-07-21T16:51:36.203962+00:00, execution_date=20250721T165136, start_date=20250721T170107, end_date=20250721T170115
[2025-07-21T17:01:15.604+0000] {local_task_job_runner.py:240} INFO - Task exited with return code 0
[2025-07-21T17:01:15.636+0000] {taskinstance.py:3503} INFO - 0 downstream tasks scheduled from follow-on schedule check
[2025-07-21T17:01:15.640+0000] {local_task_job_runner.py:222} INFO - ::endgroup::
