[2025-07-17T11:51:44.161+0000] {local_task_job_runner.py:120} INFO - ::group::Pre task execution logs
[2025-07-17T11:51:44.263+0000] {taskinstance.py:2076} INFO - Dependencies all met for dep_context=non-requeueable deps ti=<TaskInstance: bps_simdasi_pipeline.process_simdasi_apis.process_api_8 manual__2025-07-17T11:44:46.952680+00:00 [queued]>
[2025-07-17T11:51:44.321+0000] {taskinstance.py:2076} INFO - Dependencies all met for dep_context=requeueable deps ti=<TaskInstance: bps_simdasi_pipeline.process_simdasi_apis.process_api_8 manual__2025-07-17T11:44:46.952680+00:00 [queued]>
[2025-07-17T11:51:44.325+0000] {taskinstance.py:2306} INFO - Starting attempt 2 of 2
[2025-07-17T11:51:44.374+0000] {taskinstance.py:2330} INFO - Executing <Task(PythonOperator): process_simdasi_apis.process_api_8> on 2025-07-17 11:44:46.952680+00:00
[2025-07-17T11:51:44.412+0000] {warnings.py:112} WARNING - /home/***/.local/lib/python3.12/site-packages/***/task/task_runner/standard_task_runner.py:61: DeprecationWarning: This process (pid=606) is multi-threaded, use of fork() may lead to deadlocks in the child.
  pid = os.fork()

[2025-07-17T11:51:44.422+0000] {standard_task_runner.py:90} INFO - Running: ['***', 'tasks', 'run', 'bps_simdasi_pipeline', 'process_simdasi_apis.process_api_8', 'manual__2025-07-17T11:44:46.952680+00:00', '--job-id', '150', '--raw', '--subdir', 'DAGS_FOLDER/bps_simdasi_pipeline.py.py', '--cfg-path', '/tmp/tmpeg7sw0to']
[2025-07-17T11:51:44.430+0000] {standard_task_runner.py:91} INFO - Job 150: Subtask process_simdasi_apis.process_api_8
[2025-07-17T11:51:44.429+0000] {standard_task_runner.py:63} INFO - Started process 625 to run task
[2025-07-17T11:51:44.654+0000] {task_command.py:426} INFO - Running <TaskInstance: bps_simdasi_pipeline.process_simdasi_apis.process_api_8 manual__2025-07-17T11:44:46.952680+00:00 [running]> on host be615b49433c
[2025-07-17T11:51:45.210+0000] {taskinstance.py:2648} INFO - Exporting env vars: AIRFLOW_CTX_DAG_OWNER='***' AIRFLOW_CTX_DAG_ID='bps_simdasi_pipeline' AIRFLOW_CTX_TASK_ID='process_simdasi_apis.process_api_8' AIRFLOW_CTX_EXECUTION_DATE='2025-07-17T11:44:46.952680+00:00' AIRFLOW_CTX_TRY_NUMBER='2' AIRFLOW_CTX_DAG_RUN_ID='manual__2025-07-17T11:44:46.952680+00:00'
[2025-07-17T11:51:45.231+0000] {taskinstance.py:430} INFO - ::endgroup::
[2025-07-17T11:51:45.236+0000] {logging_mixin.py:188} INFO - Processing URL: https://webapi.bps.go.id/v1/api/interoperabilitas/datasource/simdasi/id/25/tahun/2023/id_tabel/WnFhSGhLZ2xHNmlZdkRRYzRsaG5Hdz09/wilayah/3500000/key/79452e4c302f8921ad36cd2bf55f0630
[2025-07-17T11:51:48.318+0000] {logging_mixin.py:188} INFO - 
--- Memulai Loop Pengambilan Data SIMDASI ---
[2025-07-17T11:51:48.326+0000] {logging_mixin.py:188} INFO - 🔄 Mengambil tahun 2012...
[2025-07-17T11:51:49.359+0000] {logging_mixin.py:188} INFO - 
✅ Metadata awal ditangkap dari tahun 2012:
[2025-07-17T11:51:49.364+0000] {logging_mixin.py:188} INFO -    -> Nama Skema: api_bps_kondisi_tempat_tinggal
[2025-07-17T11:51:49.367+0000] {logging_mixin.py:188} INFO -    -> Nama Kolom Label: kabupatenkota
[2025-07-17T11:51:49.375+0000] {logging_mixin.py:188} INFO -    -> ID Kategori (mms_id): 563
[2025-07-17T11:51:49.377+0000] {logging_mixin.py:188} INFO - -> Berhasil memproses data untuk tahun 2012.
[2025-07-17T11:51:49.379+0000] {logging_mixin.py:188} INFO - 🔄 Mengambil tahun 2013...
[2025-07-17T11:51:50.120+0000] {logging_mixin.py:188} INFO - -> Berhasil memproses data untuk tahun 2013.
[2025-07-17T11:51:50.123+0000] {logging_mixin.py:188} INFO - 🔄 Mengambil tahun 2014...
[2025-07-17T11:51:51.153+0000] {logging_mixin.py:188} INFO - -> Berhasil memproses data untuk tahun 2014.
[2025-07-17T11:51:51.171+0000] {logging_mixin.py:188} INFO - 🔄 Mengambil tahun 2015...
[2025-07-17T11:51:52.922+0000] {logging_mixin.py:188} INFO - -> Berhasil memproses data untuk tahun 2015.
[2025-07-17T11:51:52.930+0000] {logging_mixin.py:188} INFO - 🔄 Mengambil tahun 2016...
[2025-07-17T11:51:54.262+0000] {logging_mixin.py:188} INFO - -> Berhasil memproses data untuk tahun 2016.
[2025-07-17T11:51:54.266+0000] {logging_mixin.py:188} INFO - 🔄 Mengambil tahun 2017...
[2025-07-17T11:51:55.195+0000] {logging_mixin.py:188} INFO - -> Berhasil memproses data untuk tahun 2017.
[2025-07-17T11:51:55.197+0000] {logging_mixin.py:188} INFO - 🔄 Mengambil tahun 2018...
[2025-07-17T11:51:56.100+0000] {logging_mixin.py:188} INFO - -> Berhasil memproses data untuk tahun 2018.
[2025-07-17T11:51:56.102+0000] {logging_mixin.py:188} INFO - 🔄 Mengambil tahun 2019...
[2025-07-17T11:51:57.246+0000] {logging_mixin.py:188} INFO - -> Berhasil memproses data untuk tahun 2019.
[2025-07-17T11:51:57.363+0000] {logging_mixin.py:188} INFO - 🔄 Mengambil tahun 2020...
[2025-07-17T11:51:58.847+0000] {logging_mixin.py:188} INFO - -> Berhasil memproses data untuk tahun 2020.
[2025-07-17T11:51:58.849+0000] {logging_mixin.py:188} INFO - 🔄 Mengambil tahun 2021...
[2025-07-17T11:52:00.193+0000] {logging_mixin.py:188} INFO - -> Berhasil memproses data untuk tahun 2021.
[2025-07-17T11:52:00.195+0000] {logging_mixin.py:188} INFO - 🔄 Mengambil tahun 2022...
[2025-07-17T11:52:01.342+0000] {logging_mixin.py:188} INFO - -> Berhasil memproses data untuk tahun 2022.
[2025-07-17T11:52:01.349+0000] {logging_mixin.py:188} INFO - 🔄 Mengambil tahun 2023...
[2025-07-17T11:52:02.535+0000] {logging_mixin.py:188} INFO - -> Berhasil memproses data untuk tahun 2023.
[2025-07-17T11:52:02.536+0000] {logging_mixin.py:188} INFO - 
✅ Nama tabel final diatur ke: 'ndks_pmbngnn_mns_mnrt_kbptnkt_d_prvns_jw_tmr_2023' (berdasarkan judul dari tahun terakhir yang tersedia).
[2025-07-17T11:52:02.654+0000] {logging_mixin.py:188} INFO - ❌ Database error: connection to server at "103.183.92.158", port 5432 failed: FATAL:  sorry, too many clients already
[2025-07-17T11:52:02.656+0000] {python.py:237} INFO - Done. Returned value was: None
[2025-07-17T11:52:02.658+0000] {taskinstance.py:441} INFO - ::group::Post task execution logs
[2025-07-17T11:52:02.683+0000] {taskinstance.py:1206} INFO - Marking task as SUCCESS. dag_id=bps_simdasi_pipeline, task_id=process_simdasi_apis.process_api_8, run_id=manual__2025-07-17T11:44:46.952680+00:00, execution_date=20250717T114446, start_date=20250717T115144, end_date=20250717T115202
[2025-07-17T11:52:02.788+0000] {local_task_job_runner.py:240} INFO - Task exited with return code 0
[2025-07-17T11:52:02.847+0000] {taskinstance.py:3503} INFO - 0 downstream tasks scheduled from follow-on schedule check
[2025-07-17T11:52:02.873+0000] {local_task_job_runner.py:222} INFO - ::endgroup::
