[2025-07-21T17:00:40.109+0000] {local_task_job_runner.py:120} INFO - ::group::Pre task execution logs
[2025-07-21T17:00:40.185+0000] {taskinstance.py:2076} INFO - Dependencies all met for dep_context=non-requeueable deps ti=<TaskInstance: bps_simdasi_pipeline.process_simdasi_apis.process_api_28 manual__2025-07-21T16:51:36.203962+00:00 [queued]>
[2025-07-21T17:00:40.210+0000] {taskinstance.py:2076} INFO - Dependencies all met for dep_context=requeueable deps ti=<TaskInstance: bps_simdasi_pipeline.process_simdasi_apis.process_api_28 manual__2025-07-21T16:51:36.203962+00:00 [queued]>
[2025-07-21T17:00:40.211+0000] {taskinstance.py:2306} INFO - Starting attempt 1 of 2
[2025-07-21T17:00:40.252+0000] {taskinstance.py:2330} INFO - Executing <Task(PythonOperator): process_simdasi_apis.process_api_28> on 2025-07-21 16:51:36.203962+00:00
[2025-07-21T17:00:40.272+0000] {warnings.py:112} WARNING - /home/***/.local/lib/python3.12/site-packages/***/task/task_runner/standard_task_runner.py:61: DeprecationWarning: This process (pid=451) is multi-threaded, use of fork() may lead to deadlocks in the child.
  pid = os.fork()

[2025-07-21T17:00:40.276+0000] {standard_task_runner.py:63} INFO - Started process 453 to run task
[2025-07-21T17:00:40.276+0000] {standard_task_runner.py:90} INFO - Running: ['***', 'tasks', 'run', 'bps_simdasi_pipeline', 'process_simdasi_apis.process_api_28', 'manual__2025-07-21T16:51:36.203962+00:00', '--job-id', '231', '--raw', '--subdir', 'DAGS_FOLDER/bps_simdasi_pipeline.py', '--cfg-path', '/tmp/tmp1atd06ek']
[2025-07-21T17:00:40.279+0000] {standard_task_runner.py:91} INFO - Job 231: Subtask process_simdasi_apis.process_api_28
[2025-07-21T17:00:40.399+0000] {task_command.py:426} INFO - Running <TaskInstance: bps_simdasi_pipeline.process_simdasi_apis.process_api_28 manual__2025-07-21T16:51:36.203962+00:00 [running]> on host be615b49433c
[2025-07-21T17:00:40.578+0000] {taskinstance.py:2648} INFO - Exporting env vars: AIRFLOW_CTX_DAG_OWNER='***' AIRFLOW_CTX_DAG_ID='bps_simdasi_pipeline' AIRFLOW_CTX_TASK_ID='process_simdasi_apis.process_api_28' AIRFLOW_CTX_EXECUTION_DATE='2025-07-21T16:51:36.203962+00:00' AIRFLOW_CTX_TRY_NUMBER='1' AIRFLOW_CTX_DAG_RUN_ID='manual__2025-07-21T16:51:36.203962+00:00'
[2025-07-21T17:00:40.581+0000] {taskinstance.py:430} INFO - ::endgroup::
[2025-07-21T17:00:40.583+0000] {logging_mixin.py:188} INFO - ðŸ” Processing URL: https://webapi.bps.go.id/v1/api/interoperabilitas/datasource/simdasi/id/25/tahun/2024/id_tabel/R1lONkliWXNyUjRqMUdlL2NXK0k2dz09/wilayah/0000000/key/79452e4c302f8921ad36cd2bf55f0630/
[2025-07-21T17:00:40.584+0000] {logging_mixin.py:188} INFO - 
ðŸ”„ Mencoba mengambil daftar tahun yang tersedia secara otomatis...
[2025-07-21T17:00:42.642+0000] {logging_mixin.py:188} INFO - âœ… Tahun yang tersedia ditemukan: [2018, 2019, 2020, 2021, 2022, 2023, 2024]
[2025-07-21T17:00:42.645+0000] {logging_mixin.py:188} INFO - 
--- Memulai Loop Pengambilan Data SIMDASI ---
[2025-07-21T17:00:42.647+0000] {logging_mixin.py:188} INFO - ðŸ”„ Mengambil tahun 2018...
[2025-07-21T17:00:43.631+0000] {logging_mixin.py:188} INFO - 
âœ… Metadata awal ditangkap dari tahun 2018:
[2025-07-21T17:00:43.632+0000] {logging_mixin.py:188} INFO -    -> Nama Skema: api_bps_lingkungan
[2025-07-21T17:00:43.633+0000] {logging_mixin.py:188} INFO -    -> Nama Kolom Label: provinsi
[2025-07-21T17:00:43.635+0000] {logging_mixin.py:188} INFO -    -> ID Kategori (mms_id): 539
[2025-07-21T17:00:43.639+0000] {logging_mixin.py:188} INFO - -> Berhasil memproses data untuk tahun 2018.
[2025-07-21T17:00:43.641+0000] {logging_mixin.py:188} INFO - ðŸ”„ Mengambil tahun 2019...
[2025-07-21T17:00:44.588+0000] {logging_mixin.py:188} INFO - -> Berhasil memproses data untuk tahun 2019.
[2025-07-21T17:00:44.590+0000] {logging_mixin.py:188} INFO - ðŸ”„ Mengambil tahun 2020...
[2025-07-21T17:00:45.506+0000] {logging_mixin.py:188} INFO - -> Berhasil memproses data untuk tahun 2020.
[2025-07-21T17:00:45.507+0000] {logging_mixin.py:188} INFO - ðŸ”„ Mengambil tahun 2021...
[2025-07-21T17:00:46.404+0000] {logging_mixin.py:188} INFO - -> Berhasil memproses data untuk tahun 2021.
[2025-07-21T17:00:46.406+0000] {logging_mixin.py:188} INFO - ðŸ”„ Mengambil tahun 2022...
[2025-07-21T17:00:47.788+0000] {logging_mixin.py:188} INFO - -> Berhasil memproses data untuk tahun 2022.
[2025-07-21T17:00:47.789+0000] {logging_mixin.py:188} INFO - ðŸ”„ Mengambil tahun 2023...
[2025-07-21T17:00:48.687+0000] {logging_mixin.py:188} INFO - -> Berhasil memproses data untuk tahun 2023.
[2025-07-21T17:00:48.688+0000] {logging_mixin.py:188} INFO - ðŸ”„ Mengambil tahun 2024...
[2025-07-21T17:00:49.603+0000] {logging_mixin.py:188} INFO - -> Berhasil memproses data untuk tahun 2024.
[2025-07-21T17:00:51.104+0000] {logging_mixin.py:188} INFO - âœ… Data saved to api_bps_lingkungan.jmlh_krskn_rmh_yng_dkbtkn_bncn_lm_mnrt_prvns_dn_jns_bncn_lm_nt_
[2025-07-21T17:00:51.106+0000] {python.py:237} INFO - Done. Returned value was: None
[2025-07-21T17:00:51.109+0000] {taskinstance.py:441} INFO - ::group::Post task execution logs
[2025-07-21T17:00:51.132+0000] {taskinstance.py:1206} INFO - Marking task as SUCCESS. dag_id=bps_simdasi_pipeline, task_id=process_simdasi_apis.process_api_28, run_id=manual__2025-07-21T16:51:36.203962+00:00, execution_date=20250721T165136, start_date=20250721T170040, end_date=20250721T170051
[2025-07-21T17:00:51.208+0000] {local_task_job_runner.py:240} INFO - Task exited with return code 0
[2025-07-21T17:00:51.272+0000] {taskinstance.py:3503} INFO - 0 downstream tasks scheduled from follow-on schedule check
[2025-07-21T17:00:51.280+0000] {local_task_job_runner.py:222} INFO - ::endgroup::
