[2025-07-17T15:29:23.002+0000] {local_task_job_runner.py:120} INFO - ::group::Pre task execution logs
[2025-07-17T15:29:23.068+0000] {taskinstance.py:2076} INFO - Dependencies all met for dep_context=non-requeueable deps ti=<TaskInstance: bps_simdasi_pipeline.process_simdasi_apis.process_api_3 manual__2025-07-17T15:22:43.606411+00:00 [queued]>
[2025-07-17T15:29:23.097+0000] {taskinstance.py:2076} INFO - Dependencies all met for dep_context=requeueable deps ti=<TaskInstance: bps_simdasi_pipeline.process_simdasi_apis.process_api_3 manual__2025-07-17T15:22:43.606411+00:00 [queued]>
[2025-07-17T15:29:23.098+0000] {taskinstance.py:2306} INFO - Starting attempt 2 of 2
[2025-07-17T15:29:23.133+0000] {taskinstance.py:2330} INFO - Executing <Task(PythonOperator): process_simdasi_apis.process_api_3> on 2025-07-17 15:22:43.606411+00:00
[2025-07-17T15:29:23.162+0000] {warnings.py:112} WARNING - /home/***/.local/lib/python3.12/site-packages/***/task/task_runner/standard_task_runner.py:61: DeprecationWarning: This process (pid=940) is multi-threaded, use of fork() may lead to deadlocks in the child.
  pid = os.fork()

[2025-07-17T15:29:23.166+0000] {standard_task_runner.py:63} INFO - Started process 945 to run task
[2025-07-17T15:29:23.165+0000] {standard_task_runner.py:90} INFO - Running: ['***', 'tasks', 'run', 'bps_simdasi_pipeline', 'process_simdasi_apis.process_api_3', 'manual__2025-07-17T15:22:43.606411+00:00', '--job-id', '195', '--raw', '--subdir', 'DAGS_FOLDER/bps_simdasi_pipeline.py', '--cfg-path', '/tmp/tmp4rxhh6je']
[2025-07-17T15:29:23.167+0000] {standard_task_runner.py:91} INFO - Job 195: Subtask process_simdasi_apis.process_api_3
[2025-07-17T15:29:23.341+0000] {task_command.py:426} INFO - Running <TaskInstance: bps_simdasi_pipeline.process_simdasi_apis.process_api_3 manual__2025-07-17T15:22:43.606411+00:00 [running]> on host be615b49433c
[2025-07-17T15:29:23.553+0000] {taskinstance.py:2648} INFO - Exporting env vars: AIRFLOW_CTX_DAG_OWNER='***' AIRFLOW_CTX_DAG_ID='bps_simdasi_pipeline' AIRFLOW_CTX_TASK_ID='process_simdasi_apis.process_api_3' AIRFLOW_CTX_EXECUTION_DATE='2025-07-17T15:22:43.606411+00:00' AIRFLOW_CTX_TRY_NUMBER='2' AIRFLOW_CTX_DAG_RUN_ID='manual__2025-07-17T15:22:43.606411+00:00'
[2025-07-17T15:29:23.564+0000] {taskinstance.py:430} INFO - ::endgroup::
[2025-07-17T15:29:23.566+0000] {logging_mixin.py:188} INFO - Processing URL: https://webapi.bps.go.id/v1/api/interoperabilitas/datasource/simdasi/id/25/tahun/2024/id_tabel/d3ZjM280TU9FanlkdDRETUV5aVdndz09/wilayah/3500000/key/79452e4c302f8921ad36cd2bf55f0630
[2025-07-17T15:29:23.567+0000] {logging_mixin.py:188} INFO - 
🔄 Mencoba mengambil daftar tahun yang tersedia secara otomatis...
[2025-07-17T15:29:26.849+0000] {logging_mixin.py:188} INFO - ✅ Tahun yang tersedia ditemukan: [2018, 2019, 2020, 2021, 2022, 2023, 2024]
[2025-07-17T15:29:26.858+0000] {logging_mixin.py:188} INFO - 
--- Memulai Loop Pengambilan Data SIMDASI ---
[2025-07-17T15:29:26.860+0000] {logging_mixin.py:188} INFO - 🔄 Mengambil tahun 2018...
[2025-07-17T15:29:29.020+0000] {logging_mixin.py:188} INFO - 
✅ Metadata awal ditangkap dari tahun 2018:
[2025-07-17T15:29:29.022+0000] {logging_mixin.py:188} INFO -    -> Nama Skema: api_bps_pertanian_kehutanan_perikanan
[2025-07-17T15:29:29.024+0000] {logging_mixin.py:188} INFO -    -> Nama Kolom Label: kabupatenkota
[2025-07-17T15:29:29.025+0000] {logging_mixin.py:188} INFO -    -> ID Kategori (mms_id): 557
[2025-07-17T15:29:29.027+0000] {logging_mixin.py:188} INFO - -> Berhasil memproses data untuk tahun 2018.
[2025-07-17T15:29:29.028+0000] {logging_mixin.py:188} INFO - 🔄 Mengambil tahun 2019...
[2025-07-17T15:29:31.114+0000] {logging_mixin.py:188} INFO - -> Berhasil memproses data untuk tahun 2019.
[2025-07-17T15:29:31.116+0000] {logging_mixin.py:188} INFO - 🔄 Mengambil tahun 2020...
[2025-07-17T15:29:33.126+0000] {logging_mixin.py:188} INFO - -> Berhasil memproses data untuk tahun 2020.
[2025-07-17T15:29:33.127+0000] {logging_mixin.py:188} INFO - 🔄 Mengambil tahun 2021...
[2025-07-17T15:29:35.145+0000] {logging_mixin.py:188} INFO - -> Berhasil memproses data untuk tahun 2021.
[2025-07-17T15:29:35.147+0000] {logging_mixin.py:188} INFO - 🔄 Mengambil tahun 2022...
[2025-07-17T15:29:37.209+0000] {logging_mixin.py:188} INFO - -> Berhasil memproses data untuk tahun 2022.
[2025-07-17T15:29:37.210+0000] {logging_mixin.py:188} INFO - 🔄 Mengambil tahun 2023...
[2025-07-17T15:29:39.208+0000] {logging_mixin.py:188} INFO - -> Berhasil memproses data untuk tahun 2023.
[2025-07-17T15:29:39.209+0000] {logging_mixin.py:188} INFO - 🔄 Mengambil tahun 2024...
[2025-07-17T15:29:41.579+0000] {logging_mixin.py:188} INFO - -> Berhasil memproses data untuk tahun 2024.
[2025-07-17T15:29:43.026+0000] {logging_mixin.py:188} INFO - ✅ Data saved to api_bps_pertanian_kehutanan_perikanan.prdks_pdltspgt1ltspgt_dn_brs_mnrt_kbptnkt_d_prvns_jw_tmr_2024
[2025-07-17T15:29:43.027+0000] {python.py:237} INFO - Done. Returned value was: None
[2025-07-17T15:29:43.030+0000] {taskinstance.py:441} INFO - ::group::Post task execution logs
[2025-07-17T15:29:43.051+0000] {taskinstance.py:1206} INFO - Marking task as SUCCESS. dag_id=bps_simdasi_pipeline, task_id=process_simdasi_apis.process_api_3, run_id=manual__2025-07-17T15:22:43.606411+00:00, execution_date=20250717T152243, start_date=20250717T152923, end_date=20250717T152943
[2025-07-17T15:29:43.133+0000] {local_task_job_runner.py:240} INFO - Task exited with return code 0
[2025-07-17T15:29:43.167+0000] {taskinstance.py:3503} INFO - 0 downstream tasks scheduled from follow-on schedule check
[2025-07-17T15:29:43.171+0000] {local_task_job_runner.py:222} INFO - ::endgroup::
