[2025-07-17T11:31:20.069+0000] {local_task_job_runner.py:120} INFO - ::group::Pre task execution logs
[2025-07-17T11:31:20.357+0000] {taskinstance.py:2076} INFO - Dependencies all met for dep_context=non-requeueable deps ti=<TaskInstance: bps_simdasi_pipeline.process_simdasi_apis.process_api_12 manual__2025-07-17T11:23:16.824677+00:00 [queued]>
[2025-07-17T11:31:20.393+0000] {taskinstance.py:2076} INFO - Dependencies all met for dep_context=requeueable deps ti=<TaskInstance: bps_simdasi_pipeline.process_simdasi_apis.process_api_12 manual__2025-07-17T11:23:16.824677+00:00 [queued]>
[2025-07-17T11:31:20.395+0000] {taskinstance.py:2306} INFO - Starting attempt 2 of 2
[2025-07-17T11:31:20.516+0000] {taskinstance.py:2330} INFO - Executing <Task(PythonOperator): process_simdasi_apis.process_api_12> on 2025-07-17 11:23:16.824677+00:00
[2025-07-17T11:31:20.612+0000] {warnings.py:112} WARNING - /home/***/.local/lib/python3.12/site-packages/***/task/task_runner/standard_task_runner.py:61: DeprecationWarning: This process (pid=316) is multi-threaded, use of fork() may lead to deadlocks in the child.
  pid = os.fork()

[2025-07-17T11:31:20.628+0000] {standard_task_runner.py:63} INFO - Started process 339 to run task
[2025-07-17T11:31:20.637+0000] {standard_task_runner.py:90} INFO - Running: ['***', 'tasks', 'run', 'bps_simdasi_pipeline', 'process_simdasi_apis.process_api_12', 'manual__2025-07-17T11:23:16.824677+00:00', '--job-id', '136', '--raw', '--subdir', 'DAGS_FOLDER/bps_simdasi_pipeline.py.py', '--cfg-path', '/tmp/tmpqo1am2xb']
[2025-07-17T11:31:20.645+0000] {standard_task_runner.py:91} INFO - Job 136: Subtask process_simdasi_apis.process_api_12
[2025-07-17T11:31:21.700+0000] {task_command.py:426} INFO - Running <TaskInstance: bps_simdasi_pipeline.process_simdasi_apis.process_api_12 manual__2025-07-17T11:23:16.824677+00:00 [running]> on host be615b49433c
[2025-07-17T11:31:24.346+0000] {taskinstance.py:2648} INFO - Exporting env vars: AIRFLOW_CTX_DAG_OWNER='***' AIRFLOW_CTX_DAG_ID='bps_simdasi_pipeline' AIRFLOW_CTX_TASK_ID='process_simdasi_apis.process_api_12' AIRFLOW_CTX_EXECUTION_DATE='2025-07-17T11:23:16.824677+00:00' AIRFLOW_CTX_TRY_NUMBER='2' AIRFLOW_CTX_DAG_RUN_ID='manual__2025-07-17T11:23:16.824677+00:00'
[2025-07-17T11:31:24.350+0000] {taskinstance.py:430} INFO - ::endgroup::
[2025-07-17T11:31:24.387+0000] {logging_mixin.py:188} INFO - Processing URL: https://webapi.bps.go.id/v1/api/interoperabilitas/datasource/simdasi/id/25/tahun/2024/id_tabel/YzVEYlo5MVplU2NaM2NtT2daTzB6UT09/wilayah/0000000/key/79452e4c302f8921ad36cd2bf55f0630
[2025-07-17T11:31:34.247+0000] {logging_mixin.py:188} INFO - 
--- Memulai Loop Pengambilan Data SIMDASI ---
[2025-07-17T11:31:34.281+0000] {logging_mixin.py:188} INFO - 🔄 Mengambil tahun 2024...
[2025-07-17T11:31:37.503+0000] {logging_mixin.py:188} INFO - 
✅ Metadata awal ditangkap dari tahun 2024:
[2025-07-17T11:31:37.525+0000] {logging_mixin.py:188} INFO -    -> Nama Skema: api_bps_keuangan_pemerintah_fiskal
[2025-07-17T11:31:37.549+0000] {logging_mixin.py:188} INFO -    -> Nama Kolom Label: jabatan
[2025-07-17T11:31:37.575+0000] {logging_mixin.py:188} INFO -    -> ID Kategori (mms_id): 534
[2025-07-17T11:31:37.606+0000] {logging_mixin.py:188} INFO - -> Berhasil memproses data untuk tahun 2024.
[2025-07-17T11:31:37.641+0000] {logging_mixin.py:188} INFO - 
✅ Nama tabel final diatur ke: 'jmlh_prtr_spl_ngr_sn_mnrt_jbtn_jns_sn_dn_jns_klmn_rng_dsmbr_202' (berdasarkan judul dari tahun terakhir yang tersedia).
[2025-07-17T11:31:39.116+0000] {logging_mixin.py:188} INFO - ❌ Database error: (psycopg2.OperationalError) connection to server at "103.183.92.158", port 5432 failed: FATAL:  sorry, too many clients already

(Background on this error at: https://sqlalche.me/e/14/e3q8)
[2025-07-17T11:31:39.274+0000] {python.py:237} INFO - Done. Returned value was: None
[2025-07-17T11:31:39.662+0000] {taskinstance.py:441} INFO - ::group::Post task execution logs
[2025-07-17T11:31:42.145+0000] {taskinstance.py:1206} INFO - Marking task as SUCCESS. dag_id=bps_simdasi_pipeline, task_id=process_simdasi_apis.process_api_12, run_id=manual__2025-07-17T11:23:16.824677+00:00, execution_date=20250717T112316, start_date=20250717T113120, end_date=20250717T113142
[2025-07-17T11:31:43.119+0000] {local_task_job_runner.py:240} INFO - Task exited with return code 0
[2025-07-17T11:31:43.277+0000] {taskinstance.py:3503} INFO - 0 downstream tasks scheduled from follow-on schedule check
[2025-07-17T11:31:43.295+0000] {local_task_job_runner.py:222} INFO - ::endgroup::
