[2025-07-17T11:51:37.904+0000] {local_task_job_runner.py:120} INFO - ::group::Pre task execution logs
[2025-07-17T11:51:38.669+0000] {taskinstance.py:2076} INFO - Dependencies all met for dep_context=non-requeueable deps ti=<TaskInstance: bps_simdasi_pipeline.process_simdasi_apis.process_api_2 manual__2025-07-17T11:44:46.952680+00:00 [queued]>
[2025-07-17T11:51:39.027+0000] {taskinstance.py:2076} INFO - Dependencies all met for dep_context=requeueable deps ti=<TaskInstance: bps_simdasi_pipeline.process_simdasi_apis.process_api_2 manual__2025-07-17T11:44:46.952680+00:00 [queued]>
[2025-07-17T11:51:39.033+0000] {taskinstance.py:2306} INFO - Starting attempt 2 of 2
[2025-07-17T11:51:39.359+0000] {taskinstance.py:2330} INFO - Executing <Task(PythonOperator): process_simdasi_apis.process_api_2> on 2025-07-17 11:44:46.952680+00:00
[2025-07-17T11:51:39.673+0000] {warnings.py:112} WARNING - /home/***/.local/lib/python3.12/site-packages/***/task/task_runner/standard_task_runner.py:61: DeprecationWarning: This process (pid=603) is multi-threaded, use of fork() may lead to deadlocks in the child.
  pid = os.fork()

[2025-07-17T11:51:39.768+0000] {standard_task_runner.py:63} INFO - Started process 622 to run task
[2025-07-17T11:51:39.798+0000] {standard_task_runner.py:90} INFO - Running: ['***', 'tasks', 'run', 'bps_simdasi_pipeline', 'process_simdasi_apis.process_api_2', 'manual__2025-07-17T11:44:46.952680+00:00', '--job-id', '147', '--raw', '--subdir', 'DAGS_FOLDER/bps_simdasi_pipeline.py.py', '--cfg-path', '/tmp/tmps36vqu2r']
[2025-07-17T11:51:39.854+0000] {standard_task_runner.py:91} INFO - Job 147: Subtask process_simdasi_apis.process_api_2
[2025-07-17T11:51:41.233+0000] {task_command.py:426} INFO - Running <TaskInstance: bps_simdasi_pipeline.process_simdasi_apis.process_api_2 manual__2025-07-17T11:44:46.952680+00:00 [running]> on host be615b49433c
[2025-07-17T11:51:43.870+0000] {taskinstance.py:2648} INFO - Exporting env vars: AIRFLOW_CTX_DAG_OWNER='***' AIRFLOW_CTX_DAG_ID='bps_simdasi_pipeline' AIRFLOW_CTX_TASK_ID='process_simdasi_apis.process_api_2' AIRFLOW_CTX_EXECUTION_DATE='2025-07-17T11:44:46.952680+00:00' AIRFLOW_CTX_TRY_NUMBER='2' AIRFLOW_CTX_DAG_RUN_ID='manual__2025-07-17T11:44:46.952680+00:00'
[2025-07-17T11:51:43.874+0000] {taskinstance.py:430} INFO - ::endgroup::
[2025-07-17T11:51:43.882+0000] {logging_mixin.py:188} INFO - Processing URL: https://webapi.bps.go.id/v1/api/interoperabilitas/datasource/simdasi/id/25/tahun/2020/id_tabel/L2lNQW9xWUo5TFhkQ0RMbEJadEdDUT09/wilayah/0000000/key/79452e4c302f8921ad36cd2bf55f0630
[2025-07-17T11:51:46.597+0000] {logging_mixin.py:188} INFO - 
--- Memulai Loop Pengambilan Data SIMDASI ---
[2025-07-17T11:51:46.746+0000] {logging_mixin.py:188} INFO - 🔄 Mengambil tahun 2019...
[2025-07-17T11:51:49.895+0000] {logging_mixin.py:188} INFO - 
✅ Metadata awal ditangkap dari tahun 2019:
[2025-07-17T11:51:49.896+0000] {logging_mixin.py:188} INFO -    -> Nama Skema: api_bps_masyarakat_informasi
[2025-07-17T11:51:49.898+0000] {logging_mixin.py:188} INFO -    -> Nama Kolom Label: provinsi
[2025-07-17T11:51:49.899+0000] {logging_mixin.py:188} INFO -    -> ID Kategori (mms_id): 565
[2025-07-17T11:51:49.902+0000] {logging_mixin.py:188} INFO - -> Berhasil memproses data untuk tahun 2019.
[2025-07-17T11:51:49.903+0000] {logging_mixin.py:188} INFO - 🔄 Mengambil tahun 2020...
[2025-07-17T11:51:51.941+0000] {logging_mixin.py:188} INFO - -> Berhasil memproses data untuk tahun 2020.
[2025-07-17T11:51:51.966+0000] {logging_mixin.py:188} INFO - 🔄 Mengambil tahun 2021...
[2025-07-17T11:51:55.456+0000] {logging_mixin.py:188} INFO - -> Berhasil memproses data untuk tahun 2021.
[2025-07-17T11:51:55.457+0000] {logging_mixin.py:188} INFO - 
✅ Nama tabel final diatur ke: 'bnykny_dsltspgt1ltspgtklrhn_mnrt_prvns_dn_pnrmn_snyl_ntrnt_tlpn' (berdasarkan judul dari tahun terakhir yang tersedia).
[2025-07-17T11:51:55.579+0000] {logging_mixin.py:188} INFO - ❌ Database error: connection to server at "103.183.92.158", port 5432 failed: FATAL:  sorry, too many clients already
[2025-07-17T11:51:55.581+0000] {python.py:237} INFO - Done. Returned value was: None
[2025-07-17T11:51:55.582+0000] {taskinstance.py:441} INFO - ::group::Post task execution logs
[2025-07-17T11:51:55.608+0000] {taskinstance.py:1206} INFO - Marking task as SUCCESS. dag_id=bps_simdasi_pipeline, task_id=process_simdasi_apis.process_api_2, run_id=manual__2025-07-17T11:44:46.952680+00:00, execution_date=20250717T114446, start_date=20250717T115138, end_date=20250717T115155
[2025-07-17T11:51:55.710+0000] {local_task_job_runner.py:240} INFO - Task exited with return code 0
[2025-07-17T11:51:55.747+0000] {taskinstance.py:3503} INFO - 0 downstream tasks scheduled from follow-on schedule check
[2025-07-17T11:51:55.756+0000] {local_task_job_runner.py:222} INFO - ::endgroup::
