[2025-07-17T05:23:09.340+0000] {local_task_job_runner.py:120} INFO - ::group::Pre task execution logs
[2025-07-17T05:23:09.692+0000] {taskinstance.py:2076} INFO - Dependencies all met for dep_context=non-requeueable deps ti=<TaskInstance: bps_simdasi_pipeline.process_simdasi_apis.process_api_1 manual__2025-07-17T04:23:54.916799+00:00 [queued]>
[2025-07-17T05:23:09.863+0000] {taskinstance.py:2076} INFO - Dependencies all met for dep_context=requeueable deps ti=<TaskInstance: bps_simdasi_pipeline.process_simdasi_apis.process_api_1 manual__2025-07-17T04:23:54.916799+00:00 [queued]>
[2025-07-17T05:23:09.893+0000] {taskinstance.py:2306} INFO - Starting attempt 2 of 2
[2025-07-17T05:23:10.029+0000] {taskinstance.py:2330} INFO - Executing <Task(PythonOperator): process_simdasi_apis.process_api_1> on 2025-07-17 04:23:54.916799+00:00
[2025-07-17T05:23:10.170+0000] {warnings.py:112} WARNING - /home/***/.local/lib/python3.12/site-packages/***/task/task_runner/standard_task_runner.py:61: DeprecationWarning: This process (pid=83) is multi-threaded, use of fork() may lead to deadlocks in the child.
  pid = os.fork()

[2025-07-17T05:23:10.197+0000] {standard_task_runner.py:63} INFO - Started process 98 to run task
[2025-07-17T05:23:10.229+0000] {standard_task_runner.py:90} INFO - Running: ['***', 'tasks', 'run', 'bps_simdasi_pipeline', 'process_simdasi_apis.process_api_1', 'manual__2025-07-17T04:23:54.916799+00:00', '--job-id', '122', '--raw', '--subdir', 'DAGS_FOLDER/bps_simdasi_pipeline.py.py', '--cfg-path', '/tmp/tmphlp79hv3']
[2025-07-17T05:23:10.240+0000] {standard_task_runner.py:91} INFO - Job 122: Subtask process_simdasi_apis.process_api_1
[2025-07-17T05:23:10.845+0000] {task_command.py:426} INFO - Running <TaskInstance: bps_simdasi_pipeline.process_simdasi_apis.process_api_1 manual__2025-07-17T04:23:54.916799+00:00 [running]> on host be615b49433c
[2025-07-17T05:23:11.591+0000] {taskinstance.py:2648} INFO - Exporting env vars: AIRFLOW_CTX_DAG_OWNER='***' AIRFLOW_CTX_DAG_ID='bps_simdasi_pipeline' AIRFLOW_CTX_TASK_ID='process_simdasi_apis.process_api_1' AIRFLOW_CTX_EXECUTION_DATE='2025-07-17T04:23:54.916799+00:00' AIRFLOW_CTX_TRY_NUMBER='2' AIRFLOW_CTX_DAG_RUN_ID='manual__2025-07-17T04:23:54.916799+00:00'
[2025-07-17T05:23:11.673+0000] {taskinstance.py:430} INFO - ::endgroup::
[2025-07-17T05:23:11.691+0000] {logging_mixin.py:188} INFO - Processing URL: https://webapi.bps.go.id/v1/api/interoperabilitas/datasource/simdasi/id/25/tahun/2019/id_tabel/SENxVDdSbVprRGF2Sk91UTdGcVdTdz09/wilayah/0000000/key/79452e4c302f8921ad36cd2bf55f0630
[2025-07-17T05:23:14.307+0000] {logging_mixin.py:188} INFO - Error getting available years: 'list' object has no attribute 'split'
[2025-07-17T05:23:45.809+0000] {logging_mixin.py:188} INFO - ✅ Data saved to api_bps_transportasi.pnjng_jln_mnrt_prvns_dn_tngkt_kwnngn_pmrnthn_ltspgt1ltspgt_2019
[2025-07-17T05:23:45.815+0000] {python.py:237} INFO - Done. Returned value was: None
[2025-07-17T05:23:45.820+0000] {taskinstance.py:441} INFO - ::group::Post task execution logs
[2025-07-17T05:23:45.862+0000] {taskinstance.py:1206} INFO - Marking task as SUCCESS. dag_id=bps_simdasi_pipeline, task_id=process_simdasi_apis.process_api_1, run_id=manual__2025-07-17T04:23:54.916799+00:00, execution_date=20250717T042354, start_date=20250717T052309, end_date=20250717T052345
[2025-07-17T05:23:45.995+0000] {local_task_job_runner.py:240} INFO - Task exited with return code 0
[2025-07-17T05:23:46.069+0000] {local_task_job_runner.py:222} INFO - ::endgroup::
