[2025-07-14T16:44:55.376+0000] {local_task_job_runner.py:120} INFO - ::group::Pre task execution logs
[2025-07-14T16:44:55.491+0000] {taskinstance.py:2076} INFO - Dependencies all met for dep_context=non-requeueable deps ti=<TaskInstance: bps_simdasi_pipeline_direct_db.save_data_task manual__2025-07-14T16:44:09.561642+00:00 map_index=2 [queued]>
[2025-07-14T16:44:55.523+0000] {taskinstance.py:2076} INFO - Dependencies all met for dep_context=requeueable deps ti=<TaskInstance: bps_simdasi_pipeline_direct_db.save_data_task manual__2025-07-14T16:44:09.561642+00:00 map_index=2 [queued]>
[2025-07-14T16:44:55.525+0000] {taskinstance.py:2306} INFO - Starting attempt 1 of 1
[2025-07-14T16:44:55.577+0000] {taskinstance.py:2330} INFO - Executing <Mapped(_PythonDecoratedOperator): save_data_task> on 2025-07-14 16:44:09.561642+00:00
[2025-07-14T16:44:55.636+0000] {warnings.py:112} WARNING - /home/***/.local/lib/python3.12/site-packages/***/task/task_runner/standard_task_runner.py:61: DeprecationWarning: This process (pid=1373) is multi-threaded, use of fork() may lead to deadlocks in the child.
  pid = os.fork()

[2025-07-14T16:44:55.677+0000] {standard_task_runner.py:90} INFO - Running: ['***', 'tasks', 'run', 'bps_simdasi_pipeline_direct_db', 'save_data_task', 'manual__2025-07-14T16:44:09.561642+00:00', '--job-id', '99', '--raw', '--subdir', 'DAGS_FOLDER/script/dag_simdasi.py', '--cfg-path', '/tmp/tmpgkgbltyb', '--map-index', '2']
[2025-07-14T16:44:55.686+0000] {standard_task_runner.py:63} INFO - Started process 1379 to run task
[2025-07-14T16:44:55.688+0000] {standard_task_runner.py:91} INFO - Job 99: Subtask save_data_task
[2025-07-14T16:44:56.138+0000] {task_command.py:426} INFO - Running <TaskInstance: bps_simdasi_pipeline_direct_db.save_data_task manual__2025-07-14T16:44:09.561642+00:00 map_index=2 [running]> on host be615b49433c
[2025-07-14T16:44:56.667+0000] {taskinstance.py:2648} INFO - Exporting env vars: AIRFLOW_CTX_DAG_OWNER='***' AIRFLOW_CTX_DAG_ID='bps_simdasi_pipeline_direct_db' AIRFLOW_CTX_TASK_ID='save_data_task' AIRFLOW_CTX_EXECUTION_DATE='2025-07-14T16:44:09.561642+00:00' AIRFLOW_CTX_TRY_NUMBER='1' AIRFLOW_CTX_DAG_RUN_ID='manual__2025-07-14T16:44:09.561642+00:00'
[2025-07-14T16:44:56.671+0000] {taskinstance.py:430} INFO - ::endgroup::
[2025-07-14T16:44:56.689+0000] {warnings.py:112} WARNING - /opt/***/dags/save_data_to_postgre.py:32: FutureWarning: Passing literal json to 'read_json' is deprecated and will be removed in a future version. To read from a literal string, wrap it in a 'StringIO' object.
  df = pd.read_json(processed_data['data'], orient='split')

[2025-07-14T16:44:56.895+0000] {logging_mixin.py:188} INFO - Memastikan skema 'api_bps_kependudukan_migrasi' ada...
[2025-07-14T16:44:56.989+0000] {logging_mixin.py:188} INFO - Menyimpan data ke api_bps_kependudukan_migrasi.jmlh_prcrn_mnrt_prvns_dn_fktr_pnybb_prcrn_prkr_2024...
[2025-07-14T16:44:57.787+0000] {logging_mixin.py:188} INFO - ✅ Data berhasil disimpan ke api_bps_kependudukan_migrasi.jmlh_prcrn_mnrt_prvns_dn_fktr_pnybb_prcrn_prkr_2024
[2025-07-14T16:44:57.790+0000] {python.py:237} INFO - Done. Returned value was: None
[2025-07-14T16:44:57.795+0000] {taskinstance.py:441} INFO - ::group::Post task execution logs
[2025-07-14T16:44:57.841+0000] {taskinstance.py:1206} INFO - Marking task as SUCCESS. dag_id=bps_simdasi_pipeline_direct_db, task_id=save_data_task, run_id=manual__2025-07-14T16:44:09.561642+00:00, map_index=2, execution_date=20250714T164409, start_date=20250714T164455, end_date=20250714T164457
[2025-07-14T16:44:57.973+0000] {local_task_job_runner.py:240} INFO - Task exited with return code 0
[2025-07-14T16:44:58.053+0000] {taskinstance.py:3503} INFO - 0 downstream tasks scheduled from follow-on schedule check
[2025-07-14T16:44:58.062+0000] {local_task_job_runner.py:222} INFO - ::endgroup::
