[2025-07-29T05:33:49.595+0000] {local_task_job_runner.py:120} INFO - ::group::Pre task execution logs
[2025-07-29T05:33:49.765+0000] {taskinstance.py:2076} INFO - Dependencies all met for dep_context=non-requeueable deps ti=<TaskInstance: bps_simdasi_pipeline.process_simdasi_apis.process_api_5 manual__2025-07-23T15:54:10.461716+00:00 [queued]>
[2025-07-29T05:33:49.814+0000] {taskinstance.py:2076} INFO - Dependencies all met for dep_context=requeueable deps ti=<TaskInstance: bps_simdasi_pipeline.process_simdasi_apis.process_api_5 manual__2025-07-23T15:54:10.461716+00:00 [queued]>
[2025-07-29T05:33:49.821+0000] {taskinstance.py:2306} INFO - Starting attempt 1 of 2
[2025-07-29T05:33:49.916+0000] {taskinstance.py:2330} INFO - Executing <Task(PythonOperator): process_simdasi_apis.process_api_5> on 2025-07-23 15:54:10.461716+00:00
[2025-07-29T05:33:49.977+0000] {warnings.py:112} WARNING - /home/***/.local/lib/python3.12/site-packages/***/task/task_runner/standard_task_runner.py:61: DeprecationWarning: This process (pid=97) is multi-threaded, use of fork() may lead to deadlocks in the child.
  pid = os.fork()

[2025-07-29T05:33:49.991+0000] {standard_task_runner.py:63} INFO - Started process 107 to run task
[2025-07-29T05:33:49.993+0000] {standard_task_runner.py:90} INFO - Running: ['***', 'tasks', 'run', 'bps_simdasi_pipeline', 'process_simdasi_apis.process_api_5', 'manual__2025-07-23T15:54:10.461716+00:00', '--job-id', '246', '--raw', '--subdir', 'DAGS_FOLDER/bps_simdasi_pipeline.py', '--cfg-path', '/tmp/tmp1ekizrfb']
[2025-07-29T05:33:49.998+0000] {standard_task_runner.py:91} INFO - Job 246: Subtask process_simdasi_apis.process_api_5
[2025-07-29T05:33:51.521+0000] {task_command.py:426} INFO - Running <TaskInstance: bps_simdasi_pipeline.process_simdasi_apis.process_api_5 manual__2025-07-23T15:54:10.461716+00:00 [running]> on host be615b49433c
[2025-07-29T05:33:52.079+0000] {taskinstance.py:2648} INFO - Exporting env vars: AIRFLOW_CTX_DAG_OWNER='***' AIRFLOW_CTX_DAG_ID='bps_simdasi_pipeline' AIRFLOW_CTX_TASK_ID='process_simdasi_apis.process_api_5' AIRFLOW_CTX_EXECUTION_DATE='2025-07-23T15:54:10.461716+00:00' AIRFLOW_CTX_TRY_NUMBER='1' AIRFLOW_CTX_DAG_RUN_ID='manual__2025-07-23T15:54:10.461716+00:00'
[2025-07-29T05:33:52.082+0000] {taskinstance.py:430} INFO - ::endgroup::
[2025-07-29T05:33:52.086+0000] {logging_mixin.py:188} INFO - ðŸ” Processing URL: https://webapi.bps.go.id/v1/api/interoperabilitas/datasource/simdasi/id/25/tahun/2024/id_tabel/MU90V01YZ0RxenhmbFdsU21iUHh2Zz09/wilayah/0000000/key/79452e4c302f8921ad36cd2bf55f0630/
[2025-07-29T05:33:52.089+0000] {logging_mixin.py:188} INFO - 
ðŸ”„ Mencoba mengambil daftar tahun yang tersedia secara otomatis...
[2025-07-29T05:33:55.023+0000] {logging_mixin.py:188} INFO - âœ… Tahun yang tersedia ditemukan: [2016, 2017, 2019, 2020, 2021, 2022, 2023, 2024]
[2025-07-29T05:33:55.044+0000] {logging_mixin.py:188} INFO - 
--- Memulai Loop Pengambilan Data SIMDASI ---
[2025-07-29T05:33:55.068+0000] {logging_mixin.py:188} INFO - ðŸ”„ Mengambil tahun 2016...
[2025-07-29T05:33:56.350+0000] {logging_mixin.py:188} INFO - 
âœ… Metadata awal ditangkap dari tahun 2016:
[2025-07-29T05:33:56.352+0000] {logging_mixin.py:188} INFO -    -> Nama Skema: api_bps_pendidikan
[2025-07-29T05:33:56.354+0000] {logging_mixin.py:188} INFO -    -> Nama Kolom Label: provinsi
[2025-07-29T05:33:56.355+0000] {logging_mixin.py:188} INFO -    -> ID Kategori (mms_id): 521
[2025-07-29T05:33:56.359+0000] {logging_mixin.py:188} INFO - -> Berhasil memproses data untuk tahun 2016.
[2025-07-29T05:33:56.360+0000] {logging_mixin.py:188} INFO - ðŸ”„ Mengambil tahun 2017...
[2025-07-29T05:33:57.260+0000] {logging_mixin.py:188} INFO - -> Berhasil memproses data untuk tahun 2017.
[2025-07-29T05:33:57.262+0000] {logging_mixin.py:188} INFO - ðŸ”„ Mengambil tahun 2019...
[2025-07-29T05:33:59.276+0000] {logging_mixin.py:188} INFO - -> Berhasil memproses data untuk tahun 2019.
[2025-07-29T05:33:59.294+0000] {logging_mixin.py:188} INFO - ðŸ”„ Mengambil tahun 2020...
[2025-07-29T05:34:18.959+0000] {logging_mixin.py:188} INFO - -> Berhasil memproses data untuk tahun 2020.
[2025-07-29T05:34:18.964+0000] {logging_mixin.py:188} INFO - ðŸ”„ Mengambil tahun 2021...
[2025-07-29T05:34:21.313+0000] {logging_mixin.py:188} INFO - -> Berhasil memproses data untuk tahun 2021.
[2025-07-29T05:34:21.317+0000] {logging_mixin.py:188} INFO - ðŸ”„ Mengambil tahun 2022...
[2025-07-29T05:34:22.297+0000] {logging_mixin.py:188} INFO - -> Berhasil memproses data untuk tahun 2022.
[2025-07-29T05:34:22.298+0000] {logging_mixin.py:188} INFO - ðŸ”„ Mengambil tahun 2023...
[2025-07-29T05:34:23.113+0000] {logging_mixin.py:188} INFO - -> Berhasil memproses data untuk tahun 2023.
[2025-07-29T05:34:23.114+0000] {logging_mixin.py:188} INFO - ðŸ”„ Mengambil tahun 2024...
[2025-07-29T05:34:23.906+0000] {logging_mixin.py:188} INFO - -> Berhasil memproses data untuk tahun 2024.
[2025-07-29T05:34:23.907+0000] {logging_mixin.py:188} INFO - 
âœ… Nama tabel final diatur ke: 'jmlh_sklh_gr_dn_mrd_sklh_mnngh_kjrn_smk_d_bwh_kmntrn_pnddkn_kbd'
[2025-07-29T05:34:23.999+0000] {logging_mixin.py:188} INFO - âœ… Data berhasil ditranspose menjadi format long (jumlah baris: 2592).
[2025-07-29T05:34:24.010+0000] {taskinstance.py:441} INFO - ::group::Post task execution logs
[2025-07-29T05:34:24.013+0000] {taskinstance.py:2905} ERROR - Task failed with exception
Traceback (most recent call last):
  File "/home/airflow/.local/lib/python3.12/site-packages/airflow/models/taskinstance.py", line 465, in _execute_task
    result = _execute_callable(context=context, **execute_callable_kwargs)
             ^^^^^^^^^^^^^^^^^^^^^^^^^^^^^^^^^^^^^^^^^^^^^^^^^^^^^^^^^^^^^
  File "/home/airflow/.local/lib/python3.12/site-packages/airflow/models/taskinstance.py", line 432, in _execute_callable
    return execute_callable(context=context, **execute_callable_kwargs)
           ^^^^^^^^^^^^^^^^^^^^^^^^^^^^^^^^^^^^^^^^^^^^^^^^^^^^^^^^^^^^
  File "/home/airflow/.local/lib/python3.12/site-packages/airflow/models/baseoperator.py", line 401, in wrapper
    return func(self, *args, **kwargs)
           ^^^^^^^^^^^^^^^^^^^^^^^^^^^
  File "/home/airflow/.local/lib/python3.12/site-packages/airflow/operators/python.py", line 235, in execute
    return_value = self.execute_callable()
                   ^^^^^^^^^^^^^^^^^^^^^^^
  File "/home/airflow/.local/lib/python3.12/site-packages/airflow/operators/python.py", line 252, in execute_callable
    return self.python_callable(*self.op_args, **self.op_kwargs)
           ^^^^^^^^^^^^^^^^^^^^^^^^^^^^^^^^^^^^^^^^^^^^^^^^^^^^^
  File "/opt/airflow/dags/bps_simdasi_pipeline.py", line 34, in process_simdasi_url
    df, table_name = handle_simdasi_detail_table(url)
    ^^^^^^^^^^^^^^
ValueError: too many values to unpack (expected 2)
[2025-07-29T05:34:24.081+0000] {taskinstance.py:1206} INFO - Marking task as UP_FOR_RETRY. dag_id=bps_simdasi_pipeline, task_id=process_simdasi_apis.process_api_5, run_id=manual__2025-07-23T15:54:10.461716+00:00, execution_date=20250723T155410, start_date=20250729T053349, end_date=20250729T053424
[2025-07-29T05:34:24.145+0000] {standard_task_runner.py:110} ERROR - Failed to execute job 246 for task process_simdasi_apis.process_api_5 (too many values to unpack (expected 2); 107)
[2025-07-29T05:34:24.240+0000] {local_task_job_runner.py:240} INFO - Task exited with return code 1
[2025-07-29T05:34:24.309+0000] {taskinstance.py:3503} INFO - 0 downstream tasks scheduled from follow-on schedule check
[2025-07-29T05:34:24.314+0000] {local_task_job_runner.py:222} INFO - ::endgroup::
