[2025-07-17T15:23:49.517+0000] {local_task_job_runner.py:120} INFO - ::group::Pre task execution logs
[2025-07-17T15:23:49.834+0000] {taskinstance.py:2076} INFO - Dependencies all met for dep_context=non-requeueable deps ti=<TaskInstance: bps_simdasi_pipeline.process_simdasi_apis.process_api_8 manual__2025-07-17T15:22:43.606411+00:00 [queued]>
[2025-07-17T15:23:49.929+0000] {taskinstance.py:2076} INFO - Dependencies all met for dep_context=requeueable deps ti=<TaskInstance: bps_simdasi_pipeline.process_simdasi_apis.process_api_8 manual__2025-07-17T15:22:43.606411+00:00 [queued]>
[2025-07-17T15:23:49.934+0000] {taskinstance.py:2306} INFO - Starting attempt 1 of 2
[2025-07-17T15:23:50.005+0000] {taskinstance.py:2330} INFO - Executing <Task(PythonOperator): process_simdasi_apis.process_api_8> on 2025-07-17 15:22:43.606411+00:00
[2025-07-17T15:23:50.103+0000] {warnings.py:112} WARNING - /home/***/.local/lib/python3.12/site-packages/***/task/task_runner/standard_task_runner.py:61: DeprecationWarning: This process (pid=844) is multi-threaded, use of fork() may lead to deadlocks in the child.
  pid = os.fork()

[2025-07-17T15:23:50.126+0000] {standard_task_runner.py:63} INFO - Started process 873 to run task
[2025-07-17T15:23:50.123+0000] {standard_task_runner.py:90} INFO - Running: ['***', 'tasks', 'run', 'bps_simdasi_pipeline', 'process_simdasi_apis.process_api_8', 'manual__2025-07-17T15:22:43.606411+00:00', '--job-id', '193', '--raw', '--subdir', 'DAGS_FOLDER/bps_simdasi_pipeline.py', '--cfg-path', '/tmp/tmp1h2nrjul']
[2025-07-17T15:23:50.138+0000] {standard_task_runner.py:91} INFO - Job 193: Subtask process_simdasi_apis.process_api_8
[2025-07-17T15:23:51.199+0000] {task_command.py:426} INFO - Running <TaskInstance: bps_simdasi_pipeline.process_simdasi_apis.process_api_8 manual__2025-07-17T15:22:43.606411+00:00 [running]> on host be615b49433c
[2025-07-17T15:23:56.572+0000] {taskinstance.py:2648} INFO - Exporting env vars: AIRFLOW_CTX_DAG_OWNER='***' AIRFLOW_CTX_DAG_ID='bps_simdasi_pipeline' AIRFLOW_CTX_TASK_ID='process_simdasi_apis.process_api_8' AIRFLOW_CTX_EXECUTION_DATE='2025-07-17T15:22:43.606411+00:00' AIRFLOW_CTX_TRY_NUMBER='1' AIRFLOW_CTX_DAG_RUN_ID='manual__2025-07-17T15:22:43.606411+00:00'
[2025-07-17T15:23:56.601+0000] {taskinstance.py:430} INFO - ::endgroup::
[2025-07-17T15:23:56.609+0000] {logging_mixin.py:188} INFO - Processing URL: https://webapi.bps.go.id/v1/api/interoperabilitas/datasource/simdasi/id/25/tahun/2023/id_tabel/WnFhSGhLZ2xHNmlZdkRRYzRsaG5Hdz09/wilayah/3500000/key/79452e4c302f8921ad36cd2bf55f0630
[2025-07-17T15:23:56.614+0000] {logging_mixin.py:188} INFO - 
🔄 Mencoba mengambil daftar tahun yang tersedia secara otomatis...
[2025-07-17T15:23:58.616+0000] {logging_mixin.py:188} INFO - ✅ Tahun yang tersedia ditemukan: [2012, 2013, 2014, 2015, 2016, 2017, 2018, 2019, 2020, 2021, 2022, 2023]
[2025-07-17T15:23:58.689+0000] {logging_mixin.py:188} INFO - 
--- Memulai Loop Pengambilan Data SIMDASI ---
[2025-07-17T15:23:58.850+0000] {logging_mixin.py:188} INFO - 🔄 Mengambil tahun 2012...
[2025-07-17T15:24:00.703+0000] {logging_mixin.py:188} INFO - 
✅ Metadata awal ditangkap dari tahun 2012:
[2025-07-17T15:24:00.707+0000] {logging_mixin.py:188} INFO -    -> Nama Skema: api_bps_kondisi_tempat_tinggal
[2025-07-17T15:24:00.719+0000] {logging_mixin.py:188} INFO -    -> Nama Kolom Label: kabupatenkota
[2025-07-17T15:24:00.721+0000] {logging_mixin.py:188} INFO -    -> ID Kategori (mms_id): 563
[2025-07-17T15:24:00.723+0000] {logging_mixin.py:188} INFO - -> Berhasil memproses data untuk tahun 2012.
[2025-07-17T15:24:00.735+0000] {logging_mixin.py:188} INFO - 🔄 Mengambil tahun 2013...
[2025-07-17T15:24:01.794+0000] {logging_mixin.py:188} INFO - -> Berhasil memproses data untuk tahun 2013.
[2025-07-17T15:24:01.807+0000] {logging_mixin.py:188} INFO - 🔄 Mengambil tahun 2014...
[2025-07-17T15:24:03.174+0000] {logging_mixin.py:188} INFO - -> Berhasil memproses data untuk tahun 2014.
[2025-07-17T15:24:03.183+0000] {logging_mixin.py:188} INFO - 🔄 Mengambil tahun 2015...
[2025-07-17T15:24:05.269+0000] {logging_mixin.py:188} INFO - -> Berhasil memproses data untuk tahun 2015.
[2025-07-17T15:24:05.279+0000] {logging_mixin.py:188} INFO - 🔄 Mengambil tahun 2016...
[2025-07-17T15:24:06.536+0000] {logging_mixin.py:188} INFO - -> Berhasil memproses data untuk tahun 2016.
[2025-07-17T15:24:06.553+0000] {logging_mixin.py:188} INFO - 🔄 Mengambil tahun 2017...
[2025-07-17T15:24:09.001+0000] {logging_mixin.py:188} INFO - -> Berhasil memproses data untuk tahun 2017.
[2025-07-17T15:24:09.003+0000] {logging_mixin.py:188} INFO - 🔄 Mengambil tahun 2018...
[2025-07-17T15:24:10.768+0000] {logging_mixin.py:188} INFO - -> Berhasil memproses data untuk tahun 2018.
[2025-07-17T15:24:10.814+0000] {logging_mixin.py:188} INFO - 🔄 Mengambil tahun 2019...
[2025-07-17T15:24:13.519+0000] {logging_mixin.py:188} INFO - -> Berhasil memproses data untuk tahun 2019.
[2025-07-17T15:24:13.539+0000] {logging_mixin.py:188} INFO - 🔄 Mengambil tahun 2020...
[2025-07-17T15:24:15.028+0000] {logging_mixin.py:188} INFO - -> Berhasil memproses data untuk tahun 2020.
[2025-07-17T15:24:15.134+0000] {logging_mixin.py:188} INFO - 🔄 Mengambil tahun 2021...
[2025-07-17T15:24:17.646+0000] {logging_mixin.py:188} INFO - -> Berhasil memproses data untuk tahun 2021.
[2025-07-17T15:24:17.654+0000] {logging_mixin.py:188} INFO - 🔄 Mengambil tahun 2022...
[2025-07-17T15:24:18.847+0000] {logging_mixin.py:188} INFO - -> Berhasil memproses data untuk tahun 2022.
[2025-07-17T15:24:18.852+0000] {logging_mixin.py:188} INFO - 🔄 Mengambil tahun 2023...
[2025-07-17T15:24:20.256+0000] {logging_mixin.py:188} INFO - -> Berhasil memproses data untuk tahun 2023.
[2025-07-17T15:24:24.887+0000] {logging_mixin.py:188} INFO - ✅ Data saved to api_bps_kondisi_tempat_tinggal.ndks_pmbngnn_mns_mnrt_kbptnkt_d_prvns_jw_tmr_2023
[2025-07-17T15:24:24.895+0000] {python.py:237} INFO - Done. Returned value was: None
[2025-07-17T15:24:25.064+0000] {taskinstance.py:441} INFO - ::group::Post task execution logs
[2025-07-17T15:24:25.320+0000] {taskinstance.py:1206} INFO - Marking task as SUCCESS. dag_id=bps_simdasi_pipeline, task_id=process_simdasi_apis.process_api_8, run_id=manual__2025-07-17T15:22:43.606411+00:00, execution_date=20250717T152243, start_date=20250717T152349, end_date=20250717T152425
[2025-07-17T15:24:25.533+0000] {local_task_job_runner.py:240} INFO - Task exited with return code 0
[2025-07-17T15:24:25.712+0000] {taskinstance.py:3503} INFO - 0 downstream tasks scheduled from follow-on schedule check
[2025-07-17T15:24:25.722+0000] {local_task_job_runner.py:222} INFO - ::endgroup::
