[2025-07-21T16:59:32.436+0000] {local_task_job_runner.py:120} INFO - ::group::Pre task execution logs
[2025-07-21T16:59:32.483+0000] {taskinstance.py:2076} INFO - Dependencies all met for dep_context=non-requeueable deps ti=<TaskInstance: bps_simdasi_pipeline.process_simdasi_apis.process_api_25 manual__2025-07-21T16:51:36.203962+00:00 [queued]>
[2025-07-21T16:59:32.503+0000] {taskinstance.py:2076} INFO - Dependencies all met for dep_context=requeueable deps ti=<TaskInstance: bps_simdasi_pipeline.process_simdasi_apis.process_api_25 manual__2025-07-21T16:51:36.203962+00:00 [queued]>
[2025-07-21T16:59:32.505+0000] {taskinstance.py:2306} INFO - Starting attempt 1 of 2
[2025-07-21T16:59:32.539+0000] {taskinstance.py:2330} INFO - Executing <Task(PythonOperator): process_simdasi_apis.process_api_25> on 2025-07-21 16:51:36.203962+00:00
[2025-07-21T16:59:32.560+0000] {warnings.py:112} WARNING - /home/***/.local/lib/python3.12/site-packages/***/task/task_runner/standard_task_runner.py:61: DeprecationWarning: This process (pid=427) is multi-threaded, use of fork() may lead to deadlocks in the child.
  pid = os.fork()

[2025-07-21T16:59:32.563+0000] {standard_task_runner.py:63} INFO - Started process 429 to run task
[2025-07-21T16:59:32.565+0000] {standard_task_runner.py:90} INFO - Running: ['***', 'tasks', 'run', 'bps_simdasi_pipeline', 'process_simdasi_apis.process_api_25', 'manual__2025-07-21T16:51:36.203962+00:00', '--job-id', '228', '--raw', '--subdir', 'DAGS_FOLDER/bps_simdasi_pipeline.py', '--cfg-path', '/tmp/tmpu9iyz60g']
[2025-07-21T16:59:32.569+0000] {standard_task_runner.py:91} INFO - Job 228: Subtask process_simdasi_apis.process_api_25
[2025-07-21T16:59:32.706+0000] {task_command.py:426} INFO - Running <TaskInstance: bps_simdasi_pipeline.process_simdasi_apis.process_api_25 manual__2025-07-21T16:51:36.203962+00:00 [running]> on host be615b49433c
[2025-07-21T16:59:32.924+0000] {taskinstance.py:2648} INFO - Exporting env vars: AIRFLOW_CTX_DAG_OWNER='***' AIRFLOW_CTX_DAG_ID='bps_simdasi_pipeline' AIRFLOW_CTX_TASK_ID='process_simdasi_apis.process_api_25' AIRFLOW_CTX_EXECUTION_DATE='2025-07-21T16:51:36.203962+00:00' AIRFLOW_CTX_TRY_NUMBER='1' AIRFLOW_CTX_DAG_RUN_ID='manual__2025-07-21T16:51:36.203962+00:00'
[2025-07-21T16:59:32.927+0000] {taskinstance.py:430} INFO - ::endgroup::
[2025-07-21T16:59:32.928+0000] {logging_mixin.py:188} INFO - ðŸ” Processing URL: https://webapi.bps.go.id/v1/api/interoperabilitas/datasource/simdasi/id/25/tahun/2020/id_tabel/elJzMTFDZWI0bS9OcGptMVFWNEdhdz09/wilayah/0000000/key/79452e4c302f8921ad36cd2bf55f0630/
[2025-07-21T16:59:32.929+0000] {logging_mixin.py:188} INFO - 
ðŸ”„ Mencoba mengambil daftar tahun yang tersedia secara otomatis...
[2025-07-21T16:59:35.659+0000] {logging_mixin.py:188} INFO - âœ… Tahun yang tersedia ditemukan: [2017, 2018, 2019, 2020]
[2025-07-21T16:59:35.662+0000] {logging_mixin.py:188} INFO - 
--- Memulai Loop Pengambilan Data SIMDASI ---
[2025-07-21T16:59:35.664+0000] {logging_mixin.py:188} INFO - ðŸ”„ Mengambil tahun 2017...
[2025-07-21T16:59:36.438+0000] {logging_mixin.py:188} INFO - 
âœ… Metadata awal ditangkap dari tahun 2017:
[2025-07-21T16:59:36.440+0000] {logging_mixin.py:188} INFO -    -> Nama Skema: api_bps_hortikultura_khutanan_perikanan
[2025-07-21T16:59:36.441+0000] {logging_mixin.py:188} INFO -    -> Nama Kolom Label: provinsi
[2025-07-21T16:59:36.443+0000] {logging_mixin.py:188} INFO -    -> ID Kategori (mms_id): 557
[2025-07-21T16:59:36.445+0000] {logging_mixin.py:188} INFO - -> Berhasil memproses data untuk tahun 2017.
[2025-07-21T16:59:36.446+0000] {logging_mixin.py:188} INFO - ðŸ”„ Mengambil tahun 2018...
[2025-07-21T16:59:37.425+0000] {logging_mixin.py:188} INFO - -> Berhasil memproses data untuk tahun 2018.
[2025-07-21T16:59:37.426+0000] {logging_mixin.py:188} INFO - ðŸ”„ Mengambil tahun 2019...
[2025-07-21T16:59:38.088+0000] {logging_mixin.py:188} INFO - -> Berhasil memproses data untuk tahun 2019.
[2025-07-21T16:59:38.091+0000] {logging_mixin.py:188} INFO - ðŸ”„ Mengambil tahun 2020...
[2025-07-21T16:59:38.676+0000] {logging_mixin.py:188} INFO - -> Berhasil memproses data untuk tahun 2020.
[2025-07-21T16:59:40.080+0000] {logging_mixin.py:188} INFO - âœ… Data saved to api_bps_hortikultura_khutanan_perikanan.prdks_prkbnn_mnrt_jns_tnmn_mnrt_prvns_rb_tn_2020
[2025-07-21T16:59:40.083+0000] {python.py:237} INFO - Done. Returned value was: None
[2025-07-21T16:59:40.088+0000] {taskinstance.py:441} INFO - ::group::Post task execution logs
[2025-07-21T16:59:40.119+0000] {taskinstance.py:1206} INFO - Marking task as SUCCESS. dag_id=bps_simdasi_pipeline, task_id=process_simdasi_apis.process_api_25, run_id=manual__2025-07-21T16:51:36.203962+00:00, execution_date=20250721T165136, start_date=20250721T165932, end_date=20250721T165940
[2025-07-21T16:59:40.217+0000] {local_task_job_runner.py:240} INFO - Task exited with return code 0
[2025-07-21T16:59:40.276+0000] {taskinstance.py:3503} INFO - 1 downstream tasks scheduled from follow-on schedule check
[2025-07-21T16:59:40.280+0000] {local_task_job_runner.py:222} INFO - ::endgroup::
