[2025-07-14T15:11:20.763+0000] {local_task_job_runner.py:120} INFO - ::group::Pre task execution logs
[2025-07-14T15:11:20.930+0000] {taskinstance.py:2076} INFO - Dependencies all met for dep_context=non-requeueable deps ti=<TaskInstance: bps_simdasi_pipeline_direct_db.get_data_task manual__2025-07-14T15:10:56.753779+00:00 map_index=1 [queued]>
[2025-07-14T15:11:21.008+0000] {taskinstance.py:2076} INFO - Dependencies all met for dep_context=requeueable deps ti=<TaskInstance: bps_simdasi_pipeline_direct_db.get_data_task manual__2025-07-14T15:10:56.753779+00:00 map_index=1 [queued]>
[2025-07-14T15:11:21.019+0000] {taskinstance.py:2306} INFO - Starting attempt 1 of 1
[2025-07-14T15:11:21.154+0000] {taskinstance.py:2330} INFO - Executing <Mapped(_PythonDecoratedOperator): get_data_task> on 2025-07-14 15:10:56.753779+00:00
[2025-07-14T15:11:21.244+0000] {standard_task_runner.py:90} INFO - Running: ['***', 'tasks', 'run', 'bps_simdasi_pipeline_direct_db', 'get_data_task', 'manual__2025-07-14T15:10:56.753779+00:00', '--job-id', '78', '--raw', '--subdir', 'DAGS_FOLDER/script/dag_simdasi.py', '--cfg-path', '/tmp/tmpi4ewc9wd', '--map-index', '1']
[2025-07-14T15:11:21.250+0000] {standard_task_runner.py:91} INFO - Job 78: Subtask get_data_task
[2025-07-14T15:11:21.240+0000] {warnings.py:112} WARNING - /home/***/.local/lib/python3.12/site-packages/***/task/task_runner/standard_task_runner.py:61: DeprecationWarning: This process (pid=184) is multi-threaded, use of fork() may lead to deadlocks in the child.
  pid = os.fork()

[2025-07-14T15:11:21.264+0000] {standard_task_runner.py:63} INFO - Started process 188 to run task
[2025-07-14T15:11:21.571+0000] {task_command.py:426} INFO - Running <TaskInstance: bps_simdasi_pipeline_direct_db.get_data_task manual__2025-07-14T15:10:56.753779+00:00 map_index=1 [running]> on host be615b49433c
[2025-07-14T15:11:22.313+0000] {taskinstance.py:2648} INFO - Exporting env vars: AIRFLOW_CTX_DAG_OWNER='***' AIRFLOW_CTX_DAG_ID='bps_simdasi_pipeline_direct_db' AIRFLOW_CTX_TASK_ID='get_data_task' AIRFLOW_CTX_EXECUTION_DATE='2025-07-14T15:10:56.753779+00:00' AIRFLOW_CTX_TRY_NUMBER='1' AIRFLOW_CTX_DAG_RUN_ID='manual__2025-07-14T15:10:56.753779+00:00'
[2025-07-14T15:11:22.331+0000] {taskinstance.py:430} INFO - ::endgroup::
[2025-07-14T15:11:22.352+0000] {logging_mixin.py:188} INFO - Memproses URL: https://webapi.bps.go.id/v1/api/interoperabilitas/datasource/simdasi/id/26/key/79452e4c302f8921ad36cd2bf55f0630/
[2025-07-14T15:11:24.021+0000] {python.py:237} INFO - Done. Returned value was: {"table_name": "api_bps_simdasi_master.smds_lst_26", "data": "{\"columns\":[\"id\",\"id_kategori\",\"kode\",\"nama\",\"satuan_lingkungan\",\"satuan_lingkungan_en\"],\"index\":[0,1,2,3,4,5,6,7,8,9,10,11,12,13,14,15,16,17,18,19,20,21,22,23,24,25,26,27,28,29,30,31,32,33,34,35,36,37,38],\"data\":[[1,0,\"1100000\",\"Aceh\",\"Provinsi\",\"Province\"],[2,0,\"1200000\",\"Sumatera Utara\",\"Provinsi\",\"Province\"],[3,0,\"1300000\",\"Sumatera Barat\",\"Provinsi\",\"Province\"],[4,0,\"1400000\",\"Riau\",\"Provinsi\",\"Province\"],[5,0,\"1500000\",\"Jambi\",\"Provinsi\",\"Province\"],[6,0,\"1600000\",\"Sumatera Selatan\",\"Provinsi\",\"Province\"],[7,0,\"1700000\",\"Bengkulu\",\"Provinsi\",\"Province\"],[8,0,\"1800000\",\"Lampung\",\"Provinsi\",\"Province\"],[9,0,\"1900000\",\"Kepulauan Bangka Belitung\",\"Provinsi\",\"Province\"],[10,0,\"2100000\",\"Kepulauan Riau\",\"Provinsi\",\"Province\"],[11,0,\"3100000\",\"DKI Jakarta\",\"Provinsi\",\"Province\"],[12,0,\"3200000\",\"Jawa Barat\",\"Provinsi\",\"Province\"],[13,0,\"3300000\",\"Jawa Tengah\",\"Provinsi\",\"Province\"],[14,0,\"3400000\",\"DI Yogyakarta\",\"Provinsi\",\"Province\"],[15,0,\"3500000\",\"Jawa Timur\",\"Provinsi\",\"Province\"],[16,0,\"3600000\",\"Banten\",\"Provinsi\",\"Province\"],[17,0,\"5100000\",\"Bali\",\"Provinsi\",\"Province\"],[18,0,\"5200000\",\"Nusa Tenggara Barat\",\"Provinsi\",\"Province\"],[19,0,\"5300000\",\"Nusa Tenggara Timur\",\"Provinsi\",\"Province\"],[20,0,\"6100000\",\"Kalimantan Barat\",\"Provinsi\",\"Province\"],[21,0,\"6200000\",\"Kalimantan Tengah\",\"Provinsi\",\"Province\"],[22,0,\"6300000\",\"Kalimantan Selatan\",\"Provinsi\",\"Province\"],[23,0,\"6400000\",\"Kalimantan Timur\",\"Provinsi\",\"Province\"],[24,0,\"6500000\",\"Kalimantan Utara\",\"Provinsi\",\"Province\"],[25,0,\"7100000\",\"Sulawesi Utara\",\"Provinsi\",\"Province\"],[26,0,\"7200000\",\"Sulawesi Tengah\",\"Provinsi\",\"Province\"],[27,0,\"7300000\",\"Sulawesi Selatan\",\"Provinsi\",\"Province\"],[28,0,\"7400000\",\"Sulawesi Tenggara\",\"Provinsi\",\"Province\"],[29,0,\"7500000\",\"Gorontalo\",\"Provinsi\",\"Province\"],[30,0,\"7600000\",\"Sulawesi Barat\",\"Provinsi\",\"Province\"],[31,0,\"8100000\",\"Maluku\",\"Provinsi\",\"Province\"],[32,0,\"8200000\",\"Maluku Utara\",\"Provinsi\",\"Province\"],[33,0,\"9100000\",\"Papua Barat\",\"Provinsi\",\"Province\"],[34,0,\"9200000\",\"Papua Barat Daya\",\"Provinsi\",\"Province\"],[35,0,\"9400000\",\"Papua\",\"Provinsi\",\"Province\"],[36,0,\"9500000\",\"Papua Selatan\",\"Provinsi\",\"Province\"],[37,0,\"9600000\",\"Papua Tengah\",\"Provinsi\",\"Province\"],[38,0,\"9700000\",\"Papua Pegunungan\",\"Provinsi\",\"Province\"],[39,0,\"0000000\",\"Indonesia\",\"Negara\",0]]}"}
[2025-07-14T15:11:24.025+0000] {taskinstance.py:441} INFO - ::group::Post task execution logs
[2025-07-14T15:11:24.105+0000] {taskinstance.py:1206} INFO - Marking task as SUCCESS. dag_id=bps_simdasi_pipeline_direct_db, task_id=get_data_task, run_id=manual__2025-07-14T15:10:56.753779+00:00, map_index=1, execution_date=20250714T151056, start_date=20250714T151120, end_date=20250714T151124
[2025-07-14T15:11:24.199+0000] {local_task_job_runner.py:240} INFO - Task exited with return code 0
[2025-07-14T15:11:24.330+0000] {taskinstance.py:3503} INFO - 0 downstream tasks scheduled from follow-on schedule check
[2025-07-14T15:11:24.341+0000] {local_task_job_runner.py:222} INFO - ::endgroup::
