[2025-07-18T06:58:15.183+0000] {processor.py:161} INFO - Started process (PID=84) to work on /opt/airflow/dags/bps_simdasi_pipeline.py
[2025-07-18T06:58:15.206+0000] {processor.py:830} INFO - Processing file /opt/airflow/dags/bps_simdasi_pipeline.py for tasks to queue
[2025-07-18T06:58:15.265+0000] {logging_mixin.py:188} INFO - [2025-07-18T06:58:15.251+0000] {dagbag.py:545} INFO - Filling up the DagBag from /opt/airflow/dags/bps_simdasi_pipeline.py
[2025-07-18T06:58:24.017+0000] {processor.py:840} INFO - DAG(s) 'bps_simdasi_pipeline' retrieved from /opt/airflow/dags/bps_simdasi_pipeline.py
[2025-07-18T06:58:28.491+0000] {logging_mixin.py:188} INFO - [2025-07-18T06:58:28.489+0000] {dag.py:3096} INFO - Sync 1 DAGs
[2025-07-18T06:58:28.853+0000] {logging_mixin.py:188} INFO - [2025-07-18T06:58:28.853+0000] {dag.py:3954} INFO - Setting next_dagrun for bps_simdasi_pipeline to 2025-07-01 00:00:00+00:00, run_after=2025-08-01 00:00:00+00:00
[2025-07-18T06:58:28.985+0000] {processor.py:183} INFO - Processing /opt/airflow/dags/bps_simdasi_pipeline.py took 13.892 seconds
[2025-07-18T06:59:34.057+0000] {processor.py:161} INFO - Started process (PID=152) to work on /opt/airflow/dags/bps_simdasi_pipeline.py
[2025-07-18T06:59:34.084+0000] {processor.py:830} INFO - Processing file /opt/airflow/dags/bps_simdasi_pipeline.py for tasks to queue
[2025-07-18T06:59:34.168+0000] {logging_mixin.py:188} INFO - [2025-07-18T06:59:34.158+0000] {dagbag.py:545} INFO - Filling up the DagBag from /opt/airflow/dags/bps_simdasi_pipeline.py
[2025-07-18T07:00:10.287+0000] {logging_mixin.py:188} INFO - [2025-07-18T07:00:10.268+0000] {timeout.py:68} ERROR - Process timed out, PID: 152
[2025-07-18T07:00:10.315+0000] {logging_mixin.py:188} WARNING - Exception ignored in: <function WeakKeyDictionary.__init__.<locals>.remove at 0x76b6fcab9e40>
[2025-07-18T07:00:10.364+0000] {logging_mixin.py:188} WARNING - Traceback (most recent call last):
[2025-07-18T07:00:10.468+0000] {logging_mixin.py:188} WARNING -   File "/usr/local/lib/python3.12/weakref.py", line 369, in remove
[2025-07-18T07:00:10.539+0000] {logging_mixin.py:188} WARNING -     def remove(k, selfref=ref(self)):
[2025-07-18T07:00:10.560+0000] {logging_mixin.py:188} WARNING -   File "/home/airflow/.local/lib/python3.12/site-packages/airflow/utils/timeout.py", line 69, in handle_timeout
[2025-07-18T07:00:10.594+0000] {logging_mixin.py:188} WARNING -     raise AirflowTaskTimeout(self.error_message)
[2025-07-18T07:00:10.615+0000] {logging_mixin.py:188} WARNING - airflow.exceptions.AirflowTaskTimeout: DagBag import timeout for /opt/airflow/dags/bps_simdasi_pipeline.py after 30.0s.
Please take a look at these docs to improve your DAG import time:
* https://airflow.apache.org/docs/apache-airflow/2.9.2/best-practices.html#top-level-python-code
* https://airflow.apache.org/docs/apache-airflow/2.9.2/best-practices.html#reducing-dag-complexity, PID: 152
[2025-07-18T07:00:14.924+0000] {processor.py:840} INFO - DAG(s) 'bps_simdasi_pipeline' retrieved from /opt/airflow/dags/bps_simdasi_pipeline.py
[2025-07-18T07:00:15.233+0000] {logging_mixin.py:188} INFO - [2025-07-18T07:00:15.232+0000] {dag.py:3096} INFO - Sync 1 DAGs
[2025-07-18T07:00:15.985+0000] {logging_mixin.py:188} INFO - [2025-07-18T07:00:15.983+0000] {dag.py:3954} INFO - Setting next_dagrun for bps_simdasi_pipeline to 2025-07-01 00:00:00+00:00, run_after=2025-08-01 00:00:00+00:00
[2025-07-18T07:00:16.445+0000] {processor.py:183} INFO - Processing /opt/airflow/dags/bps_simdasi_pipeline.py took 42.627 seconds
[2025-07-18T07:00:51.750+0000] {processor.py:161} INFO - Started process (PID=191) to work on /opt/airflow/dags/bps_simdasi_pipeline.py
[2025-07-18T07:00:51.766+0000] {processor.py:830} INFO - Processing file /opt/airflow/dags/bps_simdasi_pipeline.py for tasks to queue
[2025-07-18T07:00:51.785+0000] {logging_mixin.py:188} INFO - [2025-07-18T07:00:51.784+0000] {dagbag.py:545} INFO - Filling up the DagBag from /opt/airflow/dags/bps_simdasi_pipeline.py
[2025-07-18T07:00:57.259+0000] {processor.py:840} INFO - DAG(s) 'bps_simdasi_pipeline' retrieved from /opt/airflow/dags/bps_simdasi_pipeline.py
[2025-07-18T07:00:57.468+0000] {logging_mixin.py:188} INFO - [2025-07-18T07:00:57.467+0000] {dag.py:3096} INFO - Sync 1 DAGs
[2025-07-18T07:00:57.737+0000] {logging_mixin.py:188} INFO - [2025-07-18T07:00:57.736+0000] {dag.py:3954} INFO - Setting next_dagrun for bps_simdasi_pipeline to 2025-07-01 00:00:00+00:00, run_after=2025-08-01 00:00:00+00:00
[2025-07-18T07:00:57.951+0000] {processor.py:183} INFO - Processing /opt/airflow/dags/bps_simdasi_pipeline.py took 6.292 seconds
[2025-07-18T07:01:29.108+0000] {processor.py:161} INFO - Started process (PID=253) to work on /opt/airflow/dags/bps_simdasi_pipeline.py
[2025-07-18T07:01:29.117+0000] {processor.py:830} INFO - Processing file /opt/airflow/dags/bps_simdasi_pipeline.py for tasks to queue
[2025-07-18T07:01:29.123+0000] {logging_mixin.py:188} INFO - [2025-07-18T07:01:29.122+0000] {dagbag.py:545} INFO - Filling up the DagBag from /opt/airflow/dags/bps_simdasi_pipeline.py
[2025-07-18T07:01:33.293+0000] {processor.py:840} INFO - DAG(s) 'bps_simdasi_pipeline' retrieved from /opt/airflow/dags/bps_simdasi_pipeline.py
[2025-07-18T07:01:33.406+0000] {logging_mixin.py:188} INFO - [2025-07-18T07:01:33.404+0000] {dag.py:3096} INFO - Sync 1 DAGs
[2025-07-18T07:01:33.512+0000] {logging_mixin.py:188} INFO - [2025-07-18T07:01:33.508+0000] {dag.py:3954} INFO - Setting next_dagrun for bps_simdasi_pipeline to 2025-07-01 00:00:00+00:00, run_after=2025-08-01 00:00:00+00:00
[2025-07-18T07:01:33.603+0000] {processor.py:183} INFO - Processing /opt/airflow/dags/bps_simdasi_pipeline.py took 4.519 seconds
[2025-07-18T07:02:10.331+0000] {processor.py:161} INFO - Started process (PID=320) to work on /opt/airflow/dags/bps_simdasi_pipeline.py
[2025-07-18T07:02:10.352+0000] {processor.py:830} INFO - Processing file /opt/airflow/dags/bps_simdasi_pipeline.py for tasks to queue
[2025-07-18T07:02:10.380+0000] {logging_mixin.py:188} INFO - [2025-07-18T07:02:10.378+0000] {dagbag.py:545} INFO - Filling up the DagBag from /opt/airflow/dags/bps_simdasi_pipeline.py
[2025-07-18T07:02:15.190+0000] {processor.py:840} INFO - DAG(s) 'bps_simdasi_pipeline' retrieved from /opt/airflow/dags/bps_simdasi_pipeline.py
[2025-07-18T07:02:15.388+0000] {logging_mixin.py:188} INFO - [2025-07-18T07:02:15.379+0000] {dag.py:3096} INFO - Sync 1 DAGs
[2025-07-18T07:02:15.642+0000] {logging_mixin.py:188} INFO - [2025-07-18T07:02:15.641+0000] {dag.py:3954} INFO - Setting next_dagrun for bps_simdasi_pipeline to 2025-07-01 00:00:00+00:00, run_after=2025-08-01 00:00:00+00:00
[2025-07-18T07:02:15.982+0000] {processor.py:183} INFO - Processing /opt/airflow/dags/bps_simdasi_pipeline.py took 5.715 seconds
[2025-07-18T07:02:46.766+0000] {processor.py:161} INFO - Started process (PID=383) to work on /opt/airflow/dags/bps_simdasi_pipeline.py
[2025-07-18T07:02:46.772+0000] {processor.py:830} INFO - Processing file /opt/airflow/dags/bps_simdasi_pipeline.py for tasks to queue
[2025-07-18T07:02:46.789+0000] {logging_mixin.py:188} INFO - [2025-07-18T07:02:46.787+0000] {dagbag.py:545} INFO - Filling up the DagBag from /opt/airflow/dags/bps_simdasi_pipeline.py
[2025-07-18T07:02:49.179+0000] {processor.py:840} INFO - DAG(s) 'bps_simdasi_pipeline' retrieved from /opt/airflow/dags/bps_simdasi_pipeline.py
[2025-07-18T07:02:49.237+0000] {logging_mixin.py:188} INFO - [2025-07-18T07:02:49.235+0000] {dag.py:3096} INFO - Sync 1 DAGs
[2025-07-18T07:02:49.288+0000] {logging_mixin.py:188} INFO - [2025-07-18T07:02:49.288+0000] {dag.py:3954} INFO - Setting next_dagrun for bps_simdasi_pipeline to 2025-07-01 00:00:00+00:00, run_after=2025-08-01 00:00:00+00:00
[2025-07-18T07:02:49.343+0000] {processor.py:183} INFO - Processing /opt/airflow/dags/bps_simdasi_pipeline.py took 2.609 seconds
[2025-07-18T07:03:19.605+0000] {processor.py:161} INFO - Started process (PID=445) to work on /opt/airflow/dags/bps_simdasi_pipeline.py
[2025-07-18T07:03:19.610+0000] {processor.py:830} INFO - Processing file /opt/airflow/dags/bps_simdasi_pipeline.py for tasks to queue
[2025-07-18T07:03:19.622+0000] {logging_mixin.py:188} INFO - [2025-07-18T07:03:19.620+0000] {dagbag.py:545} INFO - Filling up the DagBag from /opt/airflow/dags/bps_simdasi_pipeline.py
[2025-07-18T07:03:21.643+0000] {processor.py:840} INFO - DAG(s) 'bps_simdasi_pipeline' retrieved from /opt/airflow/dags/bps_simdasi_pipeline.py
[2025-07-18T07:03:21.709+0000] {logging_mixin.py:188} INFO - [2025-07-18T07:03:21.707+0000] {dag.py:3096} INFO - Sync 1 DAGs
[2025-07-18T07:03:21.810+0000] {logging_mixin.py:188} INFO - [2025-07-18T07:03:21.809+0000] {dag.py:3954} INFO - Setting next_dagrun for bps_simdasi_pipeline to 2025-07-01 00:00:00+00:00, run_after=2025-08-01 00:00:00+00:00
[2025-07-18T07:03:21.876+0000] {processor.py:183} INFO - Processing /opt/airflow/dags/bps_simdasi_pipeline.py took 2.296 seconds
[2025-07-18T07:03:52.252+0000] {processor.py:161} INFO - Started process (PID=510) to work on /opt/airflow/dags/bps_simdasi_pipeline.py
[2025-07-18T07:03:52.257+0000] {processor.py:830} INFO - Processing file /opt/airflow/dags/bps_simdasi_pipeline.py for tasks to queue
[2025-07-18T07:03:52.265+0000] {logging_mixin.py:188} INFO - [2025-07-18T07:03:52.264+0000] {dagbag.py:545} INFO - Filling up the DagBag from /opt/airflow/dags/bps_simdasi_pipeline.py
[2025-07-18T07:03:53.975+0000] {processor.py:840} INFO - DAG(s) 'bps_simdasi_pipeline' retrieved from /opt/airflow/dags/bps_simdasi_pipeline.py
[2025-07-18T07:03:54.034+0000] {logging_mixin.py:188} INFO - [2025-07-18T07:03:54.033+0000] {dag.py:3096} INFO - Sync 1 DAGs
[2025-07-18T07:03:54.081+0000] {logging_mixin.py:188} INFO - [2025-07-18T07:03:54.080+0000] {dag.py:3954} INFO - Setting next_dagrun for bps_simdasi_pipeline to 2025-07-01 00:00:00+00:00, run_after=2025-08-01 00:00:00+00:00
[2025-07-18T07:03:54.130+0000] {processor.py:183} INFO - Processing /opt/airflow/dags/bps_simdasi_pipeline.py took 1.904 seconds
[2025-07-18T07:04:31.602+0000] {processor.py:161} INFO - Started process (PID=561) to work on /opt/airflow/dags/bps_simdasi_pipeline.py
[2025-07-18T07:04:31.608+0000] {processor.py:830} INFO - Processing file /opt/airflow/dags/bps_simdasi_pipeline.py for tasks to queue
[2025-07-18T07:04:31.617+0000] {logging_mixin.py:188} INFO - [2025-07-18T07:04:31.615+0000] {dagbag.py:545} INFO - Filling up the DagBag from /opt/airflow/dags/bps_simdasi_pipeline.py
[2025-07-18T07:04:35.239+0000] {processor.py:840} INFO - DAG(s) 'bps_simdasi_pipeline' retrieved from /opt/airflow/dags/bps_simdasi_pipeline.py
[2025-07-18T07:04:35.331+0000] {logging_mixin.py:188} INFO - [2025-07-18T07:04:35.329+0000] {dag.py:3096} INFO - Sync 1 DAGs
[2025-07-18T07:04:35.470+0000] {logging_mixin.py:188} INFO - [2025-07-18T07:04:35.469+0000] {dag.py:3954} INFO - Setting next_dagrun for bps_simdasi_pipeline to 2025-07-01 00:00:00+00:00, run_after=2025-08-01 00:00:00+00:00
[2025-07-18T07:04:35.575+0000] {processor.py:183} INFO - Processing /opt/airflow/dags/bps_simdasi_pipeline.py took 4.013 seconds
