[2025-07-17T11:31:09.495+0000] {local_task_job_runner.py:120} INFO - ::group::Pre task execution logs
[2025-07-17T11:31:09.643+0000] {taskinstance.py:2076} INFO - Dependencies all met for dep_context=non-requeueable deps ti=<TaskInstance: bps_simdasi_pipeline.process_simdasi_apis.process_api_10 manual__2025-07-17T11:23:16.824677+00:00 [queued]>
[2025-07-17T11:31:09.687+0000] {taskinstance.py:2076} INFO - Dependencies all met for dep_context=requeueable deps ti=<TaskInstance: bps_simdasi_pipeline.process_simdasi_apis.process_api_10 manual__2025-07-17T11:23:16.824677+00:00 [queued]>
[2025-07-17T11:31:09.693+0000] {taskinstance.py:2306} INFO - Starting attempt 2 of 2
[2025-07-17T11:31:09.792+0000] {taskinstance.py:2330} INFO - Executing <Task(PythonOperator): process_simdasi_apis.process_api_10> on 2025-07-17 11:23:16.824677+00:00
[2025-07-17T11:31:09.959+0000] {warnings.py:112} WARNING - /home/***/.local/lib/python3.12/site-packages/***/task/task_runner/standard_task_runner.py:61: DeprecationWarning: This process (pid=300) is multi-threaded, use of fork() may lead to deadlocks in the child.
  pid = os.fork()

[2025-07-17T11:31:09.983+0000] {standard_task_runner.py:63} INFO - Started process 336 to run task
[2025-07-17T11:31:09.980+0000] {standard_task_runner.py:90} INFO - Running: ['***', 'tasks', 'run', 'bps_simdasi_pipeline', 'process_simdasi_apis.process_api_10', 'manual__2025-07-17T11:23:16.824677+00:00', '--job-id', '132', '--raw', '--subdir', 'DAGS_FOLDER/bps_simdasi_pipeline.py.py', '--cfg-path', '/tmp/tmpuce6qcja']
[2025-07-17T11:31:09.992+0000] {standard_task_runner.py:91} INFO - Job 132: Subtask process_simdasi_apis.process_api_10
[2025-07-17T11:31:11.443+0000] {task_command.py:426} INFO - Running <TaskInstance: bps_simdasi_pipeline.process_simdasi_apis.process_api_10 manual__2025-07-17T11:23:16.824677+00:00 [running]> on host be615b49433c
[2025-07-17T11:31:13.234+0000] {taskinstance.py:2648} INFO - Exporting env vars: AIRFLOW_CTX_DAG_OWNER='***' AIRFLOW_CTX_DAG_ID='bps_simdasi_pipeline' AIRFLOW_CTX_TASK_ID='process_simdasi_apis.process_api_10' AIRFLOW_CTX_EXECUTION_DATE='2025-07-17T11:23:16.824677+00:00' AIRFLOW_CTX_TRY_NUMBER='2' AIRFLOW_CTX_DAG_RUN_ID='manual__2025-07-17T11:23:16.824677+00:00'
[2025-07-17T11:31:13.252+0000] {taskinstance.py:430} INFO - ::endgroup::
[2025-07-17T11:31:13.260+0000] {logging_mixin.py:188} INFO - Processing URL: https://webapi.bps.go.id/v1/api/interoperabilitas/datasource/simdasi/id/25/tahun/2024/id_tabel/Mkt1SFdWbWdZa1hKZ2FtRU1NaHRsUT09/wilayah/3500000/key/79452e4c302f8921ad36cd2bf55f0630
[2025-07-17T11:31:20.674+0000] {logging_mixin.py:188} INFO - 
--- Memulai Loop Pengambilan Data SIMDASI ---
[2025-07-17T11:31:20.684+0000] {logging_mixin.py:188} INFO - 🔄 Mengambil tahun 2018...
[2025-07-17T11:31:27.537+0000] {logging_mixin.py:188} INFO - 
✅ Metadata awal ditangkap dari tahun 2018:
[2025-07-17T11:31:27.550+0000] {logging_mixin.py:188} INFO -    -> Nama Skema: api_bps_perlindungan_sosial
[2025-07-17T11:31:27.556+0000] {logging_mixin.py:188} INFO -    -> Nama Kolom Label: kabupatenkota
[2025-07-17T11:31:27.561+0000] {logging_mixin.py:188} INFO -    -> ID Kategori (mms_id): 524
[2025-07-17T11:31:27.588+0000] {logging_mixin.py:188} INFO - -> Berhasil memproses data untuk tahun 2018.
[2025-07-17T11:31:27.670+0000] {logging_mixin.py:188} INFO - 🔄 Mengambil tahun 2019...
[2025-07-17T11:31:29.577+0000] {logging_mixin.py:188} INFO - -> Berhasil memproses data untuk tahun 2019.
[2025-07-17T11:31:29.580+0000] {logging_mixin.py:188} INFO - 🔄 Mengambil tahun 2020...
[2025-07-17T11:31:36.592+0000] {logging_mixin.py:188} INFO - -> Berhasil memproses data untuk tahun 2020.
[2025-07-17T11:31:36.626+0000] {logging_mixin.py:188} INFO - 🔄 Mengambil tahun 2021...
[2025-07-17T11:31:38.660+0000] {logging_mixin.py:188} INFO - -> Berhasil memproses data untuk tahun 2021.
[2025-07-17T11:31:38.680+0000] {logging_mixin.py:188} INFO - 🔄 Mengambil tahun 2022...
[2025-07-17T11:31:43.490+0000] {logging_mixin.py:188} INFO - -> Berhasil memproses data untuk tahun 2022.
[2025-07-17T11:31:43.512+0000] {logging_mixin.py:188} INFO - 🔄 Mengambil tahun 2023...
[2025-07-17T11:31:47.218+0000] {logging_mixin.py:188} INFO - -> Berhasil memproses data untuk tahun 2023.
[2025-07-17T11:31:47.260+0000] {logging_mixin.py:188} INFO - 🔄 Mengambil tahun 2024...
[2025-07-17T11:31:49.091+0000] {logging_mixin.py:188} INFO - -> Berhasil memproses data untuk tahun 2024.
[2025-07-17T11:31:49.095+0000] {logging_mixin.py:188} INFO - 
✅ Nama tabel final diatur ke: 'jmlh_klrg_pnrm_mnft_kpm_dn_nggrn_bntn_ssl_pngn_mnrt_kbptnkt_d_p' (berdasarkan judul dari tahun terakhir yang tersedia).
[2025-07-17T11:31:56.178+0000] {logging_mixin.py:188} INFO - ❌ Database error: (psycopg2.OperationalError) connection to server at "103.183.92.158", port 5432 failed: FATAL:  sorry, too many clients already

(Background on this error at: https://sqlalche.me/e/14/e3q8)
[2025-07-17T11:31:56.233+0000] {python.py:237} INFO - Done. Returned value was: None
[2025-07-17T11:31:56.447+0000] {taskinstance.py:441} INFO - ::group::Post task execution logs
[2025-07-17T11:31:57.130+0000] {taskinstance.py:1206} INFO - Marking task as SUCCESS. dag_id=bps_simdasi_pipeline, task_id=process_simdasi_apis.process_api_10, run_id=manual__2025-07-17T11:23:16.824677+00:00, execution_date=20250717T112316, start_date=20250717T113109, end_date=20250717T113157
[2025-07-17T11:31:57.429+0000] {local_task_job_runner.py:240} INFO - Task exited with return code 0
[2025-07-17T11:31:57.543+0000] {taskinstance.py:3503} INFO - 0 downstream tasks scheduled from follow-on schedule check
[2025-07-17T11:31:57.553+0000] {local_task_job_runner.py:222} INFO - ::endgroup::
