[2025-07-17T11:31:34.002+0000] {local_task_job_runner.py:120} INFO - ::group::Pre task execution logs
[2025-07-17T11:31:34.178+0000] {taskinstance.py:2076} INFO - Dependencies all met for dep_context=non-requeueable deps ti=<TaskInstance: bps_simdasi_pipeline.process_simdasi_apis.process_api_13 manual__2025-07-17T11:23:16.824677+00:00 [queued]>
[2025-07-17T11:31:34.269+0000] {taskinstance.py:2076} INFO - Dependencies all met for dep_context=requeueable deps ti=<TaskInstance: bps_simdasi_pipeline.process_simdasi_apis.process_api_13 manual__2025-07-17T11:23:16.824677+00:00 [queued]>
[2025-07-17T11:31:34.278+0000] {taskinstance.py:2306} INFO - Starting attempt 2 of 2
[2025-07-17T11:31:34.437+0000] {taskinstance.py:2330} INFO - Executing <Task(PythonOperator): process_simdasi_apis.process_api_13> on 2025-07-17 11:23:16.824677+00:00
[2025-07-17T11:31:34.831+0000] {warnings.py:112} WARNING - /home/***/.local/lib/python3.12/site-packages/***/task/task_runner/standard_task_runner.py:61: DeprecationWarning: This process (pid=325) is multi-threaded, use of fork() may lead to deadlocks in the child.
  pid = os.fork()

[2025-07-17T11:31:35.109+0000] {standard_task_runner.py:63} INFO - Started process 341 to run task
[2025-07-17T11:31:35.386+0000] {standard_task_runner.py:90} INFO - Running: ['***', 'tasks', 'run', 'bps_simdasi_pipeline', 'process_simdasi_apis.process_api_13', 'manual__2025-07-17T11:23:16.824677+00:00', '--job-id', '137', '--raw', '--subdir', 'DAGS_FOLDER/bps_simdasi_pipeline.py.py', '--cfg-path', '/tmp/tmpc_u6znk6']
[2025-07-17T11:31:35.571+0000] {standard_task_runner.py:91} INFO - Job 137: Subtask process_simdasi_apis.process_api_13
[2025-07-17T11:31:36.645+0000] {task_command.py:426} INFO - Running <TaskInstance: bps_simdasi_pipeline.process_simdasi_apis.process_api_13 manual__2025-07-17T11:23:16.824677+00:00 [running]> on host be615b49433c
[2025-07-17T11:31:38.946+0000] {taskinstance.py:2648} INFO - Exporting env vars: AIRFLOW_CTX_DAG_OWNER='***' AIRFLOW_CTX_DAG_ID='bps_simdasi_pipeline' AIRFLOW_CTX_TASK_ID='process_simdasi_apis.process_api_13' AIRFLOW_CTX_EXECUTION_DATE='2025-07-17T11:23:16.824677+00:00' AIRFLOW_CTX_TRY_NUMBER='2' AIRFLOW_CTX_DAG_RUN_ID='manual__2025-07-17T11:23:16.824677+00:00'
[2025-07-17T11:31:39.003+0000] {taskinstance.py:430} INFO - ::endgroup::
[2025-07-17T11:31:39.024+0000] {logging_mixin.py:188} INFO - Processing URL: https://webapi.bps.go.id/v1/api/interoperabilitas/datasource/simdasi/id/25/tahun/2023/id_tabel/TEJrTHhZODZmSXhoblFvSGtlbkFMQT09/wilayah/0000000/key/79452e4c302f8921ad36cd2bf55f0630
[2025-07-17T11:31:47.035+0000] {logging_mixin.py:188} INFO - 
--- Memulai Loop Pengambilan Data SIMDASI ---
[2025-07-17T11:31:47.047+0000] {logging_mixin.py:188} INFO - 🔄 Mengambil tahun 2017...
[2025-07-17T11:31:55.038+0000] {logging_mixin.py:188} INFO - 
✅ Metadata awal ditangkap dari tahun 2017:
[2025-07-17T11:31:55.040+0000] {logging_mixin.py:188} INFO -    -> Nama Skema: api_bps_keuangan_pemerintah_fiskal
[2025-07-17T11:31:55.041+0000] {logging_mixin.py:188} INFO -    -> Nama Kolom Label: jabatan
[2025-07-17T11:31:55.043+0000] {logging_mixin.py:188} INFO -    -> ID Kategori (mms_id): 534
[2025-07-17T11:31:55.044+0000] {logging_mixin.py:188} INFO - -> Berhasil memproses data untuk tahun 2017.
[2025-07-17T11:31:55.046+0000] {logging_mixin.py:188} INFO - 🔄 Mengambil tahun 2018...
[2025-07-17T11:32:02.216+0000] {logging_mixin.py:188} INFO - -> Berhasil memproses data untuk tahun 2018.
[2025-07-17T11:32:02.218+0000] {logging_mixin.py:188} INFO - 🔄 Mengambil tahun 2019...
[2025-07-17T11:32:04.309+0000] {logging_mixin.py:188} INFO - -> Berhasil memproses data untuk tahun 2019.
[2025-07-17T11:32:04.311+0000] {logging_mixin.py:188} INFO - 🔄 Mengambil tahun 2020...
[2025-07-17T11:32:06.289+0000] {logging_mixin.py:188} INFO - -> Berhasil memproses data untuk tahun 2020.
[2025-07-17T11:32:06.292+0000] {logging_mixin.py:188} INFO - 🔄 Mengambil tahun 2021...
[2025-07-17T11:32:08.270+0000] {logging_mixin.py:188} INFO - -> Berhasil memproses data untuk tahun 2021.
[2025-07-17T11:32:08.272+0000] {logging_mixin.py:188} INFO - 🔄 Mengambil tahun 2022...
[2025-07-17T11:32:10.506+0000] {logging_mixin.py:188} INFO - -> Berhasil memproses data untuk tahun 2022.
[2025-07-17T11:32:10.509+0000] {logging_mixin.py:188} INFO - 🔄 Mengambil tahun 2023...
[2025-07-17T11:32:13.650+0000] {logging_mixin.py:188} INFO - -> Berhasil memproses data untuk tahun 2023.
[2025-07-17T11:32:13.653+0000] {logging_mixin.py:188} INFO - 
✅ Nama tabel final diatur ke: 'jmlh_pgw_ngr_spl_mnrt_jbtn_dn_jns_klmn_dsmbr_2023' (berdasarkan judul dari tahun terakhir yang tersedia).
[2025-07-17T11:32:14.044+0000] {logging_mixin.py:188} INFO - ❌ Database error: (psycopg2.OperationalError) connection to server at "103.183.92.158", port 5432 failed: FATAL:  sorry, too many clients already

(Background on this error at: https://sqlalche.me/e/14/e3q8)
[2025-07-17T11:32:14.045+0000] {python.py:237} INFO - Done. Returned value was: None
[2025-07-17T11:32:14.049+0000] {taskinstance.py:441} INFO - ::group::Post task execution logs
[2025-07-17T11:32:14.082+0000] {taskinstance.py:1206} INFO - Marking task as SUCCESS. dag_id=bps_simdasi_pipeline, task_id=process_simdasi_apis.process_api_13, run_id=manual__2025-07-17T11:23:16.824677+00:00, execution_date=20250717T112316, start_date=20250717T113134, end_date=20250717T113214
[2025-07-17T11:32:14.224+0000] {local_task_job_runner.py:240} INFO - Task exited with return code 0
[2025-07-17T11:32:14.266+0000] {taskinstance.py:3503} INFO - 0 downstream tasks scheduled from follow-on schedule check
[2025-07-17T11:32:14.272+0000] {local_task_job_runner.py:222} INFO - ::endgroup::
