[2025-07-17T05:23:04.578+0000] {local_task_job_runner.py:120} INFO - ::group::Pre task execution logs
[2025-07-17T05:23:04.851+0000] {taskinstance.py:2076} INFO - Dependencies all met for dep_context=non-requeueable deps ti=<TaskInstance: bps_simdasi_pipeline.process_simdasi_apis.process_api_2 manual__2025-07-17T04:23:54.916799+00:00 [queued]>
[2025-07-17T05:23:05.007+0000] {taskinstance.py:2076} INFO - Dependencies all met for dep_context=requeueable deps ti=<TaskInstance: bps_simdasi_pipeline.process_simdasi_apis.process_api_2 manual__2025-07-17T04:23:54.916799+00:00 [queued]>
[2025-07-17T05:23:05.014+0000] {taskinstance.py:2306} INFO - Starting attempt 2 of 2
[2025-07-17T05:23:05.422+0000] {taskinstance.py:2330} INFO - Executing <Task(PythonOperator): process_simdasi_apis.process_api_2> on 2025-07-17 04:23:54.916799+00:00
[2025-07-17T05:23:05.660+0000] {warnings.py:112} WARNING - /home/***/.local/lib/python3.12/site-packages/***/task/task_runner/standard_task_runner.py:61: DeprecationWarning: This process (pid=76) is multi-threaded, use of fork() may lead to deadlocks in the child.
  pid = os.fork()

[2025-07-17T05:23:05.676+0000] {standard_task_runner.py:63} INFO - Started process 94 to run task
[2025-07-17T05:23:05.868+0000] {standard_task_runner.py:90} INFO - Running: ['***', 'tasks', 'run', 'bps_simdasi_pipeline', 'process_simdasi_apis.process_api_2', 'manual__2025-07-17T04:23:54.916799+00:00', '--job-id', '119', '--raw', '--subdir', 'DAGS_FOLDER/bps_simdasi_pipeline.py.py', '--cfg-path', '/tmp/tmp4uv9tuea']
[2025-07-17T05:23:05.904+0000] {standard_task_runner.py:91} INFO - Job 119: Subtask process_simdasi_apis.process_api_2
[2025-07-17T05:23:06.598+0000] {task_command.py:426} INFO - Running <TaskInstance: bps_simdasi_pipeline.process_simdasi_apis.process_api_2 manual__2025-07-17T04:23:54.916799+00:00 [running]> on host be615b49433c
[2025-07-17T05:23:07.909+0000] {taskinstance.py:2648} INFO - Exporting env vars: AIRFLOW_CTX_DAG_OWNER='***' AIRFLOW_CTX_DAG_ID='bps_simdasi_pipeline' AIRFLOW_CTX_TASK_ID='process_simdasi_apis.process_api_2' AIRFLOW_CTX_EXECUTION_DATE='2025-07-17T04:23:54.916799+00:00' AIRFLOW_CTX_TRY_NUMBER='2' AIRFLOW_CTX_DAG_RUN_ID='manual__2025-07-17T04:23:54.916799+00:00'
[2025-07-17T05:23:07.937+0000] {taskinstance.py:430} INFO - ::endgroup::
[2025-07-17T05:23:07.945+0000] {logging_mixin.py:188} INFO - Processing URL: https://webapi.bps.go.id/v1/api/interoperabilitas/datasource/simdasi/id/25/tahun/2020/id_tabel/L2lNQW9xWUo5TFhkQ0RMbEJadEdDUT09/wilayah/0000000/key/79452e4c302f8921ad36cd2bf55f0630
[2025-07-17T05:23:11.930+0000] {logging_mixin.py:188} INFO - Error getting available years: 'list' object has no attribute 'split'
[2025-07-17T05:23:42.903+0000] {logging_mixin.py:188} INFO - ✅ Data saved to api_bps_masyarakat_informasi.bnykny_dsltspgt1ltspgtklrhn_mnrt_prvns_dn_pnrmn_snyl_ntrnt_tlpn
[2025-07-17T05:23:42.909+0000] {python.py:237} INFO - Done. Returned value was: None
[2025-07-17T05:23:42.916+0000] {taskinstance.py:441} INFO - ::group::Post task execution logs
[2025-07-17T05:23:42.954+0000] {taskinstance.py:1206} INFO - Marking task as SUCCESS. dag_id=bps_simdasi_pipeline, task_id=process_simdasi_apis.process_api_2, run_id=manual__2025-07-17T04:23:54.916799+00:00, execution_date=20250717T042354, start_date=20250717T052304, end_date=20250717T052342
[2025-07-17T05:23:43.080+0000] {local_task_job_runner.py:240} INFO - Task exited with return code 0
[2025-07-17T05:23:43.137+0000] {taskinstance.py:3503} INFO - 0 downstream tasks scheduled from follow-on schedule check
[2025-07-17T05:23:43.154+0000] {local_task_job_runner.py:222} INFO - ::endgroup::
