[2025-07-09T05:50:48.211+0000] {local_task_job_runner.py:120} INFO - ::group::Pre task execution logs
[2025-07-09T05:50:48.350+0000] {taskinstance.py:2076} INFO - Dependencies all met for dep_context=non-requeueable deps ti=<TaskInstance: etl_simdasi_pipeline.run_simdasi_etl scheduled__2025-07-08T00:00:00+00:00 [queued]>
[2025-07-09T05:50:48.405+0000] {taskinstance.py:2076} INFO - Dependencies all met for dep_context=requeueable deps ti=<TaskInstance: etl_simdasi_pipeline.run_simdasi_etl scheduled__2025-07-08T00:00:00+00:00 [queued]>
[2025-07-09T05:50:48.409+0000] {taskinstance.py:2306} INFO - Starting attempt 1 of 2
[2025-07-09T05:50:48.505+0000] {taskinstance.py:2330} INFO - Executing <Task(PythonOperator): run_simdasi_etl> on 2025-07-08 00:00:00+00:00
[2025-07-09T05:50:48.562+0000] {warnings.py:112} WARNING - /home/***/.local/lib/python3.12/site-packages/***/task/task_runner/standard_task_runner.py:61: DeprecationWarning: This process (pid=105) is multi-threaded, use of fork() may lead to deadlocks in the child.
  pid = os.fork()

[2025-07-09T05:50:48.577+0000] {standard_task_runner.py:90} INFO - Running: ['***', 'tasks', 'run', 'etl_simdasi_pipeline', 'run_simdasi_etl', 'scheduled__2025-07-08T00:00:00+00:00', '--job-id', '61', '--raw', '--subdir', 'DAGS_FOLDER/script/etl_dag.py', '--cfg-path', '/tmp/tmpawvn9t5b']
[2025-07-09T05:50:48.582+0000] {standard_task_runner.py:63} INFO - Started process 116 to run task
[2025-07-09T05:50:48.585+0000] {standard_task_runner.py:91} INFO - Job 61: Subtask run_simdasi_etl
[2025-07-09T05:50:49.128+0000] {task_command.py:426} INFO - Running <TaskInstance: etl_simdasi_pipeline.run_simdasi_etl scheduled__2025-07-08T00:00:00+00:00 [running]> on host be615b49433c
[2025-07-09T05:50:49.647+0000] {taskinstance.py:2648} INFO - Exporting env vars: AIRFLOW_CTX_DAG_OWNER='puput' AIRFLOW_CTX_DAG_ID='etl_simdasi_pipeline' AIRFLOW_CTX_TASK_ID='run_simdasi_etl' AIRFLOW_CTX_EXECUTION_DATE='2025-07-08T00:00:00+00:00' AIRFLOW_CTX_TRY_NUMBER='1' AIRFLOW_CTX_DAG_RUN_ID='scheduled__2025-07-08T00:00:00+00:00'
[2025-07-09T05:50:49.658+0000] {taskinstance.py:430} INFO - ::endgroup::
[2025-07-09T05:50:49.662+0000] {logging_mixin.py:188} INFO - 🔄 Fetching tahun 2016...
[2025-07-09T05:51:13.945+0000] {logging_mixin.py:188} INFO - 🔄 Fetching tahun 2017...
[2025-07-09T05:51:37.831+0000] {logging_mixin.py:188} INFO - 🔄 Fetching tahun 2018...
[2025-07-09T05:51:59.803+0000] {logging_mixin.py:188} INFO - 🔄 Fetching tahun 2019...
[2025-07-09T05:52:21.287+0000] {logging_mixin.py:188} INFO - 🔄 Fetching tahun 2020...
[2025-07-09T05:52:42.593+0000] {logging_mixin.py:188} INFO - 🔄 Fetching tahun 2021...
[2025-07-09T05:53:04.558+0000] {logging_mixin.py:188} INFO - 🔄 Fetching tahun 2022...
[2025-07-09T05:53:06.972+0000] {logging_mixin.py:188} INFO - 🔄 Fetching tahun 2023...
[2025-07-09T05:53:09.159+0000] {logging_mixin.py:188} INFO - 🔄 Fetching tahun 2024...
[2025-07-09T05:53:11.959+0000] {logging_mixin.py:188} INFO - 📦 Schema 'simdasi' dipastikan ada.
[2025-07-09T05:53:13.164+0000] {logging_mixin.py:188} INFO - ✅ Data berhasil disimpan ke PostgreSQL.
[2025-07-09T05:53:13.169+0000] {python.py:237} INFO - Done. Returned value was: None
[2025-07-09T05:53:13.189+0000] {taskinstance.py:441} INFO - ::group::Post task execution logs
[2025-07-09T05:53:13.242+0000] {taskinstance.py:1206} INFO - Marking task as SUCCESS. dag_id=etl_simdasi_pipeline, task_id=run_simdasi_etl, run_id=scheduled__2025-07-08T00:00:00+00:00, execution_date=20250708T000000, start_date=20250709T055048, end_date=20250709T055313
[2025-07-09T05:53:13.416+0000] {local_task_job_runner.py:240} INFO - Task exited with return code 0
[2025-07-09T05:53:13.535+0000] {taskinstance.py:3503} INFO - 0 downstream tasks scheduled from follow-on schedule check
[2025-07-09T05:53:13.545+0000] {local_task_job_runner.py:222} INFO - ::endgroup::
