[2025-07-17T12:24:08.953+0000] {local_task_job_runner.py:120} INFO - ::group::Pre task execution logs
[2025-07-17T12:24:09.117+0000] {taskinstance.py:2076} INFO - Dependencies all met for dep_context=non-requeueable deps ti=<TaskInstance: bps_simdasi_pipeline.process_simdasi_apis.process_api_8 manual__2025-07-17T12:17:17.887634+00:00 [queued]>
[2025-07-17T12:24:09.259+0000] {taskinstance.py:2076} INFO - Dependencies all met for dep_context=requeueable deps ti=<TaskInstance: bps_simdasi_pipeline.process_simdasi_apis.process_api_8 manual__2025-07-17T12:17:17.887634+00:00 [queued]>
[2025-07-17T12:24:09.314+0000] {taskinstance.py:2306} INFO - Starting attempt 2 of 2
[2025-07-17T12:24:09.602+0000] {taskinstance.py:2330} INFO - Executing <Task(PythonOperator): process_simdasi_apis.process_api_8> on 2025-07-17 12:17:17.887634+00:00
[2025-07-17T12:24:10.332+0000] {warnings.py:112} WARNING - /home/***/.local/lib/python3.12/site-packages/***/task/task_runner/standard_task_runner.py:61: DeprecationWarning: This process (pid=1049) is multi-threaded, use of fork() may lead to deadlocks in the child.
  pid = os.fork()

[2025-07-17T12:24:10.389+0000] {standard_task_runner.py:63} INFO - Started process 1059 to run task
[2025-07-17T12:24:10.509+0000] {standard_task_runner.py:90} INFO - Running: ['***', 'tasks', 'run', 'bps_simdasi_pipeline', 'process_simdasi_apis.process_api_8', 'manual__2025-07-17T12:17:17.887634+00:00', '--job-id', '154', '--raw', '--subdir', 'DAGS_FOLDER/bps_simdasi_pipeline.py.py', '--cfg-path', '/tmp/tmpo8d8bqtm']
[2025-07-17T12:24:10.546+0000] {standard_task_runner.py:91} INFO - Job 154: Subtask process_simdasi_apis.process_api_8
[2025-07-17T12:24:11.309+0000] {task_command.py:426} INFO - Running <TaskInstance: bps_simdasi_pipeline.process_simdasi_apis.process_api_8 manual__2025-07-17T12:17:17.887634+00:00 [running]> on host be615b49433c
[2025-07-17T12:24:11.691+0000] {taskinstance.py:2648} INFO - Exporting env vars: AIRFLOW_CTX_DAG_OWNER='***' AIRFLOW_CTX_DAG_ID='bps_simdasi_pipeline' AIRFLOW_CTX_TASK_ID='process_simdasi_apis.process_api_8' AIRFLOW_CTX_EXECUTION_DATE='2025-07-17T12:17:17.887634+00:00' AIRFLOW_CTX_TRY_NUMBER='2' AIRFLOW_CTX_DAG_RUN_ID='manual__2025-07-17T12:17:17.887634+00:00'
[2025-07-17T12:24:11.721+0000] {taskinstance.py:430} INFO - ::endgroup::
[2025-07-17T12:24:11.739+0000] {logging_mixin.py:188} INFO - Processing URL: https://webapi.bps.go.id/v1/api/interoperabilitas/datasource/simdasi/id/25/tahun/2023/id_tabel/WnFhSGhLZ2xHNmlZdkRRYzRsaG5Hdz09/wilayah/3500000/key/79452e4c302f8921ad36cd2bf55f0630
[2025-07-17T12:24:13.647+0000] {logging_mixin.py:188} INFO - 
--- Memulai Loop Pengambilan Data SIMDASI ---
[2025-07-17T12:24:13.661+0000] {logging_mixin.py:188} INFO - 🔄 Mengambil tahun 2012...
[2025-07-17T12:24:14.917+0000] {logging_mixin.py:188} INFO - 
✅ Metadata awal ditangkap dari tahun 2012:
[2025-07-17T12:24:14.944+0000] {logging_mixin.py:188} INFO -    -> Nama Skema: api_bps_kondisi_tempat_tinggal
[2025-07-17T12:24:14.976+0000] {logging_mixin.py:188} INFO -    -> Nama Kolom Label: kabupatenkota
[2025-07-17T12:24:15.000+0000] {logging_mixin.py:188} INFO -    -> ID Kategori (mms_id): 563
[2025-07-17T12:24:15.019+0000] {logging_mixin.py:188} INFO - -> Berhasil memproses data untuk tahun 2012.
[2025-07-17T12:24:15.055+0000] {logging_mixin.py:188} INFO - 🔄 Mengambil tahun 2013...
[2025-07-17T12:24:16.921+0000] {logging_mixin.py:188} INFO - -> Berhasil memproses data untuk tahun 2013.
[2025-07-17T12:24:16.926+0000] {logging_mixin.py:188} INFO - 🔄 Mengambil tahun 2014...
[2025-07-17T12:24:17.771+0000] {logging_mixin.py:188} INFO - -> Berhasil memproses data untuk tahun 2014.
[2025-07-17T12:24:17.787+0000] {logging_mixin.py:188} INFO - 🔄 Mengambil tahun 2015...
[2025-07-17T12:24:18.944+0000] {logging_mixin.py:188} INFO - -> Berhasil memproses data untuk tahun 2015.
[2025-07-17T12:24:18.969+0000] {logging_mixin.py:188} INFO - 🔄 Mengambil tahun 2016...
[2025-07-17T12:24:20.281+0000] {logging_mixin.py:188} INFO - -> Berhasil memproses data untuk tahun 2016.
[2025-07-17T12:24:20.285+0000] {logging_mixin.py:188} INFO - 🔄 Mengambil tahun 2017...
[2025-07-17T12:24:21.827+0000] {logging_mixin.py:188} INFO - -> Berhasil memproses data untuk tahun 2017.
[2025-07-17T12:24:21.830+0000] {logging_mixin.py:188} INFO - 🔄 Mengambil tahun 2018...
[2025-07-17T12:24:24.555+0000] {logging_mixin.py:188} INFO - -> Berhasil memproses data untuk tahun 2018.
[2025-07-17T12:24:24.557+0000] {logging_mixin.py:188} INFO - 🔄 Mengambil tahun 2019...
[2025-07-17T12:24:25.873+0000] {logging_mixin.py:188} INFO - -> Berhasil memproses data untuk tahun 2019.
[2025-07-17T12:24:25.875+0000] {logging_mixin.py:188} INFO - 🔄 Mengambil tahun 2020...
[2025-07-17T12:24:26.940+0000] {logging_mixin.py:188} INFO - -> Berhasil memproses data untuk tahun 2020.
[2025-07-17T12:24:26.949+0000] {logging_mixin.py:188} INFO - 🔄 Mengambil tahun 2021...
[2025-07-17T12:24:29.133+0000] {logging_mixin.py:188} INFO - -> Berhasil memproses data untuk tahun 2021.
[2025-07-17T12:24:29.137+0000] {logging_mixin.py:188} INFO - 🔄 Mengambil tahun 2022...
[2025-07-17T12:24:30.819+0000] {logging_mixin.py:188} INFO - -> Berhasil memproses data untuk tahun 2022.
[2025-07-17T12:24:30.841+0000] {logging_mixin.py:188} INFO - 🔄 Mengambil tahun 2023...
[2025-07-17T12:24:31.623+0000] {logging_mixin.py:188} INFO - -> Berhasil memproses data untuk tahun 2023.
[2025-07-17T12:24:31.632+0000] {logging_mixin.py:188} INFO - 
✅ Nama tabel final diatur ke: 'ndks_pmbngnn_mns_mnrt_kbptnkt_d_prvns_jw_tmr_2023' (berdasarkan judul dari tahun terakhir yang tersedia).
[2025-07-17T12:24:33.830+0000] {logging_mixin.py:188} INFO - ✅ Data saved to api_bps_kondisi_tempat_tinggal.ndks_pmbngnn_mns_mnrt_kbptnkt_d_prvns_jw_tmr_2023
[2025-07-17T12:24:33.838+0000] {python.py:237} INFO - Done. Returned value was: None
[2025-07-17T12:24:33.964+0000] {taskinstance.py:441} INFO - ::group::Post task execution logs
[2025-07-17T12:24:35.274+0000] {taskinstance.py:1206} INFO - Marking task as SUCCESS. dag_id=bps_simdasi_pipeline, task_id=process_simdasi_apis.process_api_8, run_id=manual__2025-07-17T12:17:17.887634+00:00, execution_date=20250717T121717, start_date=20250717T122409, end_date=20250717T122435
[2025-07-17T12:24:35.487+0000] {local_task_job_runner.py:240} INFO - Task exited with return code 0
[2025-07-17T12:24:35.601+0000] {local_task_job_runner.py:222} INFO - ::endgroup::
