[2025-07-08T06:29:46.570+0000] {local_task_job_runner.py:120} INFO - ::group::Pre task execution logs
[2025-07-08T06:29:46.810+0000] {taskinstance.py:2076} INFO - Dependencies all met for dep_context=non-requeueable deps ti=<TaskInstance: tutorial.templated scheduled__2025-07-07T00:00:00+00:00 [queued]>
[2025-07-08T06:29:46.986+0000] {taskinstance.py:2076} INFO - Dependencies all met for dep_context=requeueable deps ti=<TaskInstance: tutorial.templated scheduled__2025-07-07T00:00:00+00:00 [queued]>
[2025-07-08T06:29:46.994+0000] {taskinstance.py:2306} INFO - Starting attempt 1 of 2
[2025-07-08T06:29:47.263+0000] {taskinstance.py:2330} INFO - Executing <Task(BashOperator): templated> on 2025-07-07 00:00:00+00:00
[2025-07-08T06:29:47.318+0000] {warnings.py:112} WARNING - /home/***/.local/lib/python3.12/site-packages/***/task/task_runner/standard_task_runner.py:61: DeprecationWarning: This process (pid=520) is multi-threaded, use of fork() may lead to deadlocks in the child.
  pid = os.fork()

[2025-07-08T06:29:47.329+0000] {standard_task_runner.py:63} INFO - Started process 527 to run task
[2025-07-08T06:29:47.339+0000] {standard_task_runner.py:90} INFO - Running: ['***', 'tasks', 'run', 'tutorial', 'templated', 'scheduled__2025-07-07T00:00:00+00:00', '--job-id', '15', '--raw', '--subdir', '/home/***/.local/lib/python3.12/site-packages/***/example_dags/tutorial.py', '--cfg-path', '/tmp/tmpinvc3aum']
[2025-07-08T06:29:47.360+0000] {standard_task_runner.py:91} INFO - Job 15: Subtask templated
[2025-07-08T06:29:47.711+0000] {task_command.py:426} INFO - Running <TaskInstance: tutorial.templated scheduled__2025-07-07T00:00:00+00:00 [running]> on host 1fa35bf9f54b
[2025-07-08T06:29:48.298+0000] {taskinstance.py:2648} INFO - Exporting env vars: AIRFLOW_CTX_DAG_EMAIL='***@example.com' AIRFLOW_CTX_DAG_OWNER='***' AIRFLOW_CTX_DAG_ID='tutorial' AIRFLOW_CTX_TASK_ID='templated' AIRFLOW_CTX_EXECUTION_DATE='2025-07-07T00:00:00+00:00' AIRFLOW_CTX_TRY_NUMBER='1' AIRFLOW_CTX_DAG_RUN_ID='scheduled__2025-07-07T00:00:00+00:00'
[2025-07-08T06:29:48.320+0000] {taskinstance.py:430} INFO - ::endgroup::
[2025-07-08T06:29:48.332+0000] {subprocess.py:63} INFO - Tmp dir root location: /tmp
[2025-07-08T06:29:48.354+0000] {subprocess.py:75} INFO - Running command: ['/usr/bin/bash', '-c', '\n\n    echo "2025-07-07"\n    echo "2025-07-14"\n\n    echo "2025-07-07"\n    echo "2025-07-14"\n\n    echo "2025-07-07"\n    echo "2025-07-14"\n\n    echo "2025-07-07"\n    echo "2025-07-14"\n\n    echo "2025-07-07"\n    echo "2025-07-14"\n']
[2025-07-08T06:29:48.441+0000] {subprocess.py:86} INFO - Output:
[2025-07-08T06:29:48.455+0000] {subprocess.py:93} INFO - 2025-07-07
[2025-07-08T06:29:48.456+0000] {subprocess.py:93} INFO - 2025-07-14
[2025-07-08T06:29:48.458+0000] {subprocess.py:93} INFO - 2025-07-07
[2025-07-08T06:29:48.459+0000] {subprocess.py:93} INFO - 2025-07-14
[2025-07-08T06:29:48.461+0000] {subprocess.py:93} INFO - 2025-07-07
[2025-07-08T06:29:48.463+0000] {subprocess.py:93} INFO - 2025-07-14
[2025-07-08T06:29:48.465+0000] {subprocess.py:93} INFO - 2025-07-07
[2025-07-08T06:29:48.479+0000] {subprocess.py:93} INFO - 2025-07-14
[2025-07-08T06:29:48.489+0000] {subprocess.py:93} INFO - 2025-07-07
[2025-07-08T06:29:48.491+0000] {subprocess.py:93} INFO - 2025-07-14
[2025-07-08T06:29:48.493+0000] {subprocess.py:97} INFO - Command exited with return code 0
[2025-07-08T06:29:48.498+0000] {taskinstance.py:441} INFO - ::group::Post task execution logs
[2025-07-08T06:29:48.610+0000] {taskinstance.py:1206} INFO - Marking task as SUCCESS. dag_id=tutorial, task_id=templated, run_id=scheduled__2025-07-07T00:00:00+00:00, execution_date=20250707T000000, start_date=20250708T062946, end_date=20250708T062948
[2025-07-08T06:29:48.769+0000] {local_task_job_runner.py:240} INFO - Task exited with return code 0
[2025-07-08T06:29:48.836+0000] {taskinstance.py:3503} INFO - 0 downstream tasks scheduled from follow-on schedule check
[2025-07-08T06:29:48.841+0000] {local_task_job_runner.py:222} INFO - ::endgroup::
