[2025-07-21T16:56:40.246+0000] {local_task_job_runner.py:120} INFO - ::group::Pre task execution logs
[2025-07-21T16:56:40.290+0000] {taskinstance.py:2076} INFO - Dependencies all met for dep_context=non-requeueable deps ti=<TaskInstance: bps_simdasi_pipeline.process_simdasi_apis.process_api_16 manual__2025-07-21T16:51:36.203962+00:00 [queued]>
[2025-07-21T16:56:40.310+0000] {taskinstance.py:2076} INFO - Dependencies all met for dep_context=requeueable deps ti=<TaskInstance: bps_simdasi_pipeline.process_simdasi_apis.process_api_16 manual__2025-07-21T16:51:36.203962+00:00 [queued]>
[2025-07-21T16:56:40.313+0000] {taskinstance.py:2306} INFO - Starting attempt 1 of 2
[2025-07-21T16:56:40.343+0000] {taskinstance.py:2330} INFO - Executing <Task(PythonOperator): process_simdasi_apis.process_api_16> on 2025-07-21 16:51:36.203962+00:00
[2025-07-21T16:56:40.367+0000] {warnings.py:112} WARNING - /home/***/.local/lib/python3.12/site-packages/***/task/task_runner/standard_task_runner.py:61: DeprecationWarning: This process (pid=364) is multi-threaded, use of fork() may lead to deadlocks in the child.
  pid = os.fork()

[2025-07-21T16:56:40.370+0000] {standard_task_runner.py:90} INFO - Running: ['***', 'tasks', 'run', 'bps_simdasi_pipeline', 'process_simdasi_apis.process_api_16', 'manual__2025-07-21T16:51:36.203962+00:00', '--job-id', '219', '--raw', '--subdir', 'DAGS_FOLDER/bps_simdasi_pipeline.py', '--cfg-path', '/tmp/tmpua6850zu']
[2025-07-21T16:56:40.371+0000] {standard_task_runner.py:63} INFO - Started process 374 to run task
[2025-07-21T16:56:40.372+0000] {standard_task_runner.py:91} INFO - Job 219: Subtask process_simdasi_apis.process_api_16
[2025-07-21T16:56:40.489+0000] {task_command.py:426} INFO - Running <TaskInstance: bps_simdasi_pipeline.process_simdasi_apis.process_api_16 manual__2025-07-21T16:51:36.203962+00:00 [running]> on host be615b49433c
[2025-07-21T16:56:40.692+0000] {taskinstance.py:2648} INFO - Exporting env vars: AIRFLOW_CTX_DAG_OWNER='***' AIRFLOW_CTX_DAG_ID='bps_simdasi_pipeline' AIRFLOW_CTX_TASK_ID='process_simdasi_apis.process_api_16' AIRFLOW_CTX_EXECUTION_DATE='2025-07-21T16:51:36.203962+00:00' AIRFLOW_CTX_TRY_NUMBER='1' AIRFLOW_CTX_DAG_RUN_ID='manual__2025-07-21T16:51:36.203962+00:00'
[2025-07-21T16:56:40.697+0000] {taskinstance.py:430} INFO - ::endgroup::
[2025-07-21T16:56:40.699+0000] {logging_mixin.py:188} INFO - ðŸ” Processing URL: https://webapi.bps.go.id/v1/api/interoperabilitas/datasource/simdasi/id/25/tahun/2024/id_tabel/R1lONkliWXNyUjRqMUdlL2NXK0k2dz09/wilayah/0000000/key/79452e4c302f8921ad36cd2bf55f0630/
[2025-07-21T16:56:40.700+0000] {logging_mixin.py:188} INFO - 
ðŸ”„ Mencoba mengambil daftar tahun yang tersedia secara otomatis...
[2025-07-21T16:56:43.120+0000] {logging_mixin.py:188} INFO - âœ… Tahun yang tersedia ditemukan: [2018, 2019, 2020, 2021, 2022, 2023, 2024]
[2025-07-21T16:56:43.124+0000] {logging_mixin.py:188} INFO - 
--- Memulai Loop Pengambilan Data SIMDASI ---
[2025-07-21T16:56:43.126+0000] {logging_mixin.py:188} INFO - ðŸ”„ Mengambil tahun 2018...
[2025-07-21T16:56:44.309+0000] {logging_mixin.py:188} INFO - 
âœ… Metadata awal ditangkap dari tahun 2018:
[2025-07-21T16:56:44.310+0000] {logging_mixin.py:188} INFO -    -> Nama Skema: api_bps_lingkungan
[2025-07-21T16:56:44.312+0000] {logging_mixin.py:188} INFO -    -> Nama Kolom Label: provinsi
[2025-07-21T16:56:44.313+0000] {logging_mixin.py:188} INFO -    -> ID Kategori (mms_id): 539
[2025-07-21T16:56:44.319+0000] {logging_mixin.py:188} INFO - -> Berhasil memproses data untuk tahun 2018.
[2025-07-21T16:56:44.320+0000] {logging_mixin.py:188} INFO - ðŸ”„ Mengambil tahun 2019...
[2025-07-21T16:56:45.509+0000] {logging_mixin.py:188} INFO - -> Berhasil memproses data untuk tahun 2019.
[2025-07-21T16:56:45.511+0000] {logging_mixin.py:188} INFO - ðŸ”„ Mengambil tahun 2020...
[2025-07-21T16:56:46.581+0000] {logging_mixin.py:188} INFO - -> Berhasil memproses data untuk tahun 2020.
[2025-07-21T16:56:46.582+0000] {logging_mixin.py:188} INFO - ðŸ”„ Mengambil tahun 2021...
[2025-07-21T16:56:47.812+0000] {logging_mixin.py:188} INFO - -> Berhasil memproses data untuk tahun 2021.
[2025-07-21T16:56:47.814+0000] {logging_mixin.py:188} INFO - ðŸ”„ Mengambil tahun 2022...
[2025-07-21T16:56:48.641+0000] {logging_mixin.py:188} INFO - -> Berhasil memproses data untuk tahun 2022.
[2025-07-21T16:56:48.642+0000] {logging_mixin.py:188} INFO - ðŸ”„ Mengambil tahun 2023...
[2025-07-21T16:56:49.584+0000] {logging_mixin.py:188} INFO - -> Berhasil memproses data untuk tahun 2023.
[2025-07-21T16:56:49.585+0000] {logging_mixin.py:188} INFO - ðŸ”„ Mengambil tahun 2024...
[2025-07-21T16:56:50.477+0000] {logging_mixin.py:188} INFO - -> Berhasil memproses data untuk tahun 2024.
[2025-07-21T16:56:51.981+0000] {logging_mixin.py:188} INFO - âœ… Data saved to api_bps_lingkungan.jmlh_krskn_rmh_yng_dkbtkn_bncn_lm_mnrt_prvns_dn_jns_bncn_lm_nt_
[2025-07-21T16:56:51.983+0000] {python.py:237} INFO - Done. Returned value was: None
[2025-07-21T16:56:51.985+0000] {taskinstance.py:441} INFO - ::group::Post task execution logs
[2025-07-21T16:56:52.007+0000] {taskinstance.py:1206} INFO - Marking task as SUCCESS. dag_id=bps_simdasi_pipeline, task_id=process_simdasi_apis.process_api_16, run_id=manual__2025-07-21T16:51:36.203962+00:00, execution_date=20250721T165136, start_date=20250721T165640, end_date=20250721T165652
[2025-07-21T16:56:52.100+0000] {local_task_job_runner.py:240} INFO - Task exited with return code 0
[2025-07-21T16:56:52.184+0000] {taskinstance.py:3503} INFO - 1 downstream tasks scheduled from follow-on schedule check
[2025-07-21T16:56:52.189+0000] {local_task_job_runner.py:222} INFO - ::endgroup::
