[2025-07-17T15:29:26.460+0000] {local_task_job_runner.py:120} INFO - ::group::Pre task execution logs
[2025-07-17T15:29:26.519+0000] {taskinstance.py:2076} INFO - Dependencies all met for dep_context=non-requeueable deps ti=<TaskInstance: bps_simdasi_pipeline.process_simdasi_apis.process_api_11 manual__2025-07-17T15:22:43.606411+00:00 [queued]>
[2025-07-17T15:29:26.542+0000] {taskinstance.py:2076} INFO - Dependencies all met for dep_context=requeueable deps ti=<TaskInstance: bps_simdasi_pipeline.process_simdasi_apis.process_api_11 manual__2025-07-17T15:22:43.606411+00:00 [queued]>
[2025-07-17T15:29:26.543+0000] {taskinstance.py:2306} INFO - Starting attempt 2 of 2
[2025-07-17T15:29:26.579+0000] {taskinstance.py:2330} INFO - Executing <Task(PythonOperator): process_simdasi_apis.process_api_11> on 2025-07-17 15:22:43.606411+00:00
[2025-07-17T15:29:26.623+0000] {warnings.py:112} WARNING - /home/***/.local/lib/python3.12/site-packages/***/task/task_runner/standard_task_runner.py:61: DeprecationWarning: This process (pid=942) is multi-threaded, use of fork() may lead to deadlocks in the child.
  pid = os.fork()

[2025-07-17T15:29:26.618+0000] {standard_task_runner.py:90} INFO - Running: ['***', 'tasks', 'run', 'bps_simdasi_pipeline', 'process_simdasi_apis.process_api_11', 'manual__2025-07-17T15:22:43.606411+00:00', '--job-id', '196', '--raw', '--subdir', 'DAGS_FOLDER/bps_simdasi_pipeline.py', '--cfg-path', '/tmp/tmpq0hl_rw3']
[2025-07-17T15:29:26.626+0000] {standard_task_runner.py:63} INFO - Started process 947 to run task
[2025-07-17T15:29:26.626+0000] {standard_task_runner.py:91} INFO - Job 196: Subtask process_simdasi_apis.process_api_11
[2025-07-17T15:29:26.751+0000] {task_command.py:426} INFO - Running <TaskInstance: bps_simdasi_pipeline.process_simdasi_apis.process_api_11 manual__2025-07-17T15:22:43.606411+00:00 [running]> on host be615b49433c
[2025-07-17T15:29:27.130+0000] {taskinstance.py:2648} INFO - Exporting env vars: AIRFLOW_CTX_DAG_OWNER='***' AIRFLOW_CTX_DAG_ID='bps_simdasi_pipeline' AIRFLOW_CTX_TASK_ID='process_simdasi_apis.process_api_11' AIRFLOW_CTX_EXECUTION_DATE='2025-07-17T15:22:43.606411+00:00' AIRFLOW_CTX_TRY_NUMBER='2' AIRFLOW_CTX_DAG_RUN_ID='manual__2025-07-17T15:22:43.606411+00:00'
[2025-07-17T15:29:27.148+0000] {taskinstance.py:430} INFO - ::endgroup::
[2025-07-17T15:29:27.155+0000] {logging_mixin.py:188} INFO - Processing URL: https://webapi.bps.go.id/v1/api/interoperabilitas/datasource/simdasi/id/25/tahun/2024/id_tabel/REdXbUdSVjIzUlJTT0Z5Vy9Rd3ZmQT09/wilayah/0000000/key/79452e4c302f8921ad36cd2bf55f0630
[2025-07-17T15:29:27.158+0000] {logging_mixin.py:188} INFO - 
🔄 Mencoba mengambil daftar tahun yang tersedia secara otomatis...
[2025-07-17T15:29:29.161+0000] {logging_mixin.py:188} INFO - ✅ Tahun yang tersedia ditemukan: [2015, 2016, 2017, 2018, 2019, 2020, 2021, 2022, 2023, 2024]
[2025-07-17T15:29:29.166+0000] {logging_mixin.py:188} INFO - 
--- Memulai Loop Pengambilan Data SIMDASI ---
[2025-07-17T15:29:29.169+0000] {logging_mixin.py:188} INFO - 🔄 Mengambil tahun 2015...
[2025-07-17T15:29:31.537+0000] {logging_mixin.py:188} INFO - 
✅ Metadata awal ditangkap dari tahun 2015:
[2025-07-17T15:29:31.542+0000] {logging_mixin.py:188} INFO -    -> Nama Skema: api_bps_kondisi_tempat_tinggal
[2025-07-17T15:29:31.543+0000] {logging_mixin.py:188} INFO -    -> Nama Kolom Label: provinsi
[2025-07-17T15:29:31.544+0000] {logging_mixin.py:188} INFO -    -> ID Kategori (mms_id): 563
[2025-07-17T15:29:31.546+0000] {logging_mixin.py:188} INFO - -> Berhasil memproses data untuk tahun 2015.
[2025-07-17T15:29:31.547+0000] {logging_mixin.py:188} INFO - 🔄 Mengambil tahun 2016...
[2025-07-17T15:29:33.501+0000] {logging_mixin.py:188} INFO - -> Berhasil memproses data untuk tahun 2016.
[2025-07-17T15:29:33.503+0000] {logging_mixin.py:188} INFO - 🔄 Mengambil tahun 2017...
[2025-07-17T15:29:35.477+0000] {logging_mixin.py:188} INFO - -> Berhasil memproses data untuk tahun 2017.
[2025-07-17T15:29:35.480+0000] {logging_mixin.py:188} INFO - 🔄 Mengambil tahun 2018...
[2025-07-17T15:29:37.550+0000] {logging_mixin.py:188} INFO - -> Berhasil memproses data untuk tahun 2018.
[2025-07-17T15:29:37.554+0000] {logging_mixin.py:188} INFO - 🔄 Mengambil tahun 2019...
[2025-07-17T15:29:39.598+0000] {logging_mixin.py:188} INFO - -> Berhasil memproses data untuk tahun 2019.
[2025-07-17T15:29:39.600+0000] {logging_mixin.py:188} INFO - 🔄 Mengambil tahun 2020...
[2025-07-17T15:29:41.546+0000] {logging_mixin.py:188} INFO - -> Berhasil memproses data untuk tahun 2020.
[2025-07-17T15:29:41.551+0000] {logging_mixin.py:188} INFO - 🔄 Mengambil tahun 2021...
[2025-07-17T15:29:43.484+0000] {logging_mixin.py:188} INFO - -> Berhasil memproses data untuk tahun 2021.
[2025-07-17T15:29:43.485+0000] {logging_mixin.py:188} INFO - 🔄 Mengambil tahun 2022...
[2025-07-17T15:29:45.366+0000] {logging_mixin.py:188} INFO - -> Berhasil memproses data untuk tahun 2022.
[2025-07-17T15:29:45.368+0000] {logging_mixin.py:188} INFO - 🔄 Mengambil tahun 2023...
[2025-07-17T15:29:47.310+0000] {logging_mixin.py:188} INFO - -> Berhasil memproses data untuk tahun 2023.
[2025-07-17T15:29:47.312+0000] {logging_mixin.py:188} INFO - 🔄 Mengambil tahun 2024...
[2025-07-17T15:29:49.233+0000] {logging_mixin.py:188} INFO - -> Berhasil memproses data untuk tahun 2024.
[2025-07-17T15:29:50.641+0000] {logging_mixin.py:188} INFO - ✅ Data saved to api_bps_kondisi_tempat_tinggal.jmlh_dn_prsnts_pnddk_mskn_mnrt_prvns_2024
[2025-07-17T15:29:50.643+0000] {python.py:237} INFO - Done. Returned value was: None
[2025-07-17T15:29:50.645+0000] {taskinstance.py:441} INFO - ::group::Post task execution logs
[2025-07-17T15:29:50.666+0000] {taskinstance.py:1206} INFO - Marking task as SUCCESS. dag_id=bps_simdasi_pipeline, task_id=process_simdasi_apis.process_api_11, run_id=manual__2025-07-17T15:22:43.606411+00:00, execution_date=20250717T152243, start_date=20250717T152926, end_date=20250717T152950
[2025-07-17T15:29:50.756+0000] {local_task_job_runner.py:240} INFO - Task exited with return code 0
[2025-07-17T15:29:50.783+0000] {taskinstance.py:3503} INFO - 0 downstream tasks scheduled from follow-on schedule check
[2025-07-17T15:29:50.786+0000] {local_task_job_runner.py:222} INFO - ::endgroup::
