[2025-07-17T12:24:30.463+0000] {local_task_job_runner.py:120} INFO - ::group::Pre task execution logs
[2025-07-17T12:24:30.559+0000] {taskinstance.py:2076} INFO - Dependencies all met for dep_context=non-requeueable deps ti=<TaskInstance: bps_simdasi_pipeline.process_simdasi_apis.process_api_11 manual__2025-07-17T12:17:17.887634+00:00 [queued]>
[2025-07-17T12:24:30.580+0000] {taskinstance.py:2076} INFO - Dependencies all met for dep_context=requeueable deps ti=<TaskInstance: bps_simdasi_pipeline.process_simdasi_apis.process_api_11 manual__2025-07-17T12:17:17.887634+00:00 [queued]>
[2025-07-17T12:24:30.582+0000] {taskinstance.py:2306} INFO - Starting attempt 2 of 2
[2025-07-17T12:24:30.635+0000] {taskinstance.py:2330} INFO - Executing <Task(PythonOperator): process_simdasi_apis.process_api_11> on 2025-07-17 12:17:17.887634+00:00
[2025-07-17T12:24:30.708+0000] {warnings.py:112} WARNING - /home/***/.local/lib/python3.12/site-packages/***/task/task_runner/standard_task_runner.py:61: DeprecationWarning: This process (pid=1052) is multi-threaded, use of fork() may lead to deadlocks in the child.
  pid = os.fork()

[2025-07-17T12:24:30.708+0000] {standard_task_runner.py:90} INFO - Running: ['***', 'tasks', 'run', 'bps_simdasi_pipeline', 'process_simdasi_apis.process_api_11', 'manual__2025-07-17T12:17:17.887634+00:00', '--job-id', '157', '--raw', '--subdir', 'DAGS_FOLDER/bps_simdasi_pipeline.py.py', '--cfg-path', '/tmp/tmpjw4x2_36']
[2025-07-17T12:24:30.718+0000] {standard_task_runner.py:91} INFO - Job 157: Subtask process_simdasi_apis.process_api_11
[2025-07-17T12:24:30.716+0000] {standard_task_runner.py:63} INFO - Started process 1067 to run task
[2025-07-17T12:24:30.985+0000] {task_command.py:426} INFO - Running <TaskInstance: bps_simdasi_pipeline.process_simdasi_apis.process_api_11 manual__2025-07-17T12:17:17.887634+00:00 [running]> on host be615b49433c
[2025-07-17T12:24:31.815+0000] {taskinstance.py:2648} INFO - Exporting env vars: AIRFLOW_CTX_DAG_OWNER='***' AIRFLOW_CTX_DAG_ID='bps_simdasi_pipeline' AIRFLOW_CTX_TASK_ID='process_simdasi_apis.process_api_11' AIRFLOW_CTX_EXECUTION_DATE='2025-07-17T12:17:17.887634+00:00' AIRFLOW_CTX_TRY_NUMBER='2' AIRFLOW_CTX_DAG_RUN_ID='manual__2025-07-17T12:17:17.887634+00:00'
[2025-07-17T12:24:31.835+0000] {taskinstance.py:430} INFO - ::endgroup::
[2025-07-17T12:24:31.837+0000] {logging_mixin.py:188} INFO - Processing URL: https://webapi.bps.go.id/v1/api/interoperabilitas/datasource/simdasi/id/25/tahun/2024/id_tabel/REdXbUdSVjIzUlJTT0Z5Vy9Rd3ZmQT09/wilayah/0000000/key/79452e4c302f8921ad36cd2bf55f0630
[2025-07-17T12:24:33.915+0000] {logging_mixin.py:188} INFO - 
--- Memulai Loop Pengambilan Data SIMDASI ---
[2025-07-17T12:24:33.943+0000] {logging_mixin.py:188} INFO - 🔄 Mengambil tahun 2015...
[2025-07-17T12:24:37.437+0000] {logging_mixin.py:188} INFO - 
✅ Metadata awal ditangkap dari tahun 2015:
[2025-07-17T12:24:37.440+0000] {logging_mixin.py:188} INFO -    -> Nama Skema: api_bps_kondisi_tempat_tinggal
[2025-07-17T12:24:37.453+0000] {logging_mixin.py:188} INFO -    -> Nama Kolom Label: provinsi
[2025-07-17T12:24:37.456+0000] {logging_mixin.py:188} INFO -    -> ID Kategori (mms_id): 563
[2025-07-17T12:24:37.467+0000] {logging_mixin.py:188} INFO - -> Berhasil memproses data untuk tahun 2015.
[2025-07-17T12:24:37.470+0000] {logging_mixin.py:188} INFO - 🔄 Mengambil tahun 2016...
[2025-07-17T12:24:40.042+0000] {logging_mixin.py:188} INFO - -> Berhasil memproses data untuk tahun 2016.
[2025-07-17T12:24:40.053+0000] {logging_mixin.py:188} INFO - 🔄 Mengambil tahun 2017...
[2025-07-17T12:24:42.584+0000] {logging_mixin.py:188} INFO - -> Berhasil memproses data untuk tahun 2017.
[2025-07-17T12:24:42.585+0000] {logging_mixin.py:188} INFO - 🔄 Mengambil tahun 2018...
[2025-07-17T12:24:45.173+0000] {logging_mixin.py:188} INFO - -> Berhasil memproses data untuk tahun 2018.
[2025-07-17T12:24:45.175+0000] {logging_mixin.py:188} INFO - 🔄 Mengambil tahun 2019...
[2025-07-17T12:24:49.943+0000] {logging_mixin.py:188} INFO - -> Berhasil memproses data untuk tahun 2019.
[2025-07-17T12:24:49.944+0000] {logging_mixin.py:188} INFO - 🔄 Mengambil tahun 2020...
[2025-07-17T12:24:52.854+0000] {logging_mixin.py:188} INFO - -> Berhasil memproses data untuk tahun 2020.
[2025-07-17T12:24:52.855+0000] {logging_mixin.py:188} INFO - 🔄 Mengambil tahun 2021...
[2025-07-17T12:24:56.938+0000] {logging_mixin.py:188} INFO - -> Berhasil memproses data untuk tahun 2021.
[2025-07-17T12:24:56.940+0000] {logging_mixin.py:188} INFO - 🔄 Mengambil tahun 2022...
[2025-07-17T12:24:59.573+0000] {logging_mixin.py:188} INFO - -> Berhasil memproses data untuk tahun 2022.
[2025-07-17T12:24:59.574+0000] {logging_mixin.py:188} INFO - 🔄 Mengambil tahun 2023...
[2025-07-17T12:25:02.787+0000] {logging_mixin.py:188} INFO - -> Berhasil memproses data untuk tahun 2023.
[2025-07-17T12:25:02.788+0000] {logging_mixin.py:188} INFO - 🔄 Mengambil tahun 2024...
[2025-07-17T12:25:05.579+0000] {logging_mixin.py:188} INFO - -> Berhasil memproses data untuk tahun 2024.
[2025-07-17T12:25:05.580+0000] {logging_mixin.py:188} INFO - 
✅ Nama tabel final diatur ke: 'jmlh_dn_prsnts_pnddk_mskn_mnrt_prvns_2024' (berdasarkan judul dari tahun terakhir yang tersedia).
[2025-07-17T12:25:06.658+0000] {logging_mixin.py:188} INFO - ✅ Data saved to api_bps_kondisi_tempat_tinggal.jmlh_dn_prsnts_pnddk_mskn_mnrt_prvns_2024
[2025-07-17T12:25:06.660+0000] {python.py:237} INFO - Done. Returned value was: None
[2025-07-17T12:25:06.663+0000] {taskinstance.py:441} INFO - ::group::Post task execution logs
[2025-07-17T12:25:06.682+0000] {taskinstance.py:1206} INFO - Marking task as SUCCESS. dag_id=bps_simdasi_pipeline, task_id=process_simdasi_apis.process_api_11, run_id=manual__2025-07-17T12:17:17.887634+00:00, execution_date=20250717T121717, start_date=20250717T122430, end_date=20250717T122506
[2025-07-17T12:25:06.783+0000] {local_task_job_runner.py:240} INFO - Task exited with return code 0
[2025-07-17T12:25:06.823+0000] {taskinstance.py:3503} INFO - 0 downstream tasks scheduled from follow-on schedule check
[2025-07-17T12:25:06.830+0000] {local_task_job_runner.py:222} INFO - ::endgroup::
