[2025-07-17T12:24:08.187+0000] {local_task_job_runner.py:120} INFO - ::group::Pre task execution logs
[2025-07-17T12:24:08.304+0000] {taskinstance.py:2076} INFO - Dependencies all met for dep_context=non-requeueable deps ti=<TaskInstance: bps_simdasi_pipeline.process_simdasi_apis.process_api_3 manual__2025-07-17T12:17:17.887634+00:00 [queued]>
[2025-07-17T12:24:08.327+0000] {taskinstance.py:2076} INFO - Dependencies all met for dep_context=requeueable deps ti=<TaskInstance: bps_simdasi_pipeline.process_simdasi_apis.process_api_3 manual__2025-07-17T12:17:17.887634+00:00 [queued]>
[2025-07-17T12:24:08.330+0000] {taskinstance.py:2306} INFO - Starting attempt 2 of 2
[2025-07-17T12:24:08.375+0000] {taskinstance.py:2330} INFO - Executing <Task(PythonOperator): process_simdasi_apis.process_api_3> on 2025-07-17 12:17:17.887634+00:00
[2025-07-17T12:24:08.439+0000] {warnings.py:112} WARNING - /home/***/.local/lib/python3.12/site-packages/***/task/task_runner/standard_task_runner.py:61: DeprecationWarning: This process (pid=1046) is multi-threaded, use of fork() may lead to deadlocks in the child.
  pid = os.fork()

[2025-07-17T12:24:08.444+0000] {standard_task_runner.py:90} INFO - Running: ['***', 'tasks', 'run', 'bps_simdasi_pipeline', 'process_simdasi_apis.process_api_3', 'manual__2025-07-17T12:17:17.887634+00:00', '--job-id', '153', '--raw', '--subdir', 'DAGS_FOLDER/bps_simdasi_pipeline.py.py', '--cfg-path', '/tmp/tmpepvi7gzy']
[2025-07-17T12:24:08.451+0000] {standard_task_runner.py:63} INFO - Started process 1056 to run task
[2025-07-17T12:24:08.458+0000] {standard_task_runner.py:91} INFO - Job 153: Subtask process_simdasi_apis.process_api_3
[2025-07-17T12:24:08.782+0000] {task_command.py:426} INFO - Running <TaskInstance: bps_simdasi_pipeline.process_simdasi_apis.process_api_3 manual__2025-07-17T12:17:17.887634+00:00 [running]> on host be615b49433c
[2025-07-17T12:24:10.145+0000] {taskinstance.py:2648} INFO - Exporting env vars: AIRFLOW_CTX_DAG_OWNER='***' AIRFLOW_CTX_DAG_ID='bps_simdasi_pipeline' AIRFLOW_CTX_TASK_ID='process_simdasi_apis.process_api_3' AIRFLOW_CTX_EXECUTION_DATE='2025-07-17T12:17:17.887634+00:00' AIRFLOW_CTX_TRY_NUMBER='2' AIRFLOW_CTX_DAG_RUN_ID='manual__2025-07-17T12:17:17.887634+00:00'
[2025-07-17T12:24:10.287+0000] {taskinstance.py:430} INFO - ::endgroup::
[2025-07-17T12:24:10.349+0000] {logging_mixin.py:188} INFO - Processing URL: https://webapi.bps.go.id/v1/api/interoperabilitas/datasource/simdasi/id/25/tahun/2024/id_tabel/d3ZjM280TU9FanlkdDRETUV5aVdndz09/wilayah/3500000/key/79452e4c302f8921ad36cd2bf55f0630
[2025-07-17T12:24:13.733+0000] {logging_mixin.py:188} INFO - 
--- Memulai Loop Pengambilan Data SIMDASI ---
[2025-07-17T12:24:13.758+0000] {logging_mixin.py:188} INFO - 🔄 Mengambil tahun 2018...
[2025-07-17T12:24:16.157+0000] {logging_mixin.py:188} INFO - 
✅ Metadata awal ditangkap dari tahun 2018:
[2025-07-17T12:24:16.164+0000] {logging_mixin.py:188} INFO -    -> Nama Skema: api_bps_pertanian_kehutanan_perikanan
[2025-07-17T12:24:16.174+0000] {logging_mixin.py:188} INFO -    -> Nama Kolom Label: kabupatenkota
[2025-07-17T12:24:16.175+0000] {logging_mixin.py:188} INFO -    -> ID Kategori (mms_id): 557
[2025-07-17T12:24:16.179+0000] {logging_mixin.py:188} INFO - -> Berhasil memproses data untuk tahun 2018.
[2025-07-17T12:24:16.182+0000] {logging_mixin.py:188} INFO - 🔄 Mengambil tahun 2019...
[2025-07-17T12:24:18.720+0000] {logging_mixin.py:188} INFO - -> Berhasil memproses data untuk tahun 2019.
[2025-07-17T12:24:18.745+0000] {logging_mixin.py:188} INFO - 🔄 Mengambil tahun 2020...
[2025-07-17T12:24:21.685+0000] {logging_mixin.py:188} INFO - -> Berhasil memproses data untuk tahun 2020.
[2025-07-17T12:24:21.694+0000] {logging_mixin.py:188} INFO - 🔄 Mengambil tahun 2021...
[2025-07-17T12:24:25.267+0000] {logging_mixin.py:188} INFO - -> Berhasil memproses data untuk tahun 2021.
[2025-07-17T12:24:25.272+0000] {logging_mixin.py:188} INFO - 🔄 Mengambil tahun 2022...
[2025-07-17T12:24:28.548+0000] {logging_mixin.py:188} INFO - -> Berhasil memproses data untuk tahun 2022.
[2025-07-17T12:24:28.573+0000] {logging_mixin.py:188} INFO - 🔄 Mengambil tahun 2023...
[2025-07-17T12:24:32.227+0000] {logging_mixin.py:188} INFO - -> Berhasil memproses data untuk tahun 2023.
[2025-07-17T12:24:32.229+0000] {logging_mixin.py:188} INFO - 🔄 Mengambil tahun 2024...
[2025-07-17T12:24:34.612+0000] {logging_mixin.py:188} INFO - -> Berhasil memproses data untuk tahun 2024.
[2025-07-17T12:24:34.627+0000] {logging_mixin.py:188} INFO - 
✅ Nama tabel final diatur ke: 'prdks_pdltspgt1ltspgt_dn_brs_mnrt_kbptnkt_d_prvns_jw_tmr_2024' (berdasarkan judul dari tahun terakhir yang tersedia).
[2025-07-17T12:24:38.053+0000] {logging_mixin.py:188} INFO - ✅ Data saved to api_bps_pertanian_kehutanan_perikanan.prdks_pdltspgt1ltspgt_dn_brs_mnrt_kbptnkt_d_prvns_jw_tmr_2024
[2025-07-17T12:24:38.084+0000] {python.py:237} INFO - Done. Returned value was: None
[2025-07-17T12:24:38.323+0000] {taskinstance.py:441} INFO - ::group::Post task execution logs
[2025-07-17T12:24:39.009+0000] {taskinstance.py:1206} INFO - Marking task as SUCCESS. dag_id=bps_simdasi_pipeline, task_id=process_simdasi_apis.process_api_3, run_id=manual__2025-07-17T12:17:17.887634+00:00, execution_date=20250717T121717, start_date=20250717T122408, end_date=20250717T122439
[2025-07-17T12:24:39.355+0000] {local_task_job_runner.py:240} INFO - Task exited with return code 0
[2025-07-17T12:24:39.477+0000] {taskinstance.py:3503} INFO - 0 downstream tasks scheduled from follow-on schedule check
[2025-07-17T12:24:39.484+0000] {local_task_job_runner.py:222} INFO - ::endgroup::
