[2025-07-17T14:44:22.918+0000] {local_task_job_runner.py:120} INFO - ::group::Pre task execution logs
[2025-07-17T14:44:22.981+0000] {taskinstance.py:2076} INFO - Dependencies all met for dep_context=non-requeueable deps ti=<TaskInstance: bps_simdasi_pipeline.process_simdasi_apis.process_api_2 manual__2025-07-17T14:44:09.669699+00:00 [queued]>
[2025-07-17T14:44:23.001+0000] {taskinstance.py:2076} INFO - Dependencies all met for dep_context=requeueable deps ti=<TaskInstance: bps_simdasi_pipeline.process_simdasi_apis.process_api_2 manual__2025-07-17T14:44:09.669699+00:00 [queued]>
[2025-07-17T14:44:23.003+0000] {taskinstance.py:2306} INFO - Starting attempt 1 of 2
[2025-07-17T14:44:23.036+0000] {taskinstance.py:2330} INFO - Executing <Task(PythonOperator): process_simdasi_apis.process_api_2> on 2025-07-17 14:44:09.669699+00:00
[2025-07-17T14:44:23.073+0000] {warnings.py:112} WARNING - /home/***/.local/lib/python3.12/site-packages/***/task/task_runner/standard_task_runner.py:61: DeprecationWarning: This process (pid=334) is multi-threaded, use of fork() may lead to deadlocks in the child.
  pid = os.fork()

[2025-07-17T14:44:23.077+0000] {standard_task_runner.py:63} INFO - Started process 338 to run task
[2025-07-17T14:44:23.077+0000] {standard_task_runner.py:90} INFO - Running: ['***', 'tasks', 'run', 'bps_simdasi_pipeline', 'process_simdasi_apis.process_api_2', 'manual__2025-07-17T14:44:09.669699+00:00', '--job-id', '174', '--raw', '--subdir', 'DAGS_FOLDER/bps_simdasi_pipeline.py', '--cfg-path', '/tmp/tmp99ma4xa1']
[2025-07-17T14:44:23.079+0000] {standard_task_runner.py:91} INFO - Job 174: Subtask process_simdasi_apis.process_api_2
[2025-07-17T14:44:23.254+0000] {task_command.py:426} INFO - Running <TaskInstance: bps_simdasi_pipeline.process_simdasi_apis.process_api_2 manual__2025-07-17T14:44:09.669699+00:00 [running]> on host be615b49433c
[2025-07-17T14:44:23.556+0000] {taskinstance.py:2648} INFO - Exporting env vars: AIRFLOW_CTX_DAG_OWNER='***' AIRFLOW_CTX_DAG_ID='bps_simdasi_pipeline' AIRFLOW_CTX_TASK_ID='process_simdasi_apis.process_api_2' AIRFLOW_CTX_EXECUTION_DATE='2025-07-17T14:44:09.669699+00:00' AIRFLOW_CTX_TRY_NUMBER='1' AIRFLOW_CTX_DAG_RUN_ID='manual__2025-07-17T14:44:09.669699+00:00'
[2025-07-17T14:44:23.564+0000] {taskinstance.py:430} INFO - ::endgroup::
[2025-07-17T14:44:23.566+0000] {logging_mixin.py:188} INFO - Processing URL: https://webapi.bps.go.id/v1/api/interoperabilitas/datasource/simdasi/id/25//tahun/{tahun}/2024/id_tabel/YzVEYlo5MVplU2NaM2NtT2daTzB6UT09/wilayah/0000000/key/79452e4c302f8921ad36cd2bf55f0630
[2025-07-17T14:44:23.568+0000] {logging_mixin.py:188} INFO - 
🔄 Mencoba mengambil daftar tahun yang tersedia secara otomatis...
[2025-07-17T14:44:26.492+0000] {logging_mixin.py:188} INFO - ✅ Tahun yang tersedia ditemukan: [2024]
[2025-07-17T14:44:26.504+0000] {logging_mixin.py:188} INFO - 
--- Memulai Loop Pengambilan Data SIMDASI ---
[2025-07-17T14:44:26.511+0000] {logging_mixin.py:188} INFO - 🔄 Mengambil tahun 2024...
[2025-07-17T14:44:26.965+0000] {logging_mixin.py:188} INFO - -> Data tidak tersedia untuk tahun 2024.
[2025-07-17T14:44:26.969+0000] {logging_mixin.py:188} INFO - 
❌ Gagal Total: Tidak dapat menangkap metadata nama dari tahun manapun. Proses dihentikan.
[2025-07-17T14:44:27.024+0000] {logging_mixin.py:188} INFO - ⚠️ No data processed
[2025-07-17T14:44:27.026+0000] {python.py:237} INFO - Done. Returned value was: None
[2025-07-17T14:44:27.027+0000] {taskinstance.py:441} INFO - ::group::Post task execution logs
[2025-07-17T14:44:27.064+0000] {taskinstance.py:1206} INFO - Marking task as SUCCESS. dag_id=bps_simdasi_pipeline, task_id=process_simdasi_apis.process_api_2, run_id=manual__2025-07-17T14:44:09.669699+00:00, execution_date=20250717T144409, start_date=20250717T144422, end_date=20250717T144427
[2025-07-17T14:44:27.169+0000] {local_task_job_runner.py:240} INFO - Task exited with return code 0
[2025-07-17T14:44:27.231+0000] {taskinstance.py:3503} INFO - 0 downstream tasks scheduled from follow-on schedule check
[2025-07-17T14:44:27.239+0000] {local_task_job_runner.py:222} INFO - ::endgroup::
