[2025-07-17T12:24:08.185+0000] {local_task_job_runner.py:120} INFO - ::group::Pre task execution logs
[2025-07-17T12:24:08.322+0000] {taskinstance.py:2076} INFO - Dependencies all met for dep_context=non-requeueable deps ti=<TaskInstance: bps_simdasi_pipeline.process_simdasi_apis.process_api_4 manual__2025-07-17T12:17:17.887634+00:00 [queued]>
[2025-07-17T12:24:08.350+0000] {taskinstance.py:2076} INFO - Dependencies all met for dep_context=requeueable deps ti=<TaskInstance: bps_simdasi_pipeline.process_simdasi_apis.process_api_4 manual__2025-07-17T12:17:17.887634+00:00 [queued]>
[2025-07-17T12:24:08.352+0000] {taskinstance.py:2306} INFO - Starting attempt 2 of 2
[2025-07-17T12:24:08.398+0000] {taskinstance.py:2330} INFO - Executing <Task(PythonOperator): process_simdasi_apis.process_api_4> on 2025-07-17 12:17:17.887634+00:00
[2025-07-17T12:24:08.429+0000] {warnings.py:112} WARNING - /home/***/.local/lib/python3.12/site-packages/***/task/task_runner/standard_task_runner.py:61: DeprecationWarning: This process (pid=1045) is multi-threaded, use of fork() may lead to deadlocks in the child.
  pid = os.fork()

[2025-07-17T12:24:08.436+0000] {standard_task_runner.py:63} INFO - Started process 1055 to run task
[2025-07-17T12:24:08.439+0000] {standard_task_runner.py:90} INFO - Running: ['***', 'tasks', 'run', 'bps_simdasi_pipeline', 'process_simdasi_apis.process_api_4', 'manual__2025-07-17T12:17:17.887634+00:00', '--job-id', '152', '--raw', '--subdir', 'DAGS_FOLDER/bps_simdasi_pipeline.py.py', '--cfg-path', '/tmp/tmp88k13dgr']
[2025-07-17T12:24:08.441+0000] {standard_task_runner.py:91} INFO - Job 152: Subtask process_simdasi_apis.process_api_4
[2025-07-17T12:24:08.781+0000] {task_command.py:426} INFO - Running <TaskInstance: bps_simdasi_pipeline.process_simdasi_apis.process_api_4 manual__2025-07-17T12:17:17.887634+00:00 [running]> on host be615b49433c
[2025-07-17T12:24:10.862+0000] {taskinstance.py:2648} INFO - Exporting env vars: AIRFLOW_CTX_DAG_OWNER='***' AIRFLOW_CTX_DAG_ID='bps_simdasi_pipeline' AIRFLOW_CTX_TASK_ID='process_simdasi_apis.process_api_4' AIRFLOW_CTX_EXECUTION_DATE='2025-07-17T12:17:17.887634+00:00' AIRFLOW_CTX_TRY_NUMBER='2' AIRFLOW_CTX_DAG_RUN_ID='manual__2025-07-17T12:17:17.887634+00:00'
[2025-07-17T12:24:10.950+0000] {taskinstance.py:430} INFO - ::endgroup::
[2025-07-17T12:24:10.976+0000] {logging_mixin.py:188} INFO - Processing URL: https://webapi.bps.go.id/v1/api/interoperabilitas/datasource/simdasi/id/25/tahun/2020/id_tabel/elJzMTFDZWI0bS9OcGptMVFWNEdhdz09/wilayah/0000000/key/79452e4c302f8921ad36cd2bf55f0630
[2025-07-17T12:24:13.543+0000] {logging_mixin.py:188} INFO - 
--- Memulai Loop Pengambilan Data SIMDASI ---
[2025-07-17T12:24:13.549+0000] {logging_mixin.py:188} INFO - 🔄 Mengambil tahun 2017...
[2025-07-17T12:24:14.919+0000] {logging_mixin.py:188} INFO - 
✅ Metadata awal ditangkap dari tahun 2017:
[2025-07-17T12:24:14.947+0000] {logging_mixin.py:188} INFO -    -> Nama Skema: api_bps_hortikultura_khutanan_perikanan
[2025-07-17T12:24:15.023+0000] {logging_mixin.py:188} INFO -    -> Nama Kolom Label: provinsi
[2025-07-17T12:24:15.071+0000] {logging_mixin.py:188} INFO -    -> ID Kategori (mms_id): 557
[2025-07-17T12:24:15.304+0000] {logging_mixin.py:188} INFO - -> Berhasil memproses data untuk tahun 2017.
[2025-07-17T12:24:15.386+0000] {logging_mixin.py:188} INFO - 🔄 Mengambil tahun 2018...
[2025-07-17T12:24:16.974+0000] {logging_mixin.py:188} INFO - -> Berhasil memproses data untuk tahun 2018.
[2025-07-17T12:24:16.978+0000] {logging_mixin.py:188} INFO - 🔄 Mengambil tahun 2019...
[2025-07-17T12:24:18.414+0000] {logging_mixin.py:188} INFO - -> Berhasil memproses data untuk tahun 2019.
[2025-07-17T12:24:18.417+0000] {logging_mixin.py:188} INFO - 🔄 Mengambil tahun 2020...
[2025-07-17T12:24:19.622+0000] {logging_mixin.py:188} INFO - -> Berhasil memproses data untuk tahun 2020.
[2025-07-17T12:24:19.627+0000] {logging_mixin.py:188} INFO - 
✅ Nama tabel final diatur ke: 'prdks_prkbnn_mnrt_jns_tnmn_mnrt_prvns_rb_tn_2020' (berdasarkan judul dari tahun terakhir yang tersedia).
[2025-07-17T12:24:22.485+0000] {logging_mixin.py:188} INFO - ✅ Data saved to api_bps_hortikultura_khutanan_perikanan.prdks_prkbnn_mnrt_jns_tnmn_mnrt_prvns_rb_tn_2020
[2025-07-17T12:24:22.536+0000] {python.py:237} INFO - Done. Returned value was: None
[2025-07-17T12:24:22.722+0000] {taskinstance.py:441} INFO - ::group::Post task execution logs
[2025-07-17T12:24:23.483+0000] {taskinstance.py:1206} INFO - Marking task as SUCCESS. dag_id=bps_simdasi_pipeline, task_id=process_simdasi_apis.process_api_4, run_id=manual__2025-07-17T12:17:17.887634+00:00, execution_date=20250717T121717, start_date=20250717T122408, end_date=20250717T122423
[2025-07-17T12:24:24.266+0000] {local_task_job_runner.py:240} INFO - Task exited with return code 0
[2025-07-17T12:24:24.434+0000] {taskinstance.py:3503} INFO - 0 downstream tasks scheduled from follow-on schedule check
[2025-07-17T12:24:24.446+0000] {local_task_job_runner.py:222} INFO - ::endgroup::
