[2025-07-17T15:24:29.249+0000] {local_task_job_runner.py:120} INFO - ::group::Pre task execution logs
[2025-07-17T15:24:29.324+0000] {taskinstance.py:2076} INFO - Dependencies all met for dep_context=non-requeueable deps ti=<TaskInstance: bps_simdasi_pipeline.process_simdasi_apis.process_api_5 manual__2025-07-17T15:22:43.606411+00:00 [queued]>
[2025-07-17T15:24:29.354+0000] {taskinstance.py:2076} INFO - Dependencies all met for dep_context=requeueable deps ti=<TaskInstance: bps_simdasi_pipeline.process_simdasi_apis.process_api_5 manual__2025-07-17T15:22:43.606411+00:00 [queued]>
[2025-07-17T15:24:29.356+0000] {taskinstance.py:2306} INFO - Starting attempt 1 of 2
[2025-07-17T15:24:29.415+0000] {taskinstance.py:2330} INFO - Executing <Task(PythonOperator): process_simdasi_apis.process_api_5> on 2025-07-17 15:22:43.606411+00:00
[2025-07-17T15:24:29.459+0000] {warnings.py:112} WARNING - /home/***/.local/lib/python3.12/site-packages/***/task/task_runner/standard_task_runner.py:61: DeprecationWarning: This process (pid=835) is multi-threaded, use of fork() may lead to deadlocks in the child.
  pid = os.fork()

[2025-07-17T15:24:29.466+0000] {standard_task_runner.py:63} INFO - Started process 882 to run task
[2025-07-17T15:24:29.470+0000] {standard_task_runner.py:90} INFO - Running: ['***', 'tasks', 'run', 'bps_simdasi_pipeline', 'process_simdasi_apis.process_api_5', 'manual__2025-07-17T15:22:43.606411+00:00', '--job-id', '194', '--raw', '--subdir', 'DAGS_FOLDER/bps_simdasi_pipeline.py', '--cfg-path', '/tmp/tmp_90lr4it']
[2025-07-17T15:24:29.477+0000] {standard_task_runner.py:91} INFO - Job 194: Subtask process_simdasi_apis.process_api_5
[2025-07-17T15:24:29.688+0000] {task_command.py:426} INFO - Running <TaskInstance: bps_simdasi_pipeline.process_simdasi_apis.process_api_5 manual__2025-07-17T15:22:43.606411+00:00 [running]> on host be615b49433c
[2025-07-17T15:24:30.030+0000] {taskinstance.py:2648} INFO - Exporting env vars: AIRFLOW_CTX_DAG_OWNER='***' AIRFLOW_CTX_DAG_ID='bps_simdasi_pipeline' AIRFLOW_CTX_TASK_ID='process_simdasi_apis.process_api_5' AIRFLOW_CTX_EXECUTION_DATE='2025-07-17T15:22:43.606411+00:00' AIRFLOW_CTX_TRY_NUMBER='1' AIRFLOW_CTX_DAG_RUN_ID='manual__2025-07-17T15:22:43.606411+00:00'
[2025-07-17T15:24:30.040+0000] {taskinstance.py:430} INFO - ::endgroup::
[2025-07-17T15:24:30.043+0000] {logging_mixin.py:188} INFO - Processing URL: https://webapi.bps.go.id/v1/api/interoperabilitas/datasource/simdasi/id/25/tahun/2024/id_tabel/S2ViU1dwVTlpSXRwU1MvendHN05Cdz09/wilayah/3500000/key/79452e4c302f8921ad36cd2bf55f0630
[2025-07-17T15:24:30.048+0000] {logging_mixin.py:188} INFO - 
🔄 Mencoba mengambil daftar tahun yang tersedia secara otomatis...
[2025-07-17T15:24:32.622+0000] {logging_mixin.py:188} INFO - ✅ Tahun yang tersedia ditemukan: [2017, 2018, 2019, 2020, 2021, 2022, 2023, 2024]
[2025-07-17T15:24:32.637+0000] {logging_mixin.py:188} INFO - 
--- Memulai Loop Pengambilan Data SIMDASI ---
[2025-07-17T15:24:32.655+0000] {logging_mixin.py:188} INFO - 🔄 Mengambil tahun 2017...
[2025-07-17T15:24:34.756+0000] {logging_mixin.py:188} INFO - 
✅ Metadata awal ditangkap dari tahun 2017:
[2025-07-17T15:24:34.758+0000] {logging_mixin.py:188} INFO -    -> Nama Skema: api_bps_hortikultura_perkebunan_peternakan
[2025-07-17T15:24:34.762+0000] {logging_mixin.py:188} INFO -    -> Nama Kolom Label: kabupatenkota
[2025-07-17T15:24:34.764+0000] {logging_mixin.py:188} INFO -    -> ID Kategori (mms_id): 557
[2025-07-17T15:24:34.766+0000] {logging_mixin.py:188} INFO - -> Berhasil memproses data untuk tahun 2017.
[2025-07-17T15:24:34.768+0000] {logging_mixin.py:188} INFO - 🔄 Mengambil tahun 2018...
[2025-07-17T15:24:36.758+0000] {logging_mixin.py:188} INFO - -> Berhasil memproses data untuk tahun 2018.
[2025-07-17T15:24:36.760+0000] {logging_mixin.py:188} INFO - 🔄 Mengambil tahun 2019...
[2025-07-17T15:24:39.510+0000] {logging_mixin.py:188} INFO - -> Berhasil memproses data untuk tahun 2019.
[2025-07-17T15:24:39.511+0000] {logging_mixin.py:188} INFO - 🔄 Mengambil tahun 2020...
[2025-07-17T15:24:41.391+0000] {logging_mixin.py:188} INFO - -> Berhasil memproses data untuk tahun 2020.
[2025-07-17T15:24:41.393+0000] {logging_mixin.py:188} INFO - 🔄 Mengambil tahun 2021...
[2025-07-17T15:24:43.286+0000] {logging_mixin.py:188} INFO - -> Berhasil memproses data untuk tahun 2021.
[2025-07-17T15:24:43.287+0000] {logging_mixin.py:188} INFO - 🔄 Mengambil tahun 2022...
[2025-07-17T15:24:45.374+0000] {logging_mixin.py:188} INFO - -> Berhasil memproses data untuk tahun 2022.
[2025-07-17T15:24:45.375+0000] {logging_mixin.py:188} INFO - 🔄 Mengambil tahun 2023...
[2025-07-17T15:24:47.259+0000] {logging_mixin.py:188} INFO - -> Berhasil memproses data untuk tahun 2023.
[2025-07-17T15:24:47.261+0000] {logging_mixin.py:188} INFO - 🔄 Mengambil tahun 2024...
[2025-07-17T15:24:49.198+0000] {logging_mixin.py:188} INFO - -> Berhasil memproses data untuk tahun 2024.
[2025-07-17T15:24:50.618+0000] {logging_mixin.py:188} INFO - ✅ Data saved to api_bps_hortikultura_perkebunan_peternakan.ppls_trnk_mnrt_kbptnkt_dn_jns_trnk_d_prvns_jw_tmr_kr_2024
[2025-07-17T15:24:50.620+0000] {python.py:237} INFO - Done. Returned value was: None
[2025-07-17T15:24:50.624+0000] {taskinstance.py:441} INFO - ::group::Post task execution logs
[2025-07-17T15:24:50.649+0000] {taskinstance.py:1206} INFO - Marking task as SUCCESS. dag_id=bps_simdasi_pipeline, task_id=process_simdasi_apis.process_api_5, run_id=manual__2025-07-17T15:22:43.606411+00:00, execution_date=20250717T152243, start_date=20250717T152429, end_date=20250717T152450
[2025-07-17T15:24:50.741+0000] {local_task_job_runner.py:240} INFO - Task exited with return code 0
[2025-07-17T15:24:50.802+0000] {taskinstance.py:3503} INFO - 0 downstream tasks scheduled from follow-on schedule check
[2025-07-17T15:24:50.810+0000] {local_task_job_runner.py:222} INFO - ::endgroup::
