[2025-07-17T15:01:26.708+0000] {local_task_job_runner.py:120} INFO - ::group::Pre task execution logs
[2025-07-17T15:01:26.769+0000] {taskinstance.py:2076} INFO - Dependencies all met for dep_context=non-requeueable deps ti=<TaskInstance: bps_simdasi_pipeline.process_simdasi_apis.process_api_1 manual__2025-07-17T15:01:16.979938+00:00 [queued]>
[2025-07-17T15:01:26.787+0000] {taskinstance.py:2076} INFO - Dependencies all met for dep_context=requeueable deps ti=<TaskInstance: bps_simdasi_pipeline.process_simdasi_apis.process_api_1 manual__2025-07-17T15:01:16.979938+00:00 [queued]>
[2025-07-17T15:01:26.789+0000] {taskinstance.py:2306} INFO - Starting attempt 1 of 2
[2025-07-17T15:01:26.832+0000] {taskinstance.py:2330} INFO - Executing <Task(PythonOperator): process_simdasi_apis.process_api_1> on 2025-07-17 15:01:16.979938+00:00
[2025-07-17T15:01:26.856+0000] {warnings.py:112} WARNING - /home/***/.local/lib/python3.12/site-packages/***/task/task_runner/standard_task_runner.py:61: DeprecationWarning: This process (pid=550) is multi-threaded, use of fork() may lead to deadlocks in the child.
  pid = os.fork()

[2025-07-17T15:01:26.861+0000] {standard_task_runner.py:63} INFO - Started process 560 to run task
[2025-07-17T15:01:26.860+0000] {standard_task_runner.py:90} INFO - Running: ['***', 'tasks', 'run', 'bps_simdasi_pipeline', 'process_simdasi_apis.process_api_1', 'manual__2025-07-17T15:01:16.979938+00:00', '--job-id', '178', '--raw', '--subdir', 'DAGS_FOLDER/bps_simdasi_pipeline.py', '--cfg-path', '/tmp/tmp539_5gkh']
[2025-07-17T15:01:26.863+0000] {standard_task_runner.py:91} INFO - Job 178: Subtask process_simdasi_apis.process_api_1
[2025-07-17T15:01:27.011+0000] {task_command.py:426} INFO - Running <TaskInstance: bps_simdasi_pipeline.process_simdasi_apis.process_api_1 manual__2025-07-17T15:01:16.979938+00:00 [running]> on host be615b49433c
[2025-07-17T15:01:27.316+0000] {taskinstance.py:2648} INFO - Exporting env vars: AIRFLOW_CTX_DAG_OWNER='***' AIRFLOW_CTX_DAG_ID='bps_simdasi_pipeline' AIRFLOW_CTX_TASK_ID='process_simdasi_apis.process_api_1' AIRFLOW_CTX_EXECUTION_DATE='2025-07-17T15:01:16.979938+00:00' AIRFLOW_CTX_TRY_NUMBER='1' AIRFLOW_CTX_DAG_RUN_ID='manual__2025-07-17T15:01:16.979938+00:00'
[2025-07-17T15:01:27.320+0000] {taskinstance.py:430} INFO - ::endgroup::
[2025-07-17T15:01:27.322+0000] {logging_mixin.py:188} INFO - Processing URL: https://webapi.bps.go.id/v1/api/interoperabilitas/datasource/simdasi/id/25/tahun/2019/id_tabel/SENxVDdSbVprRGF2Sk91UTdGcVdTdz09/wilayah/0000000/key/79452e4c302f8921ad36cd2bf55f0630
[2025-07-17T15:01:27.323+0000] {logging_mixin.py:188} INFO - 
🔄 Mencoba mengambil daftar tahun yang tersedia secara otomatis...
[2025-07-17T15:01:29.477+0000] {logging_mixin.py:188} INFO - ✅ Tahun yang tersedia ditemukan: [2016, 2017, 2018, 2019, 2020, 2021, 2022, 2023]
[2025-07-17T15:01:29.482+0000] {logging_mixin.py:188} INFO - 
--- Memulai Loop Pengambilan Data SIMDASI ---
[2025-07-17T15:01:29.484+0000] {logging_mixin.py:188} INFO - 🔄 Mengambil tahun 2016...
[2025-07-17T15:01:31.561+0000] {logging_mixin.py:188} INFO - 
✅ Metadata awal ditangkap dari tahun 2016:
[2025-07-17T15:01:31.562+0000] {logging_mixin.py:188} INFO -    -> Nama Skema: api_bps_transportasi
[2025-07-17T15:01:31.563+0000] {logging_mixin.py:188} INFO -    -> Nama Kolom Label: provinsi
[2025-07-17T15:01:31.565+0000] {logging_mixin.py:188} INFO -    -> ID Kategori (mms_id): 560
[2025-07-17T15:01:31.566+0000] {logging_mixin.py:188} INFO - -> Berhasil memproses data untuk tahun 2016.
[2025-07-17T15:01:31.567+0000] {logging_mixin.py:188} INFO - 🔄 Mengambil tahun 2017...
[2025-07-17T15:01:33.476+0000] {logging_mixin.py:188} INFO - -> Berhasil memproses data untuk tahun 2017.
[2025-07-17T15:01:33.478+0000] {logging_mixin.py:188} INFO - 🔄 Mengambil tahun 2018...
[2025-07-17T15:01:36.448+0000] {logging_mixin.py:188} INFO - -> Berhasil memproses data untuk tahun 2018.
[2025-07-17T15:01:36.450+0000] {logging_mixin.py:188} INFO - 🔄 Mengambil tahun 2019...
[2025-07-17T15:01:38.313+0000] {logging_mixin.py:188} INFO - -> Berhasil memproses data untuk tahun 2019.
[2025-07-17T15:01:38.315+0000] {logging_mixin.py:188} INFO - 🔄 Mengambil tahun 2020...
[2025-07-17T15:01:40.133+0000] {logging_mixin.py:188} INFO - -> Berhasil memproses data untuk tahun 2020.
[2025-07-17T15:01:40.135+0000] {logging_mixin.py:188} INFO - 🔄 Mengambil tahun 2021...
[2025-07-17T15:01:42.365+0000] {logging_mixin.py:188} INFO - -> Berhasil memproses data untuk tahun 2021.
[2025-07-17T15:01:42.367+0000] {logging_mixin.py:188} INFO - 🔄 Mengambil tahun 2022...
[2025-07-17T15:01:44.297+0000] {logging_mixin.py:188} INFO - -> Berhasil memproses data untuk tahun 2022.
[2025-07-17T15:01:44.298+0000] {logging_mixin.py:188} INFO - 🔄 Mengambil tahun 2023...
[2025-07-17T15:01:46.211+0000] {logging_mixin.py:188} INFO - -> Berhasil memproses data untuk tahun 2023.
[2025-07-17T15:01:46.212+0000] {logging_mixin.py:188} INFO - 
✅ Nama tabel final diatur ke: 'pnjng_jln_mnrt_prvns_dn_tngkt_kwnngn_pmrnthn_ltspgt1ltspgt_2019' (berdasarkan judul dari tahun terakhir yang tersedia).
[2025-07-17T15:01:47.561+0000] {logging_mixin.py:188} INFO - ✅ Data saved to api_bps_transportasi.pnjng_jln_mnrt_prvns_dn_tngkt_kwnngn_pmrnthn_ltspgt1ltspgt_2019
[2025-07-17T15:01:47.563+0000] {python.py:237} INFO - Done. Returned value was: None
[2025-07-17T15:01:47.566+0000] {taskinstance.py:441} INFO - ::group::Post task execution logs
[2025-07-17T15:01:47.588+0000] {taskinstance.py:1206} INFO - Marking task as SUCCESS. dag_id=bps_simdasi_pipeline, task_id=process_simdasi_apis.process_api_1, run_id=manual__2025-07-17T15:01:16.979938+00:00, execution_date=20250717T150116, start_date=20250717T150126, end_date=20250717T150147
[2025-07-17T15:01:47.681+0000] {local_task_job_runner.py:240} INFO - Task exited with return code 0
[2025-07-17T15:01:47.710+0000] {taskinstance.py:3503} INFO - 0 downstream tasks scheduled from follow-on schedule check
[2025-07-17T15:01:47.714+0000] {local_task_job_runner.py:222} INFO - ::endgroup::
