[2025-07-17T15:23:42.502+0000] {local_task_job_runner.py:120} INFO - ::group::Pre task execution logs
[2025-07-17T15:23:42.910+0000] {taskinstance.py:2076} INFO - Dependencies all met for dep_context=non-requeueable deps ti=<TaskInstance: bps_simdasi_pipeline.process_simdasi_apis.process_api_6 manual__2025-07-17T15:22:43.606411+00:00 [queued]>
[2025-07-17T15:23:42.968+0000] {taskinstance.py:2076} INFO - Dependencies all met for dep_context=requeueable deps ti=<TaskInstance: bps_simdasi_pipeline.process_simdasi_apis.process_api_6 manual__2025-07-17T15:22:43.606411+00:00 [queued]>
[2025-07-17T15:23:42.973+0000] {taskinstance.py:2306} INFO - Starting attempt 1 of 2
[2025-07-17T15:23:43.188+0000] {taskinstance.py:2330} INFO - Executing <Task(PythonOperator): process_simdasi_apis.process_api_6> on 2025-07-17 15:22:43.606411+00:00
[2025-07-17T15:23:43.691+0000] {warnings.py:112} WARNING - /home/***/.local/lib/python3.12/site-packages/***/task/task_runner/standard_task_runner.py:61: DeprecationWarning: This process (pid=840) is multi-threaded, use of fork() may lead to deadlocks in the child.
  pid = os.fork()

[2025-07-17T15:23:44.025+0000] {standard_task_runner.py:63} INFO - Started process 871 to run task
[2025-07-17T15:23:44.813+0000] {standard_task_runner.py:90} INFO - Running: ['***', 'tasks', 'run', 'bps_simdasi_pipeline', 'process_simdasi_apis.process_api_6', 'manual__2025-07-17T15:22:43.606411+00:00', '--job-id', '191', '--raw', '--subdir', 'DAGS_FOLDER/bps_simdasi_pipeline.py', '--cfg-path', '/tmp/tmp1nwf30d0']
[2025-07-17T15:23:44.959+0000] {standard_task_runner.py:91} INFO - Job 191: Subtask process_simdasi_apis.process_api_6
[2025-07-17T15:23:46.511+0000] {task_command.py:426} INFO - Running <TaskInstance: bps_simdasi_pipeline.process_simdasi_apis.process_api_6 manual__2025-07-17T15:22:43.606411+00:00 [running]> on host be615b49433c
[2025-07-17T15:23:49.912+0000] {taskinstance.py:2648} INFO - Exporting env vars: AIRFLOW_CTX_DAG_OWNER='***' AIRFLOW_CTX_DAG_ID='bps_simdasi_pipeline' AIRFLOW_CTX_TASK_ID='process_simdasi_apis.process_api_6' AIRFLOW_CTX_EXECUTION_DATE='2025-07-17T15:22:43.606411+00:00' AIRFLOW_CTX_TRY_NUMBER='1' AIRFLOW_CTX_DAG_RUN_ID='manual__2025-07-17T15:22:43.606411+00:00'
[2025-07-17T15:23:49.923+0000] {taskinstance.py:430} INFO - ::endgroup::
[2025-07-17T15:23:49.926+0000] {logging_mixin.py:188} INFO - Processing URL: https://webapi.bps.go.id/v1/api/interoperabilitas/datasource/simdasi/id/25/tahun/2023/id_tabel/RjhwOFhnQm9Na2piQWZrOFd5Zmp1Zz09/wilayah/3500000/key/79452e4c302f8921ad36cd2bf55f0630
[2025-07-17T15:23:49.929+0000] {logging_mixin.py:188} INFO - 
🔄 Mencoba mengambil daftar tahun yang tersedia secara otomatis...
[2025-07-17T15:23:56.184+0000] {logging_mixin.py:188} INFO - ✅ Tahun yang tersedia ditemukan: [2017, 2018, 2022, 2023]
[2025-07-17T15:23:56.224+0000] {logging_mixin.py:188} INFO - 
--- Memulai Loop Pengambilan Data SIMDASI ---
[2025-07-17T15:23:56.230+0000] {logging_mixin.py:188} INFO - 🔄 Mengambil tahun 2017...
[2025-07-17T15:23:57.362+0000] {logging_mixin.py:188} INFO - 
✅ Metadata awal ditangkap dari tahun 2017:
[2025-07-17T15:23:57.364+0000] {logging_mixin.py:188} INFO -    -> Nama Skema: api_bps_pertanian_kehutanan_perikanan
[2025-07-17T15:23:57.379+0000] {logging_mixin.py:188} INFO -    -> Nama Kolom Label: kabupatenkota
[2025-07-17T15:23:57.381+0000] {logging_mixin.py:188} INFO -    -> ID Kategori (mms_id): 557
[2025-07-17T15:23:57.385+0000] {logging_mixin.py:188} INFO - -> Berhasil memproses data untuk tahun 2017.
[2025-07-17T15:23:57.389+0000] {logging_mixin.py:188} INFO - 🔄 Mengambil tahun 2018...
[2025-07-17T15:23:58.633+0000] {logging_mixin.py:188} INFO - -> Berhasil memproses data untuk tahun 2018.
[2025-07-17T15:23:58.663+0000] {logging_mixin.py:188} INFO - 🔄 Mengambil tahun 2022...
[2025-07-17T15:24:00.534+0000] {logging_mixin.py:188} INFO - -> Berhasil memproses data untuk tahun 2022.
[2025-07-17T15:24:00.555+0000] {logging_mixin.py:188} INFO - 🔄 Mengambil tahun 2023...
[2025-07-17T15:24:01.703+0000] {logging_mixin.py:188} INFO - -> Berhasil memproses data untuk tahun 2023.
[2025-07-17T15:24:04.570+0000] {logging_mixin.py:188} INFO - ✅ Data saved to api_bps_pertanian_kehutanan_perikanan.ls_kwsn_htn_dn_prrn_mnrt_kbptnkt_d_prvns_jw_tmr_h_2023
[2025-07-17T15:24:04.605+0000] {python.py:237} INFO - Done. Returned value was: None
[2025-07-17T15:24:04.659+0000] {taskinstance.py:441} INFO - ::group::Post task execution logs
[2025-07-17T15:24:04.763+0000] {taskinstance.py:1206} INFO - Marking task as SUCCESS. dag_id=bps_simdasi_pipeline, task_id=process_simdasi_apis.process_api_6, run_id=manual__2025-07-17T15:22:43.606411+00:00, execution_date=20250717T152243, start_date=20250717T152342, end_date=20250717T152404
[2025-07-17T15:24:04.941+0000] {local_task_job_runner.py:240} INFO - Task exited with return code 0
[2025-07-17T15:24:05.007+0000] {taskinstance.py:3503} INFO - 0 downstream tasks scheduled from follow-on schedule check
[2025-07-17T15:24:05.015+0000] {local_task_job_runner.py:222} INFO - ::endgroup::
