[2025-07-14T15:17:05.984+0000] {local_task_job_runner.py:120} INFO - ::group::Pre task execution logs
[2025-07-14T15:17:06.157+0000] {taskinstance.py:2076} INFO - Dependencies all met for dep_context=non-requeueable deps ti=<TaskInstance: bps_simdasi_pipeline_direct_db.get_data_task manual__2025-07-14T15:16:43.618080+00:00 map_index=0 [queued]>
[2025-07-14T15:17:06.198+0000] {taskinstance.py:2076} INFO - Dependencies all met for dep_context=requeueable deps ti=<TaskInstance: bps_simdasi_pipeline_direct_db.get_data_task manual__2025-07-14T15:16:43.618080+00:00 map_index=0 [queued]>
[2025-07-14T15:17:06.201+0000] {taskinstance.py:2306} INFO - Starting attempt 1 of 1
[2025-07-14T15:17:06.346+0000] {taskinstance.py:2330} INFO - Executing <Mapped(_PythonDecoratedOperator): get_data_task> on 2025-07-14 15:16:43.618080+00:00
[2025-07-14T15:17:06.416+0000] {warnings.py:112} WARNING - /home/***/.local/lib/python3.12/site-packages/***/task/task_runner/standard_task_runner.py:61: DeprecationWarning: This process (pid=259) is multi-threaded, use of fork() may lead to deadlocks in the child.
  pid = os.fork()

[2025-07-14T15:17:06.418+0000] {standard_task_runner.py:90} INFO - Running: ['***', 'tasks', 'run', 'bps_simdasi_pipeline_direct_db', 'get_data_task', 'manual__2025-07-14T15:16:43.618080+00:00', '--job-id', '82', '--raw', '--subdir', 'DAGS_FOLDER/script/dag_simdasi.py', '--cfg-path', '/tmp/tmpg6ouah_x', '--map-index', '0']
[2025-07-14T15:17:06.431+0000] {standard_task_runner.py:91} INFO - Job 82: Subtask get_data_task
[2025-07-14T15:17:06.426+0000] {standard_task_runner.py:63} INFO - Started process 263 to run task
[2025-07-14T15:17:06.828+0000] {task_command.py:426} INFO - Running <TaskInstance: bps_simdasi_pipeline_direct_db.get_data_task manual__2025-07-14T15:16:43.618080+00:00 map_index=0 [running]> on host be615b49433c
[2025-07-14T15:17:07.348+0000] {taskinstance.py:2648} INFO - Exporting env vars: AIRFLOW_CTX_DAG_OWNER='***' AIRFLOW_CTX_DAG_ID='bps_simdasi_pipeline_direct_db' AIRFLOW_CTX_TASK_ID='get_data_task' AIRFLOW_CTX_EXECUTION_DATE='2025-07-14T15:16:43.618080+00:00' AIRFLOW_CTX_TRY_NUMBER='1' AIRFLOW_CTX_DAG_RUN_ID='manual__2025-07-14T15:16:43.618080+00:00'
[2025-07-14T15:17:07.357+0000] {taskinstance.py:430} INFO - ::endgroup::
[2025-07-14T15:17:07.358+0000] {logging_mixin.py:188} INFO - Memproses URL: https://webapi.bps.go.id/v1/api/interoperabilitas/datasource/simdasi/id/25/tahun/{tahun}/id_tabel/SnM1eUlLcDgxNDR4aEowTlJpbjh3Zz09/wilayah/0000000/key/79452e4c302f8921ad36cd2bf55f0630/
[2025-07-14T15:17:07.361+0000] {logging_mixin.py:188} INFO - 
🔄 Mencoba mengambil daftar tahun yang tersedia...
[2025-07-14T15:17:10.149+0000] {logging_mixin.py:188} INFO - ⚠️ Menggunakan rentang tahun default: [2020, 2021, 2022, 2023, 2024, 2025]
[2025-07-14T15:17:11.193+0000] {logging_mixin.py:188} INFO - ✅ Metadata ditangkap: Skema='api_bps_default', Tabel='default_table'
[2025-07-14T15:17:14.686+0000] {python.py:237} INFO - Done. Returned value was: None
[2025-07-14T15:17:14.689+0000] {taskinstance.py:441} INFO - ::group::Post task execution logs
[2025-07-14T15:17:14.716+0000] {taskinstance.py:1206} INFO - Marking task as SUCCESS. dag_id=bps_simdasi_pipeline_direct_db, task_id=get_data_task, run_id=manual__2025-07-14T15:16:43.618080+00:00, map_index=0, execution_date=20250714T151643, start_date=20250714T151706, end_date=20250714T151714
[2025-07-14T15:17:14.813+0000] {local_task_job_runner.py:240} INFO - Task exited with return code 0
[2025-07-14T15:17:14.887+0000] {taskinstance.py:3503} INFO - 0 downstream tasks scheduled from follow-on schedule check
[2025-07-14T15:17:14.893+0000] {local_task_job_runner.py:222} INFO - ::endgroup::
