[2025-07-17T11:51:21.384+0000] {local_task_job_runner.py:120} INFO - ::group::Pre task execution logs
[2025-07-17T11:51:21.873+0000] {taskinstance.py:2076} INFO - Dependencies all met for dep_context=non-requeueable deps ti=<TaskInstance: bps_simdasi_pipeline.process_simdasi_apis.process_api_6 manual__2025-07-17T11:44:46.952680+00:00 [queued]>
[2025-07-17T11:51:22.012+0000] {taskinstance.py:2076} INFO - Dependencies all met for dep_context=requeueable deps ti=<TaskInstance: bps_simdasi_pipeline.process_simdasi_apis.process_api_6 manual__2025-07-17T11:44:46.952680+00:00 [queued]>
[2025-07-17T11:51:22.020+0000] {taskinstance.py:2306} INFO - Starting attempt 2 of 2
[2025-07-17T11:51:22.213+0000] {taskinstance.py:2330} INFO - Executing <Task(PythonOperator): process_simdasi_apis.process_api_6> on 2025-07-17 11:44:46.952680+00:00
[2025-07-17T11:51:22.857+0000] {warnings.py:112} WARNING - /home/***/.local/lib/python3.12/site-packages/***/task/task_runner/standard_task_runner.py:61: DeprecationWarning: This process (pid=598) is multi-threaded, use of fork() may lead to deadlocks in the child.
  pid = os.fork()

[2025-07-17T11:51:22.949+0000] {standard_task_runner.py:90} INFO - Running: ['***', 'tasks', 'run', 'bps_simdasi_pipeline', 'process_simdasi_apis.process_api_6', 'manual__2025-07-17T11:44:46.952680+00:00', '--job-id', '144', '--raw', '--subdir', 'DAGS_FOLDER/bps_simdasi_pipeline.py.py', '--cfg-path', '/tmp/tmpbxpk9xv3']
[2025-07-17T11:51:23.000+0000] {standard_task_runner.py:63} INFO - Started process 620 to run task
[2025-07-17T11:51:22.988+0000] {standard_task_runner.py:91} INFO - Job 144: Subtask process_simdasi_apis.process_api_6
[2025-07-17T11:51:25.678+0000] {task_command.py:426} INFO - Running <TaskInstance: bps_simdasi_pipeline.process_simdasi_apis.process_api_6 manual__2025-07-17T11:44:46.952680+00:00 [running]> on host be615b49433c
[2025-07-17T11:51:29.130+0000] {taskinstance.py:2648} INFO - Exporting env vars: AIRFLOW_CTX_DAG_OWNER='***' AIRFLOW_CTX_DAG_ID='bps_simdasi_pipeline' AIRFLOW_CTX_TASK_ID='process_simdasi_apis.process_api_6' AIRFLOW_CTX_EXECUTION_DATE='2025-07-17T11:44:46.952680+00:00' AIRFLOW_CTX_TRY_NUMBER='2' AIRFLOW_CTX_DAG_RUN_ID='manual__2025-07-17T11:44:46.952680+00:00'
[2025-07-17T11:51:29.472+0000] {taskinstance.py:430} INFO - ::endgroup::
[2025-07-17T11:51:29.643+0000] {logging_mixin.py:188} INFO - Processing URL: https://webapi.bps.go.id/v1/api/interoperabilitas/datasource/simdasi/id/25/tahun/2023/id_tabel/RjhwOFhnQm9Na2piQWZrOFd5Zmp1Zz09/wilayah/3500000/key/79452e4c302f8921ad36cd2bf55f0630
[2025-07-17T11:51:33.651+0000] {logging_mixin.py:188} INFO - 
--- Memulai Loop Pengambilan Data SIMDASI ---
[2025-07-17T11:51:33.716+0000] {logging_mixin.py:188} INFO - 🔄 Mengambil tahun 2017...
[2025-07-17T11:51:36.002+0000] {logging_mixin.py:188} INFO - 
✅ Metadata awal ditangkap dari tahun 2017:
[2025-07-17T11:51:36.011+0000] {logging_mixin.py:188} INFO -    -> Nama Skema: api_bps_pertanian_kehutanan_perikanan
[2025-07-17T11:51:36.024+0000] {logging_mixin.py:188} INFO -    -> Nama Kolom Label: kabupatenkota
[2025-07-17T11:51:36.030+0000] {logging_mixin.py:188} INFO -    -> ID Kategori (mms_id): 557
[2025-07-17T11:51:36.038+0000] {logging_mixin.py:188} INFO - -> Berhasil memproses data untuk tahun 2017.
[2025-07-17T11:51:36.046+0000] {logging_mixin.py:188} INFO - 🔄 Mengambil tahun 2018...
[2025-07-17T11:51:37.645+0000] {logging_mixin.py:188} INFO - -> Berhasil memproses data untuk tahun 2018.
[2025-07-17T11:51:37.652+0000] {logging_mixin.py:188} INFO - 🔄 Mengambil tahun 2022...
[2025-07-17T11:51:39.778+0000] {logging_mixin.py:188} INFO - -> Berhasil memproses data untuk tahun 2022.
[2025-07-17T11:51:39.789+0000] {logging_mixin.py:188} INFO - 🔄 Mengambil tahun 2023...
[2025-07-17T11:51:41.727+0000] {logging_mixin.py:188} INFO - -> Berhasil memproses data untuk tahun 2023.
[2025-07-17T11:51:41.762+0000] {logging_mixin.py:188} INFO - 
✅ Nama tabel final diatur ke: 'ls_kwsn_htn_dn_prrn_mnrt_kbptnkt_d_prvns_jw_tmr_h_2023' (berdasarkan judul dari tahun terakhir yang tersedia).
[2025-07-17T11:51:43.507+0000] {logging_mixin.py:188} INFO - ❌ Database error: connection to server at "103.183.92.158", port 5432 failed: FATAL:  sorry, too many clients already
[2025-07-17T11:51:43.520+0000] {python.py:237} INFO - Done. Returned value was: None
[2025-07-17T11:51:43.522+0000] {taskinstance.py:441} INFO - ::group::Post task execution logs
[2025-07-17T11:51:43.703+0000] {taskinstance.py:1206} INFO - Marking task as SUCCESS. dag_id=bps_simdasi_pipeline, task_id=process_simdasi_apis.process_api_6, run_id=manual__2025-07-17T11:44:46.952680+00:00, execution_date=20250717T114446, start_date=20250717T115121, end_date=20250717T115143
[2025-07-17T11:51:43.907+0000] {local_task_job_runner.py:240} INFO - Task exited with return code 0
[2025-07-17T11:51:43.979+0000] {taskinstance.py:3503} INFO - 0 downstream tasks scheduled from follow-on schedule check
[2025-07-17T11:51:43.994+0000] {local_task_job_runner.py:222} INFO - ::endgroup::
