[2025-07-17T15:23:49.639+0000] {local_task_job_runner.py:120} INFO - ::group::Pre task execution logs
[2025-07-17T15:23:49.892+0000] {taskinstance.py:2076} INFO - Dependencies all met for dep_context=non-requeueable deps ti=<TaskInstance: bps_simdasi_pipeline.process_simdasi_apis.process_api_2 manual__2025-07-17T15:22:43.606411+00:00 [queued]>
[2025-07-17T15:23:49.978+0000] {taskinstance.py:2076} INFO - Dependencies all met for dep_context=requeueable deps ti=<TaskInstance: bps_simdasi_pipeline.process_simdasi_apis.process_api_2 manual__2025-07-17T15:22:43.606411+00:00 [queued]>
[2025-07-17T15:23:49.983+0000] {taskinstance.py:2306} INFO - Starting attempt 1 of 2
[2025-07-17T15:23:50.068+0000] {taskinstance.py:2330} INFO - Executing <Task(PythonOperator): process_simdasi_apis.process_api_2> on 2025-07-17 15:22:43.606411+00:00
[2025-07-17T15:23:50.106+0000] {warnings.py:112} WARNING - /home/***/.local/lib/python3.12/site-packages/***/task/task_runner/standard_task_runner.py:61: DeprecationWarning: This process (pid=847) is multi-threaded, use of fork() may lead to deadlocks in the child.
  pid = os.fork()

[2025-07-17T15:23:50.128+0000] {standard_task_runner.py:63} INFO - Started process 874 to run task
[2025-07-17T15:23:50.158+0000] {standard_task_runner.py:90} INFO - Running: ['***', 'tasks', 'run', 'bps_simdasi_pipeline', 'process_simdasi_apis.process_api_2', 'manual__2025-07-17T15:22:43.606411+00:00', '--job-id', '192', '--raw', '--subdir', 'DAGS_FOLDER/bps_simdasi_pipeline.py', '--cfg-path', '/tmp/tmpeusxm5sr']
[2025-07-17T15:23:50.169+0000] {standard_task_runner.py:91} INFO - Job 192: Subtask process_simdasi_apis.process_api_2
[2025-07-17T15:23:51.634+0000] {task_command.py:426} INFO - Running <TaskInstance: bps_simdasi_pipeline.process_simdasi_apis.process_api_2 manual__2025-07-17T15:22:43.606411+00:00 [running]> on host be615b49433c
[2025-07-17T15:23:56.292+0000] {taskinstance.py:2648} INFO - Exporting env vars: AIRFLOW_CTX_DAG_OWNER='***' AIRFLOW_CTX_DAG_ID='bps_simdasi_pipeline' AIRFLOW_CTX_TASK_ID='process_simdasi_apis.process_api_2' AIRFLOW_CTX_EXECUTION_DATE='2025-07-17T15:22:43.606411+00:00' AIRFLOW_CTX_TRY_NUMBER='1' AIRFLOW_CTX_DAG_RUN_ID='manual__2025-07-17T15:22:43.606411+00:00'
[2025-07-17T15:23:56.326+0000] {taskinstance.py:430} INFO - ::endgroup::
[2025-07-17T15:23:56.359+0000] {logging_mixin.py:188} INFO - Processing URL: https://webapi.bps.go.id/v1/api/interoperabilitas/datasource/simdasi/id/25/tahun/2020/id_tabel/L2lNQW9xWUo5TFhkQ0RMbEJadEdDUT09/wilayah/0000000/key/79452e4c302f8921ad36cd2bf55f0630
[2025-07-17T15:23:56.363+0000] {logging_mixin.py:188} INFO - 
🔄 Mencoba mengambil daftar tahun yang tersedia secara otomatis...
[2025-07-17T15:23:58.569+0000] {logging_mixin.py:188} INFO - ✅ Tahun yang tersedia ditemukan: [2019, 2020, 2021]
[2025-07-17T15:23:58.615+0000] {logging_mixin.py:188} INFO - 
--- Memulai Loop Pengambilan Data SIMDASI ---
[2025-07-17T15:23:58.682+0000] {logging_mixin.py:188} INFO - 🔄 Mengambil tahun 2019...
[2025-07-17T15:24:01.724+0000] {logging_mixin.py:188} INFO - 
✅ Metadata awal ditangkap dari tahun 2019:
[2025-07-17T15:24:01.733+0000] {logging_mixin.py:188} INFO -    -> Nama Skema: api_bps_masyarakat_informasi
[2025-07-17T15:24:01.787+0000] {logging_mixin.py:188} INFO -    -> Nama Kolom Label: provinsi
[2025-07-17T15:24:01.792+0000] {logging_mixin.py:188} INFO -    -> ID Kategori (mms_id): 565
[2025-07-17T15:24:01.795+0000] {logging_mixin.py:188} INFO - -> Berhasil memproses data untuk tahun 2019.
[2025-07-17T15:24:01.810+0000] {logging_mixin.py:188} INFO - 🔄 Mengambil tahun 2020...
[2025-07-17T15:24:04.039+0000] {logging_mixin.py:188} INFO - -> Berhasil memproses data untuk tahun 2020.
[2025-07-17T15:24:04.064+0000] {logging_mixin.py:188} INFO - 🔄 Mengambil tahun 2021...
[2025-07-17T15:24:06.663+0000] {logging_mixin.py:188} INFO - -> Berhasil memproses data untuk tahun 2021.
[2025-07-17T15:24:10.259+0000] {logging_mixin.py:188} INFO - ✅ Data saved to api_bps_masyarakat_informasi.bnykny_dsltspgt1ltspgtklrhn_mnrt_prvns_dn_pnrmn_snyl_ntrnt_tlpn
[2025-07-17T15:24:10.266+0000] {python.py:237} INFO - Done. Returned value was: None
[2025-07-17T15:24:10.274+0000] {taskinstance.py:441} INFO - ::group::Post task execution logs
[2025-07-17T15:24:10.377+0000] {taskinstance.py:1206} INFO - Marking task as SUCCESS. dag_id=bps_simdasi_pipeline, task_id=process_simdasi_apis.process_api_2, run_id=manual__2025-07-17T15:22:43.606411+00:00, execution_date=20250717T152243, start_date=20250717T152349, end_date=20250717T152410
[2025-07-17T15:24:11.037+0000] {local_task_job_runner.py:240} INFO - Task exited with return code 0
[2025-07-17T15:24:12.097+0000] {taskinstance.py:3503} INFO - 0 downstream tasks scheduled from follow-on schedule check
[2025-07-17T15:24:12.180+0000] {local_task_job_runner.py:222} INFO - ::endgroup::
