[2025-07-17T11:46:02.603+0000] {local_task_job_runner.py:120} INFO - ::group::Pre task execution logs
[2025-07-17T11:46:02.682+0000] {taskinstance.py:2076} INFO - Dependencies all met for dep_context=non-requeueable deps ti=<TaskInstance: bps_simdasi_pipeline.process_simdasi_apis.process_api_11 manual__2025-07-17T11:44:46.952680+00:00 [queued]>
[2025-07-17T11:46:02.707+0000] {taskinstance.py:2076} INFO - Dependencies all met for dep_context=requeueable deps ti=<TaskInstance: bps_simdasi_pipeline.process_simdasi_apis.process_api_11 manual__2025-07-17T11:44:46.952680+00:00 [queued]>
[2025-07-17T11:46:02.709+0000] {taskinstance.py:2306} INFO - Starting attempt 1 of 2
[2025-07-17T11:46:02.762+0000] {taskinstance.py:2330} INFO - Executing <Task(PythonOperator): process_simdasi_apis.process_api_11> on 2025-07-17 11:44:46.952680+00:00
[2025-07-17T11:46:02.810+0000] {warnings.py:112} WARNING - /home/***/.local/lib/python3.12/site-packages/***/task/task_runner/standard_task_runner.py:61: DeprecationWarning: This process (pid=500) is multi-threaded, use of fork() may lead to deadlocks in the child.
  pid = os.fork()

[2025-07-17T11:46:02.816+0000] {standard_task_runner.py:63} INFO - Started process 536 to run task
[2025-07-17T11:46:02.821+0000] {standard_task_runner.py:90} INFO - Running: ['***', 'tasks', 'run', 'bps_simdasi_pipeline', 'process_simdasi_apis.process_api_11', 'manual__2025-07-17T11:44:46.952680+00:00', '--job-id', '141', '--raw', '--subdir', 'DAGS_FOLDER/bps_simdasi_pipeline.py.py', '--cfg-path', '/tmp/tmpk3f2h80o']
[2025-07-17T11:46:02.827+0000] {standard_task_runner.py:91} INFO - Job 141: Subtask process_simdasi_apis.process_api_11
[2025-07-17T11:46:03.085+0000] {task_command.py:426} INFO - Running <TaskInstance: bps_simdasi_pipeline.process_simdasi_apis.process_api_11 manual__2025-07-17T11:44:46.952680+00:00 [running]> on host be615b49433c
[2025-07-17T11:46:03.411+0000] {taskinstance.py:2648} INFO - Exporting env vars: AIRFLOW_CTX_DAG_OWNER='***' AIRFLOW_CTX_DAG_ID='bps_simdasi_pipeline' AIRFLOW_CTX_TASK_ID='process_simdasi_apis.process_api_11' AIRFLOW_CTX_EXECUTION_DATE='2025-07-17T11:44:46.952680+00:00' AIRFLOW_CTX_TRY_NUMBER='1' AIRFLOW_CTX_DAG_RUN_ID='manual__2025-07-17T11:44:46.952680+00:00'
[2025-07-17T11:46:03.416+0000] {taskinstance.py:430} INFO - ::endgroup::
[2025-07-17T11:46:03.419+0000] {logging_mixin.py:188} INFO - Processing URL: https://webapi.bps.go.id/v1/api/interoperabilitas/datasource/simdasi/id/25/tahun/2024/id_tabel/REdXbUdSVjIzUlJTT0Z5Vy9Rd3ZmQT09/wilayah/0000000/key/79452e4c302f8921ad36cd2bf55f0630
[2025-07-17T11:46:06.229+0000] {logging_mixin.py:188} INFO - 
--- Memulai Loop Pengambilan Data SIMDASI ---
[2025-07-17T11:46:06.246+0000] {logging_mixin.py:188} INFO - 🔄 Mengambil tahun 2015...
[2025-07-17T11:46:09.359+0000] {logging_mixin.py:188} INFO - 
✅ Metadata awal ditangkap dari tahun 2015:
[2025-07-17T11:46:09.386+0000] {logging_mixin.py:188} INFO -    -> Nama Skema: api_bps_kondisi_tempat_tinggal
[2025-07-17T11:46:09.458+0000] {logging_mixin.py:188} INFO -    -> Nama Kolom Label: provinsi
[2025-07-17T11:46:09.499+0000] {logging_mixin.py:188} INFO -    -> ID Kategori (mms_id): 563
[2025-07-17T11:46:09.552+0000] {logging_mixin.py:188} INFO - -> Berhasil memproses data untuk tahun 2015.
[2025-07-17T11:46:09.591+0000] {logging_mixin.py:188} INFO - 🔄 Mengambil tahun 2016...
[2025-07-17T11:46:13.824+0000] {logging_mixin.py:188} INFO - -> Berhasil memproses data untuk tahun 2016.
[2025-07-17T11:46:13.829+0000] {logging_mixin.py:188} INFO - 🔄 Mengambil tahun 2017...
[2025-07-17T11:46:17.509+0000] {logging_mixin.py:188} INFO - -> Berhasil memproses data untuk tahun 2017.
[2025-07-17T11:46:17.512+0000] {logging_mixin.py:188} INFO - 🔄 Mengambil tahun 2018...
[2025-07-17T11:46:21.552+0000] {logging_mixin.py:188} INFO - -> Berhasil memproses data untuk tahun 2018.
[2025-07-17T11:46:21.569+0000] {logging_mixin.py:188} INFO - 🔄 Mengambil tahun 2019...
[2025-07-17T11:46:25.168+0000] {logging_mixin.py:188} INFO - -> Berhasil memproses data untuk tahun 2019.
[2025-07-17T11:46:25.169+0000] {logging_mixin.py:188} INFO - 🔄 Mengambil tahun 2020...
[2025-07-17T11:46:27.282+0000] {logging_mixin.py:188} INFO - -> Berhasil memproses data untuk tahun 2020.
[2025-07-17T11:46:27.284+0000] {logging_mixin.py:188} INFO - 🔄 Mengambil tahun 2021...
[2025-07-17T11:46:29.583+0000] {logging_mixin.py:188} INFO - -> Berhasil memproses data untuk tahun 2021.
[2025-07-17T11:46:29.584+0000] {logging_mixin.py:188} INFO - 🔄 Mengambil tahun 2022...
[2025-07-17T11:46:31.734+0000] {logging_mixin.py:188} INFO - -> Berhasil memproses data untuk tahun 2022.
[2025-07-17T11:46:31.735+0000] {logging_mixin.py:188} INFO - 🔄 Mengambil tahun 2023...
[2025-07-17T11:46:33.901+0000] {logging_mixin.py:188} INFO - -> Berhasil memproses data untuk tahun 2023.
[2025-07-17T11:46:33.902+0000] {logging_mixin.py:188} INFO - 🔄 Mengambil tahun 2024...
[2025-07-17T11:46:36.478+0000] {logging_mixin.py:188} INFO - -> Berhasil memproses data untuk tahun 2024.
[2025-07-17T11:46:36.480+0000] {logging_mixin.py:188} INFO - 
✅ Nama tabel final diatur ke: 'jmlh_dn_prsnts_pnddk_mskn_mnrt_prvns_2024' (berdasarkan judul dari tahun terakhir yang tersedia).
[2025-07-17T11:46:36.928+0000] {logging_mixin.py:188} INFO - ❌ Database error: (psycopg2.OperationalError) connection to server at "103.183.92.158", port 5432 failed: FATAL:  sorry, too many clients already

(Background on this error at: https://sqlalche.me/e/14/e3q8)
[2025-07-17T11:46:36.929+0000] {python.py:237} INFO - Done. Returned value was: None
[2025-07-17T11:46:36.933+0000] {taskinstance.py:441} INFO - ::group::Post task execution logs
[2025-07-17T11:46:36.954+0000] {taskinstance.py:1206} INFO - Marking task as SUCCESS. dag_id=bps_simdasi_pipeline, task_id=process_simdasi_apis.process_api_11, run_id=manual__2025-07-17T11:44:46.952680+00:00, execution_date=20250717T114446, start_date=20250717T114602, end_date=20250717T114636
[2025-07-17T11:46:37.032+0000] {local_task_job_runner.py:240} INFO - Task exited with return code 0
[2025-07-17T11:46:37.067+0000] {taskinstance.py:3503} INFO - 0 downstream tasks scheduled from follow-on schedule check
[2025-07-17T11:46:37.074+0000] {local_task_job_runner.py:222} INFO - ::endgroup::
