[2025-07-17T11:31:10.173+0000] {local_task_job_runner.py:120} INFO - ::group::Pre task execution logs
[2025-07-17T11:31:10.502+0000] {taskinstance.py:2076} INFO - Dependencies all met for dep_context=non-requeueable deps ti=<TaskInstance: bps_simdasi_pipeline.process_simdasi_apis.process_api_7 manual__2025-07-17T11:23:16.824677+00:00 [queued]>
[2025-07-17T11:31:10.574+0000] {taskinstance.py:2076} INFO - Dependencies all met for dep_context=requeueable deps ti=<TaskInstance: bps_simdasi_pipeline.process_simdasi_apis.process_api_7 manual__2025-07-17T11:23:16.824677+00:00 [queued]>
[2025-07-17T11:31:10.577+0000] {taskinstance.py:2306} INFO - Starting attempt 2 of 2
[2025-07-17T11:31:11.379+0000] {taskinstance.py:2330} INFO - Executing <Task(PythonOperator): process_simdasi_apis.process_api_7> on 2025-07-17 11:23:16.824677+00:00
[2025-07-17T11:31:11.845+0000] {warnings.py:112} WARNING - /home/***/.local/lib/python3.12/site-packages/***/task/task_runner/standard_task_runner.py:61: DeprecationWarning: This process (pid=314) is multi-threaded, use of fork() may lead to deadlocks in the child.
  pid = os.fork()

[2025-07-17T11:31:11.918+0000] {standard_task_runner.py:63} INFO - Started process 337 to run task
[2025-07-17T11:31:12.097+0000] {standard_task_runner.py:90} INFO - Running: ['***', 'tasks', 'run', 'bps_simdasi_pipeline', 'process_simdasi_apis.process_api_7', 'manual__2025-07-17T11:23:16.824677+00:00', '--job-id', '133', '--raw', '--subdir', 'DAGS_FOLDER/bps_simdasi_pipeline.py.py', '--cfg-path', '/tmp/tmpfja4jgzw']
[2025-07-17T11:31:12.107+0000] {standard_task_runner.py:91} INFO - Job 133: Subtask process_simdasi_apis.process_api_7
[2025-07-17T11:31:12.939+0000] {task_command.py:426} INFO - Running <TaskInstance: bps_simdasi_pipeline.process_simdasi_apis.process_api_7 manual__2025-07-17T11:23:16.824677+00:00 [running]> on host be615b49433c
[2025-07-17T11:31:14.375+0000] {taskinstance.py:2648} INFO - Exporting env vars: AIRFLOW_CTX_DAG_OWNER='***' AIRFLOW_CTX_DAG_ID='bps_simdasi_pipeline' AIRFLOW_CTX_TASK_ID='process_simdasi_apis.process_api_7' AIRFLOW_CTX_EXECUTION_DATE='2025-07-17T11:23:16.824677+00:00' AIRFLOW_CTX_TRY_NUMBER='2' AIRFLOW_CTX_DAG_RUN_ID='manual__2025-07-17T11:23:16.824677+00:00'
[2025-07-17T11:31:14.397+0000] {taskinstance.py:430} INFO - ::endgroup::
[2025-07-17T11:31:14.401+0000] {logging_mixin.py:188} INFO - Processing URL: https://webapi.bps.go.id/v1/api/interoperabilitas/datasource/simdasi/id/25/tahun/2024/id_tabel/R1lONkliWXNyUjRqMUdlL2NXK0k2dz09/wilayah/0000000/key/79452e4c302f8921ad36cd2bf55f0630
[2025-07-17T11:31:21.830+0000] {logging_mixin.py:188} INFO - 
--- Memulai Loop Pengambilan Data SIMDASI ---
[2025-07-17T11:31:21.878+0000] {logging_mixin.py:188} INFO - 🔄 Mengambil tahun 2018...
[2025-07-17T11:31:37.848+0000] {logging_mixin.py:188} INFO - 
✅ Metadata awal ditangkap dari tahun 2018:
[2025-07-17T11:31:37.865+0000] {logging_mixin.py:188} INFO -    -> Nama Skema: api_bps_lingkungan
[2025-07-17T11:31:37.881+0000] {logging_mixin.py:188} INFO -    -> Nama Kolom Label: provinsi
[2025-07-17T11:31:37.941+0000] {logging_mixin.py:188} INFO -    -> ID Kategori (mms_id): 539
[2025-07-17T11:31:38.045+0000] {logging_mixin.py:188} INFO - -> Berhasil memproses data untuk tahun 2018.
[2025-07-17T11:31:38.080+0000] {logging_mixin.py:188} INFO - 🔄 Mengambil tahun 2019...
[2025-07-17T11:31:43.081+0000] {logging_mixin.py:188} INFO - -> Berhasil memproses data untuk tahun 2019.
[2025-07-17T11:31:43.090+0000] {logging_mixin.py:188} INFO - 🔄 Mengambil tahun 2020...
[2025-07-17T11:31:47.137+0000] {logging_mixin.py:188} INFO - -> Berhasil memproses data untuk tahun 2020.
[2025-07-17T11:31:47.142+0000] {logging_mixin.py:188} INFO - 🔄 Mengambil tahun 2021...
[2025-07-17T11:31:59.789+0000] {logging_mixin.py:188} INFO - -> Berhasil memproses data untuk tahun 2021.
[2025-07-17T11:31:59.792+0000] {logging_mixin.py:188} INFO - 🔄 Mengambil tahun 2022...
[2025-07-17T11:32:03.976+0000] {logging_mixin.py:188} INFO - -> Berhasil memproses data untuk tahun 2022.
[2025-07-17T11:32:03.978+0000] {logging_mixin.py:188} INFO - 🔄 Mengambil tahun 2023...
[2025-07-17T11:32:05.097+0000] {logging_mixin.py:188} INFO - -> Berhasil memproses data untuk tahun 2023.
[2025-07-17T11:32:05.099+0000] {logging_mixin.py:188} INFO - 🔄 Mengambil tahun 2024...
[2025-07-17T11:32:06.133+0000] {logging_mixin.py:188} INFO - -> Berhasil memproses data untuk tahun 2024.
[2025-07-17T11:32:06.135+0000] {logging_mixin.py:188} INFO - 
✅ Nama tabel final diatur ke: 'jmlh_krskn_rmh_yng_dkbtkn_bncn_lm_mnrt_prvns_dn_jns_bncn_lm_nt_' (berdasarkan judul dari tahun terakhir yang tersedia).
[2025-07-17T11:32:06.645+0000] {logging_mixin.py:188} INFO - ❌ Database error: (psycopg2.OperationalError) connection to server at "103.183.92.158", port 5432 failed: FATAL:  sorry, too many clients already

(Background on this error at: https://sqlalche.me/e/14/e3q8)
[2025-07-17T11:32:06.648+0000] {python.py:237} INFO - Done. Returned value was: None
[2025-07-17T11:32:06.673+0000] {taskinstance.py:441} INFO - ::group::Post task execution logs
[2025-07-17T11:32:06.737+0000] {taskinstance.py:1206} INFO - Marking task as SUCCESS. dag_id=bps_simdasi_pipeline, task_id=process_simdasi_apis.process_api_7, run_id=manual__2025-07-17T11:23:16.824677+00:00, execution_date=20250717T112316, start_date=20250717T113110, end_date=20250717T113206
[2025-07-17T11:32:06.884+0000] {local_task_job_runner.py:240} INFO - Task exited with return code 0
[2025-07-17T11:32:06.957+0000] {taskinstance.py:3503} INFO - 0 downstream tasks scheduled from follow-on schedule check
[2025-07-17T11:32:06.963+0000] {local_task_job_runner.py:222} INFO - ::endgroup::
