[2025-07-23T16:03:49.978+0000] {local_task_job_runner.py:120} INFO - ::group::Pre task execution logs
[2025-07-23T16:03:50.028+0000] {taskinstance.py:2076} INFO - Dependencies all met for dep_context=non-requeueable deps ti=<TaskInstance: bps_simdasi_pipeline.process_simdasi_apis.process_api_3 manual__2025-07-23T15:54:10.461716+00:00 [queued]>
[2025-07-23T16:03:50.046+0000] {taskinstance.py:2076} INFO - Dependencies all met for dep_context=requeueable deps ti=<TaskInstance: bps_simdasi_pipeline.process_simdasi_apis.process_api_3 manual__2025-07-23T15:54:10.461716+00:00 [queued]>
[2025-07-23T16:03:50.048+0000] {taskinstance.py:2306} INFO - Starting attempt 1 of 2
[2025-07-23T16:03:50.083+0000] {taskinstance.py:2330} INFO - Executing <Task(PythonOperator): process_simdasi_apis.process_api_3> on 2025-07-23 15:54:10.461716+00:00
[2025-07-23T16:03:50.111+0000] {warnings.py:112} WARNING - /home/***/.local/lib/python3.12/site-packages/***/task/task_runner/standard_task_runner.py:61: DeprecationWarning: This process (pid=354) is multi-threaded, use of fork() may lead to deadlocks in the child.
  pid = os.fork()

[2025-07-23T16:03:50.116+0000] {standard_task_runner.py:63} INFO - Started process 356 to run task
[2025-07-23T16:03:50.116+0000] {standard_task_runner.py:90} INFO - Running: ['***', 'tasks', 'run', 'bps_simdasi_pipeline', 'process_simdasi_apis.process_api_3', 'manual__2025-07-23T15:54:10.461716+00:00', '--job-id', '240', '--raw', '--subdir', 'DAGS_FOLDER/bps_simdasi_pipeline.py', '--cfg-path', '/tmp/tmpb_pvj5lv']
[2025-07-23T16:03:50.119+0000] {standard_task_runner.py:91} INFO - Job 240: Subtask process_simdasi_apis.process_api_3
[2025-07-23T16:03:50.285+0000] {task_command.py:426} INFO - Running <TaskInstance: bps_simdasi_pipeline.process_simdasi_apis.process_api_3 manual__2025-07-23T15:54:10.461716+00:00 [running]> on host be615b49433c
[2025-07-23T16:03:50.553+0000] {taskinstance.py:2648} INFO - Exporting env vars: AIRFLOW_CTX_DAG_OWNER='***' AIRFLOW_CTX_DAG_ID='bps_simdasi_pipeline' AIRFLOW_CTX_TASK_ID='process_simdasi_apis.process_api_3' AIRFLOW_CTX_EXECUTION_DATE='2025-07-23T15:54:10.461716+00:00' AIRFLOW_CTX_TRY_NUMBER='1' AIRFLOW_CTX_DAG_RUN_ID='manual__2025-07-23T15:54:10.461716+00:00'
[2025-07-23T16:03:50.559+0000] {taskinstance.py:430} INFO - ::endgroup::
[2025-07-23T16:03:50.561+0000] {logging_mixin.py:188} INFO - 🔁 Processing URL: https://webapi.bps.go.id/v1/api/interoperabilitas/datasource/simdasi/id/25/tahun/2024/id_tabel/UkJNaEl6ZHRVYXNaMzZhZG9BbS9ZZz09/wilayah/0000000/key/79452e4c302f8921ad36cd2bf55f0630/
[2025-07-23T16:03:50.562+0000] {logging_mixin.py:188} INFO - 
🔄 Mencoba mengambil daftar tahun yang tersedia secara otomatis...
[2025-07-23T16:04:11.643+0000] {logging_mixin.py:188} INFO - ❌ Terjadi kesalahan saat mengambil tahun otomatis: HTTPSConnectionPool(host='webapi.bps.go.id', port=443): Max retries exceeded with url: /v1/api/interoperabilitas/datasource/simdasi/id/23/wilayah/0000000/key/79452e4c302f8921ad36cd2bf55f0630/ (Caused by NewConnectionError('<urllib3.connection.HTTPSConnection object at 0x789da706c1d0>: Failed to establish a new connection: [Errno 111] Connection refused'))
[2025-07-23T16:04:11.647+0000] {logging_mixin.py:188} INFO - ⚠️ Menggunakan rentang tahun default: [2015, 2016, 2017, 2018, 2019, 2020, 2021, 2022, 2023, 2024, 2025]
[2025-07-23T16:04:11.649+0000] {logging_mixin.py:188} INFO - 
--- Memulai Loop Pengambilan Data SIMDASI ---
[2025-07-23T16:04:11.651+0000] {logging_mixin.py:188} INFO - 🔄 Mengambil tahun 2015...
[2025-07-23T16:04:33.446+0000] {logging_mixin.py:188} INFO - ❌ Kesalahan jaringan untuk tahun 2015: HTTPSConnectionPool(host='webapi.bps.go.id', port=443): Max retries exceeded with url: /v1/api/interoperabilitas/datasource/simdasi/id/25/tahun/2024/id_tabel/UkJNaEl6ZHRVYXNaMzZhZG9BbS9ZZz09/wilayah/0000000/key/79452e4c302f8921ad36cd2bf55f0630/ (Caused by NewConnectionError('<urllib3.connection.HTTPSConnection object at 0x789d81fba510>: Failed to establish a new connection: [Errno 111] Connection refused'))
[2025-07-23T16:04:33.448+0000] {logging_mixin.py:188} INFO - 🔄 Mengambil tahun 2016...
[2025-07-23T16:04:55.420+0000] {logging_mixin.py:188} INFO - ❌ Kesalahan jaringan untuk tahun 2016: HTTPSConnectionPool(host='webapi.bps.go.id', port=443): Max retries exceeded with url: /v1/api/interoperabilitas/datasource/simdasi/id/25/tahun/2024/id_tabel/UkJNaEl6ZHRVYXNaMzZhZG9BbS9ZZz09/wilayah/0000000/key/79452e4c302f8921ad36cd2bf55f0630/ (Caused by NewConnectionError('<urllib3.connection.HTTPSConnection object at 0x789d81fbaf00>: Failed to establish a new connection: [Errno 111] Connection refused'))
[2025-07-23T16:04:55.423+0000] {logging_mixin.py:188} INFO - 🔄 Mengambil tahun 2017...
[2025-07-23T16:05:17.420+0000] {logging_mixin.py:188} INFO - ❌ Kesalahan jaringan untuk tahun 2017: HTTPSConnectionPool(host='webapi.bps.go.id', port=443): Max retries exceeded with url: /v1/api/interoperabilitas/datasource/simdasi/id/25/tahun/2024/id_tabel/UkJNaEl6ZHRVYXNaMzZhZG9BbS9ZZz09/wilayah/0000000/key/79452e4c302f8921ad36cd2bf55f0630/ (Caused by NewConnectionError('<urllib3.connection.HTTPSConnection object at 0x789d81fbb950>: Failed to establish a new connection: [Errno 111] Connection refused'))
[2025-07-23T16:05:17.424+0000] {logging_mixin.py:188} INFO - 🔄 Mengambil tahun 2018...
[2025-07-23T16:05:39.410+0000] {logging_mixin.py:188} INFO - ❌ Kesalahan jaringan untuk tahun 2018: HTTPSConnectionPool(host='webapi.bps.go.id', port=443): Max retries exceeded with url: /v1/api/interoperabilitas/datasource/simdasi/id/25/tahun/2024/id_tabel/UkJNaEl6ZHRVYXNaMzZhZG9BbS9ZZz09/wilayah/0000000/key/79452e4c302f8921ad36cd2bf55f0630/ (Caused by NewConnectionError('<urllib3.connection.HTTPSConnection object at 0x789d81fe83e0>: Failed to establish a new connection: [Errno 111] Connection refused'))
[2025-07-23T16:05:39.413+0000] {logging_mixin.py:188} INFO - 🔄 Mengambil tahun 2019...
[2025-07-23T16:06:01.416+0000] {logging_mixin.py:188} INFO - ❌ Kesalahan jaringan untuk tahun 2019: HTTPSConnectionPool(host='webapi.bps.go.id', port=443): Max retries exceeded with url: /v1/api/interoperabilitas/datasource/simdasi/id/25/tahun/2024/id_tabel/UkJNaEl6ZHRVYXNaMzZhZG9BbS9ZZz09/wilayah/0000000/key/79452e4c302f8921ad36cd2bf55f0630/ (Caused by NewConnectionError('<urllib3.connection.HTTPSConnection object at 0x789d81fe8e00>: Failed to establish a new connection: [Errno 111] Connection refused'))
[2025-07-23T16:06:01.417+0000] {logging_mixin.py:188} INFO - 🔄 Mengambil tahun 2020...
[2025-07-23T16:06:23.426+0000] {logging_mixin.py:188} INFO - ❌ Kesalahan jaringan untuk tahun 2020: HTTPSConnectionPool(host='webapi.bps.go.id', port=443): Max retries exceeded with url: /v1/api/interoperabilitas/datasource/simdasi/id/25/tahun/2024/id_tabel/UkJNaEl6ZHRVYXNaMzZhZG9BbS9ZZz09/wilayah/0000000/key/79452e4c302f8921ad36cd2bf55f0630/ (Caused by NewConnectionError('<urllib3.connection.HTTPSConnection object at 0x789d820ec110>: Failed to establish a new connection: [Errno 111] Connection refused'))
[2025-07-23T16:06:23.431+0000] {logging_mixin.py:188} INFO - 🔄 Mengambil tahun 2021...
[2025-07-23T16:06:45.417+0000] {logging_mixin.py:188} INFO - ❌ Kesalahan jaringan untuk tahun 2021: HTTPSConnectionPool(host='webapi.bps.go.id', port=443): Max retries exceeded with url: /v1/api/interoperabilitas/datasource/simdasi/id/25/tahun/2024/id_tabel/UkJNaEl6ZHRVYXNaMzZhZG9BbS9ZZz09/wilayah/0000000/key/79452e4c302f8921ad36cd2bf55f0630/ (Caused by NewConnectionError('<urllib3.connection.HTTPSConnection object at 0x789d81fbaab0>: Failed to establish a new connection: [Errno 111] Connection refused'))
[2025-07-23T16:06:45.431+0000] {logging_mixin.py:188} INFO - 🔄 Mengambil tahun 2022...
[2025-07-23T16:07:07.416+0000] {logging_mixin.py:188} INFO - ❌ Kesalahan jaringan untuk tahun 2022: HTTPSConnectionPool(host='webapi.bps.go.id', port=443): Max retries exceeded with url: /v1/api/interoperabilitas/datasource/simdasi/id/25/tahun/2024/id_tabel/UkJNaEl6ZHRVYXNaMzZhZG9BbS9ZZz09/wilayah/0000000/key/79452e4c302f8921ad36cd2bf55f0630/ (Caused by NewConnectionError('<urllib3.connection.HTTPSConnection object at 0x789d81fb9850>: Failed to establish a new connection: [Errno 111] Connection refused'))
[2025-07-23T16:07:07.424+0000] {logging_mixin.py:188} INFO - 🔄 Mengambil tahun 2023...
[2025-07-23T16:07:29.435+0000] {logging_mixin.py:188} INFO - ❌ Kesalahan jaringan untuk tahun 2023: HTTPSConnectionPool(host='webapi.bps.go.id', port=443): Max retries exceeded with url: /v1/api/interoperabilitas/datasource/simdasi/id/25/tahun/2024/id_tabel/UkJNaEl6ZHRVYXNaMzZhZG9BbS9ZZz09/wilayah/0000000/key/79452e4c302f8921ad36cd2bf55f0630/ (Caused by NewConnectionError('<urllib3.connection.HTTPSConnection object at 0x789d81fe8470>: Failed to establish a new connection: [Errno 111] Connection refused'))
[2025-07-23T16:07:29.440+0000] {logging_mixin.py:188} INFO - 🔄 Mengambil tahun 2024...
[2025-07-23T16:07:50.511+0000] {logging_mixin.py:188} INFO - ❌ Kesalahan jaringan untuk tahun 2024: HTTPSConnectionPool(host='webapi.bps.go.id', port=443): Max retries exceeded with url: /v1/api/interoperabilitas/datasource/simdasi/id/25/tahun/2024/id_tabel/UkJNaEl6ZHRVYXNaMzZhZG9BbS9ZZz09/wilayah/0000000/key/79452e4c302f8921ad36cd2bf55f0630/ (Caused by NewConnectionError('<urllib3.connection.HTTPSConnection object at 0x789d81fe9b20>: Failed to establish a new connection: [Errno 111] Connection refused'))
[2025-07-23T16:07:50.512+0000] {logging_mixin.py:188} INFO - 🔄 Mengambil tahun 2025...
[2025-07-23T16:08:12.388+0000] {logging_mixin.py:188} INFO - ❌ Kesalahan jaringan untuk tahun 2025: HTTPSConnectionPool(host='webapi.bps.go.id', port=443): Max retries exceeded with url: /v1/api/interoperabilitas/datasource/simdasi/id/25/tahun/2024/id_tabel/UkJNaEl6ZHRVYXNaMzZhZG9BbS9ZZz09/wilayah/0000000/key/79452e4c302f8921ad36cd2bf55f0630/ (Caused by NewConnectionError('<urllib3.connection.HTTPSConnection object at 0x789d81fea420>: Failed to establish a new connection: [Errno 111] Connection refused'))
[2025-07-23T16:08:12.393+0000] {logging_mixin.py:188} INFO - 
❌ Gagal Total: Tidak dapat menangkap metadata nama dari tahun manapun. Proses dihentikan.
[2025-07-23T16:08:12.833+0000] {logging_mixin.py:188} INFO - ⚠️ No data processed or table name missing
[2025-07-23T16:08:12.852+0000] {python.py:237} INFO - Done. Returned value was: None
[2025-07-23T16:08:12.857+0000] {taskinstance.py:441} INFO - ::group::Post task execution logs
[2025-07-23T16:08:13.170+0000] {taskinstance.py:1206} INFO - Marking task as SUCCESS. dag_id=bps_simdasi_pipeline, task_id=process_simdasi_apis.process_api_3, run_id=manual__2025-07-23T15:54:10.461716+00:00, execution_date=20250723T155410, start_date=20250723T160350, end_date=20250723T160813
[2025-07-23T16:08:13.539+0000] {local_task_job_runner.py:240} INFO - Task exited with return code 0
[2025-07-23T16:08:14.126+0000] {taskinstance.py:3503} INFO - 0 downstream tasks scheduled from follow-on schedule check
[2025-07-23T16:08:14.132+0000] {local_task_job_runner.py:222} INFO - ::endgroup::
