[2025-07-14T15:11:37.490+0000] {local_task_job_runner.py:120} INFO - ::group::Pre task execution logs
[2025-07-14T15:11:37.660+0000] {taskinstance.py:2076} INFO - Dependencies all met for dep_context=non-requeueable deps ti=<TaskInstance: bps_simdasi_pipeline_direct_db.save_data_task manual__2025-07-14T15:10:56.753779+00:00 map_index=0 [queued]>
[2025-07-14T15:11:37.704+0000] {taskinstance.py:2076} INFO - Dependencies all met for dep_context=requeueable deps ti=<TaskInstance: bps_simdasi_pipeline_direct_db.save_data_task manual__2025-07-14T15:10:56.753779+00:00 map_index=0 [queued]>
[2025-07-14T15:11:37.707+0000] {taskinstance.py:2306} INFO - Starting attempt 1 of 1
[2025-07-14T15:11:37.765+0000] {taskinstance.py:2330} INFO - Executing <Mapped(_PythonDecoratedOperator): save_data_task> on 2025-07-14 15:10:56.753779+00:00
[2025-07-14T15:11:37.803+0000] {warnings.py:112} WARNING - /home/***/.local/lib/python3.12/site-packages/***/task/task_runner/standard_task_runner.py:61: DeprecationWarning: This process (pid=190) is multi-threaded, use of fork() may lead to deadlocks in the child.
  pid = os.fork()

[2025-07-14T15:11:37.810+0000] {standard_task_runner.py:63} INFO - Started process 200 to run task
[2025-07-14T15:11:37.809+0000] {standard_task_runner.py:90} INFO - Running: ['***', 'tasks', 'run', 'bps_simdasi_pipeline_direct_db', 'save_data_task', 'manual__2025-07-14T15:10:56.753779+00:00', '--job-id', '80', '--raw', '--subdir', 'DAGS_FOLDER/script/dag_simdasi.py', '--cfg-path', '/tmp/tmp850hpr23', '--map-index', '0']
[2025-07-14T15:11:37.814+0000] {standard_task_runner.py:91} INFO - Job 80: Subtask save_data_task
[2025-07-14T15:11:38.051+0000] {task_command.py:426} INFO - Running <TaskInstance: bps_simdasi_pipeline_direct_db.save_data_task manual__2025-07-14T15:10:56.753779+00:00 map_index=0 [running]> on host be615b49433c
[2025-07-14T15:11:38.663+0000] {taskinstance.py:2648} INFO - Exporting env vars: AIRFLOW_CTX_DAG_OWNER='***' AIRFLOW_CTX_DAG_ID='bps_simdasi_pipeline_direct_db' AIRFLOW_CTX_TASK_ID='save_data_task' AIRFLOW_CTX_EXECUTION_DATE='2025-07-14T15:10:56.753779+00:00' AIRFLOW_CTX_TRY_NUMBER='1' AIRFLOW_CTX_DAG_RUN_ID='manual__2025-07-14T15:10:56.753779+00:00'
[2025-07-14T15:11:38.675+0000] {taskinstance.py:430} INFO - ::endgroup::
[2025-07-14T15:11:38.710+0000] {warnings.py:112} WARNING - /opt/***/dags/save_data_to_postgre.py:32: FutureWarning: Passing literal json to 'read_json' is deprecated and will be removed in a future version. To read from a literal string, wrap it in a 'StringIO' object.
  df = pd.read_json(processed_data['data'], orient='split')

[2025-07-14T15:11:38.948+0000] {logging_mixin.py:188} INFO - Memastikan skema 'api_bps_simdasi_master' ada...
[2025-07-14T15:11:39.059+0000] {logging_mixin.py:188} INFO - Menyimpan data ke api_bps_simdasi_master.smds_lst_26...
[2025-07-14T15:11:40.647+0000] {logging_mixin.py:188} INFO - ✅ Data berhasil disimpan ke api_bps_simdasi_master.smds_lst_26
[2025-07-14T15:11:40.660+0000] {python.py:237} INFO - Done. Returned value was: None
[2025-07-14T15:11:40.681+0000] {taskinstance.py:441} INFO - ::group::Post task execution logs
[2025-07-14T15:11:40.762+0000] {taskinstance.py:1206} INFO - Marking task as SUCCESS. dag_id=bps_simdasi_pipeline_direct_db, task_id=save_data_task, run_id=manual__2025-07-14T15:10:56.753779+00:00, map_index=0, execution_date=20250714T151056, start_date=20250714T151137, end_date=20250714T151140
[2025-07-14T15:11:40.951+0000] {local_task_job_runner.py:240} INFO - Task exited with return code 0
[2025-07-14T15:11:41.047+0000] {taskinstance.py:3503} INFO - 0 downstream tasks scheduled from follow-on schedule check
[2025-07-14T15:11:41.061+0000] {local_task_job_runner.py:222} INFO - ::endgroup::
