[2025-07-17T15:03:00.680+0000] {local_task_job_runner.py:120} INFO - ::group::Pre task execution logs
[2025-07-17T15:03:00.736+0000] {taskinstance.py:2076} INFO - Dependencies all met for dep_context=non-requeueable deps ti=<TaskInstance: bps_simdasi_pipeline.process_simdasi_apis.process_api_1 manual__2025-07-17T15:02:56.878938+00:00 [queued]>
[2025-07-17T15:03:00.759+0000] {taskinstance.py:2076} INFO - Dependencies all met for dep_context=requeueable deps ti=<TaskInstance: bps_simdasi_pipeline.process_simdasi_apis.process_api_1 manual__2025-07-17T15:02:56.878938+00:00 [queued]>
[2025-07-17T15:03:00.762+0000] {taskinstance.py:2306} INFO - Starting attempt 1 of 2
[2025-07-17T15:03:00.802+0000] {taskinstance.py:2330} INFO - Executing <Task(PythonOperator): process_simdasi_apis.process_api_1> on 2025-07-17 15:02:56.878938+00:00
[2025-07-17T15:03:00.825+0000] {warnings.py:112} WARNING - /home/***/.local/lib/python3.12/site-packages/***/task/task_runner/standard_task_runner.py:61: DeprecationWarning: This process (pid=577) is multi-threaded, use of fork() may lead to deadlocks in the child.
  pid = os.fork()

[2025-07-17T15:03:00.829+0000] {standard_task_runner.py:63} INFO - Started process 580 to run task
[2025-07-17T15:03:00.829+0000] {standard_task_runner.py:90} INFO - Running: ['***', 'tasks', 'run', 'bps_simdasi_pipeline', 'process_simdasi_apis.process_api_1', 'manual__2025-07-17T15:02:56.878938+00:00', '--job-id', '181', '--raw', '--subdir', 'DAGS_FOLDER/bps_simdasi_pipeline.py', '--cfg-path', '/tmp/tmp6t1pdgb_']
[2025-07-17T15:03:00.831+0000] {standard_task_runner.py:91} INFO - Job 181: Subtask process_simdasi_apis.process_api_1
[2025-07-17T15:03:00.994+0000] {task_command.py:426} INFO - Running <TaskInstance: bps_simdasi_pipeline.process_simdasi_apis.process_api_1 manual__2025-07-17T15:02:56.878938+00:00 [running]> on host be615b49433c
[2025-07-17T15:03:01.205+0000] {taskinstance.py:2648} INFO - Exporting env vars: AIRFLOW_CTX_DAG_OWNER='***' AIRFLOW_CTX_DAG_ID='bps_simdasi_pipeline' AIRFLOW_CTX_TASK_ID='process_simdasi_apis.process_api_1' AIRFLOW_CTX_EXECUTION_DATE='2025-07-17T15:02:56.878938+00:00' AIRFLOW_CTX_TRY_NUMBER='1' AIRFLOW_CTX_DAG_RUN_ID='manual__2025-07-17T15:02:56.878938+00:00'
[2025-07-17T15:03:01.208+0000] {taskinstance.py:430} INFO - ::endgroup::
[2025-07-17T15:03:01.210+0000] {logging_mixin.py:188} INFO - Processing URL: https://webapi.bps.go.id/v1/api/interoperabilitas/datasource/simdasi/id/25/tahun/2019/id_tabel/SENxVDdSbVprRGF2Sk91UTdGcVdTdz09/wilayah/0000000/key/79452e4c302f8921ad36cd2bf55f0630
[2025-07-17T15:03:01.212+0000] {logging_mixin.py:188} INFO - 
🔄 Mencoba mengambil daftar tahun yang tersedia secara otomatis...
[2025-07-17T15:03:03.274+0000] {logging_mixin.py:188} INFO - ✅ Tahun yang tersedia ditemukan: [2016, 2017, 2018, 2019, 2020, 2021, 2022, 2023]
[2025-07-17T15:03:03.280+0000] {logging_mixin.py:188} INFO - 
--- Memulai Loop Pengambilan Data SIMDASI ---
[2025-07-17T15:03:03.282+0000] {logging_mixin.py:188} INFO - 🔄 Mengambil tahun 2016...
[2025-07-17T15:03:05.175+0000] {logging_mixin.py:188} INFO - 
✅ Metadata awal ditangkap dari tahun 2016:
[2025-07-17T15:03:05.176+0000] {logging_mixin.py:188} INFO -    -> Nama Skema: api_bps_transportasi
[2025-07-17T15:03:05.177+0000] {logging_mixin.py:188} INFO -    -> Nama Kolom Label: provinsi
[2025-07-17T15:03:05.178+0000] {logging_mixin.py:188} INFO -    -> ID Kategori (mms_id): 560
[2025-07-17T15:03:05.180+0000] {logging_mixin.py:188} INFO - -> Berhasil memproses data untuk tahun 2016.
[2025-07-17T15:03:05.181+0000] {logging_mixin.py:188} INFO - 🔄 Mengambil tahun 2017...
[2025-07-17T15:03:07.051+0000] {logging_mixin.py:188} INFO - -> Berhasil memproses data untuk tahun 2017.
[2025-07-17T15:03:07.053+0000] {logging_mixin.py:188} INFO - 🔄 Mengambil tahun 2018...
[2025-07-17T15:03:09.402+0000] {logging_mixin.py:188} INFO - -> Berhasil memproses data untuk tahun 2018.
[2025-07-17T15:03:09.403+0000] {logging_mixin.py:188} INFO - 🔄 Mengambil tahun 2019...
[2025-07-17T15:03:11.341+0000] {logging_mixin.py:188} INFO - -> Berhasil memproses data untuk tahun 2019.
[2025-07-17T15:03:11.342+0000] {logging_mixin.py:188} INFO - 🔄 Mengambil tahun 2020...
[2025-07-17T15:03:13.439+0000] {logging_mixin.py:188} INFO - -> Berhasil memproses data untuk tahun 2020.
[2025-07-17T15:03:13.440+0000] {logging_mixin.py:188} INFO - 🔄 Mengambil tahun 2021...
[2025-07-17T15:03:15.524+0000] {logging_mixin.py:188} INFO - -> Berhasil memproses data untuk tahun 2021.
[2025-07-17T15:03:15.525+0000] {logging_mixin.py:188} INFO - 🔄 Mengambil tahun 2022...
[2025-07-17T15:03:17.428+0000] {logging_mixin.py:188} INFO - -> Berhasil memproses data untuk tahun 2022.
[2025-07-17T15:03:17.430+0000] {logging_mixin.py:188} INFO - 🔄 Mengambil tahun 2023...
[2025-07-17T15:03:19.495+0000] {logging_mixin.py:188} INFO - -> Berhasil memproses data untuk tahun 2023.
[2025-07-17T15:03:19.496+0000] {logging_mixin.py:188} INFO - 
✅ Nama tabel final diatur ke: 'pnjng_jln_mnrt_prvns_dn_tngkt_kwnngn_pmrnthn_ltspgt1ltspgt_2019' (berdasarkan judul dari tahun terakhir yang tersedia).
[2025-07-17T15:03:21.068+0000] {logging_mixin.py:188} INFO - ✅ Data saved to api_bps_transportasi.pnjng_jln_mnrt_prvns_dn_tngkt_kwnngn_pmrnthn_ltspgt1ltspgt_2019
[2025-07-17T15:03:21.071+0000] {python.py:237} INFO - Done. Returned value was: None
[2025-07-17T15:03:21.074+0000] {taskinstance.py:441} INFO - ::group::Post task execution logs
[2025-07-17T15:03:21.096+0000] {taskinstance.py:1206} INFO - Marking task as SUCCESS. dag_id=bps_simdasi_pipeline, task_id=process_simdasi_apis.process_api_1, run_id=manual__2025-07-17T15:02:56.878938+00:00, execution_date=20250717T150256, start_date=20250717T150300, end_date=20250717T150321
[2025-07-17T15:03:21.163+0000] {local_task_job_runner.py:240} INFO - Task exited with return code 0
[2025-07-17T15:03:21.222+0000] {taskinstance.py:3503} INFO - 0 downstream tasks scheduled from follow-on schedule check
[2025-07-17T15:03:21.228+0000] {local_task_job_runner.py:222} INFO - ::endgroup::
