[2025-07-17T14:26:34.776+0000] {local_task_job_runner.py:120} INFO - ::group::Pre task execution logs
[2025-07-17T14:26:34.949+0000] {taskinstance.py:2076} INFO - Dependencies all met for dep_context=non-requeueable deps ti=<TaskInstance: bps_simdasi_pipeline.process_simdasi_apis.process_api_1 manual__2025-07-17T14:26:26.968500+00:00 [queued]>
[2025-07-17T14:26:34.985+0000] {taskinstance.py:2076} INFO - Dependencies all met for dep_context=requeueable deps ti=<TaskInstance: bps_simdasi_pipeline.process_simdasi_apis.process_api_1 manual__2025-07-17T14:26:26.968500+00:00 [queued]>
[2025-07-17T14:26:34.988+0000] {taskinstance.py:2306} INFO - Starting attempt 1 of 2
[2025-07-17T14:26:35.071+0000] {taskinstance.py:2330} INFO - Executing <Task(PythonOperator): process_simdasi_apis.process_api_1> on 2025-07-17 14:26:26.968500+00:00
[2025-07-17T14:26:35.115+0000] {warnings.py:112} WARNING - /home/***/.local/lib/python3.12/site-packages/***/task/task_runner/standard_task_runner.py:61: DeprecationWarning: This process (pid=123) is multi-threaded, use of fork() may lead to deadlocks in the child.
  pid = os.fork()

[2025-07-17T14:26:35.122+0000] {standard_task_runner.py:63} INFO - Started process 125 to run task
[2025-07-17T14:26:35.121+0000] {standard_task_runner.py:90} INFO - Running: ['***', 'tasks', 'run', 'bps_simdasi_pipeline', 'process_simdasi_apis.process_api_1', 'manual__2025-07-17T14:26:26.968500+00:00', '--job-id', '172', '--raw', '--subdir', 'DAGS_FOLDER/bps_simdasi_pipeline.py', '--cfg-path', '/tmp/tmper16esh9']
[2025-07-17T14:26:35.126+0000] {standard_task_runner.py:91} INFO - Job 172: Subtask process_simdasi_apis.process_api_1
[2025-07-17T14:26:35.374+0000] {task_command.py:426} INFO - Running <TaskInstance: bps_simdasi_pipeline.process_simdasi_apis.process_api_1 manual__2025-07-17T14:26:26.968500+00:00 [running]> on host be615b49433c
[2025-07-17T14:26:35.876+0000] {taskinstance.py:2648} INFO - Exporting env vars: AIRFLOW_CTX_DAG_OWNER='***' AIRFLOW_CTX_DAG_ID='bps_simdasi_pipeline' AIRFLOW_CTX_TASK_ID='process_simdasi_apis.process_api_1' AIRFLOW_CTX_EXECUTION_DATE='2025-07-17T14:26:26.968500+00:00' AIRFLOW_CTX_TRY_NUMBER='1' AIRFLOW_CTX_DAG_RUN_ID='manual__2025-07-17T14:26:26.968500+00:00'
[2025-07-17T14:26:35.881+0000] {taskinstance.py:430} INFO - ::endgroup::
[2025-07-17T14:26:35.883+0000] {logging_mixin.py:188} INFO - Processing URL: https://webapi.bps.go.id/v1/api/interoperabilitas/datasource/simdasi/id/25/tahun/2019/id_tabel/SENxVDdSbVprRGF2Sk91UTdGcVdTdz09/wilayah/0000000/key/79452e4c302f8921ad36cd2bf55f0630
[2025-07-17T14:26:35.885+0000] {logging_mixin.py:188} INFO - 
🔄 Mencoba mengambil daftar tahun yang tersedia secara otomatis...
[2025-07-17T14:26:38.274+0000] {logging_mixin.py:188} INFO - ✅ Tahun yang tersedia ditemukan: [2016, 2017, 2018, 2019, 2020, 2021, 2022, 2023]
[2025-07-17T14:26:38.281+0000] {logging_mixin.py:188} INFO - 
--- Memulai Loop Pengambilan Data SIMDASI ---
[2025-07-17T14:26:38.288+0000] {logging_mixin.py:188} INFO - 🔄 Mengambil tahun 2016...
[2025-07-17T14:26:47.499+0000] {logging_mixin.py:188} INFO - 
✅ Metadata awal ditangkap dari tahun 2016:
[2025-07-17T14:26:47.501+0000] {logging_mixin.py:188} INFO -    -> Nama Skema: api_bps_transportasi
[2025-07-17T14:26:47.502+0000] {logging_mixin.py:188} INFO -    -> Nama Kolom Label: provinsi
[2025-07-17T14:26:47.504+0000] {logging_mixin.py:188} INFO -    -> ID Kategori (mms_id): 560
[2025-07-17T14:26:47.506+0000] {logging_mixin.py:188} INFO - -> Berhasil memproses data untuk tahun 2016.
[2025-07-17T14:26:47.508+0000] {logging_mixin.py:188} INFO - 🔄 Mengambil tahun 2017...
[2025-07-17T14:26:57.367+0000] {logging_mixin.py:188} INFO - -> Berhasil memproses data untuk tahun 2017.
[2025-07-17T14:26:57.370+0000] {logging_mixin.py:188} INFO - 🔄 Mengambil tahun 2018...
[2025-07-17T14:27:00.579+0000] {logging_mixin.py:188} INFO - -> Berhasil memproses data untuk tahun 2018.
[2025-07-17T14:27:00.580+0000] {logging_mixin.py:188} INFO - 🔄 Mengambil tahun 2019...
[2025-07-17T14:27:04.128+0000] {logging_mixin.py:188} INFO - -> Berhasil memproses data untuk tahun 2019.
[2025-07-17T14:27:04.130+0000] {logging_mixin.py:188} INFO - 🔄 Mengambil tahun 2020...
[2025-07-17T14:27:06.526+0000] {logging_mixin.py:188} INFO - -> Berhasil memproses data untuk tahun 2020.
[2025-07-17T14:27:06.527+0000] {logging_mixin.py:188} INFO - 🔄 Mengambil tahun 2021...
[2025-07-17T14:27:08.474+0000] {logging_mixin.py:188} INFO - -> Berhasil memproses data untuk tahun 2021.
[2025-07-17T14:27:08.476+0000] {logging_mixin.py:188} INFO - 🔄 Mengambil tahun 2022...
[2025-07-17T14:27:10.668+0000] {logging_mixin.py:188} INFO - -> Berhasil memproses data untuk tahun 2022.
[2025-07-17T14:27:10.670+0000] {logging_mixin.py:188} INFO - 🔄 Mengambil tahun 2023...
[2025-07-17T14:27:13.264+0000] {logging_mixin.py:188} INFO - -> Berhasil memproses data untuk tahun 2023.
[2025-07-17T14:27:13.267+0000] {logging_mixin.py:188} INFO - 
✅ Nama tabel final diatur ke: 'pnjng_jln_mnrt_prvns_dn_tngkt_kwnngn_pmrnthn_ltspgt1ltspgt_2019' (berdasarkan judul dari tahun terakhir yang tersedia).
[2025-07-17T14:27:14.861+0000] {logging_mixin.py:188} INFO - ✅ Data saved to api_bps_transportasi.pnjng_jln_mnrt_prvns_dn_tngkt_kwnngn_pmrnthn_ltspgt1ltspgt_2019
[2025-07-17T14:27:14.862+0000] {python.py:237} INFO - Done. Returned value was: None
[2025-07-17T14:27:14.865+0000] {taskinstance.py:441} INFO - ::group::Post task execution logs
[2025-07-17T14:27:14.885+0000] {taskinstance.py:1206} INFO - Marking task as SUCCESS. dag_id=bps_simdasi_pipeline, task_id=process_simdasi_apis.process_api_1, run_id=manual__2025-07-17T14:26:26.968500+00:00, execution_date=20250717T142626, start_date=20250717T142634, end_date=20250717T142714
[2025-07-17T14:27:14.947+0000] {local_task_job_runner.py:240} INFO - Task exited with return code 0
[2025-07-17T14:27:14.976+0000] {taskinstance.py:3503} INFO - 0 downstream tasks scheduled from follow-on schedule check
[2025-07-17T14:27:14.980+0000] {local_task_job_runner.py:222} INFO - ::endgroup::
