[2025-07-29T05:33:49.604+0000] {local_task_job_runner.py:120} INFO - ::group::Pre task execution logs
[2025-07-29T05:33:49.767+0000] {taskinstance.py:2076} INFO - Dependencies all met for dep_context=non-requeueable deps ti=<TaskInstance: bps_simdasi_pipeline.process_simdasi_apis.process_api_3 manual__2025-07-23T16:02:34.444004+00:00 [queued]>
[2025-07-29T05:33:49.813+0000] {taskinstance.py:2076} INFO - Dependencies all met for dep_context=requeueable deps ti=<TaskInstance: bps_simdasi_pipeline.process_simdasi_apis.process_api_3 manual__2025-07-23T16:02:34.444004+00:00 [queued]>
[2025-07-29T05:33:49.817+0000] {taskinstance.py:2306} INFO - Starting attempt 1 of 2
[2025-07-29T05:33:49.913+0000] {taskinstance.py:2330} INFO - Executing <Task(PythonOperator): process_simdasi_apis.process_api_3> on 2025-07-23 16:02:34.444004+00:00
[2025-07-29T05:33:49.967+0000] {warnings.py:112} WARNING - /home/***/.local/lib/python3.12/site-packages/***/task/task_runner/standard_task_runner.py:61: DeprecationWarning: This process (pid=96) is multi-threaded, use of fork() may lead to deadlocks in the child.
  pid = os.fork()

[2025-07-29T05:33:49.982+0000] {standard_task_runner.py:63} INFO - Started process 106 to run task
[2025-07-29T05:33:49.981+0000] {standard_task_runner.py:90} INFO - Running: ['***', 'tasks', 'run', 'bps_simdasi_pipeline', 'process_simdasi_apis.process_api_3', 'manual__2025-07-23T16:02:34.444004+00:00', '--job-id', '245', '--raw', '--subdir', 'DAGS_FOLDER/bps_simdasi_pipeline.py', '--cfg-path', '/tmp/tmpn3zdp7up']
[2025-07-29T05:33:49.989+0000] {standard_task_runner.py:91} INFO - Job 245: Subtask process_simdasi_apis.process_api_3
[2025-07-29T05:33:51.523+0000] {task_command.py:426} INFO - Running <TaskInstance: bps_simdasi_pipeline.process_simdasi_apis.process_api_3 manual__2025-07-23T16:02:34.444004+00:00 [running]> on host be615b49433c
[2025-07-29T05:33:52.149+0000] {taskinstance.py:2648} INFO - Exporting env vars: AIRFLOW_CTX_DAG_OWNER='***' AIRFLOW_CTX_DAG_ID='bps_simdasi_pipeline' AIRFLOW_CTX_TASK_ID='process_simdasi_apis.process_api_3' AIRFLOW_CTX_EXECUTION_DATE='2025-07-23T16:02:34.444004+00:00' AIRFLOW_CTX_TRY_NUMBER='1' AIRFLOW_CTX_DAG_RUN_ID='manual__2025-07-23T16:02:34.444004+00:00'
[2025-07-29T05:33:52.152+0000] {taskinstance.py:430} INFO - ::endgroup::
[2025-07-29T05:33:52.159+0000] {logging_mixin.py:188} INFO - ðŸ” Processing URL: https://webapi.bps.go.id/v1/api/interoperabilitas/datasource/simdasi/id/25/tahun/2024/id_tabel/UkJNaEl6ZHRVYXNaMzZhZG9BbS9ZZz09/wilayah/0000000/key/79452e4c302f8921ad36cd2bf55f0630/
[2025-07-29T05:33:52.160+0000] {logging_mixin.py:188} INFO - 
ðŸ”„ Mencoba mengambil daftar tahun yang tersedia secara otomatis...
[2025-07-29T05:33:55.060+0000] {logging_mixin.py:188} INFO - âœ… Tahun yang tersedia ditemukan: [2016, 2017, 2018, 2019, 2020, 2021, 2022, 2023, 2024]
[2025-07-29T05:33:55.089+0000] {logging_mixin.py:188} INFO - 
--- Memulai Loop Pengambilan Data SIMDASI ---
[2025-07-29T05:33:55.101+0000] {logging_mixin.py:188} INFO - ðŸ”„ Mengambil tahun 2016...
[2025-07-29T05:33:56.402+0000] {logging_mixin.py:188} INFO - 
âœ… Metadata awal ditangkap dari tahun 2016:
[2025-07-29T05:33:56.404+0000] {logging_mixin.py:188} INFO -    -> Nama Skema: api_bps_pendidikan
[2025-07-29T05:33:56.409+0000] {logging_mixin.py:188} INFO -    -> Nama Kolom Label: provinsi
[2025-07-29T05:33:56.411+0000] {logging_mixin.py:188} INFO -    -> ID Kategori (mms_id): 521
[2025-07-29T05:33:56.415+0000] {logging_mixin.py:188} INFO - -> Berhasil memproses data untuk tahun 2016.
[2025-07-29T05:33:56.422+0000] {logging_mixin.py:188} INFO - ðŸ”„ Mengambil tahun 2017...
[2025-07-29T05:33:57.229+0000] {logging_mixin.py:188} INFO - -> Berhasil memproses data untuk tahun 2017.
[2025-07-29T05:33:57.231+0000] {logging_mixin.py:188} INFO - ðŸ”„ Mengambil tahun 2018...
[2025-07-29T05:33:59.120+0000] {logging_mixin.py:188} INFO - -> Berhasil memproses data untuk tahun 2018.
[2025-07-29T05:33:59.134+0000] {logging_mixin.py:188} INFO - ðŸ”„ Mengambil tahun 2019...
[2025-07-29T05:34:00.424+0000] {logging_mixin.py:188} INFO - -> Berhasil memproses data untuk tahun 2019.
[2025-07-29T05:34:00.427+0000] {logging_mixin.py:188} INFO - ðŸ”„ Mengambil tahun 2020...
[2025-07-29T05:34:18.957+0000] {logging_mixin.py:188} INFO - -> Berhasil memproses data untuk tahun 2020.
[2025-07-29T05:34:18.964+0000] {logging_mixin.py:188} INFO - ðŸ”„ Mengambil tahun 2021...
[2025-07-29T05:34:21.101+0000] {logging_mixin.py:188} INFO - -> Berhasil memproses data untuk tahun 2021.
[2025-07-29T05:34:21.105+0000] {logging_mixin.py:188} INFO - ðŸ”„ Mengambil tahun 2022...
[2025-07-29T05:34:22.113+0000] {logging_mixin.py:188} INFO - -> Berhasil memproses data untuk tahun 2022.
[2025-07-29T05:34:22.114+0000] {logging_mixin.py:188} INFO - ðŸ”„ Mengambil tahun 2023...
[2025-07-29T05:34:22.827+0000] {logging_mixin.py:188} INFO - -> Berhasil memproses data untuk tahun 2023.
[2025-07-29T05:34:22.830+0000] {logging_mixin.py:188} INFO - ðŸ”„ Mengambil tahun 2024...
[2025-07-29T05:34:23.540+0000] {logging_mixin.py:188} INFO - -> Berhasil memproses data untuk tahun 2024.
[2025-07-29T05:34:23.541+0000] {logging_mixin.py:188} INFO - 
âœ… Nama tabel final diatur ke: 'jmlh_sklh_gr_dn_mrd_sklh_dsr_sd_d_bwh_kmntrn_pnddkn_kbdyn_rst_d'
[2025-07-29T05:34:23.606+0000] {logging_mixin.py:188} INFO - âœ… Data berhasil ditranspose menjadi format long (jumlah baris: 2907).
[2025-07-29T05:34:23.613+0000] {taskinstance.py:441} INFO - ::group::Post task execution logs
[2025-07-29T05:34:23.614+0000] {taskinstance.py:2905} ERROR - Task failed with exception
Traceback (most recent call last):
  File "/home/airflow/.local/lib/python3.12/site-packages/airflow/models/taskinstance.py", line 465, in _execute_task
    result = _execute_callable(context=context, **execute_callable_kwargs)
             ^^^^^^^^^^^^^^^^^^^^^^^^^^^^^^^^^^^^^^^^^^^^^^^^^^^^^^^^^^^^^
  File "/home/airflow/.local/lib/python3.12/site-packages/airflow/models/taskinstance.py", line 432, in _execute_callable
    return execute_callable(context=context, **execute_callable_kwargs)
           ^^^^^^^^^^^^^^^^^^^^^^^^^^^^^^^^^^^^^^^^^^^^^^^^^^^^^^^^^^^^
  File "/home/airflow/.local/lib/python3.12/site-packages/airflow/models/baseoperator.py", line 401, in wrapper
    return func(self, *args, **kwargs)
           ^^^^^^^^^^^^^^^^^^^^^^^^^^^
  File "/home/airflow/.local/lib/python3.12/site-packages/airflow/operators/python.py", line 235, in execute
    return_value = self.execute_callable()
                   ^^^^^^^^^^^^^^^^^^^^^^^
  File "/home/airflow/.local/lib/python3.12/site-packages/airflow/operators/python.py", line 252, in execute_callable
    return self.python_callable(*self.op_args, **self.op_kwargs)
           ^^^^^^^^^^^^^^^^^^^^^^^^^^^^^^^^^^^^^^^^^^^^^^^^^^^^^
  File "/opt/airflow/dags/bps_simdasi_pipeline.py", line 34, in process_simdasi_url
    df, table_name = handle_simdasi_detail_table(url)
    ^^^^^^^^^^^^^^
ValueError: too many values to unpack (expected 2)
[2025-07-29T05:34:23.643+0000] {taskinstance.py:1206} INFO - Marking task as UP_FOR_RETRY. dag_id=bps_simdasi_pipeline, task_id=process_simdasi_apis.process_api_3, run_id=manual__2025-07-23T16:02:34.444004+00:00, execution_date=20250723T160234, start_date=20250729T053349, end_date=20250729T053423
[2025-07-29T05:34:23.675+0000] {standard_task_runner.py:110} ERROR - Failed to execute job 245 for task process_simdasi_apis.process_api_3 (too many values to unpack (expected 2); 106)
[2025-07-29T05:34:23.716+0000] {local_task_job_runner.py:240} INFO - Task exited with return code 1
[2025-07-29T05:34:23.833+0000] {taskinstance.py:3503} INFO - 0 downstream tasks scheduled from follow-on schedule check
[2025-07-29T05:34:23.841+0000] {local_task_job_runner.py:222} INFO - ::endgroup::
