[2025-07-17T11:51:43.902+0000] {local_task_job_runner.py:120} INFO - ::group::Pre task execution logs
[2025-07-17T11:51:44.065+0000] {taskinstance.py:2076} INFO - Dependencies all met for dep_context=non-requeueable deps ti=<TaskInstance: bps_simdasi_pipeline.process_simdasi_apis.process_api_4 manual__2025-07-17T11:44:46.952680+00:00 [queued]>
[2025-07-17T11:51:44.102+0000] {taskinstance.py:2076} INFO - Dependencies all met for dep_context=requeueable deps ti=<TaskInstance: bps_simdasi_pipeline.process_simdasi_apis.process_api_4 manual__2025-07-17T11:44:46.952680+00:00 [queued]>
[2025-07-17T11:51:44.108+0000] {taskinstance.py:2306} INFO - Starting attempt 2 of 2
[2025-07-17T11:51:44.189+0000] {taskinstance.py:2330} INFO - Executing <Task(PythonOperator): process_simdasi_apis.process_api_4> on 2025-07-17 11:44:46.952680+00:00
[2025-07-17T11:51:44.282+0000] {warnings.py:112} WARNING - /home/***/.local/lib/python3.12/site-packages/***/task/task_runner/standard_task_runner.py:61: DeprecationWarning: This process (pid=605) is multi-threaded, use of fork() may lead to deadlocks in the child.
  pid = os.fork()

[2025-07-17T11:51:44.297+0000] {standard_task_runner.py:63} INFO - Started process 624 to run task
[2025-07-17T11:51:44.284+0000] {standard_task_runner.py:90} INFO - Running: ['***', 'tasks', 'run', 'bps_simdasi_pipeline', 'process_simdasi_apis.process_api_4', 'manual__2025-07-17T11:44:46.952680+00:00', '--job-id', '149', '--raw', '--subdir', 'DAGS_FOLDER/bps_simdasi_pipeline.py.py', '--cfg-path', '/tmp/tmp_3qcemga']
[2025-07-17T11:51:44.311+0000] {standard_task_runner.py:91} INFO - Job 149: Subtask process_simdasi_apis.process_api_4
[2025-07-17T11:51:44.565+0000] {task_command.py:426} INFO - Running <TaskInstance: bps_simdasi_pipeline.process_simdasi_apis.process_api_4 manual__2025-07-17T11:44:46.952680+00:00 [running]> on host be615b49433c
[2025-07-17T11:51:45.017+0000] {taskinstance.py:2648} INFO - Exporting env vars: AIRFLOW_CTX_DAG_OWNER='***' AIRFLOW_CTX_DAG_ID='bps_simdasi_pipeline' AIRFLOW_CTX_TASK_ID='process_simdasi_apis.process_api_4' AIRFLOW_CTX_EXECUTION_DATE='2025-07-17T11:44:46.952680+00:00' AIRFLOW_CTX_TRY_NUMBER='2' AIRFLOW_CTX_DAG_RUN_ID='manual__2025-07-17T11:44:46.952680+00:00'
[2025-07-17T11:51:45.030+0000] {taskinstance.py:430} INFO - ::endgroup::
[2025-07-17T11:51:45.034+0000] {logging_mixin.py:188} INFO - Processing URL: https://webapi.bps.go.id/v1/api/interoperabilitas/datasource/simdasi/id/25/tahun/2020/id_tabel/elJzMTFDZWI0bS9OcGptMVFWNEdhdz09/wilayah/0000000/key/79452e4c302f8921ad36cd2bf55f0630
[2025-07-17T11:51:48.037+0000] {logging_mixin.py:188} INFO - 
--- Memulai Loop Pengambilan Data SIMDASI ---
[2025-07-17T11:51:48.053+0000] {logging_mixin.py:188} INFO - 🔄 Mengambil tahun 2017...
[2025-07-17T11:51:49.237+0000] {logging_mixin.py:188} INFO - 
✅ Metadata awal ditangkap dari tahun 2017:
[2025-07-17T11:51:49.238+0000] {logging_mixin.py:188} INFO -    -> Nama Skema: api_bps_hortikultura_khutanan_perikanan
[2025-07-17T11:51:49.240+0000] {logging_mixin.py:188} INFO -    -> Nama Kolom Label: provinsi
[2025-07-17T11:51:49.241+0000] {logging_mixin.py:188} INFO -    -> ID Kategori (mms_id): 557
[2025-07-17T11:51:49.243+0000] {logging_mixin.py:188} INFO - -> Berhasil memproses data untuk tahun 2017.
[2025-07-17T11:51:49.244+0000] {logging_mixin.py:188} INFO - 🔄 Mengambil tahun 2018...
[2025-07-17T11:51:50.918+0000] {logging_mixin.py:188} INFO - -> Berhasil memproses data untuk tahun 2018.
[2025-07-17T11:51:50.946+0000] {logging_mixin.py:188} INFO - 🔄 Mengambil tahun 2019...
[2025-07-17T11:51:52.555+0000] {logging_mixin.py:188} INFO - -> Berhasil memproses data untuk tahun 2019.
[2025-07-17T11:51:52.560+0000] {logging_mixin.py:188} INFO - 🔄 Mengambil tahun 2020...
[2025-07-17T11:51:54.145+0000] {logging_mixin.py:188} INFO - -> Berhasil memproses data untuk tahun 2020.
[2025-07-17T11:51:54.147+0000] {logging_mixin.py:188} INFO - 
✅ Nama tabel final diatur ke: 'prdks_prkbnn_mnrt_jns_tnmn_mnrt_prvns_rb_tn_2020' (berdasarkan judul dari tahun terakhir yang tersedia).
[2025-07-17T11:51:54.268+0000] {logging_mixin.py:188} INFO - ❌ Database error: connection to server at "103.183.92.158", port 5432 failed: FATAL:  sorry, too many clients already
[2025-07-17T11:51:54.270+0000] {python.py:237} INFO - Done. Returned value was: None
[2025-07-17T11:51:54.271+0000] {taskinstance.py:441} INFO - ::group::Post task execution logs
[2025-07-17T11:51:54.300+0000] {taskinstance.py:1206} INFO - Marking task as SUCCESS. dag_id=bps_simdasi_pipeline, task_id=process_simdasi_apis.process_api_4, run_id=manual__2025-07-17T11:44:46.952680+00:00, execution_date=20250717T114446, start_date=20250717T115144, end_date=20250717T115154
[2025-07-17T11:51:54.382+0000] {local_task_job_runner.py:240} INFO - Task exited with return code 0
[2025-07-17T11:51:54.423+0000] {taskinstance.py:3503} INFO - 0 downstream tasks scheduled from follow-on schedule check
[2025-07-17T11:51:54.431+0000] {local_task_job_runner.py:222} INFO - ::endgroup::
