[2025-07-21T16:57:46.289+0000] {local_task_job_runner.py:120} INFO - ::group::Pre task execution logs
[2025-07-21T16:57:46.345+0000] {taskinstance.py:2076} INFO - Dependencies all met for dep_context=non-requeueable deps ti=<TaskInstance: bps_simdasi_pipeline.process_simdasi_apis.process_api_20 manual__2025-07-21T16:51:36.203962+00:00 [queued]>
[2025-07-21T16:57:46.366+0000] {taskinstance.py:2076} INFO - Dependencies all met for dep_context=requeueable deps ti=<TaskInstance: bps_simdasi_pipeline.process_simdasi_apis.process_api_20 manual__2025-07-21T16:51:36.203962+00:00 [queued]>
[2025-07-21T16:57:46.368+0000] {taskinstance.py:2306} INFO - Starting attempt 1 of 2
[2025-07-21T16:57:46.401+0000] {taskinstance.py:2330} INFO - Executing <Task(PythonOperator): process_simdasi_apis.process_api_20> on 2025-07-21 16:51:36.203962+00:00
[2025-07-21T16:57:46.421+0000] {warnings.py:112} WARNING - /home/***/.local/lib/python3.12/site-packages/***/task/task_runner/standard_task_runner.py:61: DeprecationWarning: This process (pid=391) is multi-threaded, use of fork() may lead to deadlocks in the child.
  pid = os.fork()

[2025-07-21T16:57:46.425+0000] {standard_task_runner.py:90} INFO - Running: ['***', 'tasks', 'run', 'bps_simdasi_pipeline', 'process_simdasi_apis.process_api_20', 'manual__2025-07-21T16:51:36.203962+00:00', '--job-id', '223', '--raw', '--subdir', 'DAGS_FOLDER/bps_simdasi_pipeline.py', '--cfg-path', '/tmp/tmpqgbhiowr']
[2025-07-21T16:57:46.427+0000] {standard_task_runner.py:63} INFO - Started process 393 to run task
[2025-07-21T16:57:46.427+0000] {standard_task_runner.py:91} INFO - Job 223: Subtask process_simdasi_apis.process_api_20
[2025-07-21T16:57:46.554+0000] {task_command.py:426} INFO - Running <TaskInstance: bps_simdasi_pipeline.process_simdasi_apis.process_api_20 manual__2025-07-21T16:51:36.203962+00:00 [running]> on host be615b49433c
[2025-07-21T16:57:46.752+0000] {taskinstance.py:2648} INFO - Exporting env vars: AIRFLOW_CTX_DAG_OWNER='***' AIRFLOW_CTX_DAG_ID='bps_simdasi_pipeline' AIRFLOW_CTX_TASK_ID='process_simdasi_apis.process_api_20' AIRFLOW_CTX_EXECUTION_DATE='2025-07-21T16:51:36.203962+00:00' AIRFLOW_CTX_TRY_NUMBER='1' AIRFLOW_CTX_DAG_RUN_ID='manual__2025-07-21T16:51:36.203962+00:00'
[2025-07-21T16:57:46.754+0000] {taskinstance.py:430} INFO - ::endgroup::
[2025-07-21T16:57:46.756+0000] {logging_mixin.py:188} INFO - ðŸ” Processing URL: https://webapi.bps.go.id/v1/api/interoperabilitas/datasource/simdasi/id/25/tahun/2024/id_tabel/REdXbUdSVjIzUlJTT0Z5Vy9Rd3ZmQT09/wilayah/0000000/key/79452e4c302f8921ad36cd2bf55f0630/
[2025-07-21T16:57:46.758+0000] {logging_mixin.py:188} INFO - 
ðŸ”„ Mencoba mengambil daftar tahun yang tersedia secara otomatis...
[2025-07-21T16:57:48.704+0000] {logging_mixin.py:188} INFO - âœ… Tahun yang tersedia ditemukan: [2015, 2016, 2017, 2018, 2019, 2020, 2021, 2022, 2023, 2024]
[2025-07-21T16:57:48.708+0000] {logging_mixin.py:188} INFO - 
--- Memulai Loop Pengambilan Data SIMDASI ---
[2025-07-21T16:57:48.710+0000] {logging_mixin.py:188} INFO - ðŸ”„ Mengambil tahun 2015...
[2025-07-21T16:57:50.678+0000] {logging_mixin.py:188} INFO - 
âœ… Metadata awal ditangkap dari tahun 2015:
[2025-07-21T16:57:50.679+0000] {logging_mixin.py:188} INFO -    -> Nama Skema: api_bps_kondisi_tempat_tinggal
[2025-07-21T16:57:50.681+0000] {logging_mixin.py:188} INFO -    -> Nama Kolom Label: provinsi
[2025-07-21T16:57:50.683+0000] {logging_mixin.py:188} INFO -    -> ID Kategori (mms_id): 563
[2025-07-21T16:57:50.684+0000] {logging_mixin.py:188} INFO - -> Berhasil memproses data untuk tahun 2015.
[2025-07-21T16:57:50.686+0000] {logging_mixin.py:188} INFO - ðŸ”„ Mengambil tahun 2016...
[2025-07-21T16:57:52.635+0000] {logging_mixin.py:188} INFO - -> Berhasil memproses data untuk tahun 2016.
[2025-07-21T16:57:52.637+0000] {logging_mixin.py:188} INFO - ðŸ”„ Mengambil tahun 2017...
[2025-07-21T16:57:55.378+0000] {logging_mixin.py:188} INFO - -> Berhasil memproses data untuk tahun 2017.
[2025-07-21T16:57:55.385+0000] {logging_mixin.py:188} INFO - ðŸ”„ Mengambil tahun 2018...
[2025-07-21T16:57:57.488+0000] {logging_mixin.py:188} INFO - -> Berhasil memproses data untuk tahun 2018.
[2025-07-21T16:57:57.489+0000] {logging_mixin.py:188} INFO - ðŸ”„ Mengambil tahun 2019...
[2025-07-21T16:57:59.451+0000] {logging_mixin.py:188} INFO - -> Berhasil memproses data untuk tahun 2019.
[2025-07-21T16:57:59.452+0000] {logging_mixin.py:188} INFO - ðŸ”„ Mengambil tahun 2020...
[2025-07-21T16:58:01.869+0000] {logging_mixin.py:188} INFO - -> Berhasil memproses data untuk tahun 2020.
[2025-07-21T16:58:01.870+0000] {logging_mixin.py:188} INFO - ðŸ”„ Mengambil tahun 2021...
[2025-07-21T16:58:03.832+0000] {logging_mixin.py:188} INFO - -> Berhasil memproses data untuk tahun 2021.
[2025-07-21T16:58:03.833+0000] {logging_mixin.py:188} INFO - ðŸ”„ Mengambil tahun 2022...
[2025-07-21T16:58:05.722+0000] {logging_mixin.py:188} INFO - -> Berhasil memproses data untuk tahun 2022.
[2025-07-21T16:58:05.723+0000] {logging_mixin.py:188} INFO - ðŸ”„ Mengambil tahun 2023...
[2025-07-21T16:58:07.828+0000] {logging_mixin.py:188} INFO - -> Berhasil memproses data untuk tahun 2023.
[2025-07-21T16:58:07.830+0000] {logging_mixin.py:188} INFO - ðŸ”„ Mengambil tahun 2024...
[2025-07-21T16:58:09.761+0000] {logging_mixin.py:188} INFO - -> Berhasil memproses data untuk tahun 2024.
[2025-07-21T16:58:13.204+0000] {logging_mixin.py:188} INFO - âœ… Data saved to api_bps_kondisi_tempat_tinggal.jmlh_dn_prsnts_pnddk_mskn_mnrt_prvns_2024
[2025-07-21T16:58:13.206+0000] {python.py:237} INFO - Done. Returned value was: None
[2025-07-21T16:58:13.210+0000] {taskinstance.py:441} INFO - ::group::Post task execution logs
[2025-07-21T16:58:13.252+0000] {taskinstance.py:1206} INFO - Marking task as SUCCESS. dag_id=bps_simdasi_pipeline, task_id=process_simdasi_apis.process_api_20, run_id=manual__2025-07-21T16:51:36.203962+00:00, execution_date=20250721T165136, start_date=20250721T165746, end_date=20250721T165813
[2025-07-21T16:58:13.354+0000] {local_task_job_runner.py:240} INFO - Task exited with return code 0
[2025-07-21T16:58:13.424+0000] {taskinstance.py:3503} INFO - 1 downstream tasks scheduled from follow-on schedule check
[2025-07-21T16:58:13.436+0000] {local_task_job_runner.py:222} INFO - ::endgroup::
