[2025-07-17T14:51:23.757+0000] {local_task_job_runner.py:120} INFO - ::group::Pre task execution logs
[2025-07-17T14:51:23.809+0000] {taskinstance.py:2076} INFO - Dependencies all met for dep_context=non-requeueable deps ti=<TaskInstance: bps_simdasi_pipeline.process_simdasi_apis.process_api_2 manual__2025-07-17T14:51:10.509836+00:00 [queued]>
[2025-07-17T14:51:23.826+0000] {taskinstance.py:2076} INFO - Dependencies all met for dep_context=requeueable deps ti=<TaskInstance: bps_simdasi_pipeline.process_simdasi_apis.process_api_2 manual__2025-07-17T14:51:10.509836+00:00 [queued]>
[2025-07-17T14:51:23.827+0000] {taskinstance.py:2306} INFO - Starting attempt 1 of 2
[2025-07-17T14:51:23.861+0000] {taskinstance.py:2330} INFO - Executing <Task(PythonOperator): process_simdasi_apis.process_api_2> on 2025-07-17 14:51:10.509836+00:00
[2025-07-17T14:51:23.927+0000] {warnings.py:112} WARNING - /home/***/.local/lib/python3.12/site-packages/***/task/task_runner/standard_task_runner.py:61: DeprecationWarning: This process (pid=418) is multi-threaded, use of fork() may lead to deadlocks in the child.
  pid = os.fork()

[2025-07-17T14:51:23.931+0000] {standard_task_runner.py:63} INFO - Started process 428 to run task
[2025-07-17T14:51:23.930+0000] {standard_task_runner.py:90} INFO - Running: ['***', 'tasks', 'run', 'bps_simdasi_pipeline', 'process_simdasi_apis.process_api_2', 'manual__2025-07-17T14:51:10.509836+00:00', '--job-id', '175', '--raw', '--subdir', 'DAGS_FOLDER/bps_simdasi_pipeline.py', '--cfg-path', '/tmp/tmp2ykczjah']
[2025-07-17T14:51:23.933+0000] {standard_task_runner.py:91} INFO - Job 175: Subtask process_simdasi_apis.process_api_2
[2025-07-17T14:51:24.070+0000] {task_command.py:426} INFO - Running <TaskInstance: bps_simdasi_pipeline.process_simdasi_apis.process_api_2 manual__2025-07-17T14:51:10.509836+00:00 [running]> on host be615b49433c
[2025-07-17T14:51:24.285+0000] {taskinstance.py:2648} INFO - Exporting env vars: AIRFLOW_CTX_DAG_OWNER='***' AIRFLOW_CTX_DAG_ID='bps_simdasi_pipeline' AIRFLOW_CTX_TASK_ID='process_simdasi_apis.process_api_2' AIRFLOW_CTX_EXECUTION_DATE='2025-07-17T14:51:10.509836+00:00' AIRFLOW_CTX_TRY_NUMBER='1' AIRFLOW_CTX_DAG_RUN_ID='manual__2025-07-17T14:51:10.509836+00:00'
[2025-07-17T14:51:24.289+0000] {taskinstance.py:430} INFO - ::endgroup::
[2025-07-17T14:51:24.290+0000] {logging_mixin.py:188} INFO - Processing URL: https://webapi.bps.go.id/v1/api/interoperabilitas/datasource/simdasi/id/25//tahun/2024/id_tabel/YzVEYlo5MVplU2NaM2NtT2daTzB6UT09/wilayah/0000000/key/79452e4c302f8921ad36cd2bf55f0630
[2025-07-17T14:51:24.291+0000] {logging_mixin.py:188} INFO - 
🔄 Mencoba mengambil daftar tahun yang tersedia secara otomatis...
[2025-07-17T14:51:30.411+0000] {logging_mixin.py:188} INFO - ✅ Tahun yang tersedia ditemukan: [2024]
[2025-07-17T14:51:30.415+0000] {logging_mixin.py:188} INFO - 
--- Memulai Loop Pengambilan Data SIMDASI ---
[2025-07-17T14:51:30.417+0000] {logging_mixin.py:188} INFO - 🔄 Mengambil tahun 2024...
[2025-07-17T14:51:30.748+0000] {logging_mixin.py:188} INFO - -> Data tidak tersedia untuk tahun 2024.
[2025-07-17T14:51:30.749+0000] {logging_mixin.py:188} INFO - 
❌ Gagal Total: Tidak dapat menangkap metadata nama dari tahun manapun. Proses dihentikan.
[2025-07-17T14:51:30.766+0000] {logging_mixin.py:188} INFO - ⚠️ No data processed
[2025-07-17T14:51:30.768+0000] {python.py:237} INFO - Done. Returned value was: None
[2025-07-17T14:51:30.770+0000] {taskinstance.py:441} INFO - ::group::Post task execution logs
[2025-07-17T14:51:30.790+0000] {taskinstance.py:1206} INFO - Marking task as SUCCESS. dag_id=bps_simdasi_pipeline, task_id=process_simdasi_apis.process_api_2, run_id=manual__2025-07-17T14:51:10.509836+00:00, execution_date=20250717T145110, start_date=20250717T145123, end_date=20250717T145130
[2025-07-17T14:51:30.878+0000] {local_task_job_runner.py:240} INFO - Task exited with return code 0
[2025-07-17T14:51:30.906+0000] {taskinstance.py:3503} INFO - 0 downstream tasks scheduled from follow-on schedule check
[2025-07-17T14:51:30.910+0000] {local_task_job_runner.py:222} INFO - ::endgroup::
