[2025-07-21T16:58:30.694+0000] {local_task_job_runner.py:120} INFO - ::group::Pre task execution logs
[2025-07-21T16:58:30.772+0000] {taskinstance.py:2076} INFO - Dependencies all met for dep_context=non-requeueable deps ti=<TaskInstance: bps_simdasi_pipeline.process_simdasi_apis.process_api_22 manual__2025-07-21T16:51:36.203962+00:00 [queued]>
[2025-07-21T16:58:30.810+0000] {taskinstance.py:2076} INFO - Dependencies all met for dep_context=requeueable deps ti=<TaskInstance: bps_simdasi_pipeline.process_simdasi_apis.process_api_22 manual__2025-07-21T16:51:36.203962+00:00 [queued]>
[2025-07-21T16:58:30.813+0000] {taskinstance.py:2306} INFO - Starting attempt 1 of 2
[2025-07-21T16:58:30.870+0000] {taskinstance.py:2330} INFO - Executing <Task(PythonOperator): process_simdasi_apis.process_api_22> on 2025-07-21 16:51:36.203962+00:00
[2025-07-21T16:58:30.903+0000] {warnings.py:112} WARNING - /home/***/.local/lib/python3.12/site-packages/***/task/task_runner/standard_task_runner.py:61: DeprecationWarning: This process (pid=404) is multi-threaded, use of fork() may lead to deadlocks in the child.
  pid = os.fork()

[2025-07-21T16:58:30.912+0000] {standard_task_runner.py:63} INFO - Started process 413 to run task
[2025-07-21T16:58:30.914+0000] {standard_task_runner.py:90} INFO - Running: ['***', 'tasks', 'run', 'bps_simdasi_pipeline', 'process_simdasi_apis.process_api_22', 'manual__2025-07-21T16:51:36.203962+00:00', '--job-id', '225', '--raw', '--subdir', 'DAGS_FOLDER/bps_simdasi_pipeline.py', '--cfg-path', '/tmp/tmpsfyrfdwn']
[2025-07-21T16:58:30.919+0000] {standard_task_runner.py:91} INFO - Job 225: Subtask process_simdasi_apis.process_api_22
[2025-07-21T16:58:31.122+0000] {task_command.py:426} INFO - Running <TaskInstance: bps_simdasi_pipeline.process_simdasi_apis.process_api_22 manual__2025-07-21T16:51:36.203962+00:00 [running]> on host be615b49433c
[2025-07-21T16:58:31.477+0000] {taskinstance.py:2648} INFO - Exporting env vars: AIRFLOW_CTX_DAG_OWNER='***' AIRFLOW_CTX_DAG_ID='bps_simdasi_pipeline' AIRFLOW_CTX_TASK_ID='process_simdasi_apis.process_api_22' AIRFLOW_CTX_EXECUTION_DATE='2025-07-21T16:51:36.203962+00:00' AIRFLOW_CTX_TRY_NUMBER='1' AIRFLOW_CTX_DAG_RUN_ID='manual__2025-07-21T16:51:36.203962+00:00'
[2025-07-21T16:58:31.482+0000] {taskinstance.py:430} INFO - ::endgroup::
[2025-07-21T16:58:31.485+0000] {logging_mixin.py:188} INFO - ðŸ” Processing URL: https://webapi.bps.go.id/v1/api/interoperabilitas/datasource/simdasi/id/25/tahun/2023/id_tabel/TEJrTHhZODZmSXhoblFvSGtlbkFMQT09/wilayah/0000000/key/79452e4c302f8921ad36cd2bf55f0630/
[2025-07-21T16:58:31.486+0000] {logging_mixin.py:188} INFO - 
ðŸ”„ Mencoba mengambil daftar tahun yang tersedia secara otomatis...
[2025-07-21T16:58:34.021+0000] {logging_mixin.py:188} INFO - âœ… Tahun yang tersedia ditemukan: [2017, 2018, 2019, 2020, 2021, 2022, 2023]
[2025-07-21T16:58:34.026+0000] {logging_mixin.py:188} INFO - 
--- Memulai Loop Pengambilan Data SIMDASI ---
[2025-07-21T16:58:34.035+0000] {logging_mixin.py:188} INFO - ðŸ”„ Mengambil tahun 2017...
[2025-07-21T16:58:36.218+0000] {logging_mixin.py:188} INFO - 
âœ… Metadata awal ditangkap dari tahun 2017:
[2025-07-21T16:58:36.221+0000] {logging_mixin.py:188} INFO -    -> Nama Skema: api_bps_keuangan_pemerintah_fiskal
[2025-07-21T16:58:36.225+0000] {logging_mixin.py:188} INFO -    -> Nama Kolom Label: jabatan
[2025-07-21T16:58:36.229+0000] {logging_mixin.py:188} INFO -    -> ID Kategori (mms_id): 534
[2025-07-21T16:58:36.231+0000] {logging_mixin.py:188} INFO - -> Berhasil memproses data untuk tahun 2017.
[2025-07-21T16:58:36.232+0000] {logging_mixin.py:188} INFO - ðŸ”„ Mengambil tahun 2018...
[2025-07-21T16:58:38.152+0000] {logging_mixin.py:188} INFO - -> Berhasil memproses data untuk tahun 2018.
[2025-07-21T16:58:38.153+0000] {logging_mixin.py:188} INFO - ðŸ”„ Mengambil tahun 2019...
[2025-07-21T16:58:40.720+0000] {logging_mixin.py:188} INFO - -> Berhasil memproses data untuk tahun 2019.
[2025-07-21T16:58:40.721+0000] {logging_mixin.py:188} INFO - ðŸ”„ Mengambil tahun 2020...
[2025-07-21T16:58:42.605+0000] {logging_mixin.py:188} INFO - -> Berhasil memproses data untuk tahun 2020.
[2025-07-21T16:58:42.606+0000] {logging_mixin.py:188} INFO - ðŸ”„ Mengambil tahun 2021...
[2025-07-21T16:58:44.348+0000] {logging_mixin.py:188} INFO - -> Berhasil memproses data untuk tahun 2021.
[2025-07-21T16:58:44.349+0000] {logging_mixin.py:188} INFO - ðŸ”„ Mengambil tahun 2022...
[2025-07-21T16:58:46.807+0000] {logging_mixin.py:188} INFO - -> Berhasil memproses data untuk tahun 2022.
[2025-07-21T16:58:46.810+0000] {logging_mixin.py:188} INFO - ðŸ”„ Mengambil tahun 2023...
[2025-07-21T16:58:48.655+0000] {logging_mixin.py:188} INFO - -> Berhasil memproses data untuk tahun 2023.
[2025-07-21T16:58:50.810+0000] {logging_mixin.py:188} INFO - âœ… Data saved to api_bps_keuangan_pemerintah_fiskal.jmlh_pgw_ngr_spl_mnrt_jbtn_dn_jns_klmn_dsmbr_2023
[2025-07-21T16:58:50.812+0000] {python.py:237} INFO - Done. Returned value was: None
[2025-07-21T16:58:50.814+0000] {taskinstance.py:441} INFO - ::group::Post task execution logs
[2025-07-21T16:58:50.831+0000] {taskinstance.py:1206} INFO - Marking task as SUCCESS. dag_id=bps_simdasi_pipeline, task_id=process_simdasi_apis.process_api_22, run_id=manual__2025-07-21T16:51:36.203962+00:00, execution_date=20250721T165136, start_date=20250721T165830, end_date=20250721T165850
[2025-07-21T16:58:50.889+0000] {local_task_job_runner.py:240} INFO - Task exited with return code 0
[2025-07-21T16:58:50.942+0000] {taskinstance.py:3503} INFO - 1 downstream tasks scheduled from follow-on schedule check
[2025-07-21T16:58:50.946+0000] {local_task_job_runner.py:222} INFO - ::endgroup::
