[2025-07-14T16:36:12.573+0000] {local_task_job_runner.py:120} INFO - ::group::Pre task execution logs
[2025-07-14T16:36:12.934+0000] {taskinstance.py:2076} INFO - Dependencies all met for dep_context=non-requeueable deps ti=<TaskInstance: bps_simdasi_pipeline_direct_db.save_data_task manual__2025-07-14T16:35:04.980744+00:00 map_index=2 [queued]>
[2025-07-14T16:36:13.069+0000] {taskinstance.py:2076} INFO - Dependencies all met for dep_context=requeueable deps ti=<TaskInstance: bps_simdasi_pipeline_direct_db.save_data_task manual__2025-07-14T16:35:04.980744+00:00 map_index=2 [queued]>
[2025-07-14T16:36:13.084+0000] {taskinstance.py:2306} INFO - Starting attempt 1 of 1
[2025-07-14T16:36:13.356+0000] {taskinstance.py:2330} INFO - Executing <Mapped(_PythonDecoratedOperator): save_data_task> on 2025-07-14 16:35:04.980744+00:00
[2025-07-14T16:36:13.637+0000] {warnings.py:112} WARNING - /home/***/.local/lib/python3.12/site-packages/***/task/task_runner/standard_task_runner.py:61: DeprecationWarning: This process (pid=1243) is multi-threaded, use of fork() may lead to deadlocks in the child.
  pid = os.fork()

[2025-07-14T16:36:13.651+0000] {standard_task_runner.py:63} INFO - Started process 1256 to run task
[2025-07-14T16:36:13.668+0000] {standard_task_runner.py:90} INFO - Running: ['***', 'tasks', 'run', 'bps_simdasi_pipeline_direct_db', 'save_data_task', 'manual__2025-07-14T16:35:04.980744+00:00', '--job-id', '92', '--raw', '--subdir', 'DAGS_FOLDER/script/dag_simdasi.py', '--cfg-path', '/tmp/tmp496baaye', '--map-index', '2']
[2025-07-14T16:36:13.694+0000] {standard_task_runner.py:91} INFO - Job 92: Subtask save_data_task
[2025-07-14T16:36:14.196+0000] {task_command.py:426} INFO - Running <TaskInstance: bps_simdasi_pipeline_direct_db.save_data_task manual__2025-07-14T16:35:04.980744+00:00 map_index=2 [running]> on host be615b49433c
[2025-07-14T16:36:14.913+0000] {taskinstance.py:2648} INFO - Exporting env vars: AIRFLOW_CTX_DAG_OWNER='***' AIRFLOW_CTX_DAG_ID='bps_simdasi_pipeline_direct_db' AIRFLOW_CTX_TASK_ID='save_data_task' AIRFLOW_CTX_EXECUTION_DATE='2025-07-14T16:35:04.980744+00:00' AIRFLOW_CTX_TRY_NUMBER='1' AIRFLOW_CTX_DAG_RUN_ID='manual__2025-07-14T16:35:04.980744+00:00'
[2025-07-14T16:36:14.921+0000] {taskinstance.py:430} INFO - ::endgroup::
[2025-07-14T16:36:14.935+0000] {warnings.py:112} WARNING - /opt/***/dags/save_data_to_postgre.py:32: FutureWarning: Passing literal json to 'read_json' is deprecated and will be removed in a future version. To read from a literal string, wrap it in a 'StringIO' object.
  df = pd.read_json(processed_data['data'], orient='split')

[2025-07-14T16:36:15.258+0000] {logging_mixin.py:188} INFO - Memastikan skema 'api_bps_kependudukan_migrasi' ada...
[2025-07-14T16:36:15.390+0000] {logging_mixin.py:188} INFO - ❌ Terjadi kesalahan saat operasi database: duplicate key value violates unique constraint "pg_namespace_nspname_index"
DETAIL:  Key (nspname)=(api_bps_kependudukan_migrasi) already exists.
[2025-07-14T16:36:15.392+0000] {python.py:237} INFO - Done. Returned value was: None
[2025-07-14T16:36:15.397+0000] {taskinstance.py:441} INFO - ::group::Post task execution logs
[2025-07-14T16:36:15.467+0000] {taskinstance.py:1206} INFO - Marking task as SUCCESS. dag_id=bps_simdasi_pipeline_direct_db, task_id=save_data_task, run_id=manual__2025-07-14T16:35:04.980744+00:00, map_index=2, execution_date=20250714T163504, start_date=20250714T163612, end_date=20250714T163615
[2025-07-14T16:36:15.585+0000] {local_task_job_runner.py:240} INFO - Task exited with return code 0
[2025-07-14T16:36:15.642+0000] {local_task_job_runner.py:222} INFO - ::endgroup::
