[2025-07-14T16:44:42.209+0000] {local_task_job_runner.py:120} INFO - ::group::Pre task execution logs
[2025-07-14T16:44:42.331+0000] {taskinstance.py:2076} INFO - Dependencies all met for dep_context=non-requeueable deps ti=<TaskInstance: bps_simdasi_pipeline_direct_db.get_data_task manual__2025-07-14T16:44:09.561642+00:00 map_index=2 [queued]>
[2025-07-14T16:44:42.367+0000] {taskinstance.py:2076} INFO - Dependencies all met for dep_context=requeueable deps ti=<TaskInstance: bps_simdasi_pipeline_direct_db.get_data_task manual__2025-07-14T16:44:09.561642+00:00 map_index=2 [queued]>
[2025-07-14T16:44:42.369+0000] {taskinstance.py:2306} INFO - Starting attempt 1 of 1
[2025-07-14T16:44:42.430+0000] {taskinstance.py:2330} INFO - Executing <Mapped(_PythonDecoratedOperator): get_data_task> on 2025-07-14 16:44:09.561642+00:00
[2025-07-14T16:44:42.464+0000] {warnings.py:112} WARNING - /home/***/.local/lib/python3.12/site-packages/***/task/task_runner/standard_task_runner.py:61: DeprecationWarning: This process (pid=1354) is multi-threaded, use of fork() may lead to deadlocks in the child.
  pid = os.fork()

[2025-07-14T16:44:42.473+0000] {standard_task_runner.py:63} INFO - Started process 1369 to run task
[2025-07-14T16:44:42.475+0000] {standard_task_runner.py:90} INFO - Running: ['***', 'tasks', 'run', 'bps_simdasi_pipeline_direct_db', 'get_data_task', 'manual__2025-07-14T16:44:09.561642+00:00', '--job-id', '95', '--raw', '--subdir', 'DAGS_FOLDER/script/dag_simdasi.py', '--cfg-path', '/tmp/tmp05he89e2', '--map-index', '2']
[2025-07-14T16:44:42.478+0000] {standard_task_runner.py:91} INFO - Job 95: Subtask get_data_task
[2025-07-14T16:44:42.680+0000] {task_command.py:426} INFO - Running <TaskInstance: bps_simdasi_pipeline_direct_db.get_data_task manual__2025-07-14T16:44:09.561642+00:00 map_index=2 [running]> on host be615b49433c
[2025-07-14T16:44:43.046+0000] {taskinstance.py:2648} INFO - Exporting env vars: AIRFLOW_CTX_DAG_OWNER='***' AIRFLOW_CTX_DAG_ID='bps_simdasi_pipeline_direct_db' AIRFLOW_CTX_TASK_ID='get_data_task' AIRFLOW_CTX_EXECUTION_DATE='2025-07-14T16:44:09.561642+00:00' AIRFLOW_CTX_TRY_NUMBER='1' AIRFLOW_CTX_DAG_RUN_ID='manual__2025-07-14T16:44:09.561642+00:00'
[2025-07-14T16:44:43.051+0000] {taskinstance.py:430} INFO - ::endgroup::
[2025-07-14T16:44:43.055+0000] {logging_mixin.py:188} INFO - 
Memulai pemrosesan untuk: https://webapi.bps.go.id/v1/api/interoperabilitas/datasource/simdasi/id/25/tahun/2024/id_tabel/VHpUK3MrOVd6dTJjcHdoQ1Z6TGlmUT09/wilayah/0000000/key/79452e4c302f8921ad36cd2bf55f0630/
[2025-07-14T16:44:43.056+0000] {logging_mixin.py:188} INFO - -> Terdeteksi URL spesifik, akan diproses sebagai satu URL.
[2025-07-14T16:44:43.059+0000] {logging_mixin.py:188} INFO - 🔄 Mengambil data dari: https://webapi.bps.go.id/v1/api/interoperabilitas/datasource/simdasi/id/25/tahun/2024/id_tabel/VHpUK3MrOVd6dTJjcHdoQ1Z6TGlmUT09/wilayah/0000000/key/79452e4c302f8921ad36cd2bf55f0630/
[2025-07-14T16:44:44.135+0000] {logging_mixin.py:188} INFO - ✅ Metadata ditangkap: Skema='api_bps_kependudukan_migrasi', Tabel='nkh_dn_cr_mnrt_prvns_kjdn_2024'
[2025-07-14T16:44:44.423+0000] {python.py:237} INFO - Done. Returned value was: {"table_name": "api_bps_kependudukan_migrasi.nkh_dn_cr_mnrt_prvns_kjdn_2024", "data": "{\"columns\":[\"id\",\"id_kategori\",\"provinsi\",\"tahun\",\"Nikah\",\"Cerai Talak\",\"Cerai Gugat\",\"Jumlah Cerai\"],\"index\":[0,1,2,3,4,5,6,7,8,9,10,11,12,13,14,15,16,17,18,19,20,21,22,23,24,25,26,27,28,29,30,31,32,33,34,35,36,37,38],\"data\":[[1,519,\"Aceh\",2024,31740.0,1192.0,4739.0,5931.0],[2,519,\"Sumatera Utara\",2024,66682.0,2891.0,12861.0,15752.0],[3,519,\"Sumatera Barat\",2024,36486.0,1706.0,6446.0,8152.0],[4,519,\"Riau\",2024,38790.0,1697.0,6388.0,8085.0],[5,519,\"Jambi\",2024,21590.0,906.0,3576.0,4482.0],[6,519,\"Sumatera Selatan\",2024,50492.0,2042.0,7939.0,9981.0],[7,519,\"Bengkulu\",2024,13113.0,743.0,2694.0,3437.0],[8,519,\"Lampung\",2024,50230.0,2575.0,11896.0,14471.0],[9,519,\"Kepulauan Bangka Belitung\",2024,7973.0,440.0,1782.0,2222.0],[10,519,\"Kepulauan Riau\",2024,11533.0,750.0,2676.0,3426.0],[11,519,\"DKI Jakarta\",2024,40458.0,2800.0,9349.0,12149.0],[12,519,\"Jawa Barat\",2024,292969.0,19874.0,68968.0,88842.0],[13,519,\"Jawa Tengah\",2024,233204.0,13786.0,50783.0,64569.0],[14,519,\"DI Yogyakarta\",2024,18920.0,980.0,3683.0,4663.0],[15,519,\"Jawa Timur\",2024,271406.0,18979.0,58679.0,77658.0],[16,519,\"Banten\",2024,63441.0,2617.0,10839.0,13456.0],[17,519,\"Bali\",2024,3189.0,235.0,806.0,1041.0],[18,519,\"Nusa Tenggara Barat\",2024,25424.0,1266.0,5408.0,6674.0],[19,519,\"Nusa Tenggara Timur\",2024,2775.0,139.0,346.0,485.0],[20,519,\"Kalimantan Barat\",2024,21064.0,835.0,3800.0,4635.0],[21,519,\"Kalimantan Tengah\",2024,13688.0,640.0,2400.0,3040.0],[22,519,\"Kalimantan Selatan\",2024,25069.0,1238.0,5139.0,6377.0],[23,519,\"Kalimantan Timur\",2024,20940.0,1518.0,4698.0,6216.0],[24,519,\"Kalimantan Utara\",2024,2899.0,205.0,726.0,931.0],[25,519,\"Sulawesi Utara\",2024,6025.0,368.0,1586.0,1954.0],[26,519,\"Sulawesi Tengah\",2024,15349.0,740.0,3122.0,3862.0],[27,519,\"Sulawesi Selatan\",2024,48718.0,2302.0,9647.0,11949.0],[28,519,\"Sulawesi Tenggara\",2024,14126.0,671.0,2745.0,3416.0],[29,519,\"Gorontalo\",2024,8093.0,354.0,1665.0,2019.0],[30,519,\"Sulawesi Barat\",2024,6402.0,296.0,1007.0,1303.0],[31,519,\"Maluku\",2024,4464.0,170.0,453.0,623.0],[32,519,\"Maluku Utara\",2024,5724.0,323.0,937.0,1260.0],[33,519,\"Papua Barat\",2024,1038.0,120.0,367.0,487.0],[34,519,\"Papua Barat Daya\",2024,1003.0,0.0,0.0,0.0],[35,519,\"Papua\",2024,1473.0,254.0,806.0,1060.0],[36,519,\"Papua Selatan\",2024,929.0,0.0,0.0,0.0],[37,519,\"Papua Tengah\",2024,825.0,0.0,0.0,0.0],[38,519,\"Papua Pegunungan\",2024,58.0,0.0,0.0,0.0],[39,519,\"Indonesia\",2024,1478302.0,85652.0,308956.0,394608.0]]}"}
[2025-07-14T16:44:44.430+0000] {taskinstance.py:441} INFO - ::group::Post task execution logs
[2025-07-14T16:44:44.752+0000] {taskinstance.py:1206} INFO - Marking task as SUCCESS. dag_id=bps_simdasi_pipeline_direct_db, task_id=get_data_task, run_id=manual__2025-07-14T16:44:09.561642+00:00, map_index=2, execution_date=20250714T164409, start_date=20250714T164442, end_date=20250714T164444
[2025-07-14T16:44:44.978+0000] {local_task_job_runner.py:240} INFO - Task exited with return code 0
[2025-07-14T16:44:45.378+0000] {taskinstance.py:3503} INFO - 0 downstream tasks scheduled from follow-on schedule check
[2025-07-14T16:44:45.395+0000] {local_task_job_runner.py:222} INFO - ::endgroup::
