[2025-07-21T16:58:18.020+0000] {local_task_job_runner.py:120} INFO - ::group::Pre task execution logs
[2025-07-21T16:58:18.080+0000] {taskinstance.py:2076} INFO - Dependencies all met for dep_context=non-requeueable deps ti=<TaskInstance: bps_simdasi_pipeline.process_simdasi_apis.process_api_21 manual__2025-07-21T16:51:36.203962+00:00 [queued]>
[2025-07-21T16:58:18.104+0000] {taskinstance.py:2076} INFO - Dependencies all met for dep_context=requeueable deps ti=<TaskInstance: bps_simdasi_pipeline.process_simdasi_apis.process_api_21 manual__2025-07-21T16:51:36.203962+00:00 [queued]>
[2025-07-21T16:58:18.106+0000] {taskinstance.py:2306} INFO - Starting attempt 1 of 2
[2025-07-21T16:58:18.146+0000] {taskinstance.py:2330} INFO - Executing <Task(PythonOperator): process_simdasi_apis.process_api_21> on 2025-07-21 16:51:36.203962+00:00
[2025-07-21T16:58:18.171+0000] {warnings.py:112} WARNING - /home/***/.local/lib/python3.12/site-packages/***/task/task_runner/standard_task_runner.py:61: DeprecationWarning: This process (pid=401) is multi-threaded, use of fork() may lead to deadlocks in the child.
  pid = os.fork()

[2025-07-21T16:58:18.175+0000] {standard_task_runner.py:63} INFO - Started process 403 to run task
[2025-07-21T16:58:18.175+0000] {standard_task_runner.py:90} INFO - Running: ['***', 'tasks', 'run', 'bps_simdasi_pipeline', 'process_simdasi_apis.process_api_21', 'manual__2025-07-21T16:51:36.203962+00:00', '--job-id', '224', '--raw', '--subdir', 'DAGS_FOLDER/bps_simdasi_pipeline.py', '--cfg-path', '/tmp/tmpbu63_x08']
[2025-07-21T16:58:18.178+0000] {standard_task_runner.py:91} INFO - Job 224: Subtask process_simdasi_apis.process_api_21
[2025-07-21T16:58:18.318+0000] {task_command.py:426} INFO - Running <TaskInstance: bps_simdasi_pipeline.process_simdasi_apis.process_api_21 manual__2025-07-21T16:51:36.203962+00:00 [running]> on host be615b49433c
[2025-07-21T16:58:18.523+0000] {taskinstance.py:2648} INFO - Exporting env vars: AIRFLOW_CTX_DAG_OWNER='***' AIRFLOW_CTX_DAG_ID='bps_simdasi_pipeline' AIRFLOW_CTX_TASK_ID='process_simdasi_apis.process_api_21' AIRFLOW_CTX_EXECUTION_DATE='2025-07-21T16:51:36.203962+00:00' AIRFLOW_CTX_TRY_NUMBER='1' AIRFLOW_CTX_DAG_RUN_ID='manual__2025-07-21T16:51:36.203962+00:00'
[2025-07-21T16:58:18.525+0000] {taskinstance.py:430} INFO - ::endgroup::
[2025-07-21T16:58:18.527+0000] {logging_mixin.py:188} INFO - ðŸ” Processing URL: https://webapi.bps.go.id/v1/api/interoperabilitas/datasource/simdasi/id/25/tahun/2024/id_tabel/YzVEYlo5MVplU2NaM2NtT2daTzB6UT09/wilayah/0000000/key/79452e4c302f8921ad36cd2bf55f0630/
[2025-07-21T16:58:18.528+0000] {logging_mixin.py:188} INFO - 
ðŸ”„ Mencoba mengambil daftar tahun yang tersedia secara otomatis...
[2025-07-21T16:58:20.857+0000] {logging_mixin.py:188} INFO - âœ… Tahun yang tersedia ditemukan: [2024]
[2025-07-21T16:58:20.861+0000] {logging_mixin.py:188} INFO - 
--- Memulai Loop Pengambilan Data SIMDASI ---
[2025-07-21T16:58:20.864+0000] {logging_mixin.py:188} INFO - ðŸ”„ Mengambil tahun 2024...
[2025-07-21T16:58:21.559+0000] {logging_mixin.py:188} INFO - 
âœ… Metadata awal ditangkap dari tahun 2024:
[2025-07-21T16:58:21.561+0000] {logging_mixin.py:188} INFO -    -> Nama Skema: api_bps_keuangan_pemerintah_fiskal
[2025-07-21T16:58:21.562+0000] {logging_mixin.py:188} INFO -    -> Nama Kolom Label: jabatan
[2025-07-21T16:58:21.563+0000] {logging_mixin.py:188} INFO -    -> ID Kategori (mms_id): 534
[2025-07-21T16:58:21.565+0000] {logging_mixin.py:188} INFO - -> Berhasil memproses data untuk tahun 2024.
[2025-07-21T16:58:23.442+0000] {logging_mixin.py:188} INFO - âœ… Data saved to api_bps_keuangan_pemerintah_fiskal.jmlh_prtr_spl_ngr_sn_mnrt_jbtn_jns_sn_dn_jns_klmn_rng_dsmbr_202
[2025-07-21T16:58:23.444+0000] {python.py:237} INFO - Done. Returned value was: None
[2025-07-21T16:58:23.448+0000] {taskinstance.py:441} INFO - ::group::Post task execution logs
[2025-07-21T16:58:23.493+0000] {taskinstance.py:1206} INFO - Marking task as SUCCESS. dag_id=bps_simdasi_pipeline, task_id=process_simdasi_apis.process_api_21, run_id=manual__2025-07-21T16:51:36.203962+00:00, execution_date=20250721T165136, start_date=20250721T165818, end_date=20250721T165823
[2025-07-21T16:58:23.647+0000] {local_task_job_runner.py:240} INFO - Task exited with return code 0
[2025-07-21T16:58:23.798+0000] {taskinstance.py:3503} INFO - 1 downstream tasks scheduled from follow-on schedule check
[2025-07-21T16:58:23.808+0000] {local_task_job_runner.py:222} INFO - ::endgroup::
