[2025-07-21T16:56:57.422+0000] {local_task_job_runner.py:120} INFO - ::group::Pre task execution logs
[2025-07-21T16:56:57.538+0000] {taskinstance.py:2076} INFO - Dependencies all met for dep_context=non-requeueable deps ti=<TaskInstance: bps_simdasi_pipeline.process_simdasi_apis.process_api_17 manual__2025-07-21T16:51:36.203962+00:00 [queued]>
[2025-07-21T16:56:57.573+0000] {taskinstance.py:2076} INFO - Dependencies all met for dep_context=requeueable deps ti=<TaskInstance: bps_simdasi_pipeline.process_simdasi_apis.process_api_17 manual__2025-07-21T16:51:36.203962+00:00 [queued]>
[2025-07-21T16:56:57.575+0000] {taskinstance.py:2306} INFO - Starting attempt 1 of 2
[2025-07-21T16:56:57.633+0000] {taskinstance.py:2330} INFO - Executing <Task(PythonOperator): process_simdasi_apis.process_api_17> on 2025-07-21 16:51:36.203962+00:00
[2025-07-21T16:56:57.653+0000] {warnings.py:112} WARNING - /home/***/.local/lib/python3.12/site-packages/***/task/task_runner/standard_task_runner.py:61: DeprecationWarning: This process (pid=375) is multi-threaded, use of fork() may lead to deadlocks in the child.
  pid = os.fork()

[2025-07-21T16:56:57.656+0000] {standard_task_runner.py:63} INFO - Started process 377 to run task
[2025-07-21T16:56:57.656+0000] {standard_task_runner.py:90} INFO - Running: ['***', 'tasks', 'run', 'bps_simdasi_pipeline', 'process_simdasi_apis.process_api_17', 'manual__2025-07-21T16:51:36.203962+00:00', '--job-id', '220', '--raw', '--subdir', 'DAGS_FOLDER/bps_simdasi_pipeline.py', '--cfg-path', '/tmp/tmpvj1hx3cz']
[2025-07-21T16:56:57.658+0000] {standard_task_runner.py:91} INFO - Job 220: Subtask process_simdasi_apis.process_api_17
[2025-07-21T16:56:57.787+0000] {task_command.py:426} INFO - Running <TaskInstance: bps_simdasi_pipeline.process_simdasi_apis.process_api_17 manual__2025-07-21T16:51:36.203962+00:00 [running]> on host be615b49433c
[2025-07-21T16:56:57.973+0000] {taskinstance.py:2648} INFO - Exporting env vars: AIRFLOW_CTX_DAG_OWNER='***' AIRFLOW_CTX_DAG_ID='bps_simdasi_pipeline' AIRFLOW_CTX_TASK_ID='process_simdasi_apis.process_api_17' AIRFLOW_CTX_EXECUTION_DATE='2025-07-21T16:51:36.203962+00:00' AIRFLOW_CTX_TRY_NUMBER='1' AIRFLOW_CTX_DAG_RUN_ID='manual__2025-07-21T16:51:36.203962+00:00'
[2025-07-21T16:56:57.977+0000] {taskinstance.py:430} INFO - ::endgroup::
[2025-07-21T16:56:57.979+0000] {logging_mixin.py:188} INFO - ðŸ” Processing URL: https://webapi.bps.go.id/v1/api/interoperabilitas/datasource/simdasi/id/25/tahun/2023/id_tabel/WnFhSGhLZ2xHNmlZdkRRYzRsaG5Hdz09/wilayah/3500000/key/79452e4c302f8921ad36cd2bf55f0630/
[2025-07-21T16:56:57.981+0000] {logging_mixin.py:188} INFO - 
ðŸ”„ Mencoba mengambil daftar tahun yang tersedia secara otomatis...
[2025-07-21T16:57:00.765+0000] {logging_mixin.py:188} INFO - âœ… Tahun yang tersedia ditemukan: [2012, 2013, 2014, 2015, 2016, 2017, 2018, 2019, 2020, 2021, 2022, 2023]
[2025-07-21T16:57:00.769+0000] {logging_mixin.py:188} INFO - 
--- Memulai Loop Pengambilan Data SIMDASI ---
[2025-07-21T16:57:00.771+0000] {logging_mixin.py:188} INFO - ðŸ”„ Mengambil tahun 2012...
[2025-07-21T16:57:01.366+0000] {logging_mixin.py:188} INFO - 
âœ… Metadata awal ditangkap dari tahun 2012:
[2025-07-21T16:57:01.367+0000] {logging_mixin.py:188} INFO -    -> Nama Skema: api_bps_kondisi_tempat_tinggal
[2025-07-21T16:57:01.369+0000] {logging_mixin.py:188} INFO -    -> Nama Kolom Label: kabupatenkota
[2025-07-21T16:57:01.370+0000] {logging_mixin.py:188} INFO -    -> ID Kategori (mms_id): 563
[2025-07-21T16:57:01.371+0000] {logging_mixin.py:188} INFO - -> Berhasil memproses data untuk tahun 2012.
[2025-07-21T16:57:01.376+0000] {logging_mixin.py:188} INFO - ðŸ”„ Mengambil tahun 2013...
[2025-07-21T16:57:02.012+0000] {logging_mixin.py:188} INFO - -> Berhasil memproses data untuk tahun 2013.
[2025-07-21T16:57:02.014+0000] {logging_mixin.py:188} INFO - ðŸ”„ Mengambil tahun 2014...
[2025-07-21T16:57:02.796+0000] {logging_mixin.py:188} INFO - -> Berhasil memproses data untuk tahun 2014.
[2025-07-21T16:57:02.797+0000] {logging_mixin.py:188} INFO - ðŸ”„ Mengambil tahun 2015...
[2025-07-21T16:57:03.369+0000] {logging_mixin.py:188} INFO - -> Berhasil memproses data untuk tahun 2015.
[2025-07-21T16:57:03.370+0000] {logging_mixin.py:188} INFO - ðŸ”„ Mengambil tahun 2016...
[2025-07-21T16:57:04.064+0000] {logging_mixin.py:188} INFO - -> Berhasil memproses data untuk tahun 2016.
[2025-07-21T16:57:04.065+0000] {logging_mixin.py:188} INFO - ðŸ”„ Mengambil tahun 2017...
[2025-07-21T16:57:05.641+0000] {logging_mixin.py:188} INFO - -> Berhasil memproses data untuk tahun 2017.
[2025-07-21T16:57:05.643+0000] {logging_mixin.py:188} INFO - ðŸ”„ Mengambil tahun 2018...
[2025-07-21T16:57:06.271+0000] {logging_mixin.py:188} INFO - -> Berhasil memproses data untuk tahun 2018.
[2025-07-21T16:57:06.272+0000] {logging_mixin.py:188} INFO - ðŸ”„ Mengambil tahun 2019...
[2025-07-21T16:57:06.894+0000] {logging_mixin.py:188} INFO - -> Berhasil memproses data untuk tahun 2019.
[2025-07-21T16:57:06.896+0000] {logging_mixin.py:188} INFO - ðŸ”„ Mengambil tahun 2020...
[2025-07-21T16:57:07.529+0000] {logging_mixin.py:188} INFO - -> Berhasil memproses data untuk tahun 2020.
[2025-07-21T16:57:07.530+0000] {logging_mixin.py:188} INFO - ðŸ”„ Mengambil tahun 2021...
[2025-07-21T16:57:08.146+0000] {logging_mixin.py:188} INFO - -> Berhasil memproses data untuk tahun 2021.
[2025-07-21T16:57:08.147+0000] {logging_mixin.py:188} INFO - ðŸ”„ Mengambil tahun 2022...
[2025-07-21T16:57:08.754+0000] {logging_mixin.py:188} INFO - -> Berhasil memproses data untuk tahun 2022.
[2025-07-21T16:57:08.755+0000] {logging_mixin.py:188} INFO - ðŸ”„ Mengambil tahun 2023...
[2025-07-21T16:57:09.292+0000] {logging_mixin.py:188} INFO - -> Berhasil memproses data untuk tahun 2023.
[2025-07-21T16:57:10.829+0000] {logging_mixin.py:188} INFO - âœ… Data saved to api_bps_kondisi_tempat_tinggal.ndks_pmbngnn_mns_mnrt_kbptnkt_d_prvns_jw_tmr_2023
[2025-07-21T16:57:10.831+0000] {python.py:237} INFO - Done. Returned value was: None
[2025-07-21T16:57:10.834+0000] {taskinstance.py:441} INFO - ::group::Post task execution logs
[2025-07-21T16:57:10.857+0000] {taskinstance.py:1206} INFO - Marking task as SUCCESS. dag_id=bps_simdasi_pipeline, task_id=process_simdasi_apis.process_api_17, run_id=manual__2025-07-21T16:51:36.203962+00:00, execution_date=20250721T165136, start_date=20250721T165657, end_date=20250721T165710
[2025-07-21T16:57:10.940+0000] {local_task_job_runner.py:240} INFO - Task exited with return code 0
[2025-07-21T16:57:11.005+0000] {taskinstance.py:3503} INFO - 1 downstream tasks scheduled from follow-on schedule check
[2025-07-21T16:57:11.009+0000] {local_task_job_runner.py:222} INFO - ::endgroup::
