[2025-07-09T03:36:41.735+0000] {processor.py:161} INFO - Started process (PID=73) to work on /opt/airflow/dags/script/simple_dag.py
[2025-07-09T03:36:41.741+0000] {processor.py:830} INFO - Processing file /opt/airflow/dags/script/simple_dag.py for tasks to queue
[2025-07-09T03:36:41.771+0000] {logging_mixin.py:188} INFO - [2025-07-09T03:36:41.768+0000] {dagbag.py:545} INFO - Filling up the DagBag from /opt/airflow/dags/script/simple_dag.py
[2025-07-09T03:36:42.011+0000] {logging_mixin.py:188} INFO - [2025-07-09T03:36:41.969+0000] {dagbag.py:355} ERROR - Failed to import: /opt/airflow/dags/script/simple_dag.py
Traceback (most recent call last):
  File "/home/airflow/.local/lib/python3.12/site-packages/airflow/models/dagbag.py", line 351, in parse
    loader.exec_module(new_module)
  File "<frozen importlib._bootstrap_external>", line 995, in exec_module
  File "<frozen importlib._bootstrap>", line 488, in _call_with_frames_removed
  File "/opt/airflow/dags/script/simple_dag.py", line 4, in <module>
    from tasks import simple_logic
ModuleNotFoundError: No module named 'tasks'
[2025-07-09T03:36:42.036+0000] {processor.py:842} WARNING - No viable dags retrieved from /opt/airflow/dags/script/simple_dag.py
[2025-07-09T03:36:42.244+0000] {processor.py:183} INFO - Processing /opt/airflow/dags/script/simple_dag.py took 0.590 seconds
[2025-07-09T03:37:13.192+0000] {processor.py:161} INFO - Started process (PID=132) to work on /opt/airflow/dags/script/simple_dag.py
[2025-07-09T03:37:13.198+0000] {processor.py:830} INFO - Processing file /opt/airflow/dags/script/simple_dag.py for tasks to queue
[2025-07-09T03:37:13.211+0000] {logging_mixin.py:188} INFO - [2025-07-09T03:37:13.209+0000] {dagbag.py:545} INFO - Filling up the DagBag from /opt/airflow/dags/script/simple_dag.py
[2025-07-09T03:37:13.412+0000] {logging_mixin.py:188} INFO - [2025-07-09T03:37:13.363+0000] {dagbag.py:355} ERROR - Failed to import: /opt/airflow/dags/script/simple_dag.py
Traceback (most recent call last):
  File "/home/airflow/.local/lib/python3.12/site-packages/airflow/models/dagbag.py", line 351, in parse
    loader.exec_module(new_module)
  File "<frozen importlib._bootstrap_external>", line 995, in exec_module
  File "<frozen importlib._bootstrap>", line 488, in _call_with_frames_removed
  File "/opt/airflow/dags/script/simple_dag.py", line 4, in <module>
    from tasks import simple_logic
ModuleNotFoundError: No module named 'tasks'
[2025-07-09T03:37:13.430+0000] {processor.py:842} WARNING - No viable dags retrieved from /opt/airflow/dags/script/simple_dag.py
[2025-07-09T03:37:13.550+0000] {processor.py:183} INFO - Processing /opt/airflow/dags/script/simple_dag.py took 0.401 seconds
[2025-07-09T03:37:43.697+0000] {processor.py:161} INFO - Started process (PID=188) to work on /opt/airflow/dags/script/simple_dag.py
[2025-07-09T03:37:43.700+0000] {processor.py:830} INFO - Processing file /opt/airflow/dags/script/simple_dag.py for tasks to queue
[2025-07-09T03:37:43.706+0000] {logging_mixin.py:188} INFO - [2025-07-09T03:37:43.705+0000] {dagbag.py:545} INFO - Filling up the DagBag from /opt/airflow/dags/script/simple_dag.py
[2025-07-09T03:37:43.768+0000] {logging_mixin.py:188} INFO - [2025-07-09T03:37:43.755+0000] {dagbag.py:355} ERROR - Failed to import: /opt/airflow/dags/script/simple_dag.py
Traceback (most recent call last):
  File "/home/airflow/.local/lib/python3.12/site-packages/airflow/models/dagbag.py", line 351, in parse
    loader.exec_module(new_module)
  File "<frozen importlib._bootstrap_external>", line 995, in exec_module
  File "<frozen importlib._bootstrap>", line 488, in _call_with_frames_removed
  File "/opt/airflow/dags/script/simple_dag.py", line 4, in <module>
    from tasks import simple_logic
ModuleNotFoundError: No module named 'tasks'
[2025-07-09T03:37:43.775+0000] {processor.py:842} WARNING - No viable dags retrieved from /opt/airflow/dags/script/simple_dag.py
[2025-07-09T03:37:43.831+0000] {processor.py:183} INFO - Processing /opt/airflow/dags/script/simple_dag.py took 0.146 seconds
[2025-07-09T03:38:13.948+0000] {processor.py:161} INFO - Started process (PID=248) to work on /opt/airflow/dags/script/simple_dag.py
[2025-07-09T03:38:13.950+0000] {processor.py:830} INFO - Processing file /opt/airflow/dags/script/simple_dag.py for tasks to queue
[2025-07-09T03:38:13.955+0000] {logging_mixin.py:188} INFO - [2025-07-09T03:38:13.955+0000] {dagbag.py:545} INFO - Filling up the DagBag from /opt/airflow/dags/script/simple_dag.py
[2025-07-09T03:38:14.006+0000] {logging_mixin.py:188} INFO - [2025-07-09T03:38:13.996+0000] {dagbag.py:355} ERROR - Failed to import: /opt/airflow/dags/script/simple_dag.py
Traceback (most recent call last):
  File "/home/airflow/.local/lib/python3.12/site-packages/airflow/models/dagbag.py", line 351, in parse
    loader.exec_module(new_module)
  File "<frozen importlib._bootstrap_external>", line 995, in exec_module
  File "<frozen importlib._bootstrap>", line 488, in _call_with_frames_removed
  File "/opt/airflow/dags/script/simple_dag.py", line 4, in <module>
    from tasks import simple_logic
ModuleNotFoundError: No module named 'tasks'
[2025-07-09T03:38:14.011+0000] {processor.py:842} WARNING - No viable dags retrieved from /opt/airflow/dags/script/simple_dag.py
[2025-07-09T03:38:14.056+0000] {processor.py:183} INFO - Processing /opt/airflow/dags/script/simple_dag.py took 0.119 seconds
[2025-07-09T03:38:44.511+0000] {processor.py:161} INFO - Started process (PID=307) to work on /opt/airflow/dags/script/simple_dag.py
[2025-07-09T03:38:44.513+0000] {processor.py:830} INFO - Processing file /opt/airflow/dags/script/simple_dag.py for tasks to queue
[2025-07-09T03:38:44.518+0000] {logging_mixin.py:188} INFO - [2025-07-09T03:38:44.517+0000] {dagbag.py:545} INFO - Filling up the DagBag from /opt/airflow/dags/script/simple_dag.py
[2025-07-09T03:38:44.565+0000] {logging_mixin.py:188} INFO - [2025-07-09T03:38:44.555+0000] {dagbag.py:355} ERROR - Failed to import: /opt/airflow/dags/script/simple_dag.py
Traceback (most recent call last):
  File "/home/airflow/.local/lib/python3.12/site-packages/airflow/models/dagbag.py", line 351, in parse
    loader.exec_module(new_module)
  File "<frozen importlib._bootstrap_external>", line 995, in exec_module
  File "<frozen importlib._bootstrap>", line 488, in _call_with_frames_removed
  File "/opt/airflow/dags/script/simple_dag.py", line 4, in <module>
    from tasks import simple_logic
ModuleNotFoundError: No module named 'tasks'
[2025-07-09T03:38:44.569+0000] {processor.py:842} WARNING - No viable dags retrieved from /opt/airflow/dags/script/simple_dag.py
[2025-07-09T03:38:44.610+0000] {processor.py:183} INFO - Processing /opt/airflow/dags/script/simple_dag.py took 0.112 seconds
[2025-07-09T03:39:15.490+0000] {processor.py:161} INFO - Started process (PID=366) to work on /opt/airflow/dags/script/simple_dag.py
[2025-07-09T03:39:15.493+0000] {processor.py:830} INFO - Processing file /opt/airflow/dags/script/simple_dag.py for tasks to queue
[2025-07-09T03:39:15.507+0000] {logging_mixin.py:188} INFO - [2025-07-09T03:39:15.506+0000] {dagbag.py:545} INFO - Filling up the DagBag from /opt/airflow/dags/script/simple_dag.py
[2025-07-09T03:39:15.602+0000] {logging_mixin.py:188} INFO - [2025-07-09T03:39:15.585+0000] {dagbag.py:355} ERROR - Failed to import: /opt/airflow/dags/script/simple_dag.py
Traceback (most recent call last):
  File "/home/airflow/.local/lib/python3.12/site-packages/airflow/models/dagbag.py", line 351, in parse
    loader.exec_module(new_module)
  File "<frozen importlib._bootstrap_external>", line 995, in exec_module
  File "<frozen importlib._bootstrap>", line 488, in _call_with_frames_removed
  File "/opt/airflow/dags/script/simple_dag.py", line 4, in <module>
    from tasks import simple_logic
ModuleNotFoundError: No module named 'tasks'
[2025-07-09T03:39:15.609+0000] {processor.py:842} WARNING - No viable dags retrieved from /opt/airflow/dags/script/simple_dag.py
[2025-07-09T03:39:15.689+0000] {processor.py:183} INFO - Processing /opt/airflow/dags/script/simple_dag.py took 0.225 seconds
[2025-07-09T03:39:46.804+0000] {processor.py:161} INFO - Started process (PID=425) to work on /opt/airflow/dags/script/simple_dag.py
[2025-07-09T03:39:46.811+0000] {processor.py:830} INFO - Processing file /opt/airflow/dags/script/simple_dag.py for tasks to queue
[2025-07-09T03:39:46.837+0000] {logging_mixin.py:188} INFO - [2025-07-09T03:39:46.834+0000] {dagbag.py:545} INFO - Filling up the DagBag from /opt/airflow/dags/script/simple_dag.py
[2025-07-09T03:39:47.084+0000] {logging_mixin.py:188} INFO - [2025-07-09T03:39:47.037+0000] {dagbag.py:355} ERROR - Failed to import: /opt/airflow/dags/script/simple_dag.py
Traceback (most recent call last):
  File "/home/airflow/.local/lib/python3.12/site-packages/airflow/models/dagbag.py", line 351, in parse
    loader.exec_module(new_module)
  File "<frozen importlib._bootstrap_external>", line 995, in exec_module
  File "<frozen importlib._bootstrap>", line 488, in _call_with_frames_removed
  File "/opt/airflow/dags/script/simple_dag.py", line 4, in <module>
    from tasks import simple_logic
ModuleNotFoundError: No module named 'tasks'
[2025-07-09T03:39:47.101+0000] {processor.py:842} WARNING - No viable dags retrieved from /opt/airflow/dags/script/simple_dag.py
[2025-07-09T03:39:47.352+0000] {processor.py:183} INFO - Processing /opt/airflow/dags/script/simple_dag.py took 0.628 seconds
[2025-07-09T03:40:05.131+0000] {processor.py:161} INFO - Started process (PID=456) to work on /opt/airflow/dags/script/simple_dag.py
[2025-07-09T03:40:05.134+0000] {processor.py:830} INFO - Processing file /opt/airflow/dags/script/simple_dag.py for tasks to queue
[2025-07-09T03:40:05.138+0000] {logging_mixin.py:188} INFO - [2025-07-09T03:40:05.138+0000] {dagbag.py:545} INFO - Filling up the DagBag from /opt/airflow/dags/script/simple_dag.py
[2025-07-09T03:40:05.160+0000] {logging_mixin.py:188} INFO - [2025-07-09T03:40:05.159+0000] {dagbag.py:334} INFO - File /opt/airflow/dags/script/simple_dag.py assumed to contain no DAGs. Skipping.
[2025-07-09T03:40:05.161+0000] {processor.py:842} WARNING - No viable dags retrieved from /opt/airflow/dags/script/simple_dag.py
[2025-07-09T03:40:05.199+0000] {processor.py:183} INFO - Processing /opt/airflow/dags/script/simple_dag.py took 0.080 seconds
[2025-07-09T03:40:06.302+0000] {processor.py:161} INFO - Started process (PID=461) to work on /opt/airflow/dags/script/simple_dag.py
[2025-07-09T03:40:06.306+0000] {processor.py:830} INFO - Processing file /opt/airflow/dags/script/simple_dag.py for tasks to queue
[2025-07-09T03:40:06.316+0000] {logging_mixin.py:188} INFO - [2025-07-09T03:40:06.313+0000] {dagbag.py:545} INFO - Filling up the DagBag from /opt/airflow/dags/script/simple_dag.py
[2025-07-09T03:40:06.481+0000] {logging_mixin.py:188} INFO - [2025-07-09T03:40:06.461+0000] {dagbag.py:355} ERROR - Failed to import: /opt/airflow/dags/script/simple_dag.py
Traceback (most recent call last):
  File "/home/airflow/.local/lib/python3.12/site-packages/airflow/models/dagbag.py", line 351, in parse
    loader.exec_module(new_module)
  File "<frozen importlib._bootstrap_external>", line 995, in exec_module
  File "<frozen importlib._bootstrap>", line 488, in _call_with_frames_removed
  File "/opt/airflow/dags/script/simple_dag.py", line 10, in <module>
    from tasks import simple_logic  # Import fungsi dari file tasks.py
    ^^^^^^^^^^^^^^^^^^^^^^^^^^^^^^
ModuleNotFoundError: No module named 'tasks'
[2025-07-09T03:40:06.491+0000] {processor.py:842} WARNING - No viable dags retrieved from /opt/airflow/dags/script/simple_dag.py
[2025-07-09T03:40:06.571+0000] {processor.py:183} INFO - Processing /opt/airflow/dags/script/simple_dag.py took 0.289 seconds
[2025-07-09T03:40:36.766+0000] {processor.py:161} INFO - Started process (PID=521) to work on /opt/airflow/dags/script/simple_dag.py
[2025-07-09T03:40:36.768+0000] {processor.py:830} INFO - Processing file /opt/airflow/dags/script/simple_dag.py for tasks to queue
[2025-07-09T03:40:36.771+0000] {logging_mixin.py:188} INFO - [2025-07-09T03:40:36.770+0000] {dagbag.py:545} INFO - Filling up the DagBag from /opt/airflow/dags/script/simple_dag.py
[2025-07-09T03:40:36.809+0000] {logging_mixin.py:188} INFO - [2025-07-09T03:40:36.801+0000] {dagbag.py:355} ERROR - Failed to import: /opt/airflow/dags/script/simple_dag.py
Traceback (most recent call last):
  File "/home/airflow/.local/lib/python3.12/site-packages/airflow/models/dagbag.py", line 351, in parse
    loader.exec_module(new_module)
  File "<frozen importlib._bootstrap_external>", line 995, in exec_module
  File "<frozen importlib._bootstrap>", line 488, in _call_with_frames_removed
  File "/opt/airflow/dags/script/simple_dag.py", line 10, in <module>
    from tasks import simple_logic  # Import fungsi dari file tasks.py
    ^^^^^^^^^^^^^^^^^^^^^^^^^^^^^^
ModuleNotFoundError: No module named 'tasks'
[2025-07-09T03:40:36.813+0000] {processor.py:842} WARNING - No viable dags retrieved from /opt/airflow/dags/script/simple_dag.py
[2025-07-09T03:40:36.852+0000] {processor.py:183} INFO - Processing /opt/airflow/dags/script/simple_dag.py took 0.096 seconds
[2025-07-09T03:41:07.661+0000] {processor.py:161} INFO - Started process (PID=580) to work on /opt/airflow/dags/script/simple_dag.py
[2025-07-09T03:41:07.664+0000] {processor.py:830} INFO - Processing file /opt/airflow/dags/script/simple_dag.py for tasks to queue
[2025-07-09T03:41:07.668+0000] {logging_mixin.py:188} INFO - [2025-07-09T03:41:07.668+0000] {dagbag.py:545} INFO - Filling up the DagBag from /opt/airflow/dags/script/simple_dag.py
[2025-07-09T03:41:07.760+0000] {logging_mixin.py:188} INFO - [2025-07-09T03:41:07.729+0000] {dagbag.py:355} ERROR - Failed to import: /opt/airflow/dags/script/simple_dag.py
Traceback (most recent call last):
  File "/home/airflow/.local/lib/python3.12/site-packages/airflow/models/dagbag.py", line 351, in parse
    loader.exec_module(new_module)
  File "<frozen importlib._bootstrap_external>", line 995, in exec_module
  File "<frozen importlib._bootstrap>", line 488, in _call_with_frames_removed
  File "/opt/airflow/dags/script/simple_dag.py", line 10, in <module>
    from tasks import simple_logic  # Import fungsi dari file tasks.py
    ^^^^^^^^^^^^^^^^^^^^^^^^^^^^^^
ModuleNotFoundError: No module named 'tasks'
[2025-07-09T03:41:07.769+0000] {processor.py:842} WARNING - No viable dags retrieved from /opt/airflow/dags/script/simple_dag.py
[2025-07-09T03:41:07.857+0000] {processor.py:183} INFO - Processing /opt/airflow/dags/script/simple_dag.py took 0.213 seconds
[2025-07-09T03:41:38.243+0000] {processor.py:161} INFO - Started process (PID=637) to work on /opt/airflow/dags/script/simple_dag.py
[2025-07-09T03:41:38.247+0000] {processor.py:830} INFO - Processing file /opt/airflow/dags/script/simple_dag.py for tasks to queue
[2025-07-09T03:41:38.254+0000] {logging_mixin.py:188} INFO - [2025-07-09T03:41:38.253+0000] {dagbag.py:545} INFO - Filling up the DagBag from /opt/airflow/dags/script/simple_dag.py
[2025-07-09T03:41:38.364+0000] {logging_mixin.py:188} INFO - [2025-07-09T03:41:38.348+0000] {dagbag.py:355} ERROR - Failed to import: /opt/airflow/dags/script/simple_dag.py
Traceback (most recent call last):
  File "/home/airflow/.local/lib/python3.12/site-packages/airflow/models/dagbag.py", line 351, in parse
    loader.exec_module(new_module)
  File "<frozen importlib._bootstrap_external>", line 995, in exec_module
  File "<frozen importlib._bootstrap>", line 488, in _call_with_frames_removed
  File "/opt/airflow/dags/script/simple_dag.py", line 10, in <module>
    from tasks import simple_logic  # Import fungsi dari file tasks.py
    ^^^^^^^^^^^^^^^^^^^^^^^^^^^^^^
ModuleNotFoundError: No module named 'tasks'
[2025-07-09T03:41:38.371+0000] {processor.py:842} WARNING - No viable dags retrieved from /opt/airflow/dags/script/simple_dag.py
[2025-07-09T03:41:38.430+0000] {processor.py:183} INFO - Processing /opt/airflow/dags/script/simple_dag.py took 0.201 seconds
[2025-07-09T03:42:04.806+0000] {processor.py:161} INFO - Started process (PID=689) to work on /opt/airflow/dags/script/simple_dag.py
[2025-07-09T03:42:04.808+0000] {processor.py:830} INFO - Processing file /opt/airflow/dags/script/simple_dag.py for tasks to queue
[2025-07-09T03:42:04.816+0000] {logging_mixin.py:188} INFO - [2025-07-09T03:42:04.815+0000] {dagbag.py:545} INFO - Filling up the DagBag from /opt/airflow/dags/script/simple_dag.py
[2025-07-09T03:42:04.921+0000] {logging_mixin.py:188} INFO - [2025-07-09T03:42:04.902+0000] {dagbag.py:355} ERROR - Failed to import: /opt/airflow/dags/script/simple_dag.py
Traceback (most recent call last):
  File "/home/airflow/.local/lib/python3.12/site-packages/airflow/models/dagbag.py", line 351, in parse
    loader.exec_module(new_module)
  File "<frozen importlib._bootstrap_external>", line 995, in exec_module
  File "<frozen importlib._bootstrap>", line 488, in _call_with_frames_removed
  File "/opt/airflow/dags/script/simple_dag.py", line 4, in <module>
    from tasks import simple_logic  # langsung import
    ^^^^^^^^^^^^^^^^^^^^^^^^^^^^^^
ModuleNotFoundError: No module named 'tasks'
[2025-07-09T03:42:04.927+0000] {processor.py:842} WARNING - No viable dags retrieved from /opt/airflow/dags/script/simple_dag.py
[2025-07-09T03:42:04.972+0000] {processor.py:183} INFO - Processing /opt/airflow/dags/script/simple_dag.py took 0.181 seconds
[2025-07-09T03:42:35.247+0000] {processor.py:161} INFO - Started process (PID=748) to work on /opt/airflow/dags/script/simple_dag.py
[2025-07-09T03:42:35.250+0000] {processor.py:830} INFO - Processing file /opt/airflow/dags/script/simple_dag.py for tasks to queue
[2025-07-09T03:42:35.254+0000] {logging_mixin.py:188} INFO - [2025-07-09T03:42:35.253+0000] {dagbag.py:545} INFO - Filling up the DagBag from /opt/airflow/dags/script/simple_dag.py
[2025-07-09T03:42:35.314+0000] {logging_mixin.py:188} INFO - [2025-07-09T03:42:35.301+0000] {dagbag.py:355} ERROR - Failed to import: /opt/airflow/dags/script/simple_dag.py
Traceback (most recent call last):
  File "/home/airflow/.local/lib/python3.12/site-packages/airflow/models/dagbag.py", line 351, in parse
    loader.exec_module(new_module)
  File "<frozen importlib._bootstrap_external>", line 995, in exec_module
  File "<frozen importlib._bootstrap>", line 488, in _call_with_frames_removed
  File "/opt/airflow/dags/script/simple_dag.py", line 4, in <module>
    from tasks import simple_logic  # langsung import
    ^^^^^^^^^^^^^^^^^^^^^^^^^^^^^^
ModuleNotFoundError: No module named 'tasks'
[2025-07-09T03:42:35.319+0000] {processor.py:842} WARNING - No viable dags retrieved from /opt/airflow/dags/script/simple_dag.py
[2025-07-09T03:42:35.364+0000] {processor.py:183} INFO - Processing /opt/airflow/dags/script/simple_dag.py took 0.131 seconds
[2025-07-09T03:43:05.808+0000] {processor.py:161} INFO - Started process (PID=806) to work on /opt/airflow/dags/script/simple_dag.py
[2025-07-09T03:43:05.811+0000] {processor.py:830} INFO - Processing file /opt/airflow/dags/script/simple_dag.py for tasks to queue
[2025-07-09T03:43:05.816+0000] {logging_mixin.py:188} INFO - [2025-07-09T03:43:05.815+0000] {dagbag.py:545} INFO - Filling up the DagBag from /opt/airflow/dags/script/simple_dag.py
[2025-07-09T03:43:05.868+0000] {logging_mixin.py:188} INFO - [2025-07-09T03:43:05.857+0000] {dagbag.py:355} ERROR - Failed to import: /opt/airflow/dags/script/simple_dag.py
Traceback (most recent call last):
  File "/home/airflow/.local/lib/python3.12/site-packages/airflow/models/dagbag.py", line 351, in parse
    loader.exec_module(new_module)
  File "<frozen importlib._bootstrap_external>", line 995, in exec_module
  File "<frozen importlib._bootstrap>", line 488, in _call_with_frames_removed
  File "/opt/airflow/dags/script/simple_dag.py", line 4, in <module>
    from tasks import simple_logic  # langsung import
    ^^^^^^^^^^^^^^^^^^^^^^^^^^^^^^
ModuleNotFoundError: No module named 'tasks'
[2025-07-09T03:43:05.875+0000] {processor.py:842} WARNING - No viable dags retrieved from /opt/airflow/dags/script/simple_dag.py
[2025-07-09T03:43:05.917+0000] {processor.py:183} INFO - Processing /opt/airflow/dags/script/simple_dag.py took 0.121 seconds
[2025-07-09T03:43:37.341+0000] {processor.py:161} INFO - Started process (PID=864) to work on /opt/airflow/dags/script/simple_dag.py
[2025-07-09T03:43:37.359+0000] {processor.py:830} INFO - Processing file /opt/airflow/dags/script/simple_dag.py for tasks to queue
[2025-07-09T03:43:37.400+0000] {logging_mixin.py:188} INFO - [2025-07-09T03:43:37.387+0000] {dagbag.py:545} INFO - Filling up the DagBag from /opt/airflow/dags/script/simple_dag.py
[2025-07-09T03:43:37.871+0000] {processor.py:840} INFO - DAG(s) 'simple_logic_dag' retrieved from /opt/airflow/dags/script/simple_dag.py
[2025-07-09T03:43:38.235+0000] {logging_mixin.py:188} INFO - [2025-07-09T03:43:38.234+0000] {override.py:1829} INFO - Created Permission View: can delete on DAG:simple_logic_dag
[2025-07-09T03:43:38.267+0000] {logging_mixin.py:188} INFO - [2025-07-09T03:43:38.266+0000] {override.py:1829} INFO - Created Permission View: can edit on DAG:simple_logic_dag
[2025-07-09T03:43:38.287+0000] {logging_mixin.py:188} INFO - [2025-07-09T03:43:38.287+0000] {override.py:1829} INFO - Created Permission View: can read on DAG:simple_logic_dag
[2025-07-09T03:43:38.289+0000] {logging_mixin.py:188} INFO - [2025-07-09T03:43:38.289+0000] {dag.py:3096} INFO - Sync 1 DAGs
[2025-07-09T03:43:38.374+0000] {logging_mixin.py:188} INFO - [2025-07-09T03:43:38.374+0000] {dag.py:3118} INFO - Creating ORM DAG for simple_logic_dag
[2025-07-09T03:43:38.445+0000] {logging_mixin.py:188} INFO - [2025-07-09T03:43:38.443+0000] {dag.py:3954} INFO - Setting next_dagrun for simple_logic_dag to 2025-07-08 00:00:00+00:00, run_after=2025-07-09 00:00:00+00:00
[2025-07-09T03:43:38.579+0000] {processor.py:183} INFO - Processing /opt/airflow/dags/script/simple_dag.py took 1.352 seconds
[2025-07-09T03:46:05.820+0000] {processor.py:161} INFO - Started process (PID=70) to work on /opt/airflow/dags/script/simple_dag.py
[2025-07-09T03:46:05.823+0000] {processor.py:830} INFO - Processing file /opt/airflow/dags/script/simple_dag.py for tasks to queue
[2025-07-09T03:46:05.828+0000] {logging_mixin.py:188} INFO - [2025-07-09T03:46:05.827+0000] {dagbag.py:545} INFO - Filling up the DagBag from /opt/airflow/dags/script/simple_dag.py
[2025-07-09T03:46:06.073+0000] {processor.py:840} INFO - DAG(s) 'simple_logic_dag' retrieved from /opt/airflow/dags/script/simple_dag.py
[2025-07-09T03:46:07.271+0000] {logging_mixin.py:188} INFO - [2025-07-09T03:46:07.270+0000] {dag.py:3096} INFO - Sync 1 DAGs
[2025-07-09T03:46:07.413+0000] {logging_mixin.py:188} INFO - [2025-07-09T03:46:07.412+0000] {dag.py:3954} INFO - Setting next_dagrun for simple_logic_dag to 2025-07-08 00:00:00+00:00, run_after=2025-07-09 00:00:00+00:00
[2025-07-09T03:46:07.546+0000] {processor.py:183} INFO - Processing /opt/airflow/dags/script/simple_dag.py took 1.740 seconds
[2025-07-09T03:46:38.021+0000] {processor.py:161} INFO - Started process (PID=129) to work on /opt/airflow/dags/script/simple_dag.py
[2025-07-09T03:46:38.031+0000] {processor.py:830} INFO - Processing file /opt/airflow/dags/script/simple_dag.py for tasks to queue
[2025-07-09T03:46:38.043+0000] {logging_mixin.py:188} INFO - [2025-07-09T03:46:38.042+0000] {dagbag.py:545} INFO - Filling up the DagBag from /opt/airflow/dags/script/simple_dag.py
[2025-07-09T03:46:38.247+0000] {processor.py:840} INFO - DAG(s) 'simple_logic_dag' retrieved from /opt/airflow/dags/script/simple_dag.py
[2025-07-09T03:46:38.411+0000] {logging_mixin.py:188} INFO - [2025-07-09T03:46:38.411+0000] {dag.py:3096} INFO - Sync 1 DAGs
[2025-07-09T03:46:38.530+0000] {logging_mixin.py:188} INFO - [2025-07-09T03:46:38.530+0000] {dag.py:3954} INFO - Setting next_dagrun for simple_logic_dag to 2025-07-08 00:00:00+00:00, run_after=2025-07-09 00:00:00+00:00
[2025-07-09T03:46:38.628+0000] {processor.py:183} INFO - Processing /opt/airflow/dags/script/simple_dag.py took 0.665 seconds
[2025-07-09T03:47:09.351+0000] {processor.py:161} INFO - Started process (PID=186) to work on /opt/airflow/dags/script/simple_dag.py
[2025-07-09T03:47:09.354+0000] {processor.py:830} INFO - Processing file /opt/airflow/dags/script/simple_dag.py for tasks to queue
[2025-07-09T03:47:09.361+0000] {logging_mixin.py:188} INFO - [2025-07-09T03:47:09.360+0000] {dagbag.py:545} INFO - Filling up the DagBag from /opt/airflow/dags/script/simple_dag.py
[2025-07-09T03:47:09.476+0000] {processor.py:840} INFO - DAG(s) 'simple_logic_dag' retrieved from /opt/airflow/dags/script/simple_dag.py
[2025-07-09T03:47:09.569+0000] {logging_mixin.py:188} INFO - [2025-07-09T03:47:09.567+0000] {dag.py:3096} INFO - Sync 1 DAGs
[2025-07-09T03:47:09.650+0000] {logging_mixin.py:188} INFO - [2025-07-09T03:47:09.649+0000] {dag.py:3954} INFO - Setting next_dagrun for simple_logic_dag to 2025-07-08 00:00:00+00:00, run_after=2025-07-09 00:00:00+00:00
[2025-07-09T03:47:09.703+0000] {processor.py:183} INFO - Processing /opt/airflow/dags/script/simple_dag.py took 0.376 seconds
[2025-07-09T03:47:40.463+0000] {processor.py:161} INFO - Started process (PID=245) to work on /opt/airflow/dags/script/simple_dag.py
[2025-07-09T03:47:40.479+0000] {processor.py:830} INFO - Processing file /opt/airflow/dags/script/simple_dag.py for tasks to queue
[2025-07-09T03:47:40.506+0000] {logging_mixin.py:188} INFO - [2025-07-09T03:47:40.504+0000] {dagbag.py:545} INFO - Filling up the DagBag from /opt/airflow/dags/script/simple_dag.py
[2025-07-09T03:47:40.791+0000] {processor.py:840} INFO - DAG(s) 'simple_logic_dag' retrieved from /opt/airflow/dags/script/simple_dag.py
[2025-07-09T03:47:40.933+0000] {logging_mixin.py:188} INFO - [2025-07-09T03:47:40.932+0000] {dag.py:3096} INFO - Sync 1 DAGs
[2025-07-09T03:47:41.168+0000] {logging_mixin.py:188} INFO - [2025-07-09T03:47:41.167+0000] {dag.py:3954} INFO - Setting next_dagrun for simple_logic_dag to 2025-07-08 00:00:00+00:00, run_after=2025-07-09 00:00:00+00:00
[2025-07-09T03:47:41.350+0000] {processor.py:183} INFO - Processing /opt/airflow/dags/script/simple_dag.py took 0.960 seconds
[2025-07-09T03:48:26.794+0000] {processor.py:161} INFO - Started process (PID=310) to work on /opt/airflow/dags/script/simple_dag.py
[2025-07-09T03:48:26.826+0000] {processor.py:830} INFO - Processing file /opt/airflow/dags/script/simple_dag.py for tasks to queue
[2025-07-09T03:48:26.841+0000] {logging_mixin.py:188} INFO - [2025-07-09T03:48:26.839+0000] {dagbag.py:545} INFO - Filling up the DagBag from /opt/airflow/dags/script/simple_dag.py
[2025-07-09T03:48:27.318+0000] {processor.py:840} INFO - DAG(s) 'simple_logic_dag' retrieved from /opt/airflow/dags/script/simple_dag.py
[2025-07-09T03:48:27.600+0000] {logging_mixin.py:188} INFO - [2025-07-09T03:48:27.588+0000] {dag.py:3096} INFO - Sync 1 DAGs
[2025-07-09T03:48:27.969+0000] {logging_mixin.py:188} INFO - [2025-07-09T03:48:27.958+0000] {dag.py:3954} INFO - Setting next_dagrun for simple_logic_dag to 2025-07-08 00:00:00+00:00, run_after=2025-07-09 00:00:00+00:00
[2025-07-09T03:48:28.187+0000] {processor.py:183} INFO - Processing /opt/airflow/dags/script/simple_dag.py took 1.449 seconds
[2025-07-09T03:49:01.183+0000] {processor.py:161} INFO - Started process (PID=378) to work on /opt/airflow/dags/script/simple_dag.py
[2025-07-09T03:49:01.194+0000] {processor.py:830} INFO - Processing file /opt/airflow/dags/script/simple_dag.py for tasks to queue
[2025-07-09T03:49:01.213+0000] {logging_mixin.py:188} INFO - [2025-07-09T03:49:01.203+0000] {dagbag.py:545} INFO - Filling up the DagBag from /opt/airflow/dags/script/simple_dag.py
[2025-07-09T03:49:01.496+0000] {processor.py:840} INFO - DAG(s) 'simple_logic_dag' retrieved from /opt/airflow/dags/script/simple_dag.py
[2025-07-09T03:49:01.645+0000] {logging_mixin.py:188} INFO - [2025-07-09T03:49:01.644+0000] {dag.py:3096} INFO - Sync 1 DAGs
[2025-07-09T03:49:01.760+0000] {logging_mixin.py:188} INFO - [2025-07-09T03:49:01.760+0000] {dag.py:3954} INFO - Setting next_dagrun for simple_logic_dag to 2025-07-09 00:00:00+00:00, run_after=2025-07-10 00:00:00+00:00
[2025-07-09T03:49:01.850+0000] {processor.py:183} INFO - Processing /opt/airflow/dags/script/simple_dag.py took 0.720 seconds
[2025-07-09T03:49:32.560+0000] {processor.py:161} INFO - Started process (PID=437) to work on /opt/airflow/dags/script/simple_dag.py
[2025-07-09T03:49:32.563+0000] {processor.py:830} INFO - Processing file /opt/airflow/dags/script/simple_dag.py for tasks to queue
[2025-07-09T03:49:32.569+0000] {logging_mixin.py:188} INFO - [2025-07-09T03:49:32.568+0000] {dagbag.py:545} INFO - Filling up the DagBag from /opt/airflow/dags/script/simple_dag.py
[2025-07-09T03:49:32.639+0000] {processor.py:840} INFO - DAG(s) 'simple_logic_dag' retrieved from /opt/airflow/dags/script/simple_dag.py
[2025-07-09T03:49:32.684+0000] {logging_mixin.py:188} INFO - [2025-07-09T03:49:32.684+0000] {dag.py:3096} INFO - Sync 1 DAGs
[2025-07-09T03:49:32.730+0000] {logging_mixin.py:188} INFO - [2025-07-09T03:49:32.730+0000] {dag.py:3954} INFO - Setting next_dagrun for simple_logic_dag to 2025-07-09 00:00:00+00:00, run_after=2025-07-10 00:00:00+00:00
[2025-07-09T03:49:32.775+0000] {processor.py:183} INFO - Processing /opt/airflow/dags/script/simple_dag.py took 0.228 seconds
[2025-07-09T03:50:03.044+0000] {processor.py:161} INFO - Started process (PID=496) to work on /opt/airflow/dags/script/simple_dag.py
[2025-07-09T03:50:03.046+0000] {processor.py:830} INFO - Processing file /opt/airflow/dags/script/simple_dag.py for tasks to queue
[2025-07-09T03:50:03.051+0000] {logging_mixin.py:188} INFO - [2025-07-09T03:50:03.050+0000] {dagbag.py:545} INFO - Filling up the DagBag from /opt/airflow/dags/script/simple_dag.py
[2025-07-09T03:50:03.102+0000] {processor.py:840} INFO - DAG(s) 'simple_logic_dag' retrieved from /opt/airflow/dags/script/simple_dag.py
[2025-07-09T03:50:03.141+0000] {logging_mixin.py:188} INFO - [2025-07-09T03:50:03.140+0000] {dag.py:3096} INFO - Sync 1 DAGs
[2025-07-09T03:50:03.200+0000] {logging_mixin.py:188} INFO - [2025-07-09T03:50:03.199+0000] {dag.py:3954} INFO - Setting next_dagrun for simple_logic_dag to 2025-07-09 00:00:00+00:00, run_after=2025-07-10 00:00:00+00:00
[2025-07-09T03:50:03.270+0000] {processor.py:183} INFO - Processing /opt/airflow/dags/script/simple_dag.py took 0.236 seconds
[2025-07-09T03:50:33.747+0000] {processor.py:161} INFO - Started process (PID=555) to work on /opt/airflow/dags/script/simple_dag.py
[2025-07-09T03:50:33.749+0000] {processor.py:830} INFO - Processing file /opt/airflow/dags/script/simple_dag.py for tasks to queue
[2025-07-09T03:50:33.753+0000] {logging_mixin.py:188} INFO - [2025-07-09T03:50:33.752+0000] {dagbag.py:545} INFO - Filling up the DagBag from /opt/airflow/dags/script/simple_dag.py
[2025-07-09T03:50:33.806+0000] {processor.py:840} INFO - DAG(s) 'simple_logic_dag' retrieved from /opt/airflow/dags/script/simple_dag.py
[2025-07-09T03:50:33.845+0000] {logging_mixin.py:188} INFO - [2025-07-09T03:50:33.845+0000] {dag.py:3096} INFO - Sync 1 DAGs
[2025-07-09T03:50:33.889+0000] {logging_mixin.py:188} INFO - [2025-07-09T03:50:33.888+0000] {dag.py:3954} INFO - Setting next_dagrun for simple_logic_dag to 2025-07-09 00:00:00+00:00, run_after=2025-07-10 00:00:00+00:00
[2025-07-09T03:50:33.934+0000] {processor.py:183} INFO - Processing /opt/airflow/dags/script/simple_dag.py took 0.199 seconds
[2025-07-09T03:51:04.129+0000] {processor.py:161} INFO - Started process (PID=615) to work on /opt/airflow/dags/script/simple_dag.py
[2025-07-09T03:51:04.132+0000] {processor.py:830} INFO - Processing file /opt/airflow/dags/script/simple_dag.py for tasks to queue
[2025-07-09T03:51:04.138+0000] {logging_mixin.py:188} INFO - [2025-07-09T03:51:04.136+0000] {dagbag.py:545} INFO - Filling up the DagBag from /opt/airflow/dags/script/simple_dag.py
[2025-07-09T03:51:04.190+0000] {processor.py:840} INFO - DAG(s) 'simple_logic_dag' retrieved from /opt/airflow/dags/script/simple_dag.py
[2025-07-09T03:51:04.228+0000] {logging_mixin.py:188} INFO - [2025-07-09T03:51:04.228+0000] {dag.py:3096} INFO - Sync 1 DAGs
[2025-07-09T03:51:04.272+0000] {logging_mixin.py:188} INFO - [2025-07-09T03:51:04.271+0000] {dag.py:3954} INFO - Setting next_dagrun for simple_logic_dag to 2025-07-09 00:00:00+00:00, run_after=2025-07-10 00:00:00+00:00
[2025-07-09T03:51:04.318+0000] {processor.py:183} INFO - Processing /opt/airflow/dags/script/simple_dag.py took 0.200 seconds
[2025-07-09T03:51:34.903+0000] {processor.py:161} INFO - Started process (PID=675) to work on /opt/airflow/dags/script/simple_dag.py
[2025-07-09T03:51:34.906+0000] {processor.py:830} INFO - Processing file /opt/airflow/dags/script/simple_dag.py for tasks to queue
[2025-07-09T03:51:34.911+0000] {logging_mixin.py:188} INFO - [2025-07-09T03:51:34.910+0000] {dagbag.py:545} INFO - Filling up the DagBag from /opt/airflow/dags/script/simple_dag.py
[2025-07-09T03:51:34.967+0000] {processor.py:840} INFO - DAG(s) 'simple_logic_dag' retrieved from /opt/airflow/dags/script/simple_dag.py
[2025-07-09T03:51:35.009+0000] {logging_mixin.py:188} INFO - [2025-07-09T03:51:35.008+0000] {dag.py:3096} INFO - Sync 1 DAGs
[2025-07-09T03:51:35.052+0000] {logging_mixin.py:188} INFO - [2025-07-09T03:51:35.052+0000] {dag.py:3954} INFO - Setting next_dagrun for simple_logic_dag to 2025-07-09 00:00:00+00:00, run_after=2025-07-10 00:00:00+00:00
[2025-07-09T03:51:35.098+0000] {processor.py:183} INFO - Processing /opt/airflow/dags/script/simple_dag.py took 0.212 seconds
[2025-07-09T03:52:05.295+0000] {processor.py:161} INFO - Started process (PID=735) to work on /opt/airflow/dags/script/simple_dag.py
[2025-07-09T03:52:05.297+0000] {processor.py:830} INFO - Processing file /opt/airflow/dags/script/simple_dag.py for tasks to queue
[2025-07-09T03:52:05.302+0000] {logging_mixin.py:188} INFO - [2025-07-09T03:52:05.301+0000] {dagbag.py:545} INFO - Filling up the DagBag from /opt/airflow/dags/script/simple_dag.py
[2025-07-09T03:52:05.369+0000] {processor.py:840} INFO - DAG(s) 'simple_logic_dag' retrieved from /opt/airflow/dags/script/simple_dag.py
[2025-07-09T03:52:05.413+0000] {logging_mixin.py:188} INFO - [2025-07-09T03:52:05.413+0000] {dag.py:3096} INFO - Sync 1 DAGs
[2025-07-09T03:52:05.474+0000] {logging_mixin.py:188} INFO - [2025-07-09T03:52:05.473+0000] {dag.py:3954} INFO - Setting next_dagrun for simple_logic_dag to 2025-07-09 00:00:00+00:00, run_after=2025-07-10 00:00:00+00:00
[2025-07-09T03:52:05.525+0000] {processor.py:183} INFO - Processing /opt/airflow/dags/script/simple_dag.py took 0.242 seconds
[2025-07-09T03:52:35.811+0000] {processor.py:161} INFO - Started process (PID=794) to work on /opt/airflow/dags/script/simple_dag.py
[2025-07-09T03:52:35.813+0000] {processor.py:830} INFO - Processing file /opt/airflow/dags/script/simple_dag.py for tasks to queue
[2025-07-09T03:52:35.817+0000] {logging_mixin.py:188} INFO - [2025-07-09T03:52:35.816+0000] {dagbag.py:545} INFO - Filling up the DagBag from /opt/airflow/dags/script/simple_dag.py
[2025-07-09T03:52:35.871+0000] {processor.py:840} INFO - DAG(s) 'simple_logic_dag' retrieved from /opt/airflow/dags/script/simple_dag.py
[2025-07-09T03:52:35.910+0000] {logging_mixin.py:188} INFO - [2025-07-09T03:52:35.909+0000] {dag.py:3096} INFO - Sync 1 DAGs
[2025-07-09T03:52:35.953+0000] {logging_mixin.py:188} INFO - [2025-07-09T03:52:35.953+0000] {dag.py:3954} INFO - Setting next_dagrun for simple_logic_dag to 2025-07-09 00:00:00+00:00, run_after=2025-07-10 00:00:00+00:00
[2025-07-09T03:52:35.996+0000] {processor.py:183} INFO - Processing /opt/airflow/dags/script/simple_dag.py took 0.196 seconds
[2025-07-09T03:53:06.165+0000] {processor.py:161} INFO - Started process (PID=853) to work on /opt/airflow/dags/script/simple_dag.py
[2025-07-09T03:53:06.167+0000] {processor.py:830} INFO - Processing file /opt/airflow/dags/script/simple_dag.py for tasks to queue
[2025-07-09T03:53:06.172+0000] {logging_mixin.py:188} INFO - [2025-07-09T03:53:06.171+0000] {dagbag.py:545} INFO - Filling up the DagBag from /opt/airflow/dags/script/simple_dag.py
[2025-07-09T03:53:06.224+0000] {processor.py:840} INFO - DAG(s) 'simple_logic_dag' retrieved from /opt/airflow/dags/script/simple_dag.py
[2025-07-09T03:53:06.260+0000] {logging_mixin.py:188} INFO - [2025-07-09T03:53:06.260+0000] {dag.py:3096} INFO - Sync 1 DAGs
[2025-07-09T03:53:06.304+0000] {logging_mixin.py:188} INFO - [2025-07-09T03:53:06.303+0000] {dag.py:3954} INFO - Setting next_dagrun for simple_logic_dag to 2025-07-09 00:00:00+00:00, run_after=2025-07-10 00:00:00+00:00
[2025-07-09T03:53:06.349+0000] {processor.py:183} INFO - Processing /opt/airflow/dags/script/simple_dag.py took 0.195 seconds
[2025-07-09T03:53:36.953+0000] {processor.py:161} INFO - Started process (PID=912) to work on /opt/airflow/dags/script/simple_dag.py
[2025-07-09T03:53:36.956+0000] {processor.py:830} INFO - Processing file /opt/airflow/dags/script/simple_dag.py for tasks to queue
[2025-07-09T03:53:36.961+0000] {logging_mixin.py:188} INFO - [2025-07-09T03:53:36.960+0000] {dagbag.py:545} INFO - Filling up the DagBag from /opt/airflow/dags/script/simple_dag.py
[2025-07-09T03:53:37.035+0000] {processor.py:840} INFO - DAG(s) 'simple_logic_dag' retrieved from /opt/airflow/dags/script/simple_dag.py
[2025-07-09T03:53:37.092+0000] {logging_mixin.py:188} INFO - [2025-07-09T03:53:37.091+0000] {dag.py:3096} INFO - Sync 1 DAGs
[2025-07-09T03:53:37.157+0000] {logging_mixin.py:188} INFO - [2025-07-09T03:53:37.156+0000] {dag.py:3954} INFO - Setting next_dagrun for simple_logic_dag to 2025-07-09 00:00:00+00:00, run_after=2025-07-10 00:00:00+00:00
[2025-07-09T03:53:37.218+0000] {processor.py:183} INFO - Processing /opt/airflow/dags/script/simple_dag.py took 0.282 seconds
[2025-07-09T03:54:08.566+0000] {processor.py:161} INFO - Started process (PID=975) to work on /opt/airflow/dags/script/simple_dag.py
[2025-07-09T03:54:08.569+0000] {processor.py:830} INFO - Processing file /opt/airflow/dags/script/simple_dag.py for tasks to queue
[2025-07-09T03:54:08.577+0000] {logging_mixin.py:188} INFO - [2025-07-09T03:54:08.574+0000] {dagbag.py:545} INFO - Filling up the DagBag from /opt/airflow/dags/script/simple_dag.py
[2025-07-09T03:54:08.688+0000] {processor.py:840} INFO - DAG(s) 'simple_logic_dag' retrieved from /opt/airflow/dags/script/simple_dag.py
[2025-07-09T03:54:08.763+0000] {logging_mixin.py:188} INFO - [2025-07-09T03:54:08.762+0000] {dag.py:3096} INFO - Sync 1 DAGs
[2025-07-09T03:54:08.821+0000] {logging_mixin.py:188} INFO - [2025-07-09T03:54:08.820+0000] {dag.py:3954} INFO - Setting next_dagrun for simple_logic_dag to 2025-07-09 00:00:00+00:00, run_after=2025-07-10 00:00:00+00:00
[2025-07-09T03:54:08.880+0000] {processor.py:183} INFO - Processing /opt/airflow/dags/script/simple_dag.py took 0.350 seconds
[2025-07-09T03:54:40.119+0000] {processor.py:161} INFO - Started process (PID=1030) to work on /opt/airflow/dags/script/simple_dag.py
[2025-07-09T03:54:40.126+0000] {processor.py:830} INFO - Processing file /opt/airflow/dags/script/simple_dag.py for tasks to queue
[2025-07-09T03:54:40.136+0000] {logging_mixin.py:188} INFO - [2025-07-09T03:54:40.135+0000] {dagbag.py:545} INFO - Filling up the DagBag from /opt/airflow/dags/script/simple_dag.py
[2025-07-09T03:54:40.549+0000] {processor.py:840} INFO - DAG(s) 'simple_logic_dag' retrieved from /opt/airflow/dags/script/simple_dag.py
[2025-07-09T03:54:40.693+0000] {logging_mixin.py:188} INFO - [2025-07-09T03:54:40.692+0000] {dag.py:3096} INFO - Sync 1 DAGs
[2025-07-09T03:54:40.833+0000] {logging_mixin.py:188} INFO - [2025-07-09T03:54:40.832+0000] {dag.py:3954} INFO - Setting next_dagrun for simple_logic_dag to 2025-07-09 00:00:00+00:00, run_after=2025-07-10 00:00:00+00:00
[2025-07-09T03:54:40.949+0000] {processor.py:183} INFO - Processing /opt/airflow/dags/script/simple_dag.py took 0.868 seconds
[2025-07-09T03:55:11.699+0000] {processor.py:161} INFO - Started process (PID=1089) to work on /opt/airflow/dags/script/simple_dag.py
[2025-07-09T03:55:11.703+0000] {processor.py:830} INFO - Processing file /opt/airflow/dags/script/simple_dag.py for tasks to queue
[2025-07-09T03:55:11.710+0000] {logging_mixin.py:188} INFO - [2025-07-09T03:55:11.709+0000] {dagbag.py:545} INFO - Filling up the DagBag from /opt/airflow/dags/script/simple_dag.py
[2025-07-09T03:55:11.815+0000] {processor.py:840} INFO - DAG(s) 'simple_logic_dag' retrieved from /opt/airflow/dags/script/simple_dag.py
[2025-07-09T03:55:11.883+0000] {logging_mixin.py:188} INFO - [2025-07-09T03:55:11.883+0000] {dag.py:3096} INFO - Sync 1 DAGs
[2025-07-09T03:55:11.972+0000] {logging_mixin.py:188} INFO - [2025-07-09T03:55:11.971+0000] {dag.py:3954} INFO - Setting next_dagrun for simple_logic_dag to 2025-07-09 00:00:00+00:00, run_after=2025-07-10 00:00:00+00:00
[2025-07-09T03:55:12.055+0000] {processor.py:183} INFO - Processing /opt/airflow/dags/script/simple_dag.py took 0.378 seconds
[2025-07-09T03:55:42.720+0000] {processor.py:161} INFO - Started process (PID=1148) to work on /opt/airflow/dags/script/simple_dag.py
[2025-07-09T03:55:42.722+0000] {processor.py:830} INFO - Processing file /opt/airflow/dags/script/simple_dag.py for tasks to queue
[2025-07-09T03:55:42.727+0000] {logging_mixin.py:188} INFO - [2025-07-09T03:55:42.726+0000] {dagbag.py:545} INFO - Filling up the DagBag from /opt/airflow/dags/script/simple_dag.py
[2025-07-09T03:55:42.787+0000] {processor.py:840} INFO - DAG(s) 'simple_logic_dag' retrieved from /opt/airflow/dags/script/simple_dag.py
[2025-07-09T03:55:42.826+0000] {logging_mixin.py:188} INFO - [2025-07-09T03:55:42.826+0000] {dag.py:3096} INFO - Sync 1 DAGs
[2025-07-09T03:55:42.872+0000] {logging_mixin.py:188} INFO - [2025-07-09T03:55:42.872+0000] {dag.py:3954} INFO - Setting next_dagrun for simple_logic_dag to 2025-07-09 00:00:00+00:00, run_after=2025-07-10 00:00:00+00:00
[2025-07-09T03:55:42.926+0000] {processor.py:183} INFO - Processing /opt/airflow/dags/script/simple_dag.py took 0.217 seconds
[2025-07-09T03:56:13.209+0000] {processor.py:161} INFO - Started process (PID=1207) to work on /opt/airflow/dags/script/simple_dag.py
[2025-07-09T03:56:13.213+0000] {processor.py:830} INFO - Processing file /opt/airflow/dags/script/simple_dag.py for tasks to queue
[2025-07-09T03:56:13.222+0000] {logging_mixin.py:188} INFO - [2025-07-09T03:56:13.220+0000] {dagbag.py:545} INFO - Filling up the DagBag from /opt/airflow/dags/script/simple_dag.py
[2025-07-09T03:56:13.314+0000] {processor.py:840} INFO - DAG(s) 'simple_logic_dag' retrieved from /opt/airflow/dags/script/simple_dag.py
[2025-07-09T03:56:13.377+0000] {logging_mixin.py:188} INFO - [2025-07-09T03:56:13.376+0000] {dag.py:3096} INFO - Sync 1 DAGs
[2025-07-09T03:56:13.449+0000] {logging_mixin.py:188} INFO - [2025-07-09T03:56:13.448+0000] {dag.py:3954} INFO - Setting next_dagrun for simple_logic_dag to 2025-07-09 00:00:00+00:00, run_after=2025-07-10 00:00:00+00:00
[2025-07-09T03:56:13.507+0000] {processor.py:183} INFO - Processing /opt/airflow/dags/script/simple_dag.py took 0.325 seconds
[2025-07-09T03:56:43.606+0000] {processor.py:161} INFO - Started process (PID=1264) to work on /opt/airflow/dags/script/simple_dag.py
[2025-07-09T03:56:43.608+0000] {processor.py:830} INFO - Processing file /opt/airflow/dags/script/simple_dag.py for tasks to queue
[2025-07-09T03:56:43.612+0000] {logging_mixin.py:188} INFO - [2025-07-09T03:56:43.611+0000] {dagbag.py:545} INFO - Filling up the DagBag from /opt/airflow/dags/script/simple_dag.py
[2025-07-09T03:56:43.666+0000] {processor.py:840} INFO - DAG(s) 'simple_logic_dag' retrieved from /opt/airflow/dags/script/simple_dag.py
[2025-07-09T03:56:43.707+0000] {logging_mixin.py:188} INFO - [2025-07-09T03:56:43.707+0000] {dag.py:3096} INFO - Sync 1 DAGs
[2025-07-09T03:56:43.752+0000] {logging_mixin.py:188} INFO - [2025-07-09T03:56:43.752+0000] {dag.py:3954} INFO - Setting next_dagrun for simple_logic_dag to 2025-07-09 00:00:00+00:00, run_after=2025-07-10 00:00:00+00:00
[2025-07-09T03:56:43.795+0000] {processor.py:183} INFO - Processing /opt/airflow/dags/script/simple_dag.py took 0.201 seconds
[2025-07-09T03:57:14.064+0000] {processor.py:161} INFO - Started process (PID=1322) to work on /opt/airflow/dags/script/simple_dag.py
[2025-07-09T03:57:14.068+0000] {processor.py:830} INFO - Processing file /opt/airflow/dags/script/simple_dag.py for tasks to queue
[2025-07-09T03:57:14.073+0000] {logging_mixin.py:188} INFO - [2025-07-09T03:57:14.072+0000] {dagbag.py:545} INFO - Filling up the DagBag from /opt/airflow/dags/script/simple_dag.py
[2025-07-09T03:57:14.135+0000] {processor.py:840} INFO - DAG(s) 'simple_logic_dag' retrieved from /opt/airflow/dags/script/simple_dag.py
[2025-07-09T03:57:14.179+0000] {logging_mixin.py:188} INFO - [2025-07-09T03:57:14.179+0000] {dag.py:3096} INFO - Sync 1 DAGs
[2025-07-09T03:57:14.236+0000] {logging_mixin.py:188} INFO - [2025-07-09T03:57:14.236+0000] {dag.py:3954} INFO - Setting next_dagrun for simple_logic_dag to 2025-07-09 00:00:00+00:00, run_after=2025-07-10 00:00:00+00:00
[2025-07-09T03:57:14.282+0000] {processor.py:183} INFO - Processing /opt/airflow/dags/script/simple_dag.py took 0.230 seconds
[2025-07-09T03:57:44.934+0000] {processor.py:161} INFO - Started process (PID=1378) to work on /opt/airflow/dags/script/simple_dag.py
[2025-07-09T03:57:44.936+0000] {processor.py:830} INFO - Processing file /opt/airflow/dags/script/simple_dag.py for tasks to queue
[2025-07-09T03:57:44.941+0000] {logging_mixin.py:188} INFO - [2025-07-09T03:57:44.940+0000] {dagbag.py:545} INFO - Filling up the DagBag from /opt/airflow/dags/script/simple_dag.py
[2025-07-09T03:57:45.014+0000] {processor.py:840} INFO - DAG(s) 'simple_logic_dag' retrieved from /opt/airflow/dags/script/simple_dag.py
[2025-07-09T03:57:45.068+0000] {logging_mixin.py:188} INFO - [2025-07-09T03:57:45.067+0000] {dag.py:3096} INFO - Sync 1 DAGs
[2025-07-09T03:57:45.121+0000] {logging_mixin.py:188} INFO - [2025-07-09T03:57:45.120+0000] {dag.py:3954} INFO - Setting next_dagrun for simple_logic_dag to 2025-07-09 00:00:00+00:00, run_after=2025-07-10 00:00:00+00:00
[2025-07-09T03:57:45.168+0000] {processor.py:183} INFO - Processing /opt/airflow/dags/script/simple_dag.py took 0.247 seconds
[2025-07-09T03:58:15.381+0000] {processor.py:161} INFO - Started process (PID=1436) to work on /opt/airflow/dags/script/simple_dag.py
[2025-07-09T03:58:15.384+0000] {processor.py:830} INFO - Processing file /opt/airflow/dags/script/simple_dag.py for tasks to queue
[2025-07-09T03:58:15.389+0000] {logging_mixin.py:188} INFO - [2025-07-09T03:58:15.388+0000] {dagbag.py:545} INFO - Filling up the DagBag from /opt/airflow/dags/script/simple_dag.py
[2025-07-09T03:58:15.448+0000] {processor.py:840} INFO - DAG(s) 'simple_logic_dag' retrieved from /opt/airflow/dags/script/simple_dag.py
[2025-07-09T03:58:15.488+0000] {logging_mixin.py:188} INFO - [2025-07-09T03:58:15.487+0000] {dag.py:3096} INFO - Sync 1 DAGs
[2025-07-09T03:58:15.533+0000] {logging_mixin.py:188} INFO - [2025-07-09T03:58:15.533+0000] {dag.py:3954} INFO - Setting next_dagrun for simple_logic_dag to 2025-07-09 00:00:00+00:00, run_after=2025-07-10 00:00:00+00:00
[2025-07-09T03:58:15.582+0000] {processor.py:183} INFO - Processing /opt/airflow/dags/script/simple_dag.py took 0.211 seconds
[2025-07-09T03:58:45.708+0000] {processor.py:161} INFO - Started process (PID=1493) to work on /opt/airflow/dags/script/simple_dag.py
[2025-07-09T03:58:45.710+0000] {processor.py:830} INFO - Processing file /opt/airflow/dags/script/simple_dag.py for tasks to queue
[2025-07-09T03:58:45.715+0000] {logging_mixin.py:188} INFO - [2025-07-09T03:58:45.714+0000] {dagbag.py:545} INFO - Filling up the DagBag from /opt/airflow/dags/script/simple_dag.py
[2025-07-09T03:58:45.777+0000] {processor.py:840} INFO - DAG(s) 'simple_logic_dag' retrieved from /opt/airflow/dags/script/simple_dag.py
[2025-07-09T03:58:45.821+0000] {logging_mixin.py:188} INFO - [2025-07-09T03:58:45.821+0000] {dag.py:3096} INFO - Sync 1 DAGs
[2025-07-09T03:58:45.866+0000] {logging_mixin.py:188} INFO - [2025-07-09T03:58:45.865+0000] {dag.py:3954} INFO - Setting next_dagrun for simple_logic_dag to 2025-07-09 00:00:00+00:00, run_after=2025-07-10 00:00:00+00:00
[2025-07-09T03:58:45.913+0000] {processor.py:183} INFO - Processing /opt/airflow/dags/script/simple_dag.py took 0.220 seconds
[2025-07-09T03:59:16.464+0000] {processor.py:161} INFO - Started process (PID=1552) to work on /opt/airflow/dags/script/simple_dag.py
[2025-07-09T03:59:16.466+0000] {processor.py:830} INFO - Processing file /opt/airflow/dags/script/simple_dag.py for tasks to queue
[2025-07-09T03:59:16.471+0000] {logging_mixin.py:188} INFO - [2025-07-09T03:59:16.470+0000] {dagbag.py:545} INFO - Filling up the DagBag from /opt/airflow/dags/script/simple_dag.py
[2025-07-09T03:59:16.529+0000] {processor.py:840} INFO - DAG(s) 'simple_logic_dag' retrieved from /opt/airflow/dags/script/simple_dag.py
[2025-07-09T03:59:16.566+0000] {logging_mixin.py:188} INFO - [2025-07-09T03:59:16.566+0000] {dag.py:3096} INFO - Sync 1 DAGs
[2025-07-09T03:59:16.611+0000] {logging_mixin.py:188} INFO - [2025-07-09T03:59:16.611+0000] {dag.py:3954} INFO - Setting next_dagrun for simple_logic_dag to 2025-07-09 00:00:00+00:00, run_after=2025-07-10 00:00:00+00:00
[2025-07-09T03:59:16.660+0000] {processor.py:183} INFO - Processing /opt/airflow/dags/script/simple_dag.py took 0.210 seconds
[2025-07-09T03:59:46.960+0000] {processor.py:161} INFO - Started process (PID=1612) to work on /opt/airflow/dags/script/simple_dag.py
[2025-07-09T03:59:46.962+0000] {processor.py:830} INFO - Processing file /opt/airflow/dags/script/simple_dag.py for tasks to queue
[2025-07-09T03:59:46.966+0000] {logging_mixin.py:188} INFO - [2025-07-09T03:59:46.965+0000] {dagbag.py:545} INFO - Filling up the DagBag from /opt/airflow/dags/script/simple_dag.py
[2025-07-09T03:59:47.023+0000] {processor.py:840} INFO - DAG(s) 'simple_logic_dag' retrieved from /opt/airflow/dags/script/simple_dag.py
[2025-07-09T03:59:47.064+0000] {logging_mixin.py:188} INFO - [2025-07-09T03:59:47.064+0000] {dag.py:3096} INFO - Sync 1 DAGs
[2025-07-09T03:59:47.110+0000] {logging_mixin.py:188} INFO - [2025-07-09T03:59:47.110+0000] {dag.py:3954} INFO - Setting next_dagrun for simple_logic_dag to 2025-07-09 00:00:00+00:00, run_after=2025-07-10 00:00:00+00:00
[2025-07-09T03:59:47.156+0000] {processor.py:183} INFO - Processing /opt/airflow/dags/script/simple_dag.py took 0.209 seconds
[2025-07-09T04:00:17.417+0000] {processor.py:161} INFO - Started process (PID=1670) to work on /opt/airflow/dags/script/simple_dag.py
[2025-07-09T04:00:17.421+0000] {processor.py:830} INFO - Processing file /opt/airflow/dags/script/simple_dag.py for tasks to queue
[2025-07-09T04:00:17.429+0000] {logging_mixin.py:188} INFO - [2025-07-09T04:00:17.428+0000] {dagbag.py:545} INFO - Filling up the DagBag from /opt/airflow/dags/script/simple_dag.py
[2025-07-09T04:00:17.550+0000] {processor.py:840} INFO - DAG(s) 'simple_logic_dag' retrieved from /opt/airflow/dags/script/simple_dag.py
[2025-07-09T04:00:17.648+0000] {logging_mixin.py:188} INFO - [2025-07-09T04:00:17.647+0000] {dag.py:3096} INFO - Sync 1 DAGs
[2025-07-09T04:00:17.736+0000] {logging_mixin.py:188} INFO - [2025-07-09T04:00:17.735+0000] {dag.py:3954} INFO - Setting next_dagrun for simple_logic_dag to 2025-07-09 00:00:00+00:00, run_after=2025-07-10 00:00:00+00:00
[2025-07-09T04:00:17.846+0000] {processor.py:183} INFO - Processing /opt/airflow/dags/script/simple_dag.py took 0.452 seconds
[2025-07-09T04:00:48.768+0000] {processor.py:161} INFO - Started process (PID=1730) to work on /opt/airflow/dags/script/simple_dag.py
[2025-07-09T04:00:48.771+0000] {processor.py:830} INFO - Processing file /opt/airflow/dags/script/simple_dag.py for tasks to queue
[2025-07-09T04:00:48.781+0000] {logging_mixin.py:188} INFO - [2025-07-09T04:00:48.777+0000] {dagbag.py:545} INFO - Filling up the DagBag from /opt/airflow/dags/script/simple_dag.py
[2025-07-09T04:00:48.994+0000] {processor.py:840} INFO - DAG(s) 'simple_logic_dag' retrieved from /opt/airflow/dags/script/simple_dag.py
[2025-07-09T04:00:49.186+0000] {logging_mixin.py:188} INFO - [2025-07-09T04:00:49.185+0000] {dag.py:3096} INFO - Sync 1 DAGs
[2025-07-09T04:00:49.343+0000] {logging_mixin.py:188} INFO - [2025-07-09T04:00:49.342+0000] {dag.py:3954} INFO - Setting next_dagrun for simple_logic_dag to 2025-07-09 00:00:00+00:00, run_after=2025-07-10 00:00:00+00:00
[2025-07-09T04:00:49.531+0000] {processor.py:183} INFO - Processing /opt/airflow/dags/script/simple_dag.py took 0.790 seconds
[2025-07-09T04:01:20.143+0000] {processor.py:161} INFO - Started process (PID=1789) to work on /opt/airflow/dags/script/simple_dag.py
[2025-07-09T04:01:20.145+0000] {processor.py:830} INFO - Processing file /opt/airflow/dags/script/simple_dag.py for tasks to queue
[2025-07-09T04:01:20.149+0000] {logging_mixin.py:188} INFO - [2025-07-09T04:01:20.148+0000] {dagbag.py:545} INFO - Filling up the DagBag from /opt/airflow/dags/script/simple_dag.py
[2025-07-09T04:01:20.215+0000] {processor.py:840} INFO - DAG(s) 'simple_logic_dag' retrieved from /opt/airflow/dags/script/simple_dag.py
[2025-07-09T04:01:20.257+0000] {logging_mixin.py:188} INFO - [2025-07-09T04:01:20.257+0000] {dag.py:3096} INFO - Sync 1 DAGs
[2025-07-09T04:01:20.306+0000] {logging_mixin.py:188} INFO - [2025-07-09T04:01:20.306+0000] {dag.py:3954} INFO - Setting next_dagrun for simple_logic_dag to 2025-07-09 00:00:00+00:00, run_after=2025-07-10 00:00:00+00:00
[2025-07-09T04:01:20.389+0000] {processor.py:183} INFO - Processing /opt/airflow/dags/script/simple_dag.py took 0.260 seconds
[2025-07-09T04:01:50.705+0000] {processor.py:161} INFO - Started process (PID=1849) to work on /opt/airflow/dags/script/simple_dag.py
[2025-07-09T04:01:50.708+0000] {processor.py:830} INFO - Processing file /opt/airflow/dags/script/simple_dag.py for tasks to queue
[2025-07-09T04:01:50.713+0000] {logging_mixin.py:188} INFO - [2025-07-09T04:01:50.713+0000] {dagbag.py:545} INFO - Filling up the DagBag from /opt/airflow/dags/script/simple_dag.py
[2025-07-09T04:01:50.779+0000] {processor.py:840} INFO - DAG(s) 'simple_logic_dag' retrieved from /opt/airflow/dags/script/simple_dag.py
[2025-07-09T04:01:50.818+0000] {logging_mixin.py:188} INFO - [2025-07-09T04:01:50.818+0000] {dag.py:3096} INFO - Sync 1 DAGs
[2025-07-09T04:01:50.860+0000] {logging_mixin.py:188} INFO - [2025-07-09T04:01:50.859+0000] {dag.py:3954} INFO - Setting next_dagrun for simple_logic_dag to 2025-07-09 00:00:00+00:00, run_after=2025-07-10 00:00:00+00:00
[2025-07-09T04:01:50.906+0000] {processor.py:183} INFO - Processing /opt/airflow/dags/script/simple_dag.py took 0.211 seconds
[2025-07-09T04:02:21.331+0000] {processor.py:161} INFO - Started process (PID=1907) to work on /opt/airflow/dags/script/simple_dag.py
[2025-07-09T04:02:21.334+0000] {processor.py:830} INFO - Processing file /opt/airflow/dags/script/simple_dag.py for tasks to queue
[2025-07-09T04:02:21.344+0000] {logging_mixin.py:188} INFO - [2025-07-09T04:02:21.342+0000] {dagbag.py:545} INFO - Filling up the DagBag from /opt/airflow/dags/script/simple_dag.py
[2025-07-09T04:02:21.451+0000] {processor.py:840} INFO - DAG(s) 'simple_logic_dag' retrieved from /opt/airflow/dags/script/simple_dag.py
[2025-07-09T04:02:21.525+0000] {logging_mixin.py:188} INFO - [2025-07-09T04:02:21.524+0000] {dag.py:3096} INFO - Sync 1 DAGs
[2025-07-09T04:02:21.626+0000] {logging_mixin.py:188} INFO - [2025-07-09T04:02:21.625+0000] {dag.py:3954} INFO - Setting next_dagrun for simple_logic_dag to 2025-07-09 00:00:00+00:00, run_after=2025-07-10 00:00:00+00:00
[2025-07-09T04:02:21.754+0000] {processor.py:183} INFO - Processing /opt/airflow/dags/script/simple_dag.py took 0.444 seconds
[2025-07-09T04:02:52.084+0000] {processor.py:161} INFO - Started process (PID=1966) to work on /opt/airflow/dags/script/simple_dag.py
[2025-07-09T04:02:52.087+0000] {processor.py:830} INFO - Processing file /opt/airflow/dags/script/simple_dag.py for tasks to queue
[2025-07-09T04:02:52.091+0000] {logging_mixin.py:188} INFO - [2025-07-09T04:02:52.090+0000] {dagbag.py:545} INFO - Filling up the DagBag from /opt/airflow/dags/script/simple_dag.py
[2025-07-09T04:02:52.148+0000] {processor.py:840} INFO - DAG(s) 'simple_logic_dag' retrieved from /opt/airflow/dags/script/simple_dag.py
[2025-07-09T04:02:52.188+0000] {logging_mixin.py:188} INFO - [2025-07-09T04:02:52.187+0000] {dag.py:3096} INFO - Sync 1 DAGs
[2025-07-09T04:02:52.447+0000] {logging_mixin.py:188} INFO - [2025-07-09T04:02:52.447+0000] {dag.py:3954} INFO - Setting next_dagrun for simple_logic_dag to 2025-07-09 00:00:00+00:00, run_after=2025-07-10 00:00:00+00:00
[2025-07-09T04:02:52.500+0000] {processor.py:183} INFO - Processing /opt/airflow/dags/script/simple_dag.py took 0.427 seconds
[2025-07-09T04:03:22.907+0000] {processor.py:161} INFO - Started process (PID=2024) to work on /opt/airflow/dags/script/simple_dag.py
[2025-07-09T04:03:22.909+0000] {processor.py:830} INFO - Processing file /opt/airflow/dags/script/simple_dag.py for tasks to queue
[2025-07-09T04:03:22.914+0000] {logging_mixin.py:188} INFO - [2025-07-09T04:03:22.913+0000] {dagbag.py:545} INFO - Filling up the DagBag from /opt/airflow/dags/script/simple_dag.py
[2025-07-09T04:03:22.970+0000] {processor.py:840} INFO - DAG(s) 'simple_logic_dag' retrieved from /opt/airflow/dags/script/simple_dag.py
[2025-07-09T04:03:23.018+0000] {logging_mixin.py:188} INFO - [2025-07-09T04:03:23.017+0000] {dag.py:3096} INFO - Sync 1 DAGs
[2025-07-09T04:03:23.069+0000] {logging_mixin.py:188} INFO - [2025-07-09T04:03:23.069+0000] {dag.py:3954} INFO - Setting next_dagrun for simple_logic_dag to 2025-07-09 00:00:00+00:00, run_after=2025-07-10 00:00:00+00:00
[2025-07-09T04:03:23.129+0000] {processor.py:183} INFO - Processing /opt/airflow/dags/script/simple_dag.py took 0.238 seconds
[2025-07-09T04:03:53.933+0000] {processor.py:161} INFO - Started process (PID=2083) to work on /opt/airflow/dags/script/simple_dag.py
[2025-07-09T04:03:53.935+0000] {processor.py:830} INFO - Processing file /opt/airflow/dags/script/simple_dag.py for tasks to queue
[2025-07-09T04:03:53.939+0000] {logging_mixin.py:188} INFO - [2025-07-09T04:03:53.939+0000] {dagbag.py:545} INFO - Filling up the DagBag from /opt/airflow/dags/script/simple_dag.py
[2025-07-09T04:03:53.997+0000] {processor.py:840} INFO - DAG(s) 'simple_logic_dag' retrieved from /opt/airflow/dags/script/simple_dag.py
[2025-07-09T04:03:54.033+0000] {logging_mixin.py:188} INFO - [2025-07-09T04:03:54.032+0000] {dag.py:3096} INFO - Sync 1 DAGs
[2025-07-09T04:03:54.079+0000] {logging_mixin.py:188} INFO - [2025-07-09T04:03:54.079+0000] {dag.py:3954} INFO - Setting next_dagrun for simple_logic_dag to 2025-07-09 00:00:00+00:00, run_after=2025-07-10 00:00:00+00:00
[2025-07-09T04:03:54.124+0000] {processor.py:183} INFO - Processing /opt/airflow/dags/script/simple_dag.py took 0.206 seconds
[2025-07-09T04:04:24.729+0000] {processor.py:161} INFO - Started process (PID=2142) to work on /opt/airflow/dags/script/simple_dag.py
[2025-07-09T04:04:24.732+0000] {processor.py:830} INFO - Processing file /opt/airflow/dags/script/simple_dag.py for tasks to queue
[2025-07-09T04:04:24.737+0000] {logging_mixin.py:188} INFO - [2025-07-09T04:04:24.736+0000] {dagbag.py:545} INFO - Filling up the DagBag from /opt/airflow/dags/script/simple_dag.py
[2025-07-09T04:04:24.792+0000] {processor.py:840} INFO - DAG(s) 'simple_logic_dag' retrieved from /opt/airflow/dags/script/simple_dag.py
[2025-07-09T04:04:24.830+0000] {logging_mixin.py:188} INFO - [2025-07-09T04:04:24.830+0000] {dag.py:3096} INFO - Sync 1 DAGs
[2025-07-09T04:04:24.877+0000] {logging_mixin.py:188} INFO - [2025-07-09T04:04:24.876+0000] {dag.py:3954} INFO - Setting next_dagrun for simple_logic_dag to 2025-07-09 00:00:00+00:00, run_after=2025-07-10 00:00:00+00:00
[2025-07-09T04:04:24.925+0000] {processor.py:183} INFO - Processing /opt/airflow/dags/script/simple_dag.py took 0.207 seconds
[2025-07-09T04:04:55.282+0000] {processor.py:161} INFO - Started process (PID=2201) to work on /opt/airflow/dags/script/simple_dag.py
[2025-07-09T04:04:55.284+0000] {processor.py:830} INFO - Processing file /opt/airflow/dags/script/simple_dag.py for tasks to queue
[2025-07-09T04:04:55.289+0000] {logging_mixin.py:188} INFO - [2025-07-09T04:04:55.288+0000] {dagbag.py:545} INFO - Filling up the DagBag from /opt/airflow/dags/script/simple_dag.py
[2025-07-09T04:04:55.351+0000] {processor.py:840} INFO - DAG(s) 'simple_logic_dag' retrieved from /opt/airflow/dags/script/simple_dag.py
[2025-07-09T04:04:55.397+0000] {logging_mixin.py:188} INFO - [2025-07-09T04:04:55.396+0000] {dag.py:3096} INFO - Sync 1 DAGs
[2025-07-09T04:04:55.458+0000] {logging_mixin.py:188} INFO - [2025-07-09T04:04:55.458+0000] {dag.py:3954} INFO - Setting next_dagrun for simple_logic_dag to 2025-07-09 00:00:00+00:00, run_after=2025-07-10 00:00:00+00:00
[2025-07-09T04:04:55.513+0000] {processor.py:183} INFO - Processing /opt/airflow/dags/script/simple_dag.py took 0.242 seconds
[2025-07-09T04:05:25.846+0000] {processor.py:161} INFO - Started process (PID=2261) to work on /opt/airflow/dags/script/simple_dag.py
[2025-07-09T04:05:25.848+0000] {processor.py:830} INFO - Processing file /opt/airflow/dags/script/simple_dag.py for tasks to queue
[2025-07-09T04:05:25.856+0000] {logging_mixin.py:188} INFO - [2025-07-09T04:05:25.855+0000] {dagbag.py:545} INFO - Filling up the DagBag from /opt/airflow/dags/script/simple_dag.py
[2025-07-09T04:05:25.913+0000] {processor.py:840} INFO - DAG(s) 'simple_logic_dag' retrieved from /opt/airflow/dags/script/simple_dag.py
[2025-07-09T04:05:25.954+0000] {logging_mixin.py:188} INFO - [2025-07-09T04:05:25.953+0000] {dag.py:3096} INFO - Sync 1 DAGs
[2025-07-09T04:05:26.005+0000] {logging_mixin.py:188} INFO - [2025-07-09T04:05:26.004+0000] {dag.py:3954} INFO - Setting next_dagrun for simple_logic_dag to 2025-07-09 00:00:00+00:00, run_after=2025-07-10 00:00:00+00:00
[2025-07-09T04:05:26.057+0000] {processor.py:183} INFO - Processing /opt/airflow/dags/script/simple_dag.py took 0.222 seconds
[2025-07-09T04:05:56.759+0000] {processor.py:161} INFO - Started process (PID=2320) to work on /opt/airflow/dags/script/simple_dag.py
[2025-07-09T04:05:56.761+0000] {processor.py:830} INFO - Processing file /opt/airflow/dags/script/simple_dag.py for tasks to queue
[2025-07-09T04:05:56.766+0000] {logging_mixin.py:188} INFO - [2025-07-09T04:05:56.766+0000] {dagbag.py:545} INFO - Filling up the DagBag from /opt/airflow/dags/script/simple_dag.py
[2025-07-09T04:05:56.839+0000] {processor.py:840} INFO - DAG(s) 'simple_logic_dag' retrieved from /opt/airflow/dags/script/simple_dag.py
[2025-07-09T04:05:56.887+0000] {logging_mixin.py:188} INFO - [2025-07-09T04:05:56.886+0000] {dag.py:3096} INFO - Sync 1 DAGs
[2025-07-09T04:05:56.950+0000] {logging_mixin.py:188} INFO - [2025-07-09T04:05:56.949+0000] {dag.py:3954} INFO - Setting next_dagrun for simple_logic_dag to 2025-07-09 00:00:00+00:00, run_after=2025-07-10 00:00:00+00:00
[2025-07-09T04:05:57.007+0000] {processor.py:183} INFO - Processing /opt/airflow/dags/script/simple_dag.py took 0.262 seconds
[2025-07-09T04:06:27.114+0000] {processor.py:161} INFO - Started process (PID=2379) to work on /opt/airflow/dags/script/simple_dag.py
[2025-07-09T04:06:27.116+0000] {processor.py:830} INFO - Processing file /opt/airflow/dags/script/simple_dag.py for tasks to queue
[2025-07-09T04:06:27.121+0000] {logging_mixin.py:188} INFO - [2025-07-09T04:06:27.120+0000] {dagbag.py:545} INFO - Filling up the DagBag from /opt/airflow/dags/script/simple_dag.py
[2025-07-09T04:06:27.182+0000] {processor.py:840} INFO - DAG(s) 'simple_logic_dag' retrieved from /opt/airflow/dags/script/simple_dag.py
[2025-07-09T04:06:27.221+0000] {logging_mixin.py:188} INFO - [2025-07-09T04:06:27.220+0000] {dag.py:3096} INFO - Sync 1 DAGs
[2025-07-09T04:06:27.274+0000] {logging_mixin.py:188} INFO - [2025-07-09T04:06:27.274+0000] {dag.py:3954} INFO - Setting next_dagrun for simple_logic_dag to 2025-07-09 00:00:00+00:00, run_after=2025-07-10 00:00:00+00:00
[2025-07-09T04:06:27.321+0000] {processor.py:183} INFO - Processing /opt/airflow/dags/script/simple_dag.py took 0.218 seconds
[2025-07-09T04:06:57.840+0000] {processor.py:161} INFO - Started process (PID=2438) to work on /opt/airflow/dags/script/simple_dag.py
[2025-07-09T04:06:57.843+0000] {processor.py:830} INFO - Processing file /opt/airflow/dags/script/simple_dag.py for tasks to queue
[2025-07-09T04:06:57.849+0000] {logging_mixin.py:188} INFO - [2025-07-09T04:06:57.848+0000] {dagbag.py:545} INFO - Filling up the DagBag from /opt/airflow/dags/script/simple_dag.py
[2025-07-09T04:06:57.913+0000] {processor.py:840} INFO - DAG(s) 'simple_logic_dag' retrieved from /opt/airflow/dags/script/simple_dag.py
[2025-07-09T04:06:57.954+0000] {logging_mixin.py:188} INFO - [2025-07-09T04:06:57.954+0000] {dag.py:3096} INFO - Sync 1 DAGs
[2025-07-09T04:06:57.997+0000] {logging_mixin.py:188} INFO - [2025-07-09T04:06:57.997+0000] {dag.py:3954} INFO - Setting next_dagrun for simple_logic_dag to 2025-07-09 00:00:00+00:00, run_after=2025-07-10 00:00:00+00:00
[2025-07-09T04:06:58.048+0000] {processor.py:183} INFO - Processing /opt/airflow/dags/script/simple_dag.py took 0.222 seconds
[2025-07-09T04:07:28.367+0000] {processor.py:161} INFO - Started process (PID=2496) to work on /opt/airflow/dags/script/simple_dag.py
[2025-07-09T04:07:28.370+0000] {processor.py:830} INFO - Processing file /opt/airflow/dags/script/simple_dag.py for tasks to queue
[2025-07-09T04:07:28.376+0000] {logging_mixin.py:188} INFO - [2025-07-09T04:07:28.375+0000] {dagbag.py:545} INFO - Filling up the DagBag from /opt/airflow/dags/script/simple_dag.py
[2025-07-09T04:07:28.527+0000] {processor.py:840} INFO - DAG(s) 'simple_logic_dag' retrieved from /opt/airflow/dags/script/simple_dag.py
[2025-07-09T04:07:28.593+0000] {logging_mixin.py:188} INFO - [2025-07-09T04:07:28.593+0000] {dag.py:3096} INFO - Sync 1 DAGs
[2025-07-09T04:07:28.729+0000] {logging_mixin.py:188} INFO - [2025-07-09T04:07:28.728+0000] {dag.py:3954} INFO - Setting next_dagrun for simple_logic_dag to 2025-07-09 00:00:00+00:00, run_after=2025-07-10 00:00:00+00:00
[2025-07-09T04:07:28.820+0000] {processor.py:183} INFO - Processing /opt/airflow/dags/script/simple_dag.py took 0.468 seconds
[2025-07-09T04:07:59.211+0000] {processor.py:161} INFO - Started process (PID=2561) to work on /opt/airflow/dags/script/simple_dag.py
[2025-07-09T04:07:59.219+0000] {processor.py:830} INFO - Processing file /opt/airflow/dags/script/simple_dag.py for tasks to queue
[2025-07-09T04:07:59.228+0000] {logging_mixin.py:188} INFO - [2025-07-09T04:07:59.226+0000] {dagbag.py:545} INFO - Filling up the DagBag from /opt/airflow/dags/script/simple_dag.py
[2025-07-09T04:07:59.326+0000] {processor.py:840} INFO - DAG(s) 'simple_logic_dag' retrieved from /opt/airflow/dags/script/simple_dag.py
[2025-07-09T04:07:59.380+0000] {logging_mixin.py:188} INFO - [2025-07-09T04:07:59.379+0000] {dag.py:3096} INFO - Sync 1 DAGs
[2025-07-09T04:07:59.436+0000] {logging_mixin.py:188} INFO - [2025-07-09T04:07:59.435+0000] {dag.py:3954} INFO - Setting next_dagrun for simple_logic_dag to 2025-07-09 00:00:00+00:00, run_after=2025-07-10 00:00:00+00:00
[2025-07-09T04:07:59.486+0000] {processor.py:183} INFO - Processing /opt/airflow/dags/script/simple_dag.py took 0.297 seconds
[2025-07-09T04:08:29.803+0000] {processor.py:161} INFO - Started process (PID=2621) to work on /opt/airflow/dags/script/simple_dag.py
[2025-07-09T04:08:29.805+0000] {processor.py:830} INFO - Processing file /opt/airflow/dags/script/simple_dag.py for tasks to queue
[2025-07-09T04:08:29.810+0000] {logging_mixin.py:188} INFO - [2025-07-09T04:08:29.809+0000] {dagbag.py:545} INFO - Filling up the DagBag from /opt/airflow/dags/script/simple_dag.py
[2025-07-09T04:08:29.859+0000] {processor.py:840} INFO - DAG(s) 'simple_logic_dag' retrieved from /opt/airflow/dags/script/simple_dag.py
[2025-07-09T04:08:29.895+0000] {logging_mixin.py:188} INFO - [2025-07-09T04:08:29.895+0000] {dag.py:3096} INFO - Sync 1 DAGs
[2025-07-09T04:08:29.941+0000] {logging_mixin.py:188} INFO - [2025-07-09T04:08:29.940+0000] {dag.py:3954} INFO - Setting next_dagrun for simple_logic_dag to 2025-07-09 00:00:00+00:00, run_after=2025-07-10 00:00:00+00:00
[2025-07-09T04:08:29.978+0000] {processor.py:183} INFO - Processing /opt/airflow/dags/script/simple_dag.py took 0.187 seconds
[2025-07-09T04:09:00.163+0000] {processor.py:161} INFO - Started process (PID=2680) to work on /opt/airflow/dags/script/simple_dag.py
[2025-07-09T04:09:00.166+0000] {processor.py:830} INFO - Processing file /opt/airflow/dags/script/simple_dag.py for tasks to queue
[2025-07-09T04:09:00.171+0000] {logging_mixin.py:188} INFO - [2025-07-09T04:09:00.170+0000] {dagbag.py:545} INFO - Filling up the DagBag from /opt/airflow/dags/script/simple_dag.py
[2025-07-09T04:09:00.229+0000] {processor.py:840} INFO - DAG(s) 'simple_logic_dag' retrieved from /opt/airflow/dags/script/simple_dag.py
[2025-07-09T04:09:00.271+0000] {logging_mixin.py:188} INFO - [2025-07-09T04:09:00.271+0000] {dag.py:3096} INFO - Sync 1 DAGs
[2025-07-09T04:09:00.315+0000] {logging_mixin.py:188} INFO - [2025-07-09T04:09:00.314+0000] {dag.py:3954} INFO - Setting next_dagrun for simple_logic_dag to 2025-07-09 00:00:00+00:00, run_after=2025-07-10 00:00:00+00:00
[2025-07-09T04:09:00.361+0000] {processor.py:183} INFO - Processing /opt/airflow/dags/script/simple_dag.py took 0.212 seconds
[2025-07-09T04:09:30.607+0000] {processor.py:161} INFO - Started process (PID=2738) to work on /opt/airflow/dags/script/simple_dag.py
[2025-07-09T04:09:30.609+0000] {processor.py:830} INFO - Processing file /opt/airflow/dags/script/simple_dag.py for tasks to queue
[2025-07-09T04:09:30.613+0000] {logging_mixin.py:188} INFO - [2025-07-09T04:09:30.612+0000] {dagbag.py:545} INFO - Filling up the DagBag from /opt/airflow/dags/script/simple_dag.py
[2025-07-09T04:09:30.691+0000] {processor.py:840} INFO - DAG(s) 'simple_logic_dag' retrieved from /opt/airflow/dags/script/simple_dag.py
[2025-07-09T04:09:30.729+0000] {logging_mixin.py:188} INFO - [2025-07-09T04:09:30.728+0000] {dag.py:3096} INFO - Sync 1 DAGs
[2025-07-09T04:09:30.772+0000] {logging_mixin.py:188} INFO - [2025-07-09T04:09:30.771+0000] {dag.py:3954} INFO - Setting next_dagrun for simple_logic_dag to 2025-07-09 00:00:00+00:00, run_after=2025-07-10 00:00:00+00:00
[2025-07-09T04:09:30.815+0000] {processor.py:183} INFO - Processing /opt/airflow/dags/script/simple_dag.py took 0.220 seconds
[2025-07-09T04:10:01.083+0000] {processor.py:161} INFO - Started process (PID=2797) to work on /opt/airflow/dags/script/simple_dag.py
[2025-07-09T04:10:01.086+0000] {processor.py:830} INFO - Processing file /opt/airflow/dags/script/simple_dag.py for tasks to queue
[2025-07-09T04:10:01.091+0000] {logging_mixin.py:188} INFO - [2025-07-09T04:10:01.090+0000] {dagbag.py:545} INFO - Filling up the DagBag from /opt/airflow/dags/script/simple_dag.py
[2025-07-09T04:10:01.167+0000] {processor.py:840} INFO - DAG(s) 'simple_logic_dag' retrieved from /opt/airflow/dags/script/simple_dag.py
[2025-07-09T04:10:01.256+0000] {logging_mixin.py:188} INFO - [2025-07-09T04:10:01.256+0000] {dag.py:3096} INFO - Sync 1 DAGs
[2025-07-09T04:10:01.345+0000] {logging_mixin.py:188} INFO - [2025-07-09T04:10:01.344+0000] {dag.py:3954} INFO - Setting next_dagrun for simple_logic_dag to 2025-07-09 00:00:00+00:00, run_after=2025-07-10 00:00:00+00:00
[2025-07-09T04:10:01.407+0000] {processor.py:183} INFO - Processing /opt/airflow/dags/script/simple_dag.py took 0.345 seconds
[2025-07-09T04:10:31.874+0000] {processor.py:161} INFO - Started process (PID=2856) to work on /opt/airflow/dags/script/simple_dag.py
[2025-07-09T04:10:31.876+0000] {processor.py:830} INFO - Processing file /opt/airflow/dags/script/simple_dag.py for tasks to queue
[2025-07-09T04:10:31.881+0000] {logging_mixin.py:188} INFO - [2025-07-09T04:10:31.880+0000] {dagbag.py:545} INFO - Filling up the DagBag from /opt/airflow/dags/script/simple_dag.py
[2025-07-09T04:10:31.935+0000] {processor.py:840} INFO - DAG(s) 'simple_logic_dag' retrieved from /opt/airflow/dags/script/simple_dag.py
[2025-07-09T04:10:31.975+0000] {logging_mixin.py:188} INFO - [2025-07-09T04:10:31.974+0000] {dag.py:3096} INFO - Sync 1 DAGs
[2025-07-09T04:10:32.020+0000] {logging_mixin.py:188} INFO - [2025-07-09T04:10:32.019+0000] {dag.py:3954} INFO - Setting next_dagrun for simple_logic_dag to 2025-07-09 00:00:00+00:00, run_after=2025-07-10 00:00:00+00:00
[2025-07-09T04:10:32.063+0000] {processor.py:183} INFO - Processing /opt/airflow/dags/script/simple_dag.py took 0.202 seconds
[2025-07-09T04:11:02.563+0000] {processor.py:161} INFO - Started process (PID=2915) to work on /opt/airflow/dags/script/simple_dag.py
[2025-07-09T04:11:02.567+0000] {processor.py:830} INFO - Processing file /opt/airflow/dags/script/simple_dag.py for tasks to queue
[2025-07-09T04:11:02.582+0000] {logging_mixin.py:188} INFO - [2025-07-09T04:11:02.581+0000] {dagbag.py:545} INFO - Filling up the DagBag from /opt/airflow/dags/script/simple_dag.py
[2025-07-09T04:11:02.943+0000] {processor.py:840} INFO - DAG(s) 'simple_logic_dag' retrieved from /opt/airflow/dags/script/simple_dag.py
[2025-07-09T04:11:03.073+0000] {logging_mixin.py:188} INFO - [2025-07-09T04:11:03.073+0000] {dag.py:3096} INFO - Sync 1 DAGs
[2025-07-09T04:11:03.260+0000] {logging_mixin.py:188} INFO - [2025-07-09T04:11:03.259+0000] {dag.py:3954} INFO - Setting next_dagrun for simple_logic_dag to 2025-07-09 00:00:00+00:00, run_after=2025-07-10 00:00:00+00:00
[2025-07-09T04:11:03.439+0000] {processor.py:183} INFO - Processing /opt/airflow/dags/script/simple_dag.py took 0.905 seconds
[2025-07-09T04:11:33.949+0000] {processor.py:161} INFO - Started process (PID=2974) to work on /opt/airflow/dags/script/simple_dag.py
[2025-07-09T04:11:33.951+0000] {processor.py:830} INFO - Processing file /opt/airflow/dags/script/simple_dag.py for tasks to queue
[2025-07-09T04:11:33.955+0000] {logging_mixin.py:188} INFO - [2025-07-09T04:11:33.954+0000] {dagbag.py:545} INFO - Filling up the DagBag from /opt/airflow/dags/script/simple_dag.py
[2025-07-09T04:11:34.009+0000] {processor.py:840} INFO - DAG(s) 'simple_logic_dag' retrieved from /opt/airflow/dags/script/simple_dag.py
[2025-07-09T04:11:34.046+0000] {logging_mixin.py:188} INFO - [2025-07-09T04:11:34.046+0000] {dag.py:3096} INFO - Sync 1 DAGs
[2025-07-09T04:11:34.092+0000] {logging_mixin.py:188} INFO - [2025-07-09T04:11:34.092+0000] {dag.py:3954} INFO - Setting next_dagrun for simple_logic_dag to 2025-07-09 00:00:00+00:00, run_after=2025-07-10 00:00:00+00:00
[2025-07-09T04:11:34.141+0000] {processor.py:183} INFO - Processing /opt/airflow/dags/script/simple_dag.py took 0.203 seconds
[2025-07-09T04:12:04.409+0000] {processor.py:161} INFO - Started process (PID=3034) to work on /opt/airflow/dags/script/simple_dag.py
[2025-07-09T04:12:04.411+0000] {processor.py:830} INFO - Processing file /opt/airflow/dags/script/simple_dag.py for tasks to queue
[2025-07-09T04:12:04.416+0000] {logging_mixin.py:188} INFO - [2025-07-09T04:12:04.415+0000] {dagbag.py:545} INFO - Filling up the DagBag from /opt/airflow/dags/script/simple_dag.py
[2025-07-09T04:12:04.464+0000] {processor.py:840} INFO - DAG(s) 'simple_logic_dag' retrieved from /opt/airflow/dags/script/simple_dag.py
[2025-07-09T04:12:04.503+0000] {logging_mixin.py:188} INFO - [2025-07-09T04:12:04.502+0000] {dag.py:3096} INFO - Sync 1 DAGs
[2025-07-09T04:12:04.550+0000] {logging_mixin.py:188} INFO - [2025-07-09T04:12:04.550+0000] {dag.py:3954} INFO - Setting next_dagrun for simple_logic_dag to 2025-07-09 00:00:00+00:00, run_after=2025-07-10 00:00:00+00:00
[2025-07-09T04:12:04.589+0000] {processor.py:183} INFO - Processing /opt/airflow/dags/script/simple_dag.py took 0.193 seconds
[2025-07-09T04:12:34.822+0000] {processor.py:161} INFO - Started process (PID=3093) to work on /opt/airflow/dags/script/simple_dag.py
[2025-07-09T04:12:34.824+0000] {processor.py:830} INFO - Processing file /opt/airflow/dags/script/simple_dag.py for tasks to queue
[2025-07-09T04:12:34.827+0000] {logging_mixin.py:188} INFO - [2025-07-09T04:12:34.826+0000] {dagbag.py:545} INFO - Filling up the DagBag from /opt/airflow/dags/script/simple_dag.py
[2025-07-09T04:12:34.874+0000] {processor.py:840} INFO - DAG(s) 'simple_logic_dag' retrieved from /opt/airflow/dags/script/simple_dag.py
[2025-07-09T04:12:34.909+0000] {logging_mixin.py:188} INFO - [2025-07-09T04:12:34.909+0000] {dag.py:3096} INFO - Sync 1 DAGs
[2025-07-09T04:12:34.948+0000] {logging_mixin.py:188} INFO - [2025-07-09T04:12:34.948+0000] {dag.py:3954} INFO - Setting next_dagrun for simple_logic_dag to 2025-07-09 00:00:00+00:00, run_after=2025-07-10 00:00:00+00:00
[2025-07-09T04:12:34.982+0000] {processor.py:183} INFO - Processing /opt/airflow/dags/script/simple_dag.py took 0.174 seconds
[2025-07-09T04:13:05.338+0000] {processor.py:161} INFO - Started process (PID=3151) to work on /opt/airflow/dags/script/simple_dag.py
[2025-07-09T04:13:05.340+0000] {processor.py:830} INFO - Processing file /opt/airflow/dags/script/simple_dag.py for tasks to queue
[2025-07-09T04:13:05.345+0000] {logging_mixin.py:188} INFO - [2025-07-09T04:13:05.344+0000] {dagbag.py:545} INFO - Filling up the DagBag from /opt/airflow/dags/script/simple_dag.py
[2025-07-09T04:13:05.416+0000] {processor.py:840} INFO - DAG(s) 'simple_logic_dag' retrieved from /opt/airflow/dags/script/simple_dag.py
[2025-07-09T04:13:05.456+0000] {logging_mixin.py:188} INFO - [2025-07-09T04:13:05.456+0000] {dag.py:3096} INFO - Sync 1 DAGs
[2025-07-09T04:13:05.499+0000] {logging_mixin.py:188} INFO - [2025-07-09T04:13:05.499+0000] {dag.py:3954} INFO - Setting next_dagrun for simple_logic_dag to 2025-07-09 00:00:00+00:00, run_after=2025-07-10 00:00:00+00:00
[2025-07-09T04:13:05.543+0000] {processor.py:183} INFO - Processing /opt/airflow/dags/script/simple_dag.py took 0.218 seconds
[2025-07-09T04:13:35.710+0000] {processor.py:161} INFO - Started process (PID=3211) to work on /opt/airflow/dags/script/simple_dag.py
[2025-07-09T04:13:35.712+0000] {processor.py:830} INFO - Processing file /opt/airflow/dags/script/simple_dag.py for tasks to queue
[2025-07-09T04:13:35.718+0000] {logging_mixin.py:188} INFO - [2025-07-09T04:13:35.717+0000] {dagbag.py:545} INFO - Filling up the DagBag from /opt/airflow/dags/script/simple_dag.py
[2025-07-09T04:13:35.797+0000] {processor.py:840} INFO - DAG(s) 'simple_logic_dag' retrieved from /opt/airflow/dags/script/simple_dag.py
[2025-07-09T04:13:35.847+0000] {logging_mixin.py:188} INFO - [2025-07-09T04:13:35.846+0000] {dag.py:3096} INFO - Sync 1 DAGs
[2025-07-09T04:13:35.906+0000] {logging_mixin.py:188} INFO - [2025-07-09T04:13:35.906+0000] {dag.py:3954} INFO - Setting next_dagrun for simple_logic_dag to 2025-07-09 00:00:00+00:00, run_after=2025-07-10 00:00:00+00:00
[2025-07-09T04:13:35.969+0000] {processor.py:183} INFO - Processing /opt/airflow/dags/script/simple_dag.py took 0.272 seconds
[2025-07-09T04:14:06.617+0000] {processor.py:161} INFO - Started process (PID=3269) to work on /opt/airflow/dags/script/simple_dag.py
[2025-07-09T04:14:06.619+0000] {processor.py:830} INFO - Processing file /opt/airflow/dags/script/simple_dag.py for tasks to queue
[2025-07-09T04:14:06.623+0000] {logging_mixin.py:188} INFO - [2025-07-09T04:14:06.622+0000] {dagbag.py:545} INFO - Filling up the DagBag from /opt/airflow/dags/script/simple_dag.py
[2025-07-09T04:14:06.693+0000] {processor.py:840} INFO - DAG(s) 'simple_logic_dag' retrieved from /opt/airflow/dags/script/simple_dag.py
[2025-07-09T04:14:06.734+0000] {logging_mixin.py:188} INFO - [2025-07-09T04:14:06.734+0000] {dag.py:3096} INFO - Sync 1 DAGs
[2025-07-09T04:14:06.794+0000] {logging_mixin.py:188} INFO - [2025-07-09T04:14:06.792+0000] {dag.py:3954} INFO - Setting next_dagrun for simple_logic_dag to 2025-07-09 00:00:00+00:00, run_after=2025-07-10 00:00:00+00:00
[2025-07-09T04:14:06.867+0000] {processor.py:183} INFO - Processing /opt/airflow/dags/script/simple_dag.py took 0.261 seconds
[2025-07-09T04:14:37.103+0000] {processor.py:161} INFO - Started process (PID=3329) to work on /opt/airflow/dags/script/simple_dag.py
[2025-07-09T04:14:37.105+0000] {processor.py:830} INFO - Processing file /opt/airflow/dags/script/simple_dag.py for tasks to queue
[2025-07-09T04:14:37.109+0000] {logging_mixin.py:188} INFO - [2025-07-09T04:14:37.108+0000] {dagbag.py:545} INFO - Filling up the DagBag from /opt/airflow/dags/script/simple_dag.py
[2025-07-09T04:14:37.155+0000] {processor.py:840} INFO - DAG(s) 'simple_logic_dag' retrieved from /opt/airflow/dags/script/simple_dag.py
[2025-07-09T04:14:37.193+0000] {logging_mixin.py:188} INFO - [2025-07-09T04:14:37.193+0000] {dag.py:3096} INFO - Sync 1 DAGs
[2025-07-09T04:14:37.240+0000] {logging_mixin.py:188} INFO - [2025-07-09T04:14:37.239+0000] {dag.py:3954} INFO - Setting next_dagrun for simple_logic_dag to 2025-07-09 00:00:00+00:00, run_after=2025-07-10 00:00:00+00:00
[2025-07-09T04:14:37.280+0000] {processor.py:183} INFO - Processing /opt/airflow/dags/script/simple_dag.py took 0.187 seconds
[2025-07-09T04:15:07.395+0000] {processor.py:161} INFO - Started process (PID=3387) to work on /opt/airflow/dags/script/simple_dag.py
[2025-07-09T04:15:07.398+0000] {processor.py:830} INFO - Processing file /opt/airflow/dags/script/simple_dag.py for tasks to queue
[2025-07-09T04:15:07.403+0000] {logging_mixin.py:188} INFO - [2025-07-09T04:15:07.402+0000] {dagbag.py:545} INFO - Filling up the DagBag from /opt/airflow/dags/script/simple_dag.py
[2025-07-09T04:15:07.465+0000] {processor.py:840} INFO - DAG(s) 'simple_logic_dag' retrieved from /opt/airflow/dags/script/simple_dag.py
[2025-07-09T04:15:07.504+0000] {logging_mixin.py:188} INFO - [2025-07-09T04:15:07.504+0000] {dag.py:3096} INFO - Sync 1 DAGs
[2025-07-09T04:15:07.550+0000] {logging_mixin.py:188} INFO - [2025-07-09T04:15:07.550+0000] {dag.py:3954} INFO - Setting next_dagrun for simple_logic_dag to 2025-07-09 00:00:00+00:00, run_after=2025-07-10 00:00:00+00:00
[2025-07-09T04:15:07.597+0000] {processor.py:183} INFO - Processing /opt/airflow/dags/script/simple_dag.py took 0.214 seconds
[2025-07-09T04:15:38.342+0000] {processor.py:161} INFO - Started process (PID=3446) to work on /opt/airflow/dags/script/simple_dag.py
[2025-07-09T04:15:38.344+0000] {processor.py:830} INFO - Processing file /opt/airflow/dags/script/simple_dag.py for tasks to queue
[2025-07-09T04:15:38.348+0000] {logging_mixin.py:188} INFO - [2025-07-09T04:15:38.347+0000] {dagbag.py:545} INFO - Filling up the DagBag from /opt/airflow/dags/script/simple_dag.py
[2025-07-09T04:15:38.406+0000] {processor.py:840} INFO - DAG(s) 'simple_logic_dag' retrieved from /opt/airflow/dags/script/simple_dag.py
[2025-07-09T04:15:38.448+0000] {logging_mixin.py:188} INFO - [2025-07-09T04:15:38.448+0000] {dag.py:3096} INFO - Sync 1 DAGs
[2025-07-09T04:15:38.495+0000] {logging_mixin.py:188} INFO - [2025-07-09T04:15:38.495+0000] {dag.py:3954} INFO - Setting next_dagrun for simple_logic_dag to 2025-07-09 00:00:00+00:00, run_after=2025-07-10 00:00:00+00:00
[2025-07-09T04:15:38.543+0000] {processor.py:183} INFO - Processing /opt/airflow/dags/script/simple_dag.py took 0.212 seconds
[2025-07-09T04:16:08.870+0000] {processor.py:161} INFO - Started process (PID=3505) to work on /opt/airflow/dags/script/simple_dag.py
[2025-07-09T04:16:08.872+0000] {processor.py:830} INFO - Processing file /opt/airflow/dags/script/simple_dag.py for tasks to queue
[2025-07-09T04:16:08.877+0000] {logging_mixin.py:188} INFO - [2025-07-09T04:16:08.876+0000] {dagbag.py:545} INFO - Filling up the DagBag from /opt/airflow/dags/script/simple_dag.py
[2025-07-09T04:16:08.948+0000] {processor.py:840} INFO - DAG(s) 'simple_logic_dag' retrieved from /opt/airflow/dags/script/simple_dag.py
[2025-07-09T04:16:09.004+0000] {logging_mixin.py:188} INFO - [2025-07-09T04:16:09.004+0000] {dag.py:3096} INFO - Sync 1 DAGs
[2025-07-09T04:16:09.075+0000] {logging_mixin.py:188} INFO - [2025-07-09T04:16:09.074+0000] {dag.py:3954} INFO - Setting next_dagrun for simple_logic_dag to 2025-07-09 00:00:00+00:00, run_after=2025-07-10 00:00:00+00:00
[2025-07-09T04:16:09.138+0000] {processor.py:183} INFO - Processing /opt/airflow/dags/script/simple_dag.py took 0.282 seconds
[2025-07-09T04:16:39.591+0000] {processor.py:161} INFO - Started process (PID=3564) to work on /opt/airflow/dags/script/simple_dag.py
[2025-07-09T04:16:39.595+0000] {processor.py:830} INFO - Processing file /opt/airflow/dags/script/simple_dag.py for tasks to queue
[2025-07-09T04:16:39.602+0000] {logging_mixin.py:188} INFO - [2025-07-09T04:16:39.601+0000] {dagbag.py:545} INFO - Filling up the DagBag from /opt/airflow/dags/script/simple_dag.py
[2025-07-09T04:16:39.694+0000] {processor.py:840} INFO - DAG(s) 'simple_logic_dag' retrieved from /opt/airflow/dags/script/simple_dag.py
[2025-07-09T04:16:39.744+0000] {logging_mixin.py:188} INFO - [2025-07-09T04:16:39.744+0000] {dag.py:3096} INFO - Sync 1 DAGs
[2025-07-09T04:16:39.820+0000] {logging_mixin.py:188} INFO - [2025-07-09T04:16:39.820+0000] {dag.py:3954} INFO - Setting next_dagrun for simple_logic_dag to 2025-07-09 00:00:00+00:00, run_after=2025-07-10 00:00:00+00:00
[2025-07-09T04:16:39.879+0000] {processor.py:183} INFO - Processing /opt/airflow/dags/script/simple_dag.py took 0.306 seconds
[2025-07-09T04:17:10.943+0000] {processor.py:161} INFO - Started process (PID=3623) to work on /opt/airflow/dags/script/simple_dag.py
[2025-07-09T04:17:10.946+0000] {processor.py:830} INFO - Processing file /opt/airflow/dags/script/simple_dag.py for tasks to queue
[2025-07-09T04:17:10.950+0000] {logging_mixin.py:188} INFO - [2025-07-09T04:17:10.950+0000] {dagbag.py:545} INFO - Filling up the DagBag from /opt/airflow/dags/script/simple_dag.py
[2025-07-09T04:17:11.012+0000] {processor.py:840} INFO - DAG(s) 'simple_logic_dag' retrieved from /opt/airflow/dags/script/simple_dag.py
[2025-07-09T04:17:11.053+0000] {logging_mixin.py:188} INFO - [2025-07-09T04:17:11.053+0000] {dag.py:3096} INFO - Sync 1 DAGs
[2025-07-09T04:17:11.105+0000] {logging_mixin.py:188} INFO - [2025-07-09T04:17:11.104+0000] {dag.py:3954} INFO - Setting next_dagrun for simple_logic_dag to 2025-07-09 00:00:00+00:00, run_after=2025-07-10 00:00:00+00:00
[2025-07-09T04:17:11.166+0000] {processor.py:183} INFO - Processing /opt/airflow/dags/script/simple_dag.py took 0.240 seconds
[2025-07-09T04:17:41.528+0000] {processor.py:161} INFO - Started process (PID=3682) to work on /opt/airflow/dags/script/simple_dag.py
[2025-07-09T04:17:41.531+0000] {processor.py:830} INFO - Processing file /opt/airflow/dags/script/simple_dag.py for tasks to queue
[2025-07-09T04:17:41.536+0000] {logging_mixin.py:188} INFO - [2025-07-09T04:17:41.535+0000] {dagbag.py:545} INFO - Filling up the DagBag from /opt/airflow/dags/script/simple_dag.py
[2025-07-09T04:17:41.600+0000] {processor.py:840} INFO - DAG(s) 'simple_logic_dag' retrieved from /opt/airflow/dags/script/simple_dag.py
[2025-07-09T04:17:41.637+0000] {logging_mixin.py:188} INFO - [2025-07-09T04:17:41.637+0000] {dag.py:3096} INFO - Sync 1 DAGs
[2025-07-09T04:17:41.683+0000] {logging_mixin.py:188} INFO - [2025-07-09T04:17:41.683+0000] {dag.py:3954} INFO - Setting next_dagrun for simple_logic_dag to 2025-07-09 00:00:00+00:00, run_after=2025-07-10 00:00:00+00:00
[2025-07-09T04:17:41.733+0000] {processor.py:183} INFO - Processing /opt/airflow/dags/script/simple_dag.py took 0.218 seconds
[2025-07-09T04:18:12.264+0000] {processor.py:161} INFO - Started process (PID=3742) to work on /opt/airflow/dags/script/simple_dag.py
[2025-07-09T04:18:12.266+0000] {processor.py:830} INFO - Processing file /opt/airflow/dags/script/simple_dag.py for tasks to queue
[2025-07-09T04:18:12.270+0000] {logging_mixin.py:188} INFO - [2025-07-09T04:18:12.269+0000] {dagbag.py:545} INFO - Filling up the DagBag from /opt/airflow/dags/script/simple_dag.py
[2025-07-09T04:18:12.322+0000] {processor.py:840} INFO - DAG(s) 'simple_logic_dag' retrieved from /opt/airflow/dags/script/simple_dag.py
[2025-07-09T04:18:12.398+0000] {logging_mixin.py:188} INFO - [2025-07-09T04:18:12.398+0000] {dag.py:3096} INFO - Sync 1 DAGs
[2025-07-09T04:18:12.446+0000] {logging_mixin.py:188} INFO - [2025-07-09T04:18:12.446+0000] {dag.py:3954} INFO - Setting next_dagrun for simple_logic_dag to 2025-07-09 00:00:00+00:00, run_after=2025-07-10 00:00:00+00:00
[2025-07-09T04:18:12.485+0000] {processor.py:183} INFO - Processing /opt/airflow/dags/script/simple_dag.py took 0.232 seconds
[2025-07-09T04:18:43.076+0000] {processor.py:161} INFO - Started process (PID=3801) to work on /opt/airflow/dags/script/simple_dag.py
[2025-07-09T04:18:43.078+0000] {processor.py:830} INFO - Processing file /opt/airflow/dags/script/simple_dag.py for tasks to queue
[2025-07-09T04:18:43.082+0000] {logging_mixin.py:188} INFO - [2025-07-09T04:18:43.081+0000] {dagbag.py:545} INFO - Filling up the DagBag from /opt/airflow/dags/script/simple_dag.py
[2025-07-09T04:18:43.140+0000] {processor.py:840} INFO - DAG(s) 'simple_logic_dag' retrieved from /opt/airflow/dags/script/simple_dag.py
[2025-07-09T04:18:43.176+0000] {logging_mixin.py:188} INFO - [2025-07-09T04:18:43.175+0000] {dag.py:3096} INFO - Sync 1 DAGs
[2025-07-09T04:18:43.219+0000] {logging_mixin.py:188} INFO - [2025-07-09T04:18:43.218+0000] {dag.py:3954} INFO - Setting next_dagrun for simple_logic_dag to 2025-07-09 00:00:00+00:00, run_after=2025-07-10 00:00:00+00:00
[2025-07-09T04:18:43.263+0000] {processor.py:183} INFO - Processing /opt/airflow/dags/script/simple_dag.py took 0.198 seconds
[2025-07-09T04:19:13.566+0000] {processor.py:161} INFO - Started process (PID=3860) to work on /opt/airflow/dags/script/simple_dag.py
[2025-07-09T04:19:13.569+0000] {processor.py:830} INFO - Processing file /opt/airflow/dags/script/simple_dag.py for tasks to queue
[2025-07-09T04:19:13.577+0000] {logging_mixin.py:188} INFO - [2025-07-09T04:19:13.576+0000] {dagbag.py:545} INFO - Filling up the DagBag from /opt/airflow/dags/script/simple_dag.py
[2025-07-09T04:19:13.630+0000] {processor.py:840} INFO - DAG(s) 'simple_logic_dag' retrieved from /opt/airflow/dags/script/simple_dag.py
[2025-07-09T04:19:13.667+0000] {logging_mixin.py:188} INFO - [2025-07-09T04:19:13.667+0000] {dag.py:3096} INFO - Sync 1 DAGs
[2025-07-09T04:19:13.710+0000] {logging_mixin.py:188} INFO - [2025-07-09T04:19:13.710+0000] {dag.py:3954} INFO - Setting next_dagrun for simple_logic_dag to 2025-07-09 00:00:00+00:00, run_after=2025-07-10 00:00:00+00:00
[2025-07-09T04:19:13.755+0000] {processor.py:183} INFO - Processing /opt/airflow/dags/script/simple_dag.py took 0.202 seconds
[2025-07-09T04:19:44.296+0000] {processor.py:161} INFO - Started process (PID=3919) to work on /opt/airflow/dags/script/simple_dag.py
[2025-07-09T04:19:44.298+0000] {processor.py:830} INFO - Processing file /opt/airflow/dags/script/simple_dag.py for tasks to queue
[2025-07-09T04:19:44.302+0000] {logging_mixin.py:188} INFO - [2025-07-09T04:19:44.301+0000] {dagbag.py:545} INFO - Filling up the DagBag from /opt/airflow/dags/script/simple_dag.py
[2025-07-09T04:19:44.362+0000] {processor.py:840} INFO - DAG(s) 'simple_logic_dag' retrieved from /opt/airflow/dags/script/simple_dag.py
[2025-07-09T04:19:44.402+0000] {logging_mixin.py:188} INFO - [2025-07-09T04:19:44.401+0000] {dag.py:3096} INFO - Sync 1 DAGs
[2025-07-09T04:19:44.441+0000] {logging_mixin.py:188} INFO - [2025-07-09T04:19:44.441+0000] {dag.py:3954} INFO - Setting next_dagrun for simple_logic_dag to 2025-07-09 00:00:00+00:00, run_after=2025-07-10 00:00:00+00:00
[2025-07-09T04:19:44.490+0000] {processor.py:183} INFO - Processing /opt/airflow/dags/script/simple_dag.py took 0.206 seconds
[2025-07-09T04:20:14.973+0000] {processor.py:161} INFO - Started process (PID=3978) to work on /opt/airflow/dags/script/simple_dag.py
[2025-07-09T04:20:14.975+0000] {processor.py:830} INFO - Processing file /opt/airflow/dags/script/simple_dag.py for tasks to queue
[2025-07-09T04:20:14.980+0000] {logging_mixin.py:188} INFO - [2025-07-09T04:20:14.979+0000] {dagbag.py:545} INFO - Filling up the DagBag from /opt/airflow/dags/script/simple_dag.py
[2025-07-09T04:20:15.037+0000] {processor.py:840} INFO - DAG(s) 'simple_logic_dag' retrieved from /opt/airflow/dags/script/simple_dag.py
[2025-07-09T04:20:15.077+0000] {logging_mixin.py:188} INFO - [2025-07-09T04:20:15.076+0000] {dag.py:3096} INFO - Sync 1 DAGs
[2025-07-09T04:20:15.122+0000] {logging_mixin.py:188} INFO - [2025-07-09T04:20:15.122+0000] {dag.py:3954} INFO - Setting next_dagrun for simple_logic_dag to 2025-07-09 00:00:00+00:00, run_after=2025-07-10 00:00:00+00:00
[2025-07-09T04:20:15.165+0000] {processor.py:183} INFO - Processing /opt/airflow/dags/script/simple_dag.py took 0.211 seconds
[2025-07-09T04:20:45.606+0000] {processor.py:161} INFO - Started process (PID=4035) to work on /opt/airflow/dags/script/simple_dag.py
[2025-07-09T04:20:45.608+0000] {processor.py:830} INFO - Processing file /opt/airflow/dags/script/simple_dag.py for tasks to queue
[2025-07-09T04:20:45.612+0000] {logging_mixin.py:188} INFO - [2025-07-09T04:20:45.611+0000] {dagbag.py:545} INFO - Filling up the DagBag from /opt/airflow/dags/script/simple_dag.py
[2025-07-09T04:20:45.666+0000] {processor.py:840} INFO - DAG(s) 'simple_logic_dag' retrieved from /opt/airflow/dags/script/simple_dag.py
[2025-07-09T04:20:45.703+0000] {logging_mixin.py:188} INFO - [2025-07-09T04:20:45.702+0000] {dag.py:3096} INFO - Sync 1 DAGs
[2025-07-09T04:20:45.745+0000] {logging_mixin.py:188} INFO - [2025-07-09T04:20:45.744+0000] {dag.py:3954} INFO - Setting next_dagrun for simple_logic_dag to 2025-07-09 00:00:00+00:00, run_after=2025-07-10 00:00:00+00:00
[2025-07-09T04:20:45.789+0000] {processor.py:183} INFO - Processing /opt/airflow/dags/script/simple_dag.py took 0.196 seconds
[2025-07-09T04:21:16.316+0000] {processor.py:161} INFO - Started process (PID=4094) to work on /opt/airflow/dags/script/simple_dag.py
[2025-07-09T04:21:16.318+0000] {processor.py:830} INFO - Processing file /opt/airflow/dags/script/simple_dag.py for tasks to queue
[2025-07-09T04:21:16.324+0000] {logging_mixin.py:188} INFO - [2025-07-09T04:21:16.323+0000] {dagbag.py:545} INFO - Filling up the DagBag from /opt/airflow/dags/script/simple_dag.py
[2025-07-09T04:21:16.425+0000] {processor.py:840} INFO - DAG(s) 'simple_logic_dag' retrieved from /opt/airflow/dags/script/simple_dag.py
[2025-07-09T04:21:16.468+0000] {logging_mixin.py:188} INFO - [2025-07-09T04:21:16.467+0000] {dag.py:3096} INFO - Sync 1 DAGs
[2025-07-09T04:21:16.524+0000] {logging_mixin.py:188} INFO - [2025-07-09T04:21:16.524+0000] {dag.py:3954} INFO - Setting next_dagrun for simple_logic_dag to 2025-07-09 00:00:00+00:00, run_after=2025-07-10 00:00:00+00:00
[2025-07-09T04:21:16.575+0000] {processor.py:183} INFO - Processing /opt/airflow/dags/script/simple_dag.py took 0.273 seconds
[2025-07-09T04:21:47.283+0000] {processor.py:161} INFO - Started process (PID=4153) to work on /opt/airflow/dags/script/simple_dag.py
[2025-07-09T04:21:47.285+0000] {processor.py:830} INFO - Processing file /opt/airflow/dags/script/simple_dag.py for tasks to queue
[2025-07-09T04:21:47.289+0000] {logging_mixin.py:188} INFO - [2025-07-09T04:21:47.288+0000] {dagbag.py:545} INFO - Filling up the DagBag from /opt/airflow/dags/script/simple_dag.py
[2025-07-09T04:21:47.347+0000] {processor.py:840} INFO - DAG(s) 'simple_logic_dag' retrieved from /opt/airflow/dags/script/simple_dag.py
[2025-07-09T04:21:47.384+0000] {logging_mixin.py:188} INFO - [2025-07-09T04:21:47.384+0000] {dag.py:3096} INFO - Sync 1 DAGs
[2025-07-09T04:21:47.434+0000] {logging_mixin.py:188} INFO - [2025-07-09T04:21:47.433+0000] {dag.py:3954} INFO - Setting next_dagrun for simple_logic_dag to 2025-07-09 00:00:00+00:00, run_after=2025-07-10 00:00:00+00:00
[2025-07-09T04:21:47.484+0000] {processor.py:183} INFO - Processing /opt/airflow/dags/script/simple_dag.py took 0.213 seconds
[2025-07-09T04:22:17.699+0000] {processor.py:161} INFO - Started process (PID=4213) to work on /opt/airflow/dags/script/simple_dag.py
[2025-07-09T04:22:17.707+0000] {processor.py:830} INFO - Processing file /opt/airflow/dags/script/simple_dag.py for tasks to queue
[2025-07-09T04:22:17.714+0000] {logging_mixin.py:188} INFO - [2025-07-09T04:22:17.712+0000] {dagbag.py:545} INFO - Filling up the DagBag from /opt/airflow/dags/script/simple_dag.py
[2025-07-09T04:22:17.881+0000] {logging_mixin.py:188} INFO - [2025-07-09T04:22:17.829+0000] {dagbag.py:355} ERROR - Failed to import: /opt/airflow/dags/script/simple_dag.py
Traceback (most recent call last):
  File "/home/airflow/.local/lib/python3.12/site-packages/airflow/models/dagbag.py", line 351, in parse
    loader.exec_module(new_module)
  File "<frozen importlib._bootstrap_external>", line 995, in exec_module
  File "<frozen importlib._bootstrap>", line 488, in _call_with_frames_removed
  File "/opt/airflow/dags/script/simple_dag.py", line 4, in <module>
    from tasks import simple_logic  # langsung import
    ^^^^^^^^^^^^^^^^^^^^^^^^^^^^^^
ModuleNotFoundError: No module named 'tasks'
[2025-07-09T04:22:17.897+0000] {processor.py:842} WARNING - No viable dags retrieved from /opt/airflow/dags/script/simple_dag.py
[2025-07-09T04:22:18.010+0000] {processor.py:183} INFO - Processing /opt/airflow/dags/script/simple_dag.py took 0.338 seconds
