[2025-07-17T15:16:31.560+0000] {local_task_job_runner.py:120} INFO - ::group::Pre task execution logs
[2025-07-17T15:16:31.650+0000] {taskinstance.py:2076} INFO - Dependencies all met for dep_context=non-requeueable deps ti=<TaskInstance: bps_simdasi_pipeline.process_simdasi_apis.process_api_3 manual__2025-07-17T15:16:06.950668+00:00 [queued]>
[2025-07-17T15:16:31.671+0000] {taskinstance.py:2076} INFO - Dependencies all met for dep_context=requeueable deps ti=<TaskInstance: bps_simdasi_pipeline.process_simdasi_apis.process_api_3 manual__2025-07-17T15:16:06.950668+00:00 [queued]>
[2025-07-17T15:16:31.673+0000] {taskinstance.py:2306} INFO - Starting attempt 1 of 2
[2025-07-17T15:16:31.718+0000] {taskinstance.py:2330} INFO - Executing <Task(PythonOperator): process_simdasi_apis.process_api_3> on 2025-07-17 15:16:06.950668+00:00
[2025-07-17T15:16:31.788+0000] {warnings.py:112} WARNING - /home/***/.local/lib/python3.12/site-packages/***/task/task_runner/standard_task_runner.py:61: DeprecationWarning: This process (pid=740) is multi-threaded, use of fork() may lead to deadlocks in the child.
  pid = os.fork()

[2025-07-17T15:16:31.799+0000] {standard_task_runner.py:63} INFO - Started process 753 to run task
[2025-07-17T15:16:31.799+0000] {standard_task_runner.py:90} INFO - Running: ['***', 'tasks', 'run', 'bps_simdasi_pipeline', 'process_simdasi_apis.process_api_3', 'manual__2025-07-17T15:16:06.950668+00:00', '--job-id', '183', '--raw', '--subdir', 'DAGS_FOLDER/bps_simdasi_pipeline.py', '--cfg-path', '/tmp/tmpzwr49mm3']
[2025-07-17T15:16:31.803+0000] {standard_task_runner.py:91} INFO - Job 183: Subtask process_simdasi_apis.process_api_3
[2025-07-17T15:16:32.180+0000] {task_command.py:426} INFO - Running <TaskInstance: bps_simdasi_pipeline.process_simdasi_apis.process_api_3 manual__2025-07-17T15:16:06.950668+00:00 [running]> on host be615b49433c
[2025-07-17T15:16:32.584+0000] {taskinstance.py:2648} INFO - Exporting env vars: AIRFLOW_CTX_DAG_OWNER='***' AIRFLOW_CTX_DAG_ID='bps_simdasi_pipeline' AIRFLOW_CTX_TASK_ID='process_simdasi_apis.process_api_3' AIRFLOW_CTX_EXECUTION_DATE='2025-07-17T15:16:06.950668+00:00' AIRFLOW_CTX_TRY_NUMBER='1' AIRFLOW_CTX_DAG_RUN_ID='manual__2025-07-17T15:16:06.950668+00:00'
[2025-07-17T15:16:32.599+0000] {taskinstance.py:430} INFO - ::endgroup::
[2025-07-17T15:16:32.614+0000] {logging_mixin.py:188} INFO - Processing URL: https://webapi.bps.go.id/v1/api/interoperabilitas/datasource/simdasi/id/25/tahun/2023/id_tabel/TEJrTHhZODZmSXhoblFvSGtlbkFMQT09/wilayah/0000000/key/79452e4c302f8921ad36cd2bf55f0630
[2025-07-17T15:16:32.616+0000] {logging_mixin.py:188} INFO - 
🔄 Mencoba mengambil daftar tahun yang tersedia secara otomatis...
[2025-07-17T15:16:36.189+0000] {logging_mixin.py:188} INFO - ✅ Tahun yang tersedia ditemukan: [2017, 2018, 2019, 2020, 2021, 2022, 2023]
[2025-07-17T15:16:36.199+0000] {logging_mixin.py:188} INFO - 
--- Memulai Loop Pengambilan Data SIMDASI ---
[2025-07-17T15:16:36.204+0000] {logging_mixin.py:188} INFO - 🔄 Mengambil tahun 2017...
[2025-07-17T15:16:38.599+0000] {logging_mixin.py:188} INFO - 
✅ Metadata awal ditangkap dari tahun 2017:
[2025-07-17T15:16:38.603+0000] {logging_mixin.py:188} INFO -    -> Nama Skema: api_bps_keuangan_pemerintah_fiskal
[2025-07-17T15:16:38.608+0000] {logging_mixin.py:188} INFO -    -> Nama Kolom Label: jabatan
[2025-07-17T15:16:38.612+0000] {logging_mixin.py:188} INFO -    -> ID Kategori (mms_id): 534
[2025-07-17T15:16:38.624+0000] {logging_mixin.py:188} INFO - -> Berhasil memproses data untuk tahun 2017.
[2025-07-17T15:16:38.626+0000] {logging_mixin.py:188} INFO - 🔄 Mengambil tahun 2018...
[2025-07-17T15:16:41.610+0000] {logging_mixin.py:188} INFO - -> Berhasil memproses data untuk tahun 2018.
[2025-07-17T15:16:41.621+0000] {logging_mixin.py:188} INFO - 🔄 Mengambil tahun 2019...
[2025-07-17T15:16:44.071+0000] {logging_mixin.py:188} INFO - -> Berhasil memproses data untuk tahun 2019.
[2025-07-17T15:16:44.074+0000] {logging_mixin.py:188} INFO - 🔄 Mengambil tahun 2020...
[2025-07-17T15:16:46.602+0000] {logging_mixin.py:188} INFO - -> Berhasil memproses data untuk tahun 2020.
[2025-07-17T15:16:46.606+0000] {logging_mixin.py:188} INFO - 🔄 Mengambil tahun 2021...
[2025-07-17T15:16:49.033+0000] {logging_mixin.py:188} INFO - -> Berhasil memproses data untuk tahun 2021.
[2025-07-17T15:16:49.035+0000] {logging_mixin.py:188} INFO - 🔄 Mengambil tahun 2022...
[2025-07-17T15:16:50.957+0000] {logging_mixin.py:188} INFO - -> Berhasil memproses data untuk tahun 2022.
[2025-07-17T15:16:50.958+0000] {logging_mixin.py:188} INFO - 🔄 Mengambil tahun 2023...
[2025-07-17T15:16:52.693+0000] {logging_mixin.py:188} INFO - -> Berhasil memproses data untuk tahun 2023.
[2025-07-17T15:16:53.651+0000] {logging_mixin.py:188} INFO - ✅ Data saved to api_bps_keuangan_pemerintah_fiskal.jmlh_pgw_ngr_spl_mnrt_jbtn_dn_jns_klmn_dsmbr_2023
[2025-07-17T15:16:53.653+0000] {python.py:237} INFO - Done. Returned value was: None
[2025-07-17T15:16:53.658+0000] {taskinstance.py:441} INFO - ::group::Post task execution logs
[2025-07-17T15:16:53.683+0000] {taskinstance.py:1206} INFO - Marking task as SUCCESS. dag_id=bps_simdasi_pipeline, task_id=process_simdasi_apis.process_api_3, run_id=manual__2025-07-17T15:16:06.950668+00:00, execution_date=20250717T151606, start_date=20250717T151631, end_date=20250717T151653
[2025-07-17T15:16:53.788+0000] {local_task_job_runner.py:240} INFO - Task exited with return code 0
[2025-07-17T15:16:53.833+0000] {taskinstance.py:3503} INFO - 0 downstream tasks scheduled from follow-on schedule check
[2025-07-17T15:16:53.840+0000] {local_task_job_runner.py:222} INFO - ::endgroup::
