[2025-07-09T11:23:11.809+0000] {local_task_job_runner.py:120} INFO - ::group::Pre task execution logs
[2025-07-09T11:23:11.931+0000] {taskinstance.py:2076} INFO - Dependencies all met for dep_context=non-requeueable deps ti=<TaskInstance: etl_simdasi_pipeline.run_simdasi_etl manual__2025-07-09T11:21:54.790276+00:00 [queued]>
[2025-07-09T11:23:11.976+0000] {taskinstance.py:2076} INFO - Dependencies all met for dep_context=requeueable deps ti=<TaskInstance: etl_simdasi_pipeline.run_simdasi_etl manual__2025-07-09T11:21:54.790276+00:00 [queued]>
[2025-07-09T11:23:11.979+0000] {taskinstance.py:2306} INFO - Starting attempt 1 of 2
[2025-07-09T11:23:12.073+0000] {taskinstance.py:2330} INFO - Executing <Task(PythonOperator): run_simdasi_etl> on 2025-07-09 11:21:54.790276+00:00
[2025-07-09T11:23:12.219+0000] {warnings.py:112} WARNING - /home/***/.local/lib/python3.12/site-packages/***/task/task_runner/standard_task_runner.py:61: DeprecationWarning: This process (pid=2434) is multi-threaded, use of fork() may lead to deadlocks in the child.
  pid = os.fork()

[2025-07-09T11:23:12.226+0000] {standard_task_runner.py:63} INFO - Started process 2443 to run task
[2025-07-09T11:23:12.226+0000] {standard_task_runner.py:90} INFO - Running: ['***', 'tasks', 'run', 'etl_simdasi_pipeline', 'run_simdasi_etl', 'manual__2025-07-09T11:21:54.790276+00:00', '--job-id', '63', '--raw', '--subdir', 'DAGS_FOLDER/script/etl_dag.py', '--cfg-path', '/tmp/tmpgh_pgsk9']
[2025-07-09T11:23:12.231+0000] {standard_task_runner.py:91} INFO - Job 63: Subtask run_simdasi_etl
[2025-07-09T11:23:12.910+0000] {task_command.py:426} INFO - Running <TaskInstance: etl_simdasi_pipeline.run_simdasi_etl manual__2025-07-09T11:21:54.790276+00:00 [running]> on host be615b49433c
[2025-07-09T11:23:13.353+0000] {taskinstance.py:2648} INFO - Exporting env vars: AIRFLOW_CTX_DAG_OWNER='puput' AIRFLOW_CTX_DAG_ID='etl_simdasi_pipeline' AIRFLOW_CTX_TASK_ID='run_simdasi_etl' AIRFLOW_CTX_EXECUTION_DATE='2025-07-09T11:21:54.790276+00:00' AIRFLOW_CTX_TRY_NUMBER='1' AIRFLOW_CTX_DAG_RUN_ID='manual__2025-07-09T11:21:54.790276+00:00'
[2025-07-09T11:23:13.361+0000] {taskinstance.py:430} INFO - ::endgroup::
[2025-07-09T11:23:13.364+0000] {logging_mixin.py:188} INFO - 🔄 Fetching tahun 2016...
[2025-07-09T11:23:33.013+0000] {logging_mixin.py:188} INFO - 🔄 Fetching tahun 2017...
[2025-07-09T11:23:51.295+0000] {logging_mixin.py:188} INFO - 🔄 Fetching tahun 2018...
[2025-07-09T11:24:10.182+0000] {logging_mixin.py:188} INFO - 🔄 Fetching tahun 2019...
[2025-07-09T11:24:29.463+0000] {logging_mixin.py:188} INFO - 🔄 Fetching tahun 2020...
[2025-07-09T11:24:49.849+0000] {logging_mixin.py:188} INFO - 🔄 Fetching tahun 2021...
[2025-07-09T11:25:09.037+0000] {logging_mixin.py:188} INFO - 🔄 Fetching tahun 2022...
[2025-07-09T11:25:10.738+0000] {logging_mixin.py:188} INFO - 🔄 Fetching tahun 2023...
[2025-07-09T11:25:12.159+0000] {logging_mixin.py:188} INFO - 🔄 Fetching tahun 2024...
[2025-07-09T11:25:14.034+0000] {logging_mixin.py:188} INFO - 📦 Schema 'simdasi' dipastikan ada.
[2025-07-09T11:25:17.369+0000] {logging_mixin.py:188} INFO - ✅ Data berhasil disimpan ke PostgreSQL
[2025-07-09T11:25:17.378+0000] {python.py:237} INFO - Done. Returned value was: None
[2025-07-09T11:25:17.478+0000] {taskinstance.py:441} INFO - ::group::Post task execution logs
[2025-07-09T11:25:17.642+0000] {taskinstance.py:1206} INFO - Marking task as SUCCESS. dag_id=etl_simdasi_pipeline, task_id=run_simdasi_etl, run_id=manual__2025-07-09T11:21:54.790276+00:00, execution_date=20250709T112154, start_date=20250709T112311, end_date=20250709T112517
[2025-07-09T11:25:18.194+0000] {local_task_job_runner.py:240} INFO - Task exited with return code 0
[2025-07-09T11:25:18.714+0000] {local_task_job_runner.py:222} INFO - ::endgroup::
