[2025-07-17T12:24:31.077+0000] {local_task_job_runner.py:120} INFO - ::group::Pre task execution logs
[2025-07-17T12:24:31.185+0000] {taskinstance.py:2076} INFO - Dependencies all met for dep_context=non-requeueable deps ti=<TaskInstance: bps_simdasi_pipeline.process_simdasi_apis.process_api_10 manual__2025-07-17T12:17:17.887634+00:00 [queued]>
[2025-07-17T12:24:31.217+0000] {taskinstance.py:2076} INFO - Dependencies all met for dep_context=requeueable deps ti=<TaskInstance: bps_simdasi_pipeline.process_simdasi_apis.process_api_10 manual__2025-07-17T12:17:17.887634+00:00 [queued]>
[2025-07-17T12:24:31.219+0000] {taskinstance.py:2306} INFO - Starting attempt 2 of 2
[2025-07-17T12:24:31.348+0000] {taskinstance.py:2330} INFO - Executing <Task(PythonOperator): process_simdasi_apis.process_api_10> on 2025-07-17 12:17:17.887634+00:00
[2025-07-17T12:24:31.554+0000] {warnings.py:112} WARNING - /home/***/.local/lib/python3.12/site-packages/***/task/task_runner/standard_task_runner.py:61: DeprecationWarning: This process (pid=1063) is multi-threaded, use of fork() may lead to deadlocks in the child.
  pid = os.fork()

[2025-07-17T12:24:31.670+0000] {standard_task_runner.py:63} INFO - Started process 1070 to run task
[2025-07-17T12:24:31.668+0000] {standard_task_runner.py:90} INFO - Running: ['***', 'tasks', 'run', 'bps_simdasi_pipeline', 'process_simdasi_apis.process_api_10', 'manual__2025-07-17T12:17:17.887634+00:00', '--job-id', '159', '--raw', '--subdir', 'DAGS_FOLDER/bps_simdasi_pipeline.py.py', '--cfg-path', '/tmp/tmpkep768e3']
[2025-07-17T12:24:31.687+0000] {standard_task_runner.py:91} INFO - Job 159: Subtask process_simdasi_apis.process_api_10
[2025-07-17T12:24:32.174+0000] {task_command.py:426} INFO - Running <TaskInstance: bps_simdasi_pipeline.process_simdasi_apis.process_api_10 manual__2025-07-17T12:17:17.887634+00:00 [running]> on host be615b49433c
[2025-07-17T12:24:32.654+0000] {taskinstance.py:2648} INFO - Exporting env vars: AIRFLOW_CTX_DAG_OWNER='***' AIRFLOW_CTX_DAG_ID='bps_simdasi_pipeline' AIRFLOW_CTX_TASK_ID='process_simdasi_apis.process_api_10' AIRFLOW_CTX_EXECUTION_DATE='2025-07-17T12:17:17.887634+00:00' AIRFLOW_CTX_TRY_NUMBER='2' AIRFLOW_CTX_DAG_RUN_ID='manual__2025-07-17T12:17:17.887634+00:00'
[2025-07-17T12:24:32.657+0000] {taskinstance.py:430} INFO - ::endgroup::
[2025-07-17T12:24:32.659+0000] {logging_mixin.py:188} INFO - Processing URL: https://webapi.bps.go.id/v1/api/interoperabilitas/datasource/simdasi/id/25/tahun/2024/id_tabel/Mkt1SFdWbWdZa1hKZ2FtRU1NaHRsUT09/wilayah/3500000/key/79452e4c302f8921ad36cd2bf55f0630
[2025-07-17T12:24:34.958+0000] {logging_mixin.py:188} INFO - 
--- Memulai Loop Pengambilan Data SIMDASI ---
[2025-07-17T12:24:34.990+0000] {logging_mixin.py:188} INFO - 🔄 Mengambil tahun 2018...
[2025-07-17T12:24:36.638+0000] {logging_mixin.py:188} INFO - 
✅ Metadata awal ditangkap dari tahun 2018:
[2025-07-17T12:24:36.640+0000] {logging_mixin.py:188} INFO -    -> Nama Skema: api_bps_perlindungan_sosial
[2025-07-17T12:24:36.642+0000] {logging_mixin.py:188} INFO -    -> Nama Kolom Label: kabupatenkota
[2025-07-17T12:24:36.648+0000] {logging_mixin.py:188} INFO -    -> ID Kategori (mms_id): 524
[2025-07-17T12:24:36.651+0000] {logging_mixin.py:188} INFO - -> Berhasil memproses data untuk tahun 2018.
[2025-07-17T12:24:36.653+0000] {logging_mixin.py:188} INFO - 🔄 Mengambil tahun 2019...
[2025-07-17T12:24:37.585+0000] {logging_mixin.py:188} INFO - -> Berhasil memproses data untuk tahun 2019.
[2025-07-17T12:24:37.589+0000] {logging_mixin.py:188} INFO - 🔄 Mengambil tahun 2020...
[2025-07-17T12:24:39.092+0000] {logging_mixin.py:188} INFO - -> Berhasil memproses data untuk tahun 2020.
[2025-07-17T12:24:39.123+0000] {logging_mixin.py:188} INFO - 🔄 Mengambil tahun 2021...
[2025-07-17T12:24:40.035+0000] {logging_mixin.py:188} INFO - -> Berhasil memproses data untuk tahun 2021.
[2025-07-17T12:24:40.038+0000] {logging_mixin.py:188} INFO - 🔄 Mengambil tahun 2022...
[2025-07-17T12:24:41.135+0000] {logging_mixin.py:188} INFO - -> Berhasil memproses data untuk tahun 2022.
[2025-07-17T12:24:41.138+0000] {logging_mixin.py:188} INFO - 🔄 Mengambil tahun 2023...
[2025-07-17T12:24:42.339+0000] {logging_mixin.py:188} INFO - -> Berhasil memproses data untuk tahun 2023.
[2025-07-17T12:24:42.341+0000] {logging_mixin.py:188} INFO - 🔄 Mengambil tahun 2024...
[2025-07-17T12:24:44.032+0000] {logging_mixin.py:188} INFO - -> Berhasil memproses data untuk tahun 2024.
[2025-07-17T12:24:44.035+0000] {logging_mixin.py:188} INFO - 
✅ Nama tabel final diatur ke: 'jmlh_klrg_pnrm_mnft_kpm_dn_nggrn_bntn_ssl_pngn_mnrt_kbptnkt_d_p' (berdasarkan judul dari tahun terakhir yang tersedia).
[2025-07-17T12:24:49.146+0000] {logging_mixin.py:188} INFO - ✅ Data saved to api_bps_perlindungan_sosial.jmlh_klrg_pnrm_mnft_kpm_dn_nggrn_bntn_ssl_pngn_mnrt_kbptnkt_d_p
[2025-07-17T12:24:49.148+0000] {python.py:237} INFO - Done. Returned value was: None
[2025-07-17T12:24:49.151+0000] {taskinstance.py:441} INFO - ::group::Post task execution logs
[2025-07-17T12:24:49.176+0000] {taskinstance.py:1206} INFO - Marking task as SUCCESS. dag_id=bps_simdasi_pipeline, task_id=process_simdasi_apis.process_api_10, run_id=manual__2025-07-17T12:17:17.887634+00:00, execution_date=20250717T121717, start_date=20250717T122431, end_date=20250717T122449
[2025-07-17T12:24:49.261+0000] {local_task_job_runner.py:240} INFO - Task exited with return code 0
[2025-07-17T12:24:49.290+0000] {taskinstance.py:3503} INFO - 0 downstream tasks scheduled from follow-on schedule check
[2025-07-17T12:24:49.308+0000] {local_task_job_runner.py:222} INFO - ::endgroup::
