[2025-07-18T06:59:03.214+0000] {processor.py:161} INFO - Started process (PID=118) to work on /home/airflow/.local/lib/python3.12/site-packages/airflow/example_dags/example_latest_only.py
[2025-07-18T06:59:03.236+0000] {processor.py:830} INFO - Processing file /home/airflow/.local/lib/python3.12/site-packages/airflow/example_dags/example_latest_only.py for tasks to queue
[2025-07-18T06:59:03.250+0000] {logging_mixin.py:188} INFO - [2025-07-18T06:59:03.249+0000] {dagbag.py:545} INFO - Filling up the DagBag from /home/airflow/.local/lib/python3.12/site-packages/airflow/example_dags/example_latest_only.py
[2025-07-18T06:59:03.345+0000] {processor.py:840} INFO - DAG(s) 'latest_only' retrieved from /home/airflow/.local/lib/python3.12/site-packages/airflow/example_dags/example_latest_only.py
[2025-07-18T06:59:03.754+0000] {logging_mixin.py:188} INFO - [2025-07-18T06:59:03.753+0000] {dag.py:3096} INFO - Sync 1 DAGs
[2025-07-18T06:59:04.208+0000] {logging_mixin.py:188} INFO - [2025-07-18T06:59:04.196+0000] {dag.py:3954} INFO - Setting next_dagrun for latest_only to 2025-07-18 00:00:00+00:00, run_after=2025-07-18 04:00:00+00:00
[2025-07-18T06:59:04.672+0000] {processor.py:183} INFO - Processing /home/airflow/.local/lib/python3.12/site-packages/airflow/example_dags/example_latest_only.py took 1.495 seconds
[2025-07-18T07:00:58.749+0000] {processor.py:161} INFO - Started process (PID=194) to work on /home/airflow/.local/lib/python3.12/site-packages/airflow/example_dags/example_latest_only.py
[2025-07-18T07:00:58.770+0000] {processor.py:830} INFO - Processing file /home/airflow/.local/lib/python3.12/site-packages/airflow/example_dags/example_latest_only.py for tasks to queue
[2025-07-18T07:00:58.798+0000] {logging_mixin.py:188} INFO - [2025-07-18T07:00:58.795+0000] {dagbag.py:545} INFO - Filling up the DagBag from /home/airflow/.local/lib/python3.12/site-packages/airflow/example_dags/example_latest_only.py
[2025-07-18T07:00:58.885+0000] {processor.py:840} INFO - DAG(s) 'latest_only' retrieved from /home/airflow/.local/lib/python3.12/site-packages/airflow/example_dags/example_latest_only.py
[2025-07-18T07:00:59.331+0000] {logging_mixin.py:188} INFO - [2025-07-18T07:00:59.319+0000] {dag.py:3096} INFO - Sync 1 DAGs
[2025-07-18T07:00:59.829+0000] {logging_mixin.py:188} INFO - [2025-07-18T07:00:59.827+0000] {dag.py:3954} INFO - Setting next_dagrun for latest_only to 2025-07-18 00:00:00+00:00, run_after=2025-07-18 04:00:00+00:00
[2025-07-18T07:01:00.213+0000] {processor.py:183} INFO - Processing /home/airflow/.local/lib/python3.12/site-packages/airflow/example_dags/example_latest_only.py took 1.553 seconds
[2025-07-18T07:01:31.832+0000] {processor.py:161} INFO - Started process (PID=263) to work on /home/airflow/.local/lib/python3.12/site-packages/airflow/example_dags/example_latest_only.py
[2025-07-18T07:01:31.838+0000] {processor.py:830} INFO - Processing file /home/airflow/.local/lib/python3.12/site-packages/airflow/example_dags/example_latest_only.py for tasks to queue
[2025-07-18T07:01:31.856+0000] {logging_mixin.py:188} INFO - [2025-07-18T07:01:31.854+0000] {dagbag.py:545} INFO - Filling up the DagBag from /home/airflow/.local/lib/python3.12/site-packages/airflow/example_dags/example_latest_only.py
[2025-07-18T07:01:31.890+0000] {processor.py:840} INFO - DAG(s) 'latest_only' retrieved from /home/airflow/.local/lib/python3.12/site-packages/airflow/example_dags/example_latest_only.py
[2025-07-18T07:01:32.039+0000] {logging_mixin.py:188} INFO - [2025-07-18T07:01:32.037+0000] {dag.py:3096} INFO - Sync 1 DAGs
[2025-07-18T07:01:32.325+0000] {logging_mixin.py:188} INFO - [2025-07-18T07:01:32.324+0000] {dag.py:3954} INFO - Setting next_dagrun for latest_only to 2025-07-18 00:00:00+00:00, run_after=2025-07-18 04:00:00+00:00
[2025-07-18T07:01:32.554+0000] {processor.py:183} INFO - Processing /home/airflow/.local/lib/python3.12/site-packages/airflow/example_dags/example_latest_only.py took 0.771 seconds
[2025-07-18T07:02:18.492+0000] {processor.py:161} INFO - Started process (PID=325) to work on /home/airflow/.local/lib/python3.12/site-packages/airflow/example_dags/example_latest_only.py
[2025-07-18T07:02:18.529+0000] {processor.py:830} INFO - Processing file /home/airflow/.local/lib/python3.12/site-packages/airflow/example_dags/example_latest_only.py for tasks to queue
[2025-07-18T07:02:18.602+0000] {logging_mixin.py:188} INFO - [2025-07-18T07:02:18.600+0000] {dagbag.py:545} INFO - Filling up the DagBag from /home/airflow/.local/lib/python3.12/site-packages/airflow/example_dags/example_latest_only.py
[2025-07-18T07:02:18.673+0000] {processor.py:840} INFO - DAG(s) 'latest_only' retrieved from /home/airflow/.local/lib/python3.12/site-packages/airflow/example_dags/example_latest_only.py
[2025-07-18T07:02:19.678+0000] {logging_mixin.py:188} INFO - [2025-07-18T07:02:19.677+0000] {dag.py:3096} INFO - Sync 1 DAGs
[2025-07-18T07:02:19.770+0000] {logging_mixin.py:188} INFO - [2025-07-18T07:02:19.769+0000] {dag.py:3954} INFO - Setting next_dagrun for latest_only to 2025-07-18 00:00:00+00:00, run_after=2025-07-18 04:00:00+00:00
[2025-07-18T07:02:19.855+0000] {processor.py:183} INFO - Processing /home/airflow/.local/lib/python3.12/site-packages/airflow/example_dags/example_latest_only.py took 1.457 seconds
[2025-07-18T07:02:50.579+0000] {processor.py:161} INFO - Started process (PID=387) to work on /home/airflow/.local/lib/python3.12/site-packages/airflow/example_dags/example_latest_only.py
[2025-07-18T07:02:50.583+0000] {processor.py:830} INFO - Processing file /home/airflow/.local/lib/python3.12/site-packages/airflow/example_dags/example_latest_only.py for tasks to queue
[2025-07-18T07:02:50.590+0000] {logging_mixin.py:188} INFO - [2025-07-18T07:02:50.589+0000] {dagbag.py:545} INFO - Filling up the DagBag from /home/airflow/.local/lib/python3.12/site-packages/airflow/example_dags/example_latest_only.py
[2025-07-18T07:02:50.604+0000] {processor.py:840} INFO - DAG(s) 'latest_only' retrieved from /home/airflow/.local/lib/python3.12/site-packages/airflow/example_dags/example_latest_only.py
[2025-07-18T07:02:50.694+0000] {logging_mixin.py:188} INFO - [2025-07-18T07:02:50.693+0000] {dag.py:3096} INFO - Sync 1 DAGs
[2025-07-18T07:02:50.839+0000] {logging_mixin.py:188} INFO - [2025-07-18T07:02:50.839+0000] {dag.py:3954} INFO - Setting next_dagrun for latest_only to 2025-07-18 00:00:00+00:00, run_after=2025-07-18 04:00:00+00:00
[2025-07-18T07:02:50.920+0000] {processor.py:183} INFO - Processing /home/airflow/.local/lib/python3.12/site-packages/airflow/example_dags/example_latest_only.py took 0.358 seconds
[2025-07-18T07:03:21.316+0000] {processor.py:161} INFO - Started process (PID=449) to work on /home/airflow/.local/lib/python3.12/site-packages/airflow/example_dags/example_latest_only.py
[2025-07-18T07:03:21.318+0000] {processor.py:830} INFO - Processing file /home/airflow/.local/lib/python3.12/site-packages/airflow/example_dags/example_latest_only.py for tasks to queue
[2025-07-18T07:03:21.326+0000] {logging_mixin.py:188} INFO - [2025-07-18T07:03:21.324+0000] {dagbag.py:545} INFO - Filling up the DagBag from /home/airflow/.local/lib/python3.12/site-packages/airflow/example_dags/example_latest_only.py
[2025-07-18T07:03:21.342+0000] {processor.py:840} INFO - DAG(s) 'latest_only' retrieved from /home/airflow/.local/lib/python3.12/site-packages/airflow/example_dags/example_latest_only.py
[2025-07-18T07:03:21.397+0000] {logging_mixin.py:188} INFO - [2025-07-18T07:03:21.397+0000] {dag.py:3096} INFO - Sync 1 DAGs
[2025-07-18T07:03:21.462+0000] {logging_mixin.py:188} INFO - [2025-07-18T07:03:21.461+0000] {dag.py:3954} INFO - Setting next_dagrun for latest_only to 2025-07-18 00:00:00+00:00, run_after=2025-07-18 04:00:00+00:00
[2025-07-18T07:03:21.523+0000] {processor.py:183} INFO - Processing /home/airflow/.local/lib/python3.12/site-packages/airflow/example_dags/example_latest_only.py took 0.233 seconds
[2025-07-18T07:03:52.058+0000] {processor.py:161} INFO - Started process (PID=509) to work on /home/airflow/.local/lib/python3.12/site-packages/airflow/example_dags/example_latest_only.py
[2025-07-18T07:03:52.061+0000] {processor.py:830} INFO - Processing file /home/airflow/.local/lib/python3.12/site-packages/airflow/example_dags/example_latest_only.py for tasks to queue
[2025-07-18T07:03:52.084+0000] {logging_mixin.py:188} INFO - [2025-07-18T07:03:52.078+0000] {dagbag.py:545} INFO - Filling up the DagBag from /home/airflow/.local/lib/python3.12/site-packages/airflow/example_dags/example_latest_only.py
[2025-07-18T07:03:52.111+0000] {processor.py:840} INFO - DAG(s) 'latest_only' retrieved from /home/airflow/.local/lib/python3.12/site-packages/airflow/example_dags/example_latest_only.py
[2025-07-18T07:03:52.197+0000] {logging_mixin.py:188} INFO - [2025-07-18T07:03:52.197+0000] {dag.py:3096} INFO - Sync 1 DAGs
[2025-07-18T07:03:52.295+0000] {logging_mixin.py:188} INFO - [2025-07-18T07:03:52.294+0000] {dag.py:3954} INFO - Setting next_dagrun for latest_only to 2025-07-18 00:00:00+00:00, run_after=2025-07-18 04:00:00+00:00
[2025-07-18T07:03:52.377+0000] {processor.py:183} INFO - Processing /home/airflow/.local/lib/python3.12/site-packages/airflow/example_dags/example_latest_only.py took 0.356 seconds
[2025-07-18T07:04:38.795+0000] {processor.py:161} INFO - Started process (PID=577) to work on /home/airflow/.local/lib/python3.12/site-packages/airflow/example_dags/example_latest_only.py
[2025-07-18T07:04:38.798+0000] {processor.py:830} INFO - Processing file /home/airflow/.local/lib/python3.12/site-packages/airflow/example_dags/example_latest_only.py for tasks to queue
[2025-07-18T07:04:38.806+0000] {logging_mixin.py:188} INFO - [2025-07-18T07:04:38.804+0000] {dagbag.py:545} INFO - Filling up the DagBag from /home/airflow/.local/lib/python3.12/site-packages/airflow/example_dags/example_latest_only.py
[2025-07-18T07:04:38.834+0000] {processor.py:840} INFO - DAG(s) 'latest_only' retrieved from /home/airflow/.local/lib/python3.12/site-packages/airflow/example_dags/example_latest_only.py
[2025-07-18T07:04:38.905+0000] {logging_mixin.py:188} INFO - [2025-07-18T07:04:38.904+0000] {dag.py:3096} INFO - Sync 1 DAGs
[2025-07-18T07:04:38.987+0000] {logging_mixin.py:188} INFO - [2025-07-18T07:04:38.987+0000] {dag.py:3954} INFO - Setting next_dagrun for latest_only to 2025-07-18 00:00:00+00:00, run_after=2025-07-18 04:00:00+00:00
[2025-07-18T07:04:39.045+0000] {processor.py:183} INFO - Processing /home/airflow/.local/lib/python3.12/site-packages/airflow/example_dags/example_latest_only.py took 0.271 seconds
