[2025-07-18T06:58:59.536+0000] {processor.py:161} INFO - Started process (PID=115) to work on /home/airflow/.local/lib/python3.12/site-packages/airflow/example_dags/example_datasets.py
[2025-07-18T06:58:59.551+0000] {processor.py:830} INFO - Processing file /home/airflow/.local/lib/python3.12/site-packages/airflow/example_dags/example_datasets.py for tasks to queue
[2025-07-18T06:58:59.565+0000] {logging_mixin.py:188} INFO - [2025-07-18T06:58:59.563+0000] {dagbag.py:545} INFO - Filling up the DagBag from /home/airflow/.local/lib/python3.12/site-packages/airflow/example_dags/example_datasets.py
[2025-07-18T06:58:59.873+0000] {processor.py:840} INFO - DAG(s) 'dataset_consumes_1', 'dataset_produces_1', 'consume_1_or_2_with_dataset_expressions', 'dataset_consumes_1_and_2', 'dataset_produces_2', 'consume_1_and_2_with_dataset_expressions', 'conditional_dataset_and_time_based_timetable', 'dataset_consumes_1_never_scheduled', 'consume_1_or_both_2_and_3_with_dataset_expressions', 'dataset_consumes_unknown_never_scheduled' retrieved from /home/airflow/.local/lib/python3.12/site-packages/airflow/example_dags/example_datasets.py
[2025-07-18T06:59:00.760+0000] {logging_mixin.py:188} INFO - [2025-07-18T06:59:00.759+0000] {dag.py:3096} INFO - Sync 10 DAGs
[2025-07-18T06:59:01.881+0000] {logging_mixin.py:188} INFO - [2025-07-18T06:59:01.880+0000] {dag.py:3954} INFO - Setting next_dagrun for conditional_dataset_and_time_based_timetable to 2025-07-16 01:00:00+00:00, run_after=2025-07-16 01:00:00+00:00
[2025-07-18T06:59:01.919+0000] {logging_mixin.py:188} INFO - [2025-07-18T06:59:01.917+0000] {dag.py:3954} INFO - Setting next_dagrun for consume_1_and_2_with_dataset_expressions to None, run_after=None
[2025-07-18T06:59:01.937+0000] {logging_mixin.py:188} INFO - [2025-07-18T06:59:01.936+0000] {dag.py:3954} INFO - Setting next_dagrun for consume_1_or_2_with_dataset_expressions to None, run_after=None
[2025-07-18T06:59:01.956+0000] {logging_mixin.py:188} INFO - [2025-07-18T06:59:01.955+0000] {dag.py:3954} INFO - Setting next_dagrun for consume_1_or_both_2_and_3_with_dataset_expressions to None, run_after=None
[2025-07-18T06:59:01.980+0000] {logging_mixin.py:188} INFO - [2025-07-18T06:59:01.979+0000] {dag.py:3954} INFO - Setting next_dagrun for dataset_consumes_1 to None, run_after=None
[2025-07-18T06:59:01.997+0000] {logging_mixin.py:188} INFO - [2025-07-18T06:59:01.996+0000] {dag.py:3954} INFO - Setting next_dagrun for dataset_consumes_1_and_2 to None, run_after=None
[2025-07-18T06:59:02.013+0000] {logging_mixin.py:188} INFO - [2025-07-18T06:59:02.009+0000] {dag.py:3954} INFO - Setting next_dagrun for dataset_consumes_1_never_scheduled to None, run_after=None
[2025-07-18T06:59:02.025+0000] {logging_mixin.py:188} INFO - [2025-07-18T06:59:02.023+0000] {dag.py:3954} INFO - Setting next_dagrun for dataset_consumes_unknown_never_scheduled to None, run_after=None
[2025-07-18T06:59:02.101+0000] {logging_mixin.py:188} INFO - [2025-07-18T06:59:02.086+0000] {dag.py:3954} INFO - Setting next_dagrun for dataset_produces_1 to 2025-07-17 00:00:00+00:00, run_after=2025-07-18 00:00:00+00:00
[2025-07-18T06:59:02.137+0000] {logging_mixin.py:188} INFO - [2025-07-18T06:59:02.136+0000] {dag.py:3954} INFO - Setting next_dagrun for dataset_produces_2 to None, run_after=None
[2025-07-18T06:59:02.739+0000] {processor.py:183} INFO - Processing /home/airflow/.local/lib/python3.12/site-packages/airflow/example_dags/example_datasets.py took 3.238 seconds
[2025-07-18T07:00:47.785+0000] {processor.py:161} INFO - Started process (PID=189) to work on /home/airflow/.local/lib/python3.12/site-packages/airflow/example_dags/example_datasets.py
[2025-07-18T07:00:47.797+0000] {processor.py:830} INFO - Processing file /home/airflow/.local/lib/python3.12/site-packages/airflow/example_dags/example_datasets.py for tasks to queue
[2025-07-18T07:00:47.816+0000] {logging_mixin.py:188} INFO - [2025-07-18T07:00:47.814+0000] {dagbag.py:545} INFO - Filling up the DagBag from /home/airflow/.local/lib/python3.12/site-packages/airflow/example_dags/example_datasets.py
[2025-07-18T07:00:48.118+0000] {processor.py:840} INFO - DAG(s) 'dataset_consumes_1', 'conditional_dataset_and_time_based_timetable', 'dataset_consumes_1_and_2', 'dataset_consumes_1_never_scheduled', 'dataset_consumes_unknown_never_scheduled', 'dataset_produces_1', 'consume_1_or_2_with_dataset_expressions', 'consume_1_or_both_2_and_3_with_dataset_expressions', 'consume_1_and_2_with_dataset_expressions', 'dataset_produces_2' retrieved from /home/airflow/.local/lib/python3.12/site-packages/airflow/example_dags/example_datasets.py
[2025-07-18T07:00:48.904+0000] {logging_mixin.py:188} INFO - [2025-07-18T07:00:48.903+0000] {dag.py:3096} INFO - Sync 10 DAGs
[2025-07-18T07:00:49.259+0000] {logging_mixin.py:188} INFO - [2025-07-18T07:00:49.258+0000] {dag.py:3954} INFO - Setting next_dagrun for conditional_dataset_and_time_based_timetable to 2025-07-16 01:00:00+00:00, run_after=2025-07-16 01:00:00+00:00
[2025-07-18T07:00:49.297+0000] {logging_mixin.py:188} INFO - [2025-07-18T07:00:49.296+0000] {dag.py:3954} INFO - Setting next_dagrun for consume_1_and_2_with_dataset_expressions to None, run_after=None
[2025-07-18T07:00:49.312+0000] {logging_mixin.py:188} INFO - [2025-07-18T07:00:49.312+0000] {dag.py:3954} INFO - Setting next_dagrun for consume_1_or_2_with_dataset_expressions to None, run_after=None
[2025-07-18T07:00:49.320+0000] {logging_mixin.py:188} INFO - [2025-07-18T07:00:49.320+0000] {dag.py:3954} INFO - Setting next_dagrun for consume_1_or_both_2_and_3_with_dataset_expressions to None, run_after=None
[2025-07-18T07:00:49.340+0000] {logging_mixin.py:188} INFO - [2025-07-18T07:00:49.334+0000] {dag.py:3954} INFO - Setting next_dagrun for dataset_consumes_1 to None, run_after=None
[2025-07-18T07:00:49.347+0000] {logging_mixin.py:188} INFO - [2025-07-18T07:00:49.347+0000] {dag.py:3954} INFO - Setting next_dagrun for dataset_consumes_1_and_2 to None, run_after=None
[2025-07-18T07:00:49.354+0000] {logging_mixin.py:188} INFO - [2025-07-18T07:00:49.353+0000] {dag.py:3954} INFO - Setting next_dagrun for dataset_consumes_1_never_scheduled to None, run_after=None
[2025-07-18T07:00:49.363+0000] {logging_mixin.py:188} INFO - [2025-07-18T07:00:49.361+0000] {dag.py:3954} INFO - Setting next_dagrun for dataset_consumes_unknown_never_scheduled to None, run_after=None
[2025-07-18T07:00:49.389+0000] {logging_mixin.py:188} INFO - [2025-07-18T07:00:49.388+0000] {dag.py:3954} INFO - Setting next_dagrun for dataset_produces_1 to 2025-07-17 00:00:00+00:00, run_after=2025-07-18 00:00:00+00:00
[2025-07-18T07:00:49.408+0000] {logging_mixin.py:188} INFO - [2025-07-18T07:00:49.407+0000] {dag.py:3954} INFO - Setting next_dagrun for dataset_produces_2 to None, run_after=None
[2025-07-18T07:00:49.874+0000] {processor.py:183} INFO - Processing /home/airflow/.local/lib/python3.12/site-packages/airflow/example_dags/example_datasets.py took 2.152 seconds
[2025-07-18T07:01:26.161+0000] {processor.py:161} INFO - Started process (PID=250) to work on /home/airflow/.local/lib/python3.12/site-packages/airflow/example_dags/example_datasets.py
[2025-07-18T07:01:26.164+0000] {processor.py:830} INFO - Processing file /home/airflow/.local/lib/python3.12/site-packages/airflow/example_dags/example_datasets.py for tasks to queue
[2025-07-18T07:01:26.168+0000] {logging_mixin.py:188} INFO - [2025-07-18T07:01:26.167+0000] {dagbag.py:545} INFO - Filling up the DagBag from /home/airflow/.local/lib/python3.12/site-packages/airflow/example_dags/example_datasets.py
[2025-07-18T07:01:26.208+0000] {processor.py:840} INFO - DAG(s) 'dataset_produces_2', 'dataset_consumes_1_never_scheduled', 'dataset_consumes_unknown_never_scheduled', 'consume_1_or_2_with_dataset_expressions', 'conditional_dataset_and_time_based_timetable', 'consume_1_or_both_2_and_3_with_dataset_expressions', 'consume_1_and_2_with_dataset_expressions', 'dataset_produces_1', 'dataset_consumes_1', 'dataset_consumes_1_and_2' retrieved from /home/airflow/.local/lib/python3.12/site-packages/airflow/example_dags/example_datasets.py
[2025-07-18T07:01:26.265+0000] {logging_mixin.py:188} INFO - [2025-07-18T07:01:26.264+0000] {dag.py:3096} INFO - Sync 10 DAGs
[2025-07-18T07:01:26.352+0000] {logging_mixin.py:188} INFO - [2025-07-18T07:01:26.351+0000] {dag.py:3954} INFO - Setting next_dagrun for conditional_dataset_and_time_based_timetable to 2025-07-16 01:00:00+00:00, run_after=2025-07-16 01:00:00+00:00
[2025-07-18T07:01:26.364+0000] {logging_mixin.py:188} INFO - [2025-07-18T07:01:26.363+0000] {dag.py:3954} INFO - Setting next_dagrun for consume_1_and_2_with_dataset_expressions to None, run_after=None
[2025-07-18T07:01:26.369+0000] {logging_mixin.py:188} INFO - [2025-07-18T07:01:26.368+0000] {dag.py:3954} INFO - Setting next_dagrun for consume_1_or_2_with_dataset_expressions to None, run_after=None
[2025-07-18T07:01:26.374+0000] {logging_mixin.py:188} INFO - [2025-07-18T07:01:26.373+0000] {dag.py:3954} INFO - Setting next_dagrun for consume_1_or_both_2_and_3_with_dataset_expressions to None, run_after=None
[2025-07-18T07:01:26.379+0000] {logging_mixin.py:188} INFO - [2025-07-18T07:01:26.379+0000] {dag.py:3954} INFO - Setting next_dagrun for dataset_consumes_1 to None, run_after=None
[2025-07-18T07:01:26.385+0000] {logging_mixin.py:188} INFO - [2025-07-18T07:01:26.384+0000] {dag.py:3954} INFO - Setting next_dagrun for dataset_consumes_1_and_2 to None, run_after=None
[2025-07-18T07:01:26.390+0000] {logging_mixin.py:188} INFO - [2025-07-18T07:01:26.390+0000] {dag.py:3954} INFO - Setting next_dagrun for dataset_consumes_1_never_scheduled to None, run_after=None
[2025-07-18T07:01:26.396+0000] {logging_mixin.py:188} INFO - [2025-07-18T07:01:26.395+0000] {dag.py:3954} INFO - Setting next_dagrun for dataset_consumes_unknown_never_scheduled to None, run_after=None
[2025-07-18T07:01:26.407+0000] {logging_mixin.py:188} INFO - [2025-07-18T07:01:26.407+0000] {dag.py:3954} INFO - Setting next_dagrun for dataset_produces_1 to 2025-07-17 00:00:00+00:00, run_after=2025-07-18 00:00:00+00:00
[2025-07-18T07:01:26.412+0000] {logging_mixin.py:188} INFO - [2025-07-18T07:01:26.411+0000] {dag.py:3954} INFO - Setting next_dagrun for dataset_produces_2 to None, run_after=None
[2025-07-18T07:01:26.680+0000] {processor.py:183} INFO - Processing /home/airflow/.local/lib/python3.12/site-packages/airflow/example_dags/example_datasets.py took 0.535 seconds
[2025-07-18T07:02:08.613+0000] {processor.py:161} INFO - Started process (PID=317) to work on /home/airflow/.local/lib/python3.12/site-packages/airflow/example_dags/example_datasets.py
[2025-07-18T07:02:08.616+0000] {processor.py:830} INFO - Processing file /home/airflow/.local/lib/python3.12/site-packages/airflow/example_dags/example_datasets.py for tasks to queue
[2025-07-18T07:02:08.622+0000] {logging_mixin.py:188} INFO - [2025-07-18T07:02:08.621+0000] {dagbag.py:545} INFO - Filling up the DagBag from /home/airflow/.local/lib/python3.12/site-packages/airflow/example_dags/example_datasets.py
[2025-07-18T07:02:08.667+0000] {processor.py:840} INFO - DAG(s) 'consume_1_and_2_with_dataset_expressions', 'consume_1_or_both_2_and_3_with_dataset_expressions', 'dataset_consumes_1_never_scheduled', 'dataset_consumes_unknown_never_scheduled', 'dataset_produces_1', 'dataset_consumes_1', 'dataset_produces_2', 'dataset_consumes_1_and_2', 'conditional_dataset_and_time_based_timetable', 'consume_1_or_2_with_dataset_expressions' retrieved from /home/airflow/.local/lib/python3.12/site-packages/airflow/example_dags/example_datasets.py
[2025-07-18T07:02:09.375+0000] {logging_mixin.py:188} INFO - [2025-07-18T07:02:09.374+0000] {dag.py:3096} INFO - Sync 10 DAGs
[2025-07-18T07:02:09.476+0000] {logging_mixin.py:188} INFO - [2025-07-18T07:02:09.472+0000] {dag.py:3954} INFO - Setting next_dagrun for conditional_dataset_and_time_based_timetable to 2025-07-16 01:00:00+00:00, run_after=2025-07-16 01:00:00+00:00
[2025-07-18T07:02:09.504+0000] {logging_mixin.py:188} INFO - [2025-07-18T07:02:09.503+0000] {dag.py:3954} INFO - Setting next_dagrun for consume_1_and_2_with_dataset_expressions to None, run_after=None
[2025-07-18T07:02:09.517+0000] {logging_mixin.py:188} INFO - [2025-07-18T07:02:09.513+0000] {dag.py:3954} INFO - Setting next_dagrun for consume_1_or_2_with_dataset_expressions to None, run_after=None
[2025-07-18T07:02:09.525+0000] {logging_mixin.py:188} INFO - [2025-07-18T07:02:09.524+0000] {dag.py:3954} INFO - Setting next_dagrun for consume_1_or_both_2_and_3_with_dataset_expressions to None, run_after=None
[2025-07-18T07:02:09.533+0000] {logging_mixin.py:188} INFO - [2025-07-18T07:02:09.532+0000] {dag.py:3954} INFO - Setting next_dagrun for dataset_consumes_1 to None, run_after=None
[2025-07-18T07:02:09.540+0000] {logging_mixin.py:188} INFO - [2025-07-18T07:02:09.539+0000] {dag.py:3954} INFO - Setting next_dagrun for dataset_consumes_1_and_2 to None, run_after=None
[2025-07-18T07:02:09.548+0000] {logging_mixin.py:188} INFO - [2025-07-18T07:02:09.547+0000] {dag.py:3954} INFO - Setting next_dagrun for dataset_consumes_1_never_scheduled to None, run_after=None
[2025-07-18T07:02:09.557+0000] {logging_mixin.py:188} INFO - [2025-07-18T07:02:09.555+0000] {dag.py:3954} INFO - Setting next_dagrun for dataset_consumes_unknown_never_scheduled to None, run_after=None
[2025-07-18T07:02:09.574+0000] {logging_mixin.py:188} INFO - [2025-07-18T07:02:09.573+0000] {dag.py:3954} INFO - Setting next_dagrun for dataset_produces_1 to 2025-07-17 00:00:00+00:00, run_after=2025-07-18 00:00:00+00:00
[2025-07-18T07:02:09.582+0000] {logging_mixin.py:188} INFO - [2025-07-18T07:02:09.581+0000] {dag.py:3954} INFO - Setting next_dagrun for dataset_produces_2 to None, run_after=None
[2025-07-18T07:02:09.891+0000] {processor.py:183} INFO - Processing /home/airflow/.local/lib/python3.12/site-packages/airflow/example_dags/example_datasets.py took 1.303 seconds
[2025-07-18T07:02:40.303+0000] {processor.py:161} INFO - Started process (PID=379) to work on /home/airflow/.local/lib/python3.12/site-packages/airflow/example_dags/example_datasets.py
[2025-07-18T07:02:40.306+0000] {processor.py:830} INFO - Processing file /home/airflow/.local/lib/python3.12/site-packages/airflow/example_dags/example_datasets.py for tasks to queue
[2025-07-18T07:02:40.313+0000] {logging_mixin.py:188} INFO - [2025-07-18T07:02:40.311+0000] {dagbag.py:545} INFO - Filling up the DagBag from /home/airflow/.local/lib/python3.12/site-packages/airflow/example_dags/example_datasets.py
[2025-07-18T07:02:40.358+0000] {processor.py:840} INFO - DAG(s) 'dataset_consumes_1', 'consume_1_or_both_2_and_3_with_dataset_expressions', 'dataset_produces_2', 'dataset_produces_1', 'consume_1_or_2_with_dataset_expressions', 'conditional_dataset_and_time_based_timetable', 'dataset_consumes_unknown_never_scheduled', 'consume_1_and_2_with_dataset_expressions', 'dataset_consumes_1_and_2', 'dataset_consumes_1_never_scheduled' retrieved from /home/airflow/.local/lib/python3.12/site-packages/airflow/example_dags/example_datasets.py
[2025-07-18T07:02:40.599+0000] {logging_mixin.py:188} INFO - [2025-07-18T07:02:40.598+0000] {dag.py:3096} INFO - Sync 10 DAGs
[2025-07-18T07:02:40.764+0000] {logging_mixin.py:188} INFO - [2025-07-18T07:02:40.763+0000] {dag.py:3954} INFO - Setting next_dagrun for conditional_dataset_and_time_based_timetable to 2025-07-16 01:00:00+00:00, run_after=2025-07-16 01:00:00+00:00
[2025-07-18T07:02:40.784+0000] {logging_mixin.py:188} INFO - [2025-07-18T07:02:40.783+0000] {dag.py:3954} INFO - Setting next_dagrun for consume_1_and_2_with_dataset_expressions to None, run_after=None
[2025-07-18T07:02:40.795+0000] {logging_mixin.py:188} INFO - [2025-07-18T07:02:40.794+0000] {dag.py:3954} INFO - Setting next_dagrun for consume_1_or_2_with_dataset_expressions to None, run_after=None
[2025-07-18T07:02:40.803+0000] {logging_mixin.py:188} INFO - [2025-07-18T07:02:40.802+0000] {dag.py:3954} INFO - Setting next_dagrun for consume_1_or_both_2_and_3_with_dataset_expressions to None, run_after=None
[2025-07-18T07:02:40.814+0000] {logging_mixin.py:188} INFO - [2025-07-18T07:02:40.812+0000] {dag.py:3954} INFO - Setting next_dagrun for dataset_consumes_1 to None, run_after=None
[2025-07-18T07:02:40.821+0000] {logging_mixin.py:188} INFO - [2025-07-18T07:02:40.820+0000] {dag.py:3954} INFO - Setting next_dagrun for dataset_consumes_1_and_2 to None, run_after=None
[2025-07-18T07:02:40.831+0000] {logging_mixin.py:188} INFO - [2025-07-18T07:02:40.830+0000] {dag.py:3954} INFO - Setting next_dagrun for dataset_consumes_1_never_scheduled to None, run_after=None
[2025-07-18T07:02:40.839+0000] {logging_mixin.py:188} INFO - [2025-07-18T07:02:40.838+0000] {dag.py:3954} INFO - Setting next_dagrun for dataset_consumes_unknown_never_scheduled to None, run_after=None
[2025-07-18T07:02:40.857+0000] {logging_mixin.py:188} INFO - [2025-07-18T07:02:40.856+0000] {dag.py:3954} INFO - Setting next_dagrun for dataset_produces_1 to 2025-07-17 00:00:00+00:00, run_after=2025-07-18 00:00:00+00:00
[2025-07-18T07:02:40.870+0000] {logging_mixin.py:188} INFO - [2025-07-18T07:02:40.869+0000] {dag.py:3954} INFO - Setting next_dagrun for dataset_produces_2 to None, run_after=None
[2025-07-18T07:02:41.101+0000] {processor.py:183} INFO - Processing /home/airflow/.local/lib/python3.12/site-packages/airflow/example_dags/example_datasets.py took 0.814 seconds
[2025-07-18T07:03:13.128+0000] {processor.py:161} INFO - Started process (PID=441) to work on /home/airflow/.local/lib/python3.12/site-packages/airflow/example_dags/example_datasets.py
[2025-07-18T07:03:13.132+0000] {processor.py:830} INFO - Processing file /home/airflow/.local/lib/python3.12/site-packages/airflow/example_dags/example_datasets.py for tasks to queue
[2025-07-18T07:03:13.138+0000] {logging_mixin.py:188} INFO - [2025-07-18T07:03:13.137+0000] {dagbag.py:545} INFO - Filling up the DagBag from /home/airflow/.local/lib/python3.12/site-packages/airflow/example_dags/example_datasets.py
[2025-07-18T07:03:13.184+0000] {processor.py:840} INFO - DAG(s) 'dataset_consumes_1', 'consume_1_or_both_2_and_3_with_dataset_expressions', 'dataset_produces_1', 'consume_1_and_2_with_dataset_expressions', 'dataset_consumes_unknown_never_scheduled', 'consume_1_or_2_with_dataset_expressions', 'dataset_consumes_1_never_scheduled', 'dataset_consumes_1_and_2', 'conditional_dataset_and_time_based_timetable', 'dataset_produces_2' retrieved from /home/airflow/.local/lib/python3.12/site-packages/airflow/example_dags/example_datasets.py
[2025-07-18T07:03:13.331+0000] {logging_mixin.py:188} INFO - [2025-07-18T07:03:13.330+0000] {dag.py:3096} INFO - Sync 10 DAGs
[2025-07-18T07:03:13.391+0000] {logging_mixin.py:188} INFO - [2025-07-18T07:03:13.391+0000] {dag.py:3954} INFO - Setting next_dagrun for conditional_dataset_and_time_based_timetable to 2025-07-16 01:00:00+00:00, run_after=2025-07-16 01:00:00+00:00
[2025-07-18T07:03:13.402+0000] {logging_mixin.py:188} INFO - [2025-07-18T07:03:13.401+0000] {dag.py:3954} INFO - Setting next_dagrun for consume_1_and_2_with_dataset_expressions to None, run_after=None
[2025-07-18T07:03:13.408+0000] {logging_mixin.py:188} INFO - [2025-07-18T07:03:13.407+0000] {dag.py:3954} INFO - Setting next_dagrun for consume_1_or_2_with_dataset_expressions to None, run_after=None
[2025-07-18T07:03:13.414+0000] {logging_mixin.py:188} INFO - [2025-07-18T07:03:13.413+0000] {dag.py:3954} INFO - Setting next_dagrun for consume_1_or_both_2_and_3_with_dataset_expressions to None, run_after=None
[2025-07-18T07:03:13.421+0000] {logging_mixin.py:188} INFO - [2025-07-18T07:03:13.421+0000] {dag.py:3954} INFO - Setting next_dagrun for dataset_consumes_1 to None, run_after=None
[2025-07-18T07:03:13.427+0000] {logging_mixin.py:188} INFO - [2025-07-18T07:03:13.426+0000] {dag.py:3954} INFO - Setting next_dagrun for dataset_consumes_1_and_2 to None, run_after=None
[2025-07-18T07:03:13.432+0000] {logging_mixin.py:188} INFO - [2025-07-18T07:03:13.431+0000] {dag.py:3954} INFO - Setting next_dagrun for dataset_consumes_1_never_scheduled to None, run_after=None
[2025-07-18T07:03:13.437+0000] {logging_mixin.py:188} INFO - [2025-07-18T07:03:13.437+0000] {dag.py:3954} INFO - Setting next_dagrun for dataset_consumes_unknown_never_scheduled to None, run_after=None
[2025-07-18T07:03:13.446+0000] {logging_mixin.py:188} INFO - [2025-07-18T07:03:13.445+0000] {dag.py:3954} INFO - Setting next_dagrun for dataset_produces_1 to 2025-07-17 00:00:00+00:00, run_after=2025-07-18 00:00:00+00:00
[2025-07-18T07:03:13.451+0000] {logging_mixin.py:188} INFO - [2025-07-18T07:03:13.450+0000] {dag.py:3954} INFO - Setting next_dagrun for dataset_produces_2 to None, run_after=None
[2025-07-18T07:03:13.549+0000] {processor.py:183} INFO - Processing /home/airflow/.local/lib/python3.12/site-packages/airflow/example_dags/example_datasets.py took 0.442 seconds
[2025-07-18T07:03:46.649+0000] {processor.py:161} INFO - Started process (PID=503) to work on /home/airflow/.local/lib/python3.12/site-packages/airflow/example_dags/example_datasets.py
[2025-07-18T07:03:46.656+0000] {processor.py:830} INFO - Processing file /home/airflow/.local/lib/python3.12/site-packages/airflow/example_dags/example_datasets.py for tasks to queue
[2025-07-18T07:03:46.665+0000] {logging_mixin.py:188} INFO - [2025-07-18T07:03:46.664+0000] {dagbag.py:545} INFO - Filling up the DagBag from /home/airflow/.local/lib/python3.12/site-packages/airflow/example_dags/example_datasets.py
[2025-07-18T07:03:46.779+0000] {processor.py:840} INFO - DAG(s) 'consume_1_or_both_2_and_3_with_dataset_expressions', 'dataset_consumes_unknown_never_scheduled', 'dataset_produces_2', 'dataset_consumes_1_never_scheduled', 'dataset_produces_1', 'conditional_dataset_and_time_based_timetable', 'dataset_consumes_1', 'consume_1_and_2_with_dataset_expressions', 'dataset_consumes_1_and_2', 'consume_1_or_2_with_dataset_expressions' retrieved from /home/airflow/.local/lib/python3.12/site-packages/airflow/example_dags/example_datasets.py
[2025-07-18T07:03:47.015+0000] {logging_mixin.py:188} INFO - [2025-07-18T07:03:47.014+0000] {dag.py:3096} INFO - Sync 10 DAGs
[2025-07-18T07:03:47.163+0000] {logging_mixin.py:188} INFO - [2025-07-18T07:03:47.162+0000] {dag.py:3954} INFO - Setting next_dagrun for conditional_dataset_and_time_based_timetable to 2025-07-16 01:00:00+00:00, run_after=2025-07-16 01:00:00+00:00
[2025-07-18T07:03:47.189+0000] {logging_mixin.py:188} INFO - [2025-07-18T07:03:47.187+0000] {dag.py:3954} INFO - Setting next_dagrun for consume_1_and_2_with_dataset_expressions to None, run_after=None
[2025-07-18T07:03:47.200+0000] {logging_mixin.py:188} INFO - [2025-07-18T07:03:47.199+0000] {dag.py:3954} INFO - Setting next_dagrun for consume_1_or_2_with_dataset_expressions to None, run_after=None
[2025-07-18T07:03:47.208+0000] {logging_mixin.py:188} INFO - [2025-07-18T07:03:47.207+0000] {dag.py:3954} INFO - Setting next_dagrun for consume_1_or_both_2_and_3_with_dataset_expressions to None, run_after=None
[2025-07-18T07:03:47.215+0000] {logging_mixin.py:188} INFO - [2025-07-18T07:03:47.214+0000] {dag.py:3954} INFO - Setting next_dagrun for dataset_consumes_1 to None, run_after=None
[2025-07-18T07:03:47.221+0000] {logging_mixin.py:188} INFO - [2025-07-18T07:03:47.221+0000] {dag.py:3954} INFO - Setting next_dagrun for dataset_consumes_1_and_2 to None, run_after=None
[2025-07-18T07:03:47.229+0000] {logging_mixin.py:188} INFO - [2025-07-18T07:03:47.229+0000] {dag.py:3954} INFO - Setting next_dagrun for dataset_consumes_1_never_scheduled to None, run_after=None
[2025-07-18T07:03:47.237+0000] {logging_mixin.py:188} INFO - [2025-07-18T07:03:47.236+0000] {dag.py:3954} INFO - Setting next_dagrun for dataset_consumes_unknown_never_scheduled to None, run_after=None
[2025-07-18T07:03:47.256+0000] {logging_mixin.py:188} INFO - [2025-07-18T07:03:47.254+0000] {dag.py:3954} INFO - Setting next_dagrun for dataset_produces_1 to 2025-07-17 00:00:00+00:00, run_after=2025-07-18 00:00:00+00:00
[2025-07-18T07:03:47.268+0000] {logging_mixin.py:188} INFO - [2025-07-18T07:03:47.267+0000] {dag.py:3954} INFO - Setting next_dagrun for dataset_produces_2 to None, run_after=None
[2025-07-18T07:03:47.567+0000] {processor.py:183} INFO - Processing /home/airflow/.local/lib/python3.12/site-packages/airflow/example_dags/example_datasets.py took 0.972 seconds
[2025-07-18T07:04:37.290+0000] {processor.py:161} INFO - Started process (PID=574) to work on /home/airflow/.local/lib/python3.12/site-packages/airflow/example_dags/example_datasets.py
[2025-07-18T07:04:37.307+0000] {processor.py:830} INFO - Processing file /home/airflow/.local/lib/python3.12/site-packages/airflow/example_dags/example_datasets.py for tasks to queue
[2025-07-18T07:04:37.337+0000] {logging_mixin.py:188} INFO - [2025-07-18T07:04:37.330+0000] {dagbag.py:545} INFO - Filling up the DagBag from /home/airflow/.local/lib/python3.12/site-packages/airflow/example_dags/example_datasets.py
[2025-07-18T07:04:37.549+0000] {processor.py:840} INFO - DAG(s) 'consume_1_and_2_with_dataset_expressions', 'consume_1_or_2_with_dataset_expressions', 'dataset_consumes_unknown_never_scheduled', 'consume_1_or_both_2_and_3_with_dataset_expressions', 'dataset_consumes_1', 'dataset_consumes_1_and_2', 'conditional_dataset_and_time_based_timetable', 'dataset_consumes_1_never_scheduled', 'dataset_produces_2', 'dataset_produces_1' retrieved from /home/airflow/.local/lib/python3.12/site-packages/airflow/example_dags/example_datasets.py
[2025-07-18T07:04:38.169+0000] {logging_mixin.py:188} INFO - [2025-07-18T07:04:38.168+0000] {dag.py:3096} INFO - Sync 10 DAGs
[2025-07-18T07:04:38.425+0000] {logging_mixin.py:188} INFO - [2025-07-18T07:04:38.425+0000] {dag.py:3954} INFO - Setting next_dagrun for conditional_dataset_and_time_based_timetable to 2025-07-16 01:00:00+00:00, run_after=2025-07-16 01:00:00+00:00
[2025-07-18T07:04:38.452+0000] {logging_mixin.py:188} INFO - [2025-07-18T07:04:38.451+0000] {dag.py:3954} INFO - Setting next_dagrun for consume_1_and_2_with_dataset_expressions to None, run_after=None
[2025-07-18T07:04:38.457+0000] {logging_mixin.py:188} INFO - [2025-07-18T07:04:38.456+0000] {dag.py:3954} INFO - Setting next_dagrun for consume_1_or_2_with_dataset_expressions to None, run_after=None
[2025-07-18T07:04:38.466+0000] {logging_mixin.py:188} INFO - [2025-07-18T07:04:38.465+0000] {dag.py:3954} INFO - Setting next_dagrun for consume_1_or_both_2_and_3_with_dataset_expressions to None, run_after=None
[2025-07-18T07:04:38.470+0000] {logging_mixin.py:188} INFO - [2025-07-18T07:04:38.469+0000] {dag.py:3954} INFO - Setting next_dagrun for dataset_consumes_1 to None, run_after=None
[2025-07-18T07:04:38.476+0000] {logging_mixin.py:188} INFO - [2025-07-18T07:04:38.475+0000] {dag.py:3954} INFO - Setting next_dagrun for dataset_consumes_1_and_2 to None, run_after=None
[2025-07-18T07:04:38.485+0000] {logging_mixin.py:188} INFO - [2025-07-18T07:04:38.484+0000] {dag.py:3954} INFO - Setting next_dagrun for dataset_consumes_1_never_scheduled to None, run_after=None
[2025-07-18T07:04:38.489+0000] {logging_mixin.py:188} INFO - [2025-07-18T07:04:38.489+0000] {dag.py:3954} INFO - Setting next_dagrun for dataset_consumes_unknown_never_scheduled to None, run_after=None
[2025-07-18T07:04:38.504+0000] {logging_mixin.py:188} INFO - [2025-07-18T07:04:38.503+0000] {dag.py:3954} INFO - Setting next_dagrun for dataset_produces_1 to 2025-07-17 00:00:00+00:00, run_after=2025-07-18 00:00:00+00:00
[2025-07-18T07:04:38.516+0000] {logging_mixin.py:188} INFO - [2025-07-18T07:04:38.515+0000] {dag.py:3954} INFO - Setting next_dagrun for dataset_produces_2 to None, run_after=None
[2025-07-18T07:04:38.658+0000] {processor.py:183} INFO - Processing /home/airflow/.local/lib/python3.12/site-packages/airflow/example_dags/example_datasets.py took 1.438 seconds
