[2025-07-18T06:59:20.409+0000] {processor.py:161} INFO - Started process (PID=140) to work on /home/airflow/.local/lib/python3.12/site-packages/airflow/example_dags/example_kubernetes_executor.py
[2025-07-18T06:59:20.419+0000] {processor.py:830} INFO - Processing file /home/airflow/.local/lib/python3.12/site-packages/airflow/example_dags/example_kubernetes_executor.py for tasks to queue
[2025-07-18T06:59:20.437+0000] {logging_mixin.py:188} INFO - [2025-07-18T06:59:20.434+0000] {dagbag.py:545} INFO - Filling up the DagBag from /home/airflow/.local/lib/python3.12/site-packages/airflow/example_dags/example_kubernetes_executor.py
[2025-07-18T06:59:20.656+0000] {processor.py:840} INFO - DAG(s) 'example_kubernetes_executor' retrieved from /home/airflow/.local/lib/python3.12/site-packages/airflow/example_dags/example_kubernetes_executor.py
[2025-07-18T06:59:21.193+0000] {logging_mixin.py:188} INFO - [2025-07-18T06:59:21.192+0000] {dag.py:3096} INFO - Sync 1 DAGs
[2025-07-18T06:59:21.328+0000] {logging_mixin.py:188} INFO - [2025-07-18T06:59:21.324+0000] {dag.py:3954} INFO - Setting next_dagrun for example_kubernetes_executor to None, run_after=None
[2025-07-18T06:59:21.445+0000] {processor.py:183} INFO - Processing /home/airflow/.local/lib/python3.12/site-packages/airflow/example_dags/example_kubernetes_executor.py took 1.124 seconds
[2025-07-18T07:01:09.898+0000] {processor.py:161} INFO - Started process (PID=215) to work on /home/airflow/.local/lib/python3.12/site-packages/airflow/example_dags/example_kubernetes_executor.py
[2025-07-18T07:01:09.907+0000] {processor.py:830} INFO - Processing file /home/airflow/.local/lib/python3.12/site-packages/airflow/example_dags/example_kubernetes_executor.py for tasks to queue
[2025-07-18T07:01:09.925+0000] {logging_mixin.py:188} INFO - [2025-07-18T07:01:09.922+0000] {dagbag.py:545} INFO - Filling up the DagBag from /home/airflow/.local/lib/python3.12/site-packages/airflow/example_dags/example_kubernetes_executor.py
[2025-07-18T07:01:10.324+0000] {processor.py:840} INFO - DAG(s) 'example_kubernetes_executor' retrieved from /home/airflow/.local/lib/python3.12/site-packages/airflow/example_dags/example_kubernetes_executor.py
[2025-07-18T07:01:10.449+0000] {logging_mixin.py:188} INFO - [2025-07-18T07:01:10.447+0000] {dag.py:3096} INFO - Sync 1 DAGs
[2025-07-18T07:01:10.619+0000] {logging_mixin.py:188} INFO - [2025-07-18T07:01:10.618+0000] {dag.py:3954} INFO - Setting next_dagrun for example_kubernetes_executor to None, run_after=None
[2025-07-18T07:01:10.819+0000] {processor.py:183} INFO - Processing /home/airflow/.local/lib/python3.12/site-packages/airflow/example_dags/example_kubernetes_executor.py took 0.980 seconds
[2025-07-18T07:01:44.822+0000] {processor.py:161} INFO - Started process (PID=278) to work on /home/airflow/.local/lib/python3.12/site-packages/airflow/example_dags/example_kubernetes_executor.py
[2025-07-18T07:01:44.828+0000] {processor.py:830} INFO - Processing file /home/airflow/.local/lib/python3.12/site-packages/airflow/example_dags/example_kubernetes_executor.py for tasks to queue
[2025-07-18T07:01:44.841+0000] {logging_mixin.py:188} INFO - [2025-07-18T07:01:44.840+0000] {dagbag.py:545} INFO - Filling up the DagBag from /home/airflow/.local/lib/python3.12/site-packages/airflow/example_dags/example_kubernetes_executor.py
[2025-07-18T07:01:44.911+0000] {processor.py:840} INFO - DAG(s) 'example_kubernetes_executor' retrieved from /home/airflow/.local/lib/python3.12/site-packages/airflow/example_dags/example_kubernetes_executor.py
[2025-07-18T07:01:45.927+0000] {logging_mixin.py:188} INFO - [2025-07-18T07:01:45.925+0000] {dag.py:3096} INFO - Sync 1 DAGs
[2025-07-18T07:01:46.228+0000] {logging_mixin.py:188} INFO - [2025-07-18T07:01:46.227+0000] {dag.py:3954} INFO - Setting next_dagrun for example_kubernetes_executor to None, run_after=None
[2025-07-18T07:01:46.662+0000] {processor.py:183} INFO - Processing /home/airflow/.local/lib/python3.12/site-packages/airflow/example_dags/example_kubernetes_executor.py took 1.870 seconds
[2025-07-18T07:02:26.924+0000] {processor.py:161} INFO - Started process (PID=340) to work on /home/airflow/.local/lib/python3.12/site-packages/airflow/example_dags/example_kubernetes_executor.py
[2025-07-18T07:02:26.927+0000] {processor.py:830} INFO - Processing file /home/airflow/.local/lib/python3.12/site-packages/airflow/example_dags/example_kubernetes_executor.py for tasks to queue
[2025-07-18T07:02:26.934+0000] {logging_mixin.py:188} INFO - [2025-07-18T07:02:26.933+0000] {dagbag.py:545} INFO - Filling up the DagBag from /home/airflow/.local/lib/python3.12/site-packages/airflow/example_dags/example_kubernetes_executor.py
[2025-07-18T07:02:26.984+0000] {processor.py:840} INFO - DAG(s) 'example_kubernetes_executor' retrieved from /home/airflow/.local/lib/python3.12/site-packages/airflow/example_dags/example_kubernetes_executor.py
[2025-07-18T07:02:27.119+0000] {logging_mixin.py:188} INFO - [2025-07-18T07:02:27.119+0000] {dag.py:3096} INFO - Sync 1 DAGs
[2025-07-18T07:02:27.180+0000] {logging_mixin.py:188} INFO - [2025-07-18T07:02:27.179+0000] {dag.py:3954} INFO - Setting next_dagrun for example_kubernetes_executor to None, run_after=None
[2025-07-18T07:02:27.264+0000] {processor.py:183} INFO - Processing /home/airflow/.local/lib/python3.12/site-packages/airflow/example_dags/example_kubernetes_executor.py took 0.361 seconds
[2025-07-18T07:02:58.962+0000] {processor.py:161} INFO - Started process (PID=402) to work on /home/airflow/.local/lib/python3.12/site-packages/airflow/example_dags/example_kubernetes_executor.py
[2025-07-18T07:02:58.966+0000] {processor.py:830} INFO - Processing file /home/airflow/.local/lib/python3.12/site-packages/airflow/example_dags/example_kubernetes_executor.py for tasks to queue
[2025-07-18T07:02:58.974+0000] {logging_mixin.py:188} INFO - [2025-07-18T07:02:58.973+0000] {dagbag.py:545} INFO - Filling up the DagBag from /home/airflow/.local/lib/python3.12/site-packages/airflow/example_dags/example_kubernetes_executor.py
[2025-07-18T07:02:59.043+0000] {processor.py:840} INFO - DAG(s) 'example_kubernetes_executor' retrieved from /home/airflow/.local/lib/python3.12/site-packages/airflow/example_dags/example_kubernetes_executor.py
[2025-07-18T07:02:59.184+0000] {logging_mixin.py:188} INFO - [2025-07-18T07:02:59.183+0000] {dag.py:3096} INFO - Sync 1 DAGs
[2025-07-18T07:02:59.238+0000] {logging_mixin.py:188} INFO - [2025-07-18T07:02:59.237+0000] {dag.py:3954} INFO - Setting next_dagrun for example_kubernetes_executor to None, run_after=None
[2025-07-18T07:02:59.323+0000] {processor.py:183} INFO - Processing /home/airflow/.local/lib/python3.12/site-packages/airflow/example_dags/example_kubernetes_executor.py took 0.382 seconds
[2025-07-18T07:03:29.576+0000] {processor.py:161} INFO - Started process (PID=464) to work on /home/airflow/.local/lib/python3.12/site-packages/airflow/example_dags/example_kubernetes_executor.py
[2025-07-18T07:03:29.582+0000] {processor.py:830} INFO - Processing file /home/airflow/.local/lib/python3.12/site-packages/airflow/example_dags/example_kubernetes_executor.py for tasks to queue
[2025-07-18T07:03:29.602+0000] {logging_mixin.py:188} INFO - [2025-07-18T07:03:29.600+0000] {dagbag.py:545} INFO - Filling up the DagBag from /home/airflow/.local/lib/python3.12/site-packages/airflow/example_dags/example_kubernetes_executor.py
[2025-07-18T07:03:29.733+0000] {processor.py:840} INFO - DAG(s) 'example_kubernetes_executor' retrieved from /home/airflow/.local/lib/python3.12/site-packages/airflow/example_dags/example_kubernetes_executor.py
[2025-07-18T07:03:29.931+0000] {logging_mixin.py:188} INFO - [2025-07-18T07:03:29.930+0000] {dag.py:3096} INFO - Sync 1 DAGs
[2025-07-18T07:03:30.010+0000] {logging_mixin.py:188} INFO - [2025-07-18T07:03:30.007+0000] {dag.py:3954} INFO - Setting next_dagrun for example_kubernetes_executor to None, run_after=None
[2025-07-18T07:03:30.114+0000] {processor.py:183} INFO - Processing /home/airflow/.local/lib/python3.12/site-packages/airflow/example_dags/example_kubernetes_executor.py took 0.577 seconds
[2025-07-18T07:04:00.514+0000] {processor.py:161} INFO - Started process (PID=526) to work on /home/airflow/.local/lib/python3.12/site-packages/airflow/example_dags/example_kubernetes_executor.py
[2025-07-18T07:04:00.527+0000] {processor.py:830} INFO - Processing file /home/airflow/.local/lib/python3.12/site-packages/airflow/example_dags/example_kubernetes_executor.py for tasks to queue
[2025-07-18T07:04:00.537+0000] {logging_mixin.py:188} INFO - [2025-07-18T07:04:00.535+0000] {dagbag.py:545} INFO - Filling up the DagBag from /home/airflow/.local/lib/python3.12/site-packages/airflow/example_dags/example_kubernetes_executor.py
[2025-07-18T07:04:00.626+0000] {processor.py:840} INFO - DAG(s) 'example_kubernetes_executor' retrieved from /home/airflow/.local/lib/python3.12/site-packages/airflow/example_dags/example_kubernetes_executor.py
[2025-07-18T07:04:00.822+0000] {logging_mixin.py:188} INFO - [2025-07-18T07:04:00.821+0000] {dag.py:3096} INFO - Sync 1 DAGs
[2025-07-18T07:04:00.893+0000] {logging_mixin.py:188} INFO - [2025-07-18T07:04:00.893+0000] {dag.py:3954} INFO - Setting next_dagrun for example_kubernetes_executor to None, run_after=None
[2025-07-18T07:04:01.012+0000] {processor.py:183} INFO - Processing /home/airflow/.local/lib/python3.12/site-packages/airflow/example_dags/example_kubernetes_executor.py took 0.528 seconds
