[2025-07-18T06:59:02.368+0000] {processor.py:161} INFO - Started process (PID=117) to work on /home/airflow/.local/lib/python3.12/site-packages/airflow/example_dags/example_dynamic_task_mapping_with_no_taskflow_operators.py
[2025-07-18T06:59:02.384+0000] {processor.py:830} INFO - Processing file /home/airflow/.local/lib/python3.12/site-packages/airflow/example_dags/example_dynamic_task_mapping_with_no_taskflow_operators.py for tasks to queue
[2025-07-18T06:59:02.408+0000] {logging_mixin.py:188} INFO - [2025-07-18T06:59:02.407+0000] {dagbag.py:545} INFO - Filling up the DagBag from /home/airflow/.local/lib/python3.12/site-packages/airflow/example_dags/example_dynamic_task_mapping_with_no_taskflow_operators.py
[2025-07-18T06:59:02.496+0000] {processor.py:840} INFO - DAG(s) 'example_dynamic_task_mapping_with_no_taskflow_operators' retrieved from /home/airflow/.local/lib/python3.12/site-packages/airflow/example_dags/example_dynamic_task_mapping_with_no_taskflow_operators.py
[2025-07-18T06:59:03.017+0000] {logging_mixin.py:188} INFO - [2025-07-18T06:59:03.016+0000] {dag.py:3096} INFO - Sync 1 DAGs
[2025-07-18T06:59:03.201+0000] {logging_mixin.py:188} INFO - [2025-07-18T06:59:03.190+0000] {dag.py:3954} INFO - Setting next_dagrun for example_dynamic_task_mapping_with_no_taskflow_operators to 2025-07-17 00:00:00+00:00, run_after=2025-07-18 00:00:00+00:00
[2025-07-18T06:59:03.362+0000] {processor.py:183} INFO - Processing /home/airflow/.local/lib/python3.12/site-packages/airflow/example_dags/example_dynamic_task_mapping_with_no_taskflow_operators.py took 1.067 seconds
[2025-07-18T07:00:58.142+0000] {processor.py:161} INFO - Started process (PID=193) to work on /home/airflow/.local/lib/python3.12/site-packages/airflow/example_dags/example_dynamic_task_mapping_with_no_taskflow_operators.py
[2025-07-18T07:00:58.157+0000] {processor.py:830} INFO - Processing file /home/airflow/.local/lib/python3.12/site-packages/airflow/example_dags/example_dynamic_task_mapping_with_no_taskflow_operators.py for tasks to queue
[2025-07-18T07:00:58.167+0000] {logging_mixin.py:188} INFO - [2025-07-18T07:00:58.164+0000] {dagbag.py:545} INFO - Filling up the DagBag from /home/airflow/.local/lib/python3.12/site-packages/airflow/example_dags/example_dynamic_task_mapping_with_no_taskflow_operators.py
[2025-07-18T07:00:58.216+0000] {processor.py:840} INFO - DAG(s) 'example_dynamic_task_mapping_with_no_taskflow_operators' retrieved from /home/airflow/.local/lib/python3.12/site-packages/airflow/example_dags/example_dynamic_task_mapping_with_no_taskflow_operators.py
[2025-07-18T07:00:58.575+0000] {logging_mixin.py:188} INFO - [2025-07-18T07:00:58.550+0000] {dag.py:3096} INFO - Sync 1 DAGs
[2025-07-18T07:00:58.970+0000] {logging_mixin.py:188} INFO - [2025-07-18T07:00:58.969+0000] {dag.py:3954} INFO - Setting next_dagrun for example_dynamic_task_mapping_with_no_taskflow_operators to 2025-07-17 00:00:00+00:00, run_after=2025-07-18 00:00:00+00:00
[2025-07-18T07:00:59.676+0000] {processor.py:183} INFO - Processing /home/airflow/.local/lib/python3.12/site-packages/airflow/example_dags/example_dynamic_task_mapping_with_no_taskflow_operators.py took 1.675 seconds
[2025-07-18T07:01:30.470+0000] {processor.py:161} INFO - Started process (PID=262) to work on /home/airflow/.local/lib/python3.12/site-packages/airflow/example_dags/example_dynamic_task_mapping_with_no_taskflow_operators.py
[2025-07-18T07:01:30.484+0000] {processor.py:830} INFO - Processing file /home/airflow/.local/lib/python3.12/site-packages/airflow/example_dags/example_dynamic_task_mapping_with_no_taskflow_operators.py for tasks to queue
[2025-07-18T07:01:30.512+0000] {logging_mixin.py:188} INFO - [2025-07-18T07:01:30.510+0000] {dagbag.py:545} INFO - Filling up the DagBag from /home/airflow/.local/lib/python3.12/site-packages/airflow/example_dags/example_dynamic_task_mapping_with_no_taskflow_operators.py
[2025-07-18T07:01:30.604+0000] {processor.py:840} INFO - DAG(s) 'example_dynamic_task_mapping_with_no_taskflow_operators' retrieved from /home/airflow/.local/lib/python3.12/site-packages/airflow/example_dags/example_dynamic_task_mapping_with_no_taskflow_operators.py
[2025-07-18T07:01:30.744+0000] {logging_mixin.py:188} INFO - [2025-07-18T07:01:30.740+0000] {dag.py:3096} INFO - Sync 1 DAGs
[2025-07-18T07:01:31.033+0000] {logging_mixin.py:188} INFO - [2025-07-18T07:01:31.031+0000] {dag.py:3954} INFO - Setting next_dagrun for example_dynamic_task_mapping_with_no_taskflow_operators to 2025-07-17 00:00:00+00:00, run_after=2025-07-18 00:00:00+00:00
[2025-07-18T07:01:31.435+0000] {processor.py:183} INFO - Processing /home/airflow/.local/lib/python3.12/site-packages/airflow/example_dags/example_dynamic_task_mapping_with_no_taskflow_operators.py took 1.003 seconds
[2025-07-18T07:02:16.739+0000] {processor.py:161} INFO - Started process (PID=324) to work on /home/airflow/.local/lib/python3.12/site-packages/airflow/example_dags/example_dynamic_task_mapping_with_no_taskflow_operators.py
[2025-07-18T07:02:16.752+0000] {processor.py:830} INFO - Processing file /home/airflow/.local/lib/python3.12/site-packages/airflow/example_dags/example_dynamic_task_mapping_with_no_taskflow_operators.py for tasks to queue
[2025-07-18T07:02:16.763+0000] {logging_mixin.py:188} INFO - [2025-07-18T07:02:16.760+0000] {dagbag.py:545} INFO - Filling up the DagBag from /home/airflow/.local/lib/python3.12/site-packages/airflow/example_dags/example_dynamic_task_mapping_with_no_taskflow_operators.py
[2025-07-18T07:02:16.816+0000] {processor.py:840} INFO - DAG(s) 'example_dynamic_task_mapping_with_no_taskflow_operators' retrieved from /home/airflow/.local/lib/python3.12/site-packages/airflow/example_dags/example_dynamic_task_mapping_with_no_taskflow_operators.py
[2025-07-18T07:02:18.492+0000] {logging_mixin.py:188} INFO - [2025-07-18T07:02:18.491+0000] {dag.py:3096} INFO - Sync 1 DAGs
[2025-07-18T07:02:18.789+0000] {logging_mixin.py:188} INFO - [2025-07-18T07:02:18.784+0000] {dag.py:3954} INFO - Setting next_dagrun for example_dynamic_task_mapping_with_no_taskflow_operators to 2025-07-17 00:00:00+00:00, run_after=2025-07-18 00:00:00+00:00
[2025-07-18T07:02:19.045+0000] {processor.py:183} INFO - Processing /home/airflow/.local/lib/python3.12/site-packages/airflow/example_dags/example_dynamic_task_mapping_with_no_taskflow_operators.py took 2.358 seconds
[2025-07-18T07:02:49.535+0000] {processor.py:161} INFO - Started process (PID=386) to work on /home/airflow/.local/lib/python3.12/site-packages/airflow/example_dags/example_dynamic_task_mapping_with_no_taskflow_operators.py
[2025-07-18T07:02:49.537+0000] {processor.py:830} INFO - Processing file /home/airflow/.local/lib/python3.12/site-packages/airflow/example_dags/example_dynamic_task_mapping_with_no_taskflow_operators.py for tasks to queue
[2025-07-18T07:02:49.541+0000] {logging_mixin.py:188} INFO - [2025-07-18T07:02:49.540+0000] {dagbag.py:545} INFO - Filling up the DagBag from /home/airflow/.local/lib/python3.12/site-packages/airflow/example_dags/example_dynamic_task_mapping_with_no_taskflow_operators.py
[2025-07-18T07:02:49.560+0000] {processor.py:840} INFO - DAG(s) 'example_dynamic_task_mapping_with_no_taskflow_operators' retrieved from /home/airflow/.local/lib/python3.12/site-packages/airflow/example_dags/example_dynamic_task_mapping_with_no_taskflow_operators.py
[2025-07-18T07:02:49.615+0000] {logging_mixin.py:188} INFO - [2025-07-18T07:02:49.614+0000] {dag.py:3096} INFO - Sync 1 DAGs
[2025-07-18T07:02:49.675+0000] {logging_mixin.py:188} INFO - [2025-07-18T07:02:49.674+0000] {dag.py:3954} INFO - Setting next_dagrun for example_dynamic_task_mapping_with_no_taskflow_operators to 2025-07-17 00:00:00+00:00, run_after=2025-07-18 00:00:00+00:00
[2025-07-18T07:02:49.734+0000] {processor.py:183} INFO - Processing /home/airflow/.local/lib/python3.12/site-packages/airflow/example_dags/example_dynamic_task_mapping_with_no_taskflow_operators.py took 0.214 seconds
[2025-07-18T07:03:20.317+0000] {processor.py:161} INFO - Started process (PID=448) to work on /home/airflow/.local/lib/python3.12/site-packages/airflow/example_dags/example_dynamic_task_mapping_with_no_taskflow_operators.py
[2025-07-18T07:03:20.323+0000] {processor.py:830} INFO - Processing file /home/airflow/.local/lib/python3.12/site-packages/airflow/example_dags/example_dynamic_task_mapping_with_no_taskflow_operators.py for tasks to queue
[2025-07-18T07:03:20.334+0000] {logging_mixin.py:188} INFO - [2025-07-18T07:03:20.331+0000] {dagbag.py:545} INFO - Filling up the DagBag from /home/airflow/.local/lib/python3.12/site-packages/airflow/example_dags/example_dynamic_task_mapping_with_no_taskflow_operators.py
[2025-07-18T07:03:20.377+0000] {processor.py:840} INFO - DAG(s) 'example_dynamic_task_mapping_with_no_taskflow_operators' retrieved from /home/airflow/.local/lib/python3.12/site-packages/airflow/example_dags/example_dynamic_task_mapping_with_no_taskflow_operators.py
[2025-07-18T07:03:20.472+0000] {logging_mixin.py:188} INFO - [2025-07-18T07:03:20.471+0000] {dag.py:3096} INFO - Sync 1 DAGs
[2025-07-18T07:03:20.556+0000] {logging_mixin.py:188} INFO - [2025-07-18T07:03:20.555+0000] {dag.py:3954} INFO - Setting next_dagrun for example_dynamic_task_mapping_with_no_taskflow_operators to 2025-07-17 00:00:00+00:00, run_after=2025-07-18 00:00:00+00:00
[2025-07-18T07:03:20.627+0000] {processor.py:183} INFO - Processing /home/airflow/.local/lib/python3.12/site-packages/airflow/example_dags/example_dynamic_task_mapping_with_no_taskflow_operators.py took 0.345 seconds
[2025-07-18T07:03:50.908+0000] {processor.py:161} INFO - Started process (PID=508) to work on /home/airflow/.local/lib/python3.12/site-packages/airflow/example_dags/example_dynamic_task_mapping_with_no_taskflow_operators.py
[2025-07-18T07:03:50.912+0000] {processor.py:830} INFO - Processing file /home/airflow/.local/lib/python3.12/site-packages/airflow/example_dags/example_dynamic_task_mapping_with_no_taskflow_operators.py for tasks to queue
[2025-07-18T07:03:50.917+0000] {logging_mixin.py:188} INFO - [2025-07-18T07:03:50.916+0000] {dagbag.py:545} INFO - Filling up the DagBag from /home/airflow/.local/lib/python3.12/site-packages/airflow/example_dags/example_dynamic_task_mapping_with_no_taskflow_operators.py
[2025-07-18T07:03:50.932+0000] {processor.py:840} INFO - DAG(s) 'example_dynamic_task_mapping_with_no_taskflow_operators' retrieved from /home/airflow/.local/lib/python3.12/site-packages/airflow/example_dags/example_dynamic_task_mapping_with_no_taskflow_operators.py
[2025-07-18T07:03:50.983+0000] {logging_mixin.py:188} INFO - [2025-07-18T07:03:50.982+0000] {dag.py:3096} INFO - Sync 1 DAGs
[2025-07-18T07:03:51.036+0000] {logging_mixin.py:188} INFO - [2025-07-18T07:03:51.036+0000] {dag.py:3954} INFO - Setting next_dagrun for example_dynamic_task_mapping_with_no_taskflow_operators to 2025-07-17 00:00:00+00:00, run_after=2025-07-18 00:00:00+00:00
[2025-07-18T07:03:51.088+0000] {processor.py:183} INFO - Processing /home/airflow/.local/lib/python3.12/site-packages/airflow/example_dags/example_dynamic_task_mapping_with_no_taskflow_operators.py took 0.194 seconds
[2025-07-18T07:04:38.566+0000] {processor.py:161} INFO - Started process (PID=576) to work on /home/airflow/.local/lib/python3.12/site-packages/airflow/example_dags/example_dynamic_task_mapping_with_no_taskflow_operators.py
[2025-07-18T07:04:38.569+0000] {processor.py:830} INFO - Processing file /home/airflow/.local/lib/python3.12/site-packages/airflow/example_dags/example_dynamic_task_mapping_with_no_taskflow_operators.py for tasks to queue
[2025-07-18T07:04:38.576+0000] {logging_mixin.py:188} INFO - [2025-07-18T07:04:38.574+0000] {dagbag.py:545} INFO - Filling up the DagBag from /home/airflow/.local/lib/python3.12/site-packages/airflow/example_dags/example_dynamic_task_mapping_with_no_taskflow_operators.py
[2025-07-18T07:04:38.597+0000] {processor.py:840} INFO - DAG(s) 'example_dynamic_task_mapping_with_no_taskflow_operators' retrieved from /home/airflow/.local/lib/python3.12/site-packages/airflow/example_dags/example_dynamic_task_mapping_with_no_taskflow_operators.py
[2025-07-18T07:04:38.685+0000] {logging_mixin.py:188} INFO - [2025-07-18T07:04:38.685+0000] {dag.py:3096} INFO - Sync 1 DAGs
[2025-07-18T07:04:38.795+0000] {logging_mixin.py:188} INFO - [2025-07-18T07:04:38.794+0000] {dag.py:3954} INFO - Setting next_dagrun for example_dynamic_task_mapping_with_no_taskflow_operators to 2025-07-17 00:00:00+00:00, run_after=2025-07-18 00:00:00+00:00
[2025-07-18T07:04:38.881+0000] {processor.py:183} INFO - Processing /home/airflow/.local/lib/python3.12/site-packages/airflow/example_dags/example_dynamic_task_mapping_with_no_taskflow_operators.py took 0.337 seconds
