[2025-07-18T06:59:13.628+0000] {processor.py:161} INFO - Started process (PID=126) to work on /home/airflow/.local/lib/python3.12/site-packages/airflow/example_dags/example_short_circuit_decorator.py
[2025-07-18T06:59:13.639+0000] {processor.py:830} INFO - Processing file /home/airflow/.local/lib/python3.12/site-packages/airflow/example_dags/example_short_circuit_decorator.py for tasks to queue
[2025-07-18T06:59:13.666+0000] {logging_mixin.py:188} INFO - [2025-07-18T06:59:13.664+0000] {dagbag.py:545} INFO - Filling up the DagBag from /home/airflow/.local/lib/python3.12/site-packages/airflow/example_dags/example_short_circuit_decorator.py
[2025-07-18T06:59:13.793+0000] {processor.py:840} INFO - DAG(s) 'example_short_circuit_decorator' retrieved from /home/airflow/.local/lib/python3.12/site-packages/airflow/example_dags/example_short_circuit_decorator.py
[2025-07-18T06:59:14.110+0000] {logging_mixin.py:188} INFO - [2025-07-18T06:59:14.109+0000] {dag.py:3096} INFO - Sync 1 DAGs
[2025-07-18T06:59:14.405+0000] {logging_mixin.py:188} INFO - [2025-07-18T06:59:14.403+0000] {dag.py:3954} INFO - Setting next_dagrun for example_short_circuit_decorator to 2025-07-17 00:00:00+00:00, run_after=2025-07-18 00:00:00+00:00
[2025-07-18T06:59:14.700+0000] {processor.py:183} INFO - Processing /home/airflow/.local/lib/python3.12/site-packages/airflow/example_dags/example_short_circuit_decorator.py took 1.150 seconds
[2025-07-18T07:01:05.618+0000] {processor.py:161} INFO - Started process (PID=208) to work on /home/airflow/.local/lib/python3.12/site-packages/airflow/example_dags/example_short_circuit_decorator.py
[2025-07-18T07:01:05.649+0000] {processor.py:830} INFO - Processing file /home/airflow/.local/lib/python3.12/site-packages/airflow/example_dags/example_short_circuit_decorator.py for tasks to queue
[2025-07-18T07:01:05.687+0000] {logging_mixin.py:188} INFO - [2025-07-18T07:01:05.684+0000] {dagbag.py:545} INFO - Filling up the DagBag from /home/airflow/.local/lib/python3.12/site-packages/airflow/example_dags/example_short_circuit_decorator.py
[2025-07-18T07:01:05.809+0000] {processor.py:840} INFO - DAG(s) 'example_short_circuit_decorator' retrieved from /home/airflow/.local/lib/python3.12/site-packages/airflow/example_dags/example_short_circuit_decorator.py
[2025-07-18T07:01:06.152+0000] {logging_mixin.py:188} INFO - [2025-07-18T07:01:06.151+0000] {dag.py:3096} INFO - Sync 1 DAGs
[2025-07-18T07:01:06.497+0000] {logging_mixin.py:188} INFO - [2025-07-18T07:01:06.495+0000] {dag.py:3954} INFO - Setting next_dagrun for example_short_circuit_decorator to 2025-07-17 00:00:00+00:00, run_after=2025-07-18 00:00:00+00:00
[2025-07-18T07:01:06.888+0000] {processor.py:183} INFO - Processing /home/airflow/.local/lib/python3.12/site-packages/airflow/example_dags/example_short_circuit_decorator.py took 1.414 seconds
[2025-07-18T07:01:38.956+0000] {processor.py:161} INFO - Started process (PID=271) to work on /home/airflow/.local/lib/python3.12/site-packages/airflow/example_dags/example_short_circuit_decorator.py
[2025-07-18T07:01:38.965+0000] {processor.py:830} INFO - Processing file /home/airflow/.local/lib/python3.12/site-packages/airflow/example_dags/example_short_circuit_decorator.py for tasks to queue
[2025-07-18T07:01:38.992+0000] {logging_mixin.py:188} INFO - [2025-07-18T07:01:38.989+0000] {dagbag.py:545} INFO - Filling up the DagBag from /home/airflow/.local/lib/python3.12/site-packages/airflow/example_dags/example_short_circuit_decorator.py
[2025-07-18T07:01:39.164+0000] {processor.py:840} INFO - DAG(s) 'example_short_circuit_decorator' retrieved from /home/airflow/.local/lib/python3.12/site-packages/airflow/example_dags/example_short_circuit_decorator.py
[2025-07-18T07:01:39.837+0000] {logging_mixin.py:188} INFO - [2025-07-18T07:01:39.836+0000] {dag.py:3096} INFO - Sync 1 DAGs
[2025-07-18T07:01:39.965+0000] {logging_mixin.py:188} INFO - [2025-07-18T07:01:39.964+0000] {dag.py:3954} INFO - Setting next_dagrun for example_short_circuit_decorator to 2025-07-17 00:00:00+00:00, run_after=2025-07-18 00:00:00+00:00
[2025-07-18T07:01:40.141+0000] {processor.py:183} INFO - Processing /home/airflow/.local/lib/python3.12/site-packages/airflow/example_dags/example_short_circuit_decorator.py took 1.229 seconds
[2025-07-18T07:02:23.975+0000] {processor.py:161} INFO - Started process (PID=333) to work on /home/airflow/.local/lib/python3.12/site-packages/airflow/example_dags/example_short_circuit_decorator.py
[2025-07-18T07:02:23.981+0000] {processor.py:830} INFO - Processing file /home/airflow/.local/lib/python3.12/site-packages/airflow/example_dags/example_short_circuit_decorator.py for tasks to queue
[2025-07-18T07:02:23.996+0000] {logging_mixin.py:188} INFO - [2025-07-18T07:02:23.994+0000] {dagbag.py:545} INFO - Filling up the DagBag from /home/airflow/.local/lib/python3.12/site-packages/airflow/example_dags/example_short_circuit_decorator.py
[2025-07-18T07:02:24.069+0000] {processor.py:840} INFO - DAG(s) 'example_short_circuit_decorator' retrieved from /home/airflow/.local/lib/python3.12/site-packages/airflow/example_dags/example_short_circuit_decorator.py
[2025-07-18T07:02:24.257+0000] {logging_mixin.py:188} INFO - [2025-07-18T07:02:24.252+0000] {dag.py:3096} INFO - Sync 1 DAGs
[2025-07-18T07:02:24.547+0000] {logging_mixin.py:188} INFO - [2025-07-18T07:02:24.545+0000] {dag.py:3954} INFO - Setting next_dagrun for example_short_circuit_decorator to 2025-07-17 00:00:00+00:00, run_after=2025-07-18 00:00:00+00:00
[2025-07-18T07:02:24.725+0000] {processor.py:183} INFO - Processing /home/airflow/.local/lib/python3.12/site-packages/airflow/example_dags/example_short_circuit_decorator.py took 0.804 seconds
[2025-07-18T07:02:54.996+0000] {processor.py:161} INFO - Started process (PID=395) to work on /home/airflow/.local/lib/python3.12/site-packages/airflow/example_dags/example_short_circuit_decorator.py
[2025-07-18T07:02:54.999+0000] {processor.py:830} INFO - Processing file /home/airflow/.local/lib/python3.12/site-packages/airflow/example_dags/example_short_circuit_decorator.py for tasks to queue
[2025-07-18T07:02:55.004+0000] {logging_mixin.py:188} INFO - [2025-07-18T07:02:55.003+0000] {dagbag.py:545} INFO - Filling up the DagBag from /home/airflow/.local/lib/python3.12/site-packages/airflow/example_dags/example_short_circuit_decorator.py
[2025-07-18T07:02:55.037+0000] {processor.py:840} INFO - DAG(s) 'example_short_circuit_decorator' retrieved from /home/airflow/.local/lib/python3.12/site-packages/airflow/example_dags/example_short_circuit_decorator.py
[2025-07-18T07:02:55.119+0000] {logging_mixin.py:188} INFO - [2025-07-18T07:02:55.119+0000] {dag.py:3096} INFO - Sync 1 DAGs
[2025-07-18T07:02:55.205+0000] {logging_mixin.py:188} INFO - [2025-07-18T07:02:55.204+0000] {dag.py:3954} INFO - Setting next_dagrun for example_short_circuit_decorator to 2025-07-17 00:00:00+00:00, run_after=2025-07-18 00:00:00+00:00
[2025-07-18T07:02:55.335+0000] {processor.py:183} INFO - Processing /home/airflow/.local/lib/python3.12/site-packages/airflow/example_dags/example_short_circuit_decorator.py took 0.353 seconds
[2025-07-18T07:03:26.722+0000] {processor.py:161} INFO - Started process (PID=457) to work on /home/airflow/.local/lib/python3.12/site-packages/airflow/example_dags/example_short_circuit_decorator.py
[2025-07-18T07:03:26.725+0000] {processor.py:830} INFO - Processing file /home/airflow/.local/lib/python3.12/site-packages/airflow/example_dags/example_short_circuit_decorator.py for tasks to queue
[2025-07-18T07:03:26.732+0000] {logging_mixin.py:188} INFO - [2025-07-18T07:03:26.731+0000] {dagbag.py:545} INFO - Filling up the DagBag from /home/airflow/.local/lib/python3.12/site-packages/airflow/example_dags/example_short_circuit_decorator.py
[2025-07-18T07:03:26.762+0000] {processor.py:840} INFO - DAG(s) 'example_short_circuit_decorator' retrieved from /home/airflow/.local/lib/python3.12/site-packages/airflow/example_dags/example_short_circuit_decorator.py
[2025-07-18T07:03:26.836+0000] {logging_mixin.py:188} INFO - [2025-07-18T07:03:26.836+0000] {dag.py:3096} INFO - Sync 1 DAGs
[2025-07-18T07:03:26.898+0000] {logging_mixin.py:188} INFO - [2025-07-18T07:03:26.898+0000] {dag.py:3954} INFO - Setting next_dagrun for example_short_circuit_decorator to 2025-07-17 00:00:00+00:00, run_after=2025-07-18 00:00:00+00:00
[2025-07-18T07:03:26.965+0000] {processor.py:183} INFO - Processing /home/airflow/.local/lib/python3.12/site-packages/airflow/example_dags/example_short_circuit_decorator.py took 0.259 seconds
[2025-07-18T07:03:58.160+0000] {processor.py:161} INFO - Started process (PID=520) to work on /home/airflow/.local/lib/python3.12/site-packages/airflow/example_dags/example_short_circuit_decorator.py
[2025-07-18T07:03:58.164+0000] {processor.py:830} INFO - Processing file /home/airflow/.local/lib/python3.12/site-packages/airflow/example_dags/example_short_circuit_decorator.py for tasks to queue
[2025-07-18T07:03:58.169+0000] {logging_mixin.py:188} INFO - [2025-07-18T07:03:58.168+0000] {dagbag.py:545} INFO - Filling up the DagBag from /home/airflow/.local/lib/python3.12/site-packages/airflow/example_dags/example_short_circuit_decorator.py
[2025-07-18T07:03:58.193+0000] {processor.py:840} INFO - DAG(s) 'example_short_circuit_decorator' retrieved from /home/airflow/.local/lib/python3.12/site-packages/airflow/example_dags/example_short_circuit_decorator.py
[2025-07-18T07:03:58.254+0000] {logging_mixin.py:188} INFO - [2025-07-18T07:03:58.254+0000] {dag.py:3096} INFO - Sync 1 DAGs
[2025-07-18T07:03:58.308+0000] {logging_mixin.py:188} INFO - [2025-07-18T07:03:58.307+0000] {dag.py:3954} INFO - Setting next_dagrun for example_short_circuit_decorator to 2025-07-17 00:00:00+00:00, run_after=2025-07-18 00:00:00+00:00
[2025-07-18T07:03:58.365+0000] {processor.py:183} INFO - Processing /home/airflow/.local/lib/python3.12/site-packages/airflow/example_dags/example_short_circuit_decorator.py took 0.223 seconds
[2025-07-18T07:04:41.168+0000] {processor.py:161} INFO - Started process (PID=585) to work on /home/airflow/.local/lib/python3.12/site-packages/airflow/example_dags/example_short_circuit_decorator.py
[2025-07-18T07:04:41.178+0000] {processor.py:830} INFO - Processing file /home/airflow/.local/lib/python3.12/site-packages/airflow/example_dags/example_short_circuit_decorator.py for tasks to queue
[2025-07-18T07:04:41.205+0000] {logging_mixin.py:188} INFO - [2025-07-18T07:04:41.200+0000] {dagbag.py:545} INFO - Filling up the DagBag from /home/airflow/.local/lib/python3.12/site-packages/airflow/example_dags/example_short_circuit_decorator.py
[2025-07-18T07:04:41.275+0000] {processor.py:840} INFO - DAG(s) 'example_short_circuit_decorator' retrieved from /home/airflow/.local/lib/python3.12/site-packages/airflow/example_dags/example_short_circuit_decorator.py
[2025-07-18T07:04:41.474+0000] {logging_mixin.py:188} INFO - [2025-07-18T07:04:41.473+0000] {dag.py:3096} INFO - Sync 1 DAGs
[2025-07-18T07:04:41.687+0000] {logging_mixin.py:188} INFO - [2025-07-18T07:04:41.685+0000] {dag.py:3954} INFO - Setting next_dagrun for example_short_circuit_decorator to 2025-07-17 00:00:00+00:00, run_after=2025-07-18 00:00:00+00:00
[2025-07-18T07:04:41.992+0000] {processor.py:183} INFO - Processing /home/airflow/.local/lib/python3.12/site-packages/airflow/example_dags/example_short_circuit_decorator.py took 0.882 seconds
