[2025-07-18T06:58:30.172+0000] {processor.py:161} INFO - Started process (PID=89) to work on /home/airflow/.local/lib/python3.12/site-packages/airflow/example_dags/example_xcomargs.py
[2025-07-18T06:58:30.187+0000] {processor.py:830} INFO - Processing file /home/airflow/.local/lib/python3.12/site-packages/airflow/example_dags/example_xcomargs.py for tasks to queue
[2025-07-18T06:58:30.197+0000] {logging_mixin.py:188} INFO - [2025-07-18T06:58:30.196+0000] {dagbag.py:545} INFO - Filling up the DagBag from /home/airflow/.local/lib/python3.12/site-packages/airflow/example_dags/example_xcomargs.py
[2025-07-18T06:58:30.310+0000] {processor.py:840} INFO - DAG(s) 'example_xcom_args_with_operators', 'example_xcom_args' retrieved from /home/airflow/.local/lib/python3.12/site-packages/airflow/example_dags/example_xcomargs.py
[2025-07-18T06:58:30.675+0000] {logging_mixin.py:188} INFO - [2025-07-18T06:58:30.662+0000] {dag.py:3096} INFO - Sync 2 DAGs
[2025-07-18T06:58:30.963+0000] {logging_mixin.py:188} INFO - [2025-07-18T06:58:30.962+0000] {dag.py:3954} INFO - Setting next_dagrun for example_xcom_args to None, run_after=None
[2025-07-18T06:58:31.009+0000] {logging_mixin.py:188} INFO - [2025-07-18T06:58:31.008+0000] {dag.py:3954} INFO - Setting next_dagrun for example_xcom_args_with_operators to None, run_after=None
[2025-07-18T06:58:31.200+0000] {processor.py:183} INFO - Processing /home/airflow/.local/lib/python3.12/site-packages/airflow/example_dags/example_xcomargs.py took 1.072 seconds
[2025-07-18T07:00:21.351+0000] {processor.py:161} INFO - Started process (PID=164) to work on /home/airflow/.local/lib/python3.12/site-packages/airflow/example_dags/example_xcomargs.py
[2025-07-18T07:00:21.367+0000] {processor.py:830} INFO - Processing file /home/airflow/.local/lib/python3.12/site-packages/airflow/example_dags/example_xcomargs.py for tasks to queue
[2025-07-18T07:00:21.414+0000] {logging_mixin.py:188} INFO - [2025-07-18T07:00:21.412+0000] {dagbag.py:545} INFO - Filling up the DagBag from /home/airflow/.local/lib/python3.12/site-packages/airflow/example_dags/example_xcomargs.py
[2025-07-18T07:00:21.523+0000] {processor.py:840} INFO - DAG(s) 'example_xcom_args', 'example_xcom_args_with_operators' retrieved from /home/airflow/.local/lib/python3.12/site-packages/airflow/example_dags/example_xcomargs.py
[2025-07-18T07:00:21.896+0000] {logging_mixin.py:188} INFO - [2025-07-18T07:00:21.895+0000] {dag.py:3096} INFO - Sync 2 DAGs
[2025-07-18T07:00:22.111+0000] {logging_mixin.py:188} INFO - [2025-07-18T07:00:22.110+0000] {dag.py:3954} INFO - Setting next_dagrun for example_xcom_args to None, run_after=None
[2025-07-18T07:00:22.136+0000] {logging_mixin.py:188} INFO - [2025-07-18T07:00:22.135+0000] {dag.py:3954} INFO - Setting next_dagrun for example_xcom_args_with_operators to None, run_after=None
[2025-07-18T07:00:22.299+0000] {processor.py:183} INFO - Processing /home/airflow/.local/lib/python3.12/site-packages/airflow/example_dags/example_xcomargs.py took 1.007 seconds
[2025-07-18T07:01:18.274+0000] {processor.py:161} INFO - Started process (PID=231) to work on /home/airflow/.local/lib/python3.12/site-packages/airflow/example_dags/example_xcomargs.py
[2025-07-18T07:01:18.287+0000] {processor.py:830} INFO - Processing file /home/airflow/.local/lib/python3.12/site-packages/airflow/example_dags/example_xcomargs.py for tasks to queue
[2025-07-18T07:01:18.293+0000] {logging_mixin.py:188} INFO - [2025-07-18T07:01:18.292+0000] {dagbag.py:545} INFO - Filling up the DagBag from /home/airflow/.local/lib/python3.12/site-packages/airflow/example_dags/example_xcomargs.py
[2025-07-18T07:01:18.328+0000] {processor.py:840} INFO - DAG(s) 'example_xcom_args', 'example_xcom_args_with_operators' retrieved from /home/airflow/.local/lib/python3.12/site-packages/airflow/example_dags/example_xcomargs.py
[2025-07-18T07:01:18.398+0000] {logging_mixin.py:188} INFO - [2025-07-18T07:01:18.397+0000] {dag.py:3096} INFO - Sync 2 DAGs
[2025-07-18T07:01:18.565+0000] {logging_mixin.py:188} INFO - [2025-07-18T07:01:18.564+0000] {dag.py:3954} INFO - Setting next_dagrun for example_xcom_args to None, run_after=None
[2025-07-18T07:01:18.629+0000] {logging_mixin.py:188} INFO - [2025-07-18T07:01:18.616+0000] {dag.py:3954} INFO - Setting next_dagrun for example_xcom_args_with_operators to None, run_after=None
[2025-07-18T07:01:18.770+0000] {processor.py:183} INFO - Processing /home/airflow/.local/lib/python3.12/site-packages/airflow/example_dags/example_xcomargs.py took 0.516 seconds
[2025-07-18T07:01:59.720+0000] {processor.py:161} INFO - Started process (PID=292) to work on /home/airflow/.local/lib/python3.12/site-packages/airflow/example_dags/example_xcomargs.py
[2025-07-18T07:01:59.725+0000] {processor.py:830} INFO - Processing file /home/airflow/.local/lib/python3.12/site-packages/airflow/example_dags/example_xcomargs.py for tasks to queue
[2025-07-18T07:01:59.732+0000] {logging_mixin.py:188} INFO - [2025-07-18T07:01:59.731+0000] {dagbag.py:545} INFO - Filling up the DagBag from /home/airflow/.local/lib/python3.12/site-packages/airflow/example_dags/example_xcomargs.py
[2025-07-18T07:01:59.759+0000] {processor.py:840} INFO - DAG(s) 'example_xcom_args_with_operators', 'example_xcom_args' retrieved from /home/airflow/.local/lib/python3.12/site-packages/airflow/example_dags/example_xcomargs.py
[2025-07-18T07:02:00.336+0000] {logging_mixin.py:188} INFO - [2025-07-18T07:02:00.335+0000] {dag.py:3096} INFO - Sync 2 DAGs
[2025-07-18T07:02:00.394+0000] {logging_mixin.py:188} INFO - [2025-07-18T07:02:00.393+0000] {dag.py:3954} INFO - Setting next_dagrun for example_xcom_args to None, run_after=None
[2025-07-18T07:02:00.410+0000] {logging_mixin.py:188} INFO - [2025-07-18T07:02:00.409+0000] {dag.py:3954} INFO - Setting next_dagrun for example_xcom_args_with_operators to None, run_after=None
[2025-07-18T07:02:00.505+0000] {processor.py:183} INFO - Processing /home/airflow/.local/lib/python3.12/site-packages/airflow/example_dags/example_xcomargs.py took 0.812 seconds
[2025-07-18T07:02:31.359+0000] {processor.py:161} INFO - Started process (PID=358) to work on /home/airflow/.local/lib/python3.12/site-packages/airflow/example_dags/example_xcomargs.py
[2025-07-18T07:02:31.363+0000] {processor.py:830} INFO - Processing file /home/airflow/.local/lib/python3.12/site-packages/airflow/example_dags/example_xcomargs.py for tasks to queue
[2025-07-18T07:02:31.373+0000] {logging_mixin.py:188} INFO - [2025-07-18T07:02:31.371+0000] {dagbag.py:545} INFO - Filling up the DagBag from /home/airflow/.local/lib/python3.12/site-packages/airflow/example_dags/example_xcomargs.py
[2025-07-18T07:02:31.413+0000] {processor.py:840} INFO - DAG(s) 'example_xcom_args', 'example_xcom_args_with_operators' retrieved from /home/airflow/.local/lib/python3.12/site-packages/airflow/example_dags/example_xcomargs.py
[2025-07-18T07:02:31.538+0000] {logging_mixin.py:188} INFO - [2025-07-18T07:02:31.537+0000] {dag.py:3096} INFO - Sync 2 DAGs
[2025-07-18T07:02:31.624+0000] {logging_mixin.py:188} INFO - [2025-07-18T07:02:31.623+0000] {dag.py:3954} INFO - Setting next_dagrun for example_xcom_args to None, run_after=None
[2025-07-18T07:02:31.658+0000] {logging_mixin.py:188} INFO - [2025-07-18T07:02:31.657+0000] {dag.py:3954} INFO - Setting next_dagrun for example_xcom_args_with_operators to None, run_after=None
[2025-07-18T07:02:31.760+0000] {processor.py:183} INFO - Processing /home/airflow/.local/lib/python3.12/site-packages/airflow/example_dags/example_xcomargs.py took 0.436 seconds
[2025-07-18T07:03:03.099+0000] {processor.py:161} INFO - Started process (PID=418) to work on /home/airflow/.local/lib/python3.12/site-packages/airflow/example_dags/example_xcomargs.py
[2025-07-18T07:03:03.110+0000] {processor.py:830} INFO - Processing file /home/airflow/.local/lib/python3.12/site-packages/airflow/example_dags/example_xcomargs.py for tasks to queue
[2025-07-18T07:03:03.122+0000] {logging_mixin.py:188} INFO - [2025-07-18T07:03:03.120+0000] {dagbag.py:545} INFO - Filling up the DagBag from /home/airflow/.local/lib/python3.12/site-packages/airflow/example_dags/example_xcomargs.py
[2025-07-18T07:03:03.188+0000] {processor.py:840} INFO - DAG(s) 'example_xcom_args_with_operators', 'example_xcom_args' retrieved from /home/airflow/.local/lib/python3.12/site-packages/airflow/example_dags/example_xcomargs.py
[2025-07-18T07:03:03.372+0000] {logging_mixin.py:188} INFO - [2025-07-18T07:03:03.371+0000] {dag.py:3096} INFO - Sync 2 DAGs
[2025-07-18T07:03:03.442+0000] {logging_mixin.py:188} INFO - [2025-07-18T07:03:03.441+0000] {dag.py:3954} INFO - Setting next_dagrun for example_xcom_args to None, run_after=None
[2025-07-18T07:03:03.462+0000] {logging_mixin.py:188} INFO - [2025-07-18T07:03:03.462+0000] {dag.py:3954} INFO - Setting next_dagrun for example_xcom_args_with_operators to None, run_after=None
[2025-07-18T07:03:03.574+0000] {processor.py:183} INFO - Processing /home/airflow/.local/lib/python3.12/site-packages/airflow/example_dags/example_xcomargs.py took 0.518 seconds
[2025-07-18T07:03:34.323+0000] {processor.py:161} INFO - Started process (PID=480) to work on /home/airflow/.local/lib/python3.12/site-packages/airflow/example_dags/example_xcomargs.py
[2025-07-18T07:03:34.331+0000] {processor.py:830} INFO - Processing file /home/airflow/.local/lib/python3.12/site-packages/airflow/example_dags/example_xcomargs.py for tasks to queue
[2025-07-18T07:03:34.340+0000] {logging_mixin.py:188} INFO - [2025-07-18T07:03:34.339+0000] {dagbag.py:545} INFO - Filling up the DagBag from /home/airflow/.local/lib/python3.12/site-packages/airflow/example_dags/example_xcomargs.py
[2025-07-18T07:03:34.362+0000] {processor.py:840} INFO - DAG(s) 'example_xcom_args', 'example_xcom_args_with_operators' retrieved from /home/airflow/.local/lib/python3.12/site-packages/airflow/example_dags/example_xcomargs.py
[2025-07-18T07:03:34.442+0000] {logging_mixin.py:188} INFO - [2025-07-18T07:03:34.441+0000] {dag.py:3096} INFO - Sync 2 DAGs
[2025-07-18T07:03:34.490+0000] {logging_mixin.py:188} INFO - [2025-07-18T07:03:34.489+0000] {dag.py:3954} INFO - Setting next_dagrun for example_xcom_args to None, run_after=None
[2025-07-18T07:03:34.505+0000] {logging_mixin.py:188} INFO - [2025-07-18T07:03:34.504+0000] {dag.py:3954} INFO - Setting next_dagrun for example_xcom_args_with_operators to None, run_after=None
[2025-07-18T07:03:34.571+0000] {processor.py:183} INFO - Processing /home/airflow/.local/lib/python3.12/site-packages/airflow/example_dags/example_xcomargs.py took 0.285 seconds
[2025-07-18T07:04:04.707+0000] {processor.py:161} INFO - Started process (PID=541) to work on /home/airflow/.local/lib/python3.12/site-packages/airflow/example_dags/example_xcomargs.py
[2025-07-18T07:04:04.710+0000] {processor.py:830} INFO - Processing file /home/airflow/.local/lib/python3.12/site-packages/airflow/example_dags/example_xcomargs.py for tasks to queue
[2025-07-18T07:04:04.718+0000] {logging_mixin.py:188} INFO - [2025-07-18T07:04:04.717+0000] {dagbag.py:545} INFO - Filling up the DagBag from /home/airflow/.local/lib/python3.12/site-packages/airflow/example_dags/example_xcomargs.py
[2025-07-18T07:04:04.741+0000] {processor.py:840} INFO - DAG(s) 'example_xcom_args', 'example_xcom_args_with_operators' retrieved from /home/airflow/.local/lib/python3.12/site-packages/airflow/example_dags/example_xcomargs.py
[2025-07-18T07:04:04.833+0000] {logging_mixin.py:188} INFO - [2025-07-18T07:04:04.833+0000] {dag.py:3096} INFO - Sync 2 DAGs
[2025-07-18T07:04:04.895+0000] {logging_mixin.py:188} INFO - [2025-07-18T07:04:04.894+0000] {dag.py:3954} INFO - Setting next_dagrun for example_xcom_args to None, run_after=None
[2025-07-18T07:04:04.909+0000] {logging_mixin.py:188} INFO - [2025-07-18T07:04:04.908+0000] {dag.py:3954} INFO - Setting next_dagrun for example_xcom_args_with_operators to None, run_after=None
[2025-07-18T07:04:04.982+0000] {processor.py:183} INFO - Processing /home/airflow/.local/lib/python3.12/site-packages/airflow/example_dags/example_xcomargs.py took 0.294 seconds
