[2025-07-18T06:58:40.172+0000] {processor.py:161} INFO - Started process (PID=97) to work on /home/airflow/.local/lib/python3.12/site-packages/airflow/example_dags/example_branch_day_of_week_operator.py
[2025-07-18T06:58:40.184+0000] {processor.py:830} INFO - Processing file /home/airflow/.local/lib/python3.12/site-packages/airflow/example_dags/example_branch_day_of_week_operator.py for tasks to queue
[2025-07-18T06:58:40.209+0000] {logging_mixin.py:188} INFO - [2025-07-18T06:58:40.203+0000] {dagbag.py:545} INFO - Filling up the DagBag from /home/airflow/.local/lib/python3.12/site-packages/airflow/example_dags/example_branch_day_of_week_operator.py
[2025-07-18T06:58:40.317+0000] {processor.py:840} INFO - DAG(s) 'example_weekday_branch_operator' retrieved from /home/airflow/.local/lib/python3.12/site-packages/airflow/example_dags/example_branch_day_of_week_operator.py
[2025-07-18T06:58:40.646+0000] {logging_mixin.py:188} INFO - [2025-07-18T06:58:40.645+0000] {dag.py:3096} INFO - Sync 1 DAGs
[2025-07-18T06:58:40.893+0000] {logging_mixin.py:188} INFO - [2025-07-18T06:58:40.882+0000] {dag.py:3954} INFO - Setting next_dagrun for example_weekday_branch_operator to 2025-07-17 00:00:00+00:00, run_after=2025-07-18 00:00:00+00:00
[2025-07-18T06:58:41.100+0000] {processor.py:183} INFO - Processing /home/airflow/.local/lib/python3.12/site-packages/airflow/example_dags/example_branch_day_of_week_operator.py took 0.988 seconds
[2025-07-18T07:00:33.869+0000] {processor.py:161} INFO - Started process (PID=177) to work on /home/airflow/.local/lib/python3.12/site-packages/airflow/example_dags/example_branch_day_of_week_operator.py
[2025-07-18T07:00:33.876+0000] {processor.py:830} INFO - Processing file /home/airflow/.local/lib/python3.12/site-packages/airflow/example_dags/example_branch_day_of_week_operator.py for tasks to queue
[2025-07-18T07:00:33.893+0000] {logging_mixin.py:188} INFO - [2025-07-18T07:00:33.891+0000] {dagbag.py:545} INFO - Filling up the DagBag from /home/airflow/.local/lib/python3.12/site-packages/airflow/example_dags/example_branch_day_of_week_operator.py
[2025-07-18T07:00:33.952+0000] {processor.py:840} INFO - DAG(s) 'example_weekday_branch_operator' retrieved from /home/airflow/.local/lib/python3.12/site-packages/airflow/example_dags/example_branch_day_of_week_operator.py
[2025-07-18T07:00:34.111+0000] {logging_mixin.py:188} INFO - [2025-07-18T07:00:34.102+0000] {dag.py:3096} INFO - Sync 1 DAGs
[2025-07-18T07:00:34.317+0000] {logging_mixin.py:188} INFO - [2025-07-18T07:00:34.316+0000] {dag.py:3954} INFO - Setting next_dagrun for example_weekday_branch_operator to 2025-07-17 00:00:00+00:00, run_after=2025-07-18 00:00:00+00:00
[2025-07-18T07:00:34.477+0000] {processor.py:183} INFO - Processing /home/airflow/.local/lib/python3.12/site-packages/airflow/example_dags/example_branch_day_of_week_operator.py took 0.643 seconds
[2025-07-18T07:01:23.060+0000] {processor.py:161} INFO - Started process (PID=239) to work on /home/airflow/.local/lib/python3.12/site-packages/airflow/example_dags/example_branch_day_of_week_operator.py
[2025-07-18T07:01:23.082+0000] {processor.py:830} INFO - Processing file /home/airflow/.local/lib/python3.12/site-packages/airflow/example_dags/example_branch_day_of_week_operator.py for tasks to queue
[2025-07-18T07:01:23.112+0000] {logging_mixin.py:188} INFO - [2025-07-18T07:01:23.102+0000] {dagbag.py:545} INFO - Filling up the DagBag from /home/airflow/.local/lib/python3.12/site-packages/airflow/example_dags/example_branch_day_of_week_operator.py
[2025-07-18T07:01:23.176+0000] {processor.py:840} INFO - DAG(s) 'example_weekday_branch_operator' retrieved from /home/airflow/.local/lib/python3.12/site-packages/airflow/example_dags/example_branch_day_of_week_operator.py
[2025-07-18T07:01:23.258+0000] {logging_mixin.py:188} INFO - [2025-07-18T07:01:23.257+0000] {dag.py:3096} INFO - Sync 1 DAGs
[2025-07-18T07:01:23.605+0000] {logging_mixin.py:188} INFO - [2025-07-18T07:01:23.604+0000] {dag.py:3954} INFO - Setting next_dagrun for example_weekday_branch_operator to 2025-07-17 00:00:00+00:00, run_after=2025-07-18 00:00:00+00:00
[2025-07-18T07:01:23.799+0000] {processor.py:183} INFO - Processing /home/airflow/.local/lib/python3.12/site-packages/airflow/example_dags/example_branch_day_of_week_operator.py took 0.802 seconds
[2025-07-18T07:02:04.375+0000] {processor.py:161} INFO - Started process (PID=306) to work on /home/airflow/.local/lib/python3.12/site-packages/airflow/example_dags/example_branch_day_of_week_operator.py
[2025-07-18T07:02:04.378+0000] {processor.py:830} INFO - Processing file /home/airflow/.local/lib/python3.12/site-packages/airflow/example_dags/example_branch_day_of_week_operator.py for tasks to queue
[2025-07-18T07:02:04.383+0000] {logging_mixin.py:188} INFO - [2025-07-18T07:02:04.382+0000] {dagbag.py:545} INFO - Filling up the DagBag from /home/airflow/.local/lib/python3.12/site-packages/airflow/example_dags/example_branch_day_of_week_operator.py
[2025-07-18T07:02:04.401+0000] {processor.py:840} INFO - DAG(s) 'example_weekday_branch_operator' retrieved from /home/airflow/.local/lib/python3.12/site-packages/airflow/example_dags/example_branch_day_of_week_operator.py
[2025-07-18T07:02:04.760+0000] {logging_mixin.py:188} INFO - [2025-07-18T07:02:04.760+0000] {dag.py:3096} INFO - Sync 1 DAGs
[2025-07-18T07:02:04.816+0000] {logging_mixin.py:188} INFO - [2025-07-18T07:02:04.815+0000] {dag.py:3954} INFO - Setting next_dagrun for example_weekday_branch_operator to 2025-07-17 00:00:00+00:00, run_after=2025-07-18 00:00:00+00:00
[2025-07-18T07:02:04.869+0000] {processor.py:183} INFO - Processing /home/airflow/.local/lib/python3.12/site-packages/airflow/example_dags/example_branch_day_of_week_operator.py took 0.506 seconds
[2025-07-18T07:02:35.683+0000] {processor.py:161} INFO - Started process (PID=368) to work on /home/airflow/.local/lib/python3.12/site-packages/airflow/example_dags/example_branch_day_of_week_operator.py
[2025-07-18T07:02:35.686+0000] {processor.py:830} INFO - Processing file /home/airflow/.local/lib/python3.12/site-packages/airflow/example_dags/example_branch_day_of_week_operator.py for tasks to queue
[2025-07-18T07:02:35.693+0000] {logging_mixin.py:188} INFO - [2025-07-18T07:02:35.692+0000] {dagbag.py:545} INFO - Filling up the DagBag from /home/airflow/.local/lib/python3.12/site-packages/airflow/example_dags/example_branch_day_of_week_operator.py
[2025-07-18T07:02:35.715+0000] {processor.py:840} INFO - DAG(s) 'example_weekday_branch_operator' retrieved from /home/airflow/.local/lib/python3.12/site-packages/airflow/example_dags/example_branch_day_of_week_operator.py
[2025-07-18T07:02:35.783+0000] {logging_mixin.py:188} INFO - [2025-07-18T07:02:35.783+0000] {dag.py:3096} INFO - Sync 1 DAGs
[2025-07-18T07:02:35.849+0000] {logging_mixin.py:188} INFO - [2025-07-18T07:02:35.849+0000] {dag.py:3954} INFO - Setting next_dagrun for example_weekday_branch_operator to 2025-07-17 00:00:00+00:00, run_after=2025-07-18 00:00:00+00:00
[2025-07-18T07:02:35.913+0000] {processor.py:183} INFO - Processing /home/airflow/.local/lib/python3.12/site-packages/airflow/example_dags/example_branch_day_of_week_operator.py took 0.249 seconds
[2025-07-18T07:03:10.276+0000] {processor.py:161} INFO - Started process (PID=430) to work on /home/airflow/.local/lib/python3.12/site-packages/airflow/example_dags/example_branch_day_of_week_operator.py
[2025-07-18T07:03:10.279+0000] {processor.py:830} INFO - Processing file /home/airflow/.local/lib/python3.12/site-packages/airflow/example_dags/example_branch_day_of_week_operator.py for tasks to queue
[2025-07-18T07:03:10.285+0000] {logging_mixin.py:188} INFO - [2025-07-18T07:03:10.284+0000] {dagbag.py:545} INFO - Filling up the DagBag from /home/airflow/.local/lib/python3.12/site-packages/airflow/example_dags/example_branch_day_of_week_operator.py
[2025-07-18T07:03:10.308+0000] {processor.py:840} INFO - DAG(s) 'example_weekday_branch_operator' retrieved from /home/airflow/.local/lib/python3.12/site-packages/airflow/example_dags/example_branch_day_of_week_operator.py
[2025-07-18T07:03:10.377+0000] {logging_mixin.py:188} INFO - [2025-07-18T07:03:10.376+0000] {dag.py:3096} INFO - Sync 1 DAGs
[2025-07-18T07:03:10.448+0000] {logging_mixin.py:188} INFO - [2025-07-18T07:03:10.447+0000] {dag.py:3954} INFO - Setting next_dagrun for example_weekday_branch_operator to 2025-07-17 00:00:00+00:00, run_after=2025-07-18 00:00:00+00:00
[2025-07-18T07:03:10.508+0000] {processor.py:183} INFO - Processing /home/airflow/.local/lib/python3.12/site-packages/airflow/example_dags/example_branch_day_of_week_operator.py took 0.256 seconds
[2025-07-18T07:03:41.493+0000] {processor.py:161} INFO - Started process (PID=492) to work on /home/airflow/.local/lib/python3.12/site-packages/airflow/example_dags/example_branch_day_of_week_operator.py
[2025-07-18T07:03:41.500+0000] {processor.py:830} INFO - Processing file /home/airflow/.local/lib/python3.12/site-packages/airflow/example_dags/example_branch_day_of_week_operator.py for tasks to queue
[2025-07-18T07:03:41.519+0000] {logging_mixin.py:188} INFO - [2025-07-18T07:03:41.518+0000] {dagbag.py:545} INFO - Filling up the DagBag from /home/airflow/.local/lib/python3.12/site-packages/airflow/example_dags/example_branch_day_of_week_operator.py
[2025-07-18T07:03:41.612+0000] {processor.py:840} INFO - DAG(s) 'example_weekday_branch_operator' retrieved from /home/airflow/.local/lib/python3.12/site-packages/airflow/example_dags/example_branch_day_of_week_operator.py
[2025-07-18T07:03:41.821+0000] {logging_mixin.py:188} INFO - [2025-07-18T07:03:41.820+0000] {dag.py:3096} INFO - Sync 1 DAGs
[2025-07-18T07:03:42.143+0000] {logging_mixin.py:188} INFO - [2025-07-18T07:03:42.141+0000] {dag.py:3954} INFO - Setting next_dagrun for example_weekday_branch_operator to 2025-07-17 00:00:00+00:00, run_after=2025-07-18 00:00:00+00:00
[2025-07-18T07:03:42.354+0000] {processor.py:183} INFO - Processing /home/airflow/.local/lib/python3.12/site-packages/airflow/example_dags/example_branch_day_of_week_operator.py took 0.930 seconds
[2025-07-18T07:04:13.314+0000] {processor.py:161} INFO - Started process (PID=552) to work on /home/airflow/.local/lib/python3.12/site-packages/airflow/example_dags/example_branch_day_of_week_operator.py
[2025-07-18T07:04:13.327+0000] {processor.py:830} INFO - Processing file /home/airflow/.local/lib/python3.12/site-packages/airflow/example_dags/example_branch_day_of_week_operator.py for tasks to queue
[2025-07-18T07:04:13.352+0000] {logging_mixin.py:188} INFO - [2025-07-18T07:04:13.350+0000] {dagbag.py:545} INFO - Filling up the DagBag from /home/airflow/.local/lib/python3.12/site-packages/airflow/example_dags/example_branch_day_of_week_operator.py
[2025-07-18T07:04:13.455+0000] {processor.py:840} INFO - DAG(s) 'example_weekday_branch_operator' retrieved from /home/airflow/.local/lib/python3.12/site-packages/airflow/example_dags/example_branch_day_of_week_operator.py
[2025-07-18T07:04:13.731+0000] {logging_mixin.py:188} INFO - [2025-07-18T07:04:13.728+0000] {dag.py:3096} INFO - Sync 1 DAGs
[2025-07-18T07:04:14.140+0000] {logging_mixin.py:188} INFO - [2025-07-18T07:04:14.139+0000] {dag.py:3954} INFO - Setting next_dagrun for example_weekday_branch_operator to 2025-07-17 00:00:00+00:00, run_after=2025-07-18 00:00:00+00:00
[2025-07-18T07:04:14.491+0000] {processor.py:183} INFO - Processing /home/airflow/.local/lib/python3.12/site-packages/airflow/example_dags/example_branch_day_of_week_operator.py took 1.240 seconds
