[2025-07-18T06:59:16.604+0000] {processor.py:161} INFO - Started process (PID=129) to work on /home/airflow/.local/lib/python3.12/site-packages/airflow/example_dags/example_params_ui_tutorial.py
[2025-07-18T06:59:16.613+0000] {processor.py:830} INFO - Processing file /home/airflow/.local/lib/python3.12/site-packages/airflow/example_dags/example_params_ui_tutorial.py for tasks to queue
[2025-07-18T06:59:16.631+0000] {logging_mixin.py:188} INFO - [2025-07-18T06:59:16.621+0000] {dagbag.py:545} INFO - Filling up the DagBag from /home/airflow/.local/lib/python3.12/site-packages/airflow/example_dags/example_params_ui_tutorial.py
[2025-07-18T06:59:16.879+0000] {processor.py:840} INFO - DAG(s) 'example_params_ui_tutorial' retrieved from /home/airflow/.local/lib/python3.12/site-packages/airflow/example_dags/example_params_ui_tutorial.py
[2025-07-18T06:59:18.643+0000] {logging_mixin.py:188} INFO - [2025-07-18T06:59:18.634+0000] {dag.py:3096} INFO - Sync 1 DAGs
[2025-07-18T06:59:18.809+0000] {logging_mixin.py:188} INFO - [2025-07-18T06:59:18.807+0000] {dag.py:3954} INFO - Setting next_dagrun for example_params_ui_tutorial to None, run_after=None
[2025-07-18T06:59:19.058+0000] {processor.py:183} INFO - Processing /home/airflow/.local/lib/python3.12/site-packages/airflow/example_dags/example_params_ui_tutorial.py took 2.498 seconds
[2025-07-18T07:01:08.200+0000] {processor.py:161} INFO - Started process (PID=211) to work on /home/airflow/.local/lib/python3.12/site-packages/airflow/example_dags/example_params_ui_tutorial.py
[2025-07-18T07:01:08.206+0000] {processor.py:830} INFO - Processing file /home/airflow/.local/lib/python3.12/site-packages/airflow/example_dags/example_params_ui_tutorial.py for tasks to queue
[2025-07-18T07:01:08.216+0000] {logging_mixin.py:188} INFO - [2025-07-18T07:01:08.215+0000] {dagbag.py:545} INFO - Filling up the DagBag from /home/airflow/.local/lib/python3.12/site-packages/airflow/example_dags/example_params_ui_tutorial.py
[2025-07-18T07:01:08.287+0000] {processor.py:840} INFO - DAG(s) 'example_params_ui_tutorial' retrieved from /home/airflow/.local/lib/python3.12/site-packages/airflow/example_dags/example_params_ui_tutorial.py
[2025-07-18T07:01:08.560+0000] {logging_mixin.py:188} INFO - [2025-07-18T07:01:08.559+0000] {dag.py:3096} INFO - Sync 1 DAGs
[2025-07-18T07:01:08.896+0000] {logging_mixin.py:188} INFO - [2025-07-18T07:01:08.896+0000] {dag.py:3954} INFO - Setting next_dagrun for example_params_ui_tutorial to None, run_after=None
[2025-07-18T07:01:09.007+0000] {processor.py:183} INFO - Processing /home/airflow/.local/lib/python3.12/site-packages/airflow/example_dags/example_params_ui_tutorial.py took 0.848 seconds
[2025-07-18T07:01:41.328+0000] {processor.py:161} INFO - Started process (PID=274) to work on /home/airflow/.local/lib/python3.12/site-packages/airflow/example_dags/example_params_ui_tutorial.py
[2025-07-18T07:01:41.334+0000] {processor.py:830} INFO - Processing file /home/airflow/.local/lib/python3.12/site-packages/airflow/example_dags/example_params_ui_tutorial.py for tasks to queue
[2025-07-18T07:01:41.356+0000] {logging_mixin.py:188} INFO - [2025-07-18T07:01:41.353+0000] {dagbag.py:545} INFO - Filling up the DagBag from /home/airflow/.local/lib/python3.12/site-packages/airflow/example_dags/example_params_ui_tutorial.py
[2025-07-18T07:01:41.424+0000] {processor.py:840} INFO - DAG(s) 'example_params_ui_tutorial' retrieved from /home/airflow/.local/lib/python3.12/site-packages/airflow/example_dags/example_params_ui_tutorial.py
[2025-07-18T07:01:43.432+0000] {logging_mixin.py:188} INFO - [2025-07-18T07:01:43.431+0000] {dag.py:3096} INFO - Sync 1 DAGs
[2025-07-18T07:01:43.569+0000] {logging_mixin.py:188} INFO - [2025-07-18T07:01:43.568+0000] {dag.py:3954} INFO - Setting next_dagrun for example_params_ui_tutorial to None, run_after=None
[2025-07-18T07:01:43.799+0000] {processor.py:183} INFO - Processing /home/airflow/.local/lib/python3.12/site-packages/airflow/example_dags/example_params_ui_tutorial.py took 2.519 seconds
[2025-07-18T07:02:25.374+0000] {processor.py:161} INFO - Started process (PID=336) to work on /home/airflow/.local/lib/python3.12/site-packages/airflow/example_dags/example_params_ui_tutorial.py
[2025-07-18T07:02:25.394+0000] {processor.py:830} INFO - Processing file /home/airflow/.local/lib/python3.12/site-packages/airflow/example_dags/example_params_ui_tutorial.py for tasks to queue
[2025-07-18T07:02:25.416+0000] {logging_mixin.py:188} INFO - [2025-07-18T07:02:25.413+0000] {dagbag.py:545} INFO - Filling up the DagBag from /home/airflow/.local/lib/python3.12/site-packages/airflow/example_dags/example_params_ui_tutorial.py
[2025-07-18T07:02:25.579+0000] {processor.py:840} INFO - DAG(s) 'example_params_ui_tutorial' retrieved from /home/airflow/.local/lib/python3.12/site-packages/airflow/example_dags/example_params_ui_tutorial.py
[2025-07-18T07:02:26.183+0000] {logging_mixin.py:188} INFO - [2025-07-18T07:02:26.181+0000] {dag.py:3096} INFO - Sync 1 DAGs
[2025-07-18T07:02:26.321+0000] {logging_mixin.py:188} INFO - [2025-07-18T07:02:26.319+0000] {dag.py:3954} INFO - Setting next_dagrun for example_params_ui_tutorial to None, run_after=None
[2025-07-18T07:02:26.421+0000] {processor.py:183} INFO - Processing /home/airflow/.local/lib/python3.12/site-packages/airflow/example_dags/example_params_ui_tutorial.py took 1.102 seconds
[2025-07-18T07:02:57.247+0000] {processor.py:161} INFO - Started process (PID=398) to work on /home/airflow/.local/lib/python3.12/site-packages/airflow/example_dags/example_params_ui_tutorial.py
[2025-07-18T07:02:57.260+0000] {processor.py:830} INFO - Processing file /home/airflow/.local/lib/python3.12/site-packages/airflow/example_dags/example_params_ui_tutorial.py for tasks to queue
[2025-07-18T07:02:57.279+0000] {logging_mixin.py:188} INFO - [2025-07-18T07:02:57.277+0000] {dagbag.py:545} INFO - Filling up the DagBag from /home/airflow/.local/lib/python3.12/site-packages/airflow/example_dags/example_params_ui_tutorial.py
[2025-07-18T07:02:57.426+0000] {processor.py:840} INFO - DAG(s) 'example_params_ui_tutorial' retrieved from /home/airflow/.local/lib/python3.12/site-packages/airflow/example_dags/example_params_ui_tutorial.py
[2025-07-18T07:02:58.280+0000] {logging_mixin.py:188} INFO - [2025-07-18T07:02:58.279+0000] {dag.py:3096} INFO - Sync 1 DAGs
[2025-07-18T07:02:58.437+0000] {logging_mixin.py:188} INFO - [2025-07-18T07:02:58.436+0000] {dag.py:3954} INFO - Setting next_dagrun for example_params_ui_tutorial to None, run_after=None
[2025-07-18T07:02:58.559+0000] {processor.py:183} INFO - Processing /home/airflow/.local/lib/python3.12/site-packages/airflow/example_dags/example_params_ui_tutorial.py took 1.355 seconds
[2025-07-18T07:03:29.035+0000] {processor.py:161} INFO - Started process (PID=461) to work on /home/airflow/.local/lib/python3.12/site-packages/airflow/example_dags/example_params_ui_tutorial.py
[2025-07-18T07:03:29.040+0000] {processor.py:830} INFO - Processing file /home/airflow/.local/lib/python3.12/site-packages/airflow/example_dags/example_params_ui_tutorial.py for tasks to queue
[2025-07-18T07:03:29.047+0000] {logging_mixin.py:188} INFO - [2025-07-18T07:03:29.046+0000] {dagbag.py:545} INFO - Filling up the DagBag from /home/airflow/.local/lib/python3.12/site-packages/airflow/example_dags/example_params_ui_tutorial.py
[2025-07-18T07:03:29.088+0000] {processor.py:840} INFO - DAG(s) 'example_params_ui_tutorial' retrieved from /home/airflow/.local/lib/python3.12/site-packages/airflow/example_dags/example_params_ui_tutorial.py
[2025-07-18T07:03:29.272+0000] {logging_mixin.py:188} INFO - [2025-07-18T07:03:29.271+0000] {dag.py:3096} INFO - Sync 1 DAGs
[2025-07-18T07:03:29.322+0000] {logging_mixin.py:188} INFO - [2025-07-18T07:03:29.321+0000] {dag.py:3954} INFO - Setting next_dagrun for example_params_ui_tutorial to None, run_after=None
[2025-07-18T07:03:29.390+0000] {processor.py:183} INFO - Processing /home/airflow/.local/lib/python3.12/site-packages/airflow/example_dags/example_params_ui_tutorial.py took 0.377 seconds
[2025-07-18T07:03:59.562+0000] {processor.py:161} INFO - Started process (PID=522) to work on /home/airflow/.local/lib/python3.12/site-packages/airflow/example_dags/example_params_ui_tutorial.py
[2025-07-18T07:03:59.567+0000] {processor.py:830} INFO - Processing file /home/airflow/.local/lib/python3.12/site-packages/airflow/example_dags/example_params_ui_tutorial.py for tasks to queue
[2025-07-18T07:03:59.575+0000] {logging_mixin.py:188} INFO - [2025-07-18T07:03:59.573+0000] {dagbag.py:545} INFO - Filling up the DagBag from /home/airflow/.local/lib/python3.12/site-packages/airflow/example_dags/example_params_ui_tutorial.py
[2025-07-18T07:03:59.615+0000] {processor.py:840} INFO - DAG(s) 'example_params_ui_tutorial' retrieved from /home/airflow/.local/lib/python3.12/site-packages/airflow/example_dags/example_params_ui_tutorial.py
[2025-07-18T07:03:59.877+0000] {logging_mixin.py:188} INFO - [2025-07-18T07:03:59.875+0000] {dag.py:3096} INFO - Sync 1 DAGs
[2025-07-18T07:03:59.927+0000] {logging_mixin.py:188} INFO - [2025-07-18T07:03:59.926+0000] {dag.py:3954} INFO - Setting next_dagrun for example_params_ui_tutorial to None, run_after=None
[2025-07-18T07:03:59.993+0000] {processor.py:183} INFO - Processing /home/airflow/.local/lib/python3.12/site-packages/airflow/example_dags/example_params_ui_tutorial.py took 0.453 seconds
