[2025-07-18T06:59:25.221+0000] {processor.py:161} INFO - Started process (PID=145) to work on /home/airflow/.local/lib/python3.12/site-packages/airflow/example_dags/example_display_name.py
[2025-07-18T06:59:25.266+0000] {processor.py:830} INFO - Processing file /home/airflow/.local/lib/python3.12/site-packages/airflow/example_dags/example_display_name.py for tasks to queue
[2025-07-18T06:59:25.318+0000] {logging_mixin.py:188} INFO - [2025-07-18T06:59:25.300+0000] {dagbag.py:545} INFO - Filling up the DagBag from /home/airflow/.local/lib/python3.12/site-packages/airflow/example_dags/example_display_name.py
[2025-07-18T06:59:25.441+0000] {processor.py:840} INFO - DAG(s) 'example_display_name' retrieved from /home/airflow/.local/lib/python3.12/site-packages/airflow/example_dags/example_display_name.py
[2025-07-18T06:59:25.782+0000] {logging_mixin.py:188} INFO - [2025-07-18T06:59:25.780+0000] {dag.py:3096} INFO - Sync 1 DAGs
[2025-07-18T06:59:26.084+0000] {logging_mixin.py:188} INFO - [2025-07-18T06:59:26.083+0000] {dag.py:3954} INFO - Setting next_dagrun for example_display_name to None, run_after=None
[2025-07-18T06:59:26.938+0000] {processor.py:183} INFO - Processing /home/airflow/.local/lib/python3.12/site-packages/airflow/example_dags/example_display_name.py took 1.847 seconds
[2025-07-18T07:01:12.248+0000] {processor.py:161} INFO - Started process (PID=220) to work on /home/airflow/.local/lib/python3.12/site-packages/airflow/example_dags/example_display_name.py
[2025-07-18T07:01:12.252+0000] {processor.py:830} INFO - Processing file /home/airflow/.local/lib/python3.12/site-packages/airflow/example_dags/example_display_name.py for tasks to queue
[2025-07-18T07:01:12.262+0000] {logging_mixin.py:188} INFO - [2025-07-18T07:01:12.259+0000] {dagbag.py:545} INFO - Filling up the DagBag from /home/airflow/.local/lib/python3.12/site-packages/airflow/example_dags/example_display_name.py
[2025-07-18T07:01:12.286+0000] {processor.py:840} INFO - DAG(s) 'example_display_name' retrieved from /home/airflow/.local/lib/python3.12/site-packages/airflow/example_dags/example_display_name.py
[2025-07-18T07:01:12.381+0000] {logging_mixin.py:188} INFO - [2025-07-18T07:01:12.381+0000] {dag.py:3096} INFO - Sync 1 DAGs
[2025-07-18T07:01:12.450+0000] {logging_mixin.py:188} INFO - [2025-07-18T07:01:12.450+0000] {dag.py:3954} INFO - Setting next_dagrun for example_display_name to None, run_after=None
[2025-07-18T07:01:12.557+0000] {processor.py:183} INFO - Processing /home/airflow/.local/lib/python3.12/site-packages/airflow/example_dags/example_display_name.py took 0.336 seconds
[2025-07-18T07:01:51.145+0000] {processor.py:161} INFO - Started process (PID=283) to work on /home/airflow/.local/lib/python3.12/site-packages/airflow/example_dags/example_display_name.py
[2025-07-18T07:01:51.174+0000] {processor.py:830} INFO - Processing file /home/airflow/.local/lib/python3.12/site-packages/airflow/example_dags/example_display_name.py for tasks to queue
[2025-07-18T07:01:51.207+0000] {logging_mixin.py:188} INFO - [2025-07-18T07:01:51.200+0000] {dagbag.py:545} INFO - Filling up the DagBag from /home/airflow/.local/lib/python3.12/site-packages/airflow/example_dags/example_display_name.py
[2025-07-18T07:01:51.306+0000] {processor.py:840} INFO - DAG(s) 'example_display_name' retrieved from /home/airflow/.local/lib/python3.12/site-packages/airflow/example_dags/example_display_name.py
[2025-07-18T07:01:53.343+0000] {logging_mixin.py:188} INFO - [2025-07-18T07:01:53.341+0000] {dag.py:3096} INFO - Sync 1 DAGs
[2025-07-18T07:01:53.570+0000] {logging_mixin.py:188} INFO - [2025-07-18T07:01:53.565+0000] {dag.py:3954} INFO - Setting next_dagrun for example_display_name to None, run_after=None
[2025-07-18T07:01:53.886+0000] {processor.py:183} INFO - Processing /home/airflow/.local/lib/python3.12/site-packages/airflow/example_dags/example_display_name.py took 2.819 seconds
[2025-07-18T07:02:28.169+0000] {processor.py:161} INFO - Started process (PID=345) to work on /home/airflow/.local/lib/python3.12/site-packages/airflow/example_dags/example_display_name.py
[2025-07-18T07:02:28.173+0000] {processor.py:830} INFO - Processing file /home/airflow/.local/lib/python3.12/site-packages/airflow/example_dags/example_display_name.py for tasks to queue
[2025-07-18T07:02:28.180+0000] {logging_mixin.py:188} INFO - [2025-07-18T07:02:28.179+0000] {dagbag.py:545} INFO - Filling up the DagBag from /home/airflow/.local/lib/python3.12/site-packages/airflow/example_dags/example_display_name.py
[2025-07-18T07:02:28.200+0000] {processor.py:840} INFO - DAG(s) 'example_display_name' retrieved from /home/airflow/.local/lib/python3.12/site-packages/airflow/example_dags/example_display_name.py
[2025-07-18T07:02:28.259+0000] {logging_mixin.py:188} INFO - [2025-07-18T07:02:28.259+0000] {dag.py:3096} INFO - Sync 1 DAGs
[2025-07-18T07:02:28.300+0000] {logging_mixin.py:188} INFO - [2025-07-18T07:02:28.299+0000] {dag.py:3954} INFO - Setting next_dagrun for example_display_name to None, run_after=None
[2025-07-18T07:02:28.369+0000] {processor.py:183} INFO - Processing /home/airflow/.local/lib/python3.12/site-packages/airflow/example_dags/example_display_name.py took 0.225 seconds
[2025-07-18T07:03:00.127+0000] {processor.py:161} INFO - Started process (PID=407) to work on /home/airflow/.local/lib/python3.12/site-packages/airflow/example_dags/example_display_name.py
[2025-07-18T07:03:00.131+0000] {processor.py:830} INFO - Processing file /home/airflow/.local/lib/python3.12/site-packages/airflow/example_dags/example_display_name.py for tasks to queue
[2025-07-18T07:03:00.143+0000] {logging_mixin.py:188} INFO - [2025-07-18T07:03:00.142+0000] {dagbag.py:545} INFO - Filling up the DagBag from /home/airflow/.local/lib/python3.12/site-packages/airflow/example_dags/example_display_name.py
[2025-07-18T07:03:00.184+0000] {processor.py:840} INFO - DAG(s) 'example_display_name' retrieved from /home/airflow/.local/lib/python3.12/site-packages/airflow/example_dags/example_display_name.py
[2025-07-18T07:03:00.336+0000] {logging_mixin.py:188} INFO - [2025-07-18T07:03:00.335+0000] {dag.py:3096} INFO - Sync 1 DAGs
[2025-07-18T07:03:00.435+0000] {logging_mixin.py:188} INFO - [2025-07-18T07:03:00.421+0000] {dag.py:3954} INFO - Setting next_dagrun for example_display_name to None, run_after=None
[2025-07-18T07:03:00.732+0000] {processor.py:183} INFO - Processing /home/airflow/.local/lib/python3.12/site-packages/airflow/example_dags/example_display_name.py took 0.641 seconds
[2025-07-18T07:03:31.306+0000] {processor.py:161} INFO - Started process (PID=469) to work on /home/airflow/.local/lib/python3.12/site-packages/airflow/example_dags/example_display_name.py
[2025-07-18T07:03:31.309+0000] {processor.py:830} INFO - Processing file /home/airflow/.local/lib/python3.12/site-packages/airflow/example_dags/example_display_name.py for tasks to queue
[2025-07-18T07:03:31.315+0000] {logging_mixin.py:188} INFO - [2025-07-18T07:03:31.314+0000] {dagbag.py:545} INFO - Filling up the DagBag from /home/airflow/.local/lib/python3.12/site-packages/airflow/example_dags/example_display_name.py
[2025-07-18T07:03:31.334+0000] {processor.py:840} INFO - DAG(s) 'example_display_name' retrieved from /home/airflow/.local/lib/python3.12/site-packages/airflow/example_dags/example_display_name.py
[2025-07-18T07:03:31.401+0000] {logging_mixin.py:188} INFO - [2025-07-18T07:03:31.400+0000] {dag.py:3096} INFO - Sync 1 DAGs
[2025-07-18T07:03:31.473+0000] {logging_mixin.py:188} INFO - [2025-07-18T07:03:31.473+0000] {dag.py:3954} INFO - Setting next_dagrun for example_display_name to None, run_after=None
[2025-07-18T07:03:31.576+0000] {processor.py:183} INFO - Processing /home/airflow/.local/lib/python3.12/site-packages/airflow/example_dags/example_display_name.py took 0.289 seconds
[2025-07-18T07:04:01.976+0000] {processor.py:161} INFO - Started process (PID=531) to work on /home/airflow/.local/lib/python3.12/site-packages/airflow/example_dags/example_display_name.py
[2025-07-18T07:04:01.990+0000] {processor.py:830} INFO - Processing file /home/airflow/.local/lib/python3.12/site-packages/airflow/example_dags/example_display_name.py for tasks to queue
[2025-07-18T07:04:02.011+0000] {logging_mixin.py:188} INFO - [2025-07-18T07:04:02.010+0000] {dagbag.py:545} INFO - Filling up the DagBag from /home/airflow/.local/lib/python3.12/site-packages/airflow/example_dags/example_display_name.py
[2025-07-18T07:04:02.062+0000] {processor.py:840} INFO - DAG(s) 'example_display_name' retrieved from /home/airflow/.local/lib/python3.12/site-packages/airflow/example_dags/example_display_name.py
[2025-07-18T07:04:02.247+0000] {logging_mixin.py:188} INFO - [2025-07-18T07:04:02.245+0000] {dag.py:3096} INFO - Sync 1 DAGs
[2025-07-18T07:04:02.358+0000] {logging_mixin.py:188} INFO - [2025-07-18T07:04:02.355+0000] {dag.py:3954} INFO - Setting next_dagrun for example_display_name to None, run_after=None
[2025-07-18T07:04:02.489+0000] {processor.py:183} INFO - Processing /home/airflow/.local/lib/python3.12/site-packages/airflow/example_dags/example_display_name.py took 0.547 seconds
