[2025-07-18T06:59:19.838+0000] {processor.py:161} INFO - Started process (PID=132) to work on /home/airflow/.local/lib/python3.12/site-packages/airflow/example_dags/example_sensor_decorator.py
[2025-07-18T06:59:19.852+0000] {processor.py:830} INFO - Processing file /home/airflow/.local/lib/python3.12/site-packages/airflow/example_dags/example_sensor_decorator.py for tasks to queue
[2025-07-18T06:59:19.866+0000] {logging_mixin.py:188} INFO - [2025-07-18T06:59:19.863+0000] {dagbag.py:545} INFO - Filling up the DagBag from /home/airflow/.local/lib/python3.12/site-packages/airflow/example_dags/example_sensor_decorator.py
[2025-07-18T06:59:19.938+0000] {processor.py:840} INFO - DAG(s) 'example_sensor_decorator' retrieved from /home/airflow/.local/lib/python3.12/site-packages/airflow/example_dags/example_sensor_decorator.py
[2025-07-18T06:59:20.230+0000] {logging_mixin.py:188} INFO - [2025-07-18T06:59:20.228+0000] {dag.py:3096} INFO - Sync 1 DAGs
[2025-07-18T06:59:20.397+0000] {logging_mixin.py:188} INFO - [2025-07-18T06:59:20.396+0000] {dag.py:3954} INFO - Setting next_dagrun for example_sensor_decorator to None, run_after=None
[2025-07-18T06:59:20.650+0000] {processor.py:183} INFO - Processing /home/airflow/.local/lib/python3.12/site-packages/airflow/example_dags/example_sensor_decorator.py took 0.895 seconds
[2025-07-18T07:01:09.319+0000] {processor.py:161} INFO - Started process (PID=214) to work on /home/airflow/.local/lib/python3.12/site-packages/airflow/example_dags/example_sensor_decorator.py
[2025-07-18T07:01:09.326+0000] {processor.py:830} INFO - Processing file /home/airflow/.local/lib/python3.12/site-packages/airflow/example_dags/example_sensor_decorator.py for tasks to queue
[2025-07-18T07:01:09.342+0000] {logging_mixin.py:188} INFO - [2025-07-18T07:01:09.341+0000] {dagbag.py:545} INFO - Filling up the DagBag from /home/airflow/.local/lib/python3.12/site-packages/airflow/example_dags/example_sensor_decorator.py
[2025-07-18T07:01:09.363+0000] {processor.py:840} INFO - DAG(s) 'example_sensor_decorator' retrieved from /home/airflow/.local/lib/python3.12/site-packages/airflow/example_dags/example_sensor_decorator.py
[2025-07-18T07:01:09.461+0000] {logging_mixin.py:188} INFO - [2025-07-18T07:01:09.460+0000] {dag.py:3096} INFO - Sync 1 DAGs
[2025-07-18T07:01:09.704+0000] {logging_mixin.py:188} INFO - [2025-07-18T07:01:09.700+0000] {dag.py:3954} INFO - Setting next_dagrun for example_sensor_decorator to None, run_after=None
[2025-07-18T07:01:09.903+0000] {processor.py:183} INFO - Processing /home/airflow/.local/lib/python3.12/site-packages/airflow/example_dags/example_sensor_decorator.py took 0.609 seconds
[2025-07-18T07:01:44.095+0000] {processor.py:161} INFO - Started process (PID=277) to work on /home/airflow/.local/lib/python3.12/site-packages/airflow/example_dags/example_sensor_decorator.py
[2025-07-18T07:01:44.099+0000] {processor.py:830} INFO - Processing file /home/airflow/.local/lib/python3.12/site-packages/airflow/example_dags/example_sensor_decorator.py for tasks to queue
[2025-07-18T07:01:44.105+0000] {logging_mixin.py:188} INFO - [2025-07-18T07:01:44.104+0000] {dagbag.py:545} INFO - Filling up the DagBag from /home/airflow/.local/lib/python3.12/site-packages/airflow/example_dags/example_sensor_decorator.py
[2025-07-18T07:01:44.126+0000] {processor.py:840} INFO - DAG(s) 'example_sensor_decorator' retrieved from /home/airflow/.local/lib/python3.12/site-packages/airflow/example_dags/example_sensor_decorator.py
[2025-07-18T07:01:44.595+0000] {logging_mixin.py:188} INFO - [2025-07-18T07:01:44.594+0000] {dag.py:3096} INFO - Sync 1 DAGs
[2025-07-18T07:01:44.638+0000] {logging_mixin.py:188} INFO - [2025-07-18T07:01:44.637+0000] {dag.py:3954} INFO - Setting next_dagrun for example_sensor_decorator to None, run_after=None
[2025-07-18T07:01:44.719+0000] {processor.py:183} INFO - Processing /home/airflow/.local/lib/python3.12/site-packages/airflow/example_dags/example_sensor_decorator.py took 0.652 seconds
[2025-07-18T07:02:26.680+0000] {processor.py:161} INFO - Started process (PID=339) to work on /home/airflow/.local/lib/python3.12/site-packages/airflow/example_dags/example_sensor_decorator.py
[2025-07-18T07:02:26.684+0000] {processor.py:830} INFO - Processing file /home/airflow/.local/lib/python3.12/site-packages/airflow/example_dags/example_sensor_decorator.py for tasks to queue
[2025-07-18T07:02:26.691+0000] {logging_mixin.py:188} INFO - [2025-07-18T07:02:26.690+0000] {dagbag.py:545} INFO - Filling up the DagBag from /home/airflow/.local/lib/python3.12/site-packages/airflow/example_dags/example_sensor_decorator.py
[2025-07-18T07:02:26.709+0000] {processor.py:840} INFO - DAG(s) 'example_sensor_decorator' retrieved from /home/airflow/.local/lib/python3.12/site-packages/airflow/example_dags/example_sensor_decorator.py
[2025-07-18T07:02:26.772+0000] {logging_mixin.py:188} INFO - [2025-07-18T07:02:26.771+0000] {dag.py:3096} INFO - Sync 1 DAGs
[2025-07-18T07:02:26.825+0000] {logging_mixin.py:188} INFO - [2025-07-18T07:02:26.824+0000] {dag.py:3954} INFO - Setting next_dagrun for example_sensor_decorator to None, run_after=None
[2025-07-18T07:02:26.911+0000] {processor.py:183} INFO - Processing /home/airflow/.local/lib/python3.12/site-packages/airflow/example_dags/example_sensor_decorator.py took 0.250 seconds
[2025-07-18T07:02:58.748+0000] {processor.py:161} INFO - Started process (PID=401) to work on /home/airflow/.local/lib/python3.12/site-packages/airflow/example_dags/example_sensor_decorator.py
[2025-07-18T07:02:58.751+0000] {processor.py:830} INFO - Processing file /home/airflow/.local/lib/python3.12/site-packages/airflow/example_dags/example_sensor_decorator.py for tasks to queue
[2025-07-18T07:02:58.759+0000] {logging_mixin.py:188} INFO - [2025-07-18T07:02:58.757+0000] {dagbag.py:545} INFO - Filling up the DagBag from /home/airflow/.local/lib/python3.12/site-packages/airflow/example_dags/example_sensor_decorator.py
[2025-07-18T07:02:58.788+0000] {processor.py:840} INFO - DAG(s) 'example_sensor_decorator' retrieved from /home/airflow/.local/lib/python3.12/site-packages/airflow/example_dags/example_sensor_decorator.py
[2025-07-18T07:02:58.880+0000] {logging_mixin.py:188} INFO - [2025-07-18T07:02:58.879+0000] {dag.py:3096} INFO - Sync 1 DAGs
[2025-07-18T07:02:58.937+0000] {logging_mixin.py:188} INFO - [2025-07-18T07:02:58.936+0000] {dag.py:3954} INFO - Setting next_dagrun for example_sensor_decorator to None, run_after=None
[2025-07-18T07:02:59.018+0000] {processor.py:183} INFO - Processing /home/airflow/.local/lib/python3.12/site-packages/airflow/example_dags/example_sensor_decorator.py took 0.292 seconds
[2025-07-18T07:03:29.355+0000] {processor.py:161} INFO - Started process (PID=463) to work on /home/airflow/.local/lib/python3.12/site-packages/airflow/example_dags/example_sensor_decorator.py
[2025-07-18T07:03:29.359+0000] {processor.py:830} INFO - Processing file /home/airflow/.local/lib/python3.12/site-packages/airflow/example_dags/example_sensor_decorator.py for tasks to queue
[2025-07-18T07:03:29.365+0000] {logging_mixin.py:188} INFO - [2025-07-18T07:03:29.364+0000] {dagbag.py:545} INFO - Filling up the DagBag from /home/airflow/.local/lib/python3.12/site-packages/airflow/example_dags/example_sensor_decorator.py
[2025-07-18T07:03:29.386+0000] {processor.py:840} INFO - DAG(s) 'example_sensor_decorator' retrieved from /home/airflow/.local/lib/python3.12/site-packages/airflow/example_dags/example_sensor_decorator.py
[2025-07-18T07:03:29.477+0000] {logging_mixin.py:188} INFO - [2025-07-18T07:03:29.476+0000] {dag.py:3096} INFO - Sync 1 DAGs
[2025-07-18T07:03:29.541+0000] {logging_mixin.py:188} INFO - [2025-07-18T07:03:29.540+0000] {dag.py:3954} INFO - Setting next_dagrun for example_sensor_decorator to None, run_after=None
[2025-07-18T07:03:29.714+0000] {processor.py:183} INFO - Processing /home/airflow/.local/lib/python3.12/site-packages/airflow/example_dags/example_sensor_decorator.py took 0.374 seconds
[2025-07-18T07:04:00.144+0000] {processor.py:161} INFO - Started process (PID=525) to work on /home/airflow/.local/lib/python3.12/site-packages/airflow/example_dags/example_sensor_decorator.py
[2025-07-18T07:04:00.149+0000] {processor.py:830} INFO - Processing file /home/airflow/.local/lib/python3.12/site-packages/airflow/example_dags/example_sensor_decorator.py for tasks to queue
[2025-07-18T07:04:00.160+0000] {logging_mixin.py:188} INFO - [2025-07-18T07:04:00.158+0000] {dagbag.py:545} INFO - Filling up the DagBag from /home/airflow/.local/lib/python3.12/site-packages/airflow/example_dags/example_sensor_decorator.py
[2025-07-18T07:04:00.183+0000] {processor.py:840} INFO - DAG(s) 'example_sensor_decorator' retrieved from /home/airflow/.local/lib/python3.12/site-packages/airflow/example_dags/example_sensor_decorator.py
[2025-07-18T07:04:00.294+0000] {logging_mixin.py:188} INFO - [2025-07-18T07:04:00.293+0000] {dag.py:3096} INFO - Sync 1 DAGs
[2025-07-18T07:04:00.403+0000] {logging_mixin.py:188} INFO - [2025-07-18T07:04:00.402+0000] {dag.py:3954} INFO - Setting next_dagrun for example_sensor_decorator to None, run_after=None
[2025-07-18T07:04:00.516+0000] {processor.py:183} INFO - Processing /home/airflow/.local/lib/python3.12/site-packages/airflow/example_dags/example_sensor_decorator.py took 0.400 seconds
