[2025-07-18T06:58:48.139+0000] {processor.py:161} INFO - Started process (PID=108) to work on /home/airflow/.local/lib/python3.12/site-packages/airflow/example_dags/example_task_group_decorator.py
[2025-07-18T06:58:48.155+0000] {processor.py:830} INFO - Processing file /home/airflow/.local/lib/python3.12/site-packages/airflow/example_dags/example_task_group_decorator.py for tasks to queue
[2025-07-18T06:58:48.227+0000] {logging_mixin.py:188} INFO - [2025-07-18T06:58:48.203+0000] {dagbag.py:545} INFO - Filling up the DagBag from /home/airflow/.local/lib/python3.12/site-packages/airflow/example_dags/example_task_group_decorator.py
[2025-07-18T06:58:48.669+0000] {processor.py:840} INFO - DAG(s) 'example_task_group_decorator' retrieved from /home/airflow/.local/lib/python3.12/site-packages/airflow/example_dags/example_task_group_decorator.py
[2025-07-18T06:58:49.130+0000] {logging_mixin.py:188} INFO - [2025-07-18T06:58:49.129+0000] {dag.py:3096} INFO - Sync 1 DAGs
[2025-07-18T06:58:49.352+0000] {logging_mixin.py:188} INFO - [2025-07-18T06:58:49.351+0000] {dag.py:3954} INFO - Setting next_dagrun for example_task_group_decorator to 2025-07-17 00:00:00+00:00, run_after=2025-07-18 00:00:00+00:00
[2025-07-18T06:58:49.710+0000] {processor.py:183} INFO - Processing /home/airflow/.local/lib/python3.12/site-packages/airflow/example_dags/example_task_group_decorator.py took 1.607 seconds
[2025-07-18T07:00:37.191+0000] {processor.py:161} INFO - Started process (PID=182) to work on /home/airflow/.local/lib/python3.12/site-packages/airflow/example_dags/example_task_group_decorator.py
[2025-07-18T07:00:37.195+0000] {processor.py:830} INFO - Processing file /home/airflow/.local/lib/python3.12/site-packages/airflow/example_dags/example_task_group_decorator.py for tasks to queue
[2025-07-18T07:00:37.202+0000] {logging_mixin.py:188} INFO - [2025-07-18T07:00:37.201+0000] {dagbag.py:545} INFO - Filling up the DagBag from /home/airflow/.local/lib/python3.12/site-packages/airflow/example_dags/example_task_group_decorator.py
[2025-07-18T07:00:37.326+0000] {processor.py:840} INFO - DAG(s) 'example_task_group_decorator' retrieved from /home/airflow/.local/lib/python3.12/site-packages/airflow/example_dags/example_task_group_decorator.py
[2025-07-18T07:00:37.576+0000] {logging_mixin.py:188} INFO - [2025-07-18T07:00:37.575+0000] {dag.py:3096} INFO - Sync 1 DAGs
[2025-07-18T07:00:37.758+0000] {logging_mixin.py:188} INFO - [2025-07-18T07:00:37.754+0000] {dag.py:3954} INFO - Setting next_dagrun for example_task_group_decorator to 2025-07-17 00:00:00+00:00, run_after=2025-07-18 00:00:00+00:00
[2025-07-18T07:00:37.945+0000] {processor.py:183} INFO - Processing /home/airflow/.local/lib/python3.12/site-packages/airflow/example_dags/example_task_group_decorator.py took 0.793 seconds
[2025-07-18T07:01:24.903+0000] {processor.py:161} INFO - Started process (PID=244) to work on /home/airflow/.local/lib/python3.12/site-packages/airflow/example_dags/example_task_group_decorator.py
[2025-07-18T07:01:24.907+0000] {processor.py:830} INFO - Processing file /home/airflow/.local/lib/python3.12/site-packages/airflow/example_dags/example_task_group_decorator.py for tasks to queue
[2025-07-18T07:01:24.917+0000] {logging_mixin.py:188} INFO - [2025-07-18T07:01:24.913+0000] {dagbag.py:545} INFO - Filling up the DagBag from /home/airflow/.local/lib/python3.12/site-packages/airflow/example_dags/example_task_group_decorator.py
[2025-07-18T07:01:25.015+0000] {processor.py:840} INFO - DAG(s) 'example_task_group_decorator' retrieved from /home/airflow/.local/lib/python3.12/site-packages/airflow/example_dags/example_task_group_decorator.py
[2025-07-18T07:01:25.071+0000] {logging_mixin.py:188} INFO - [2025-07-18T07:01:25.070+0000] {dag.py:3096} INFO - Sync 1 DAGs
[2025-07-18T07:01:25.156+0000] {logging_mixin.py:188} INFO - [2025-07-18T07:01:25.155+0000] {dag.py:3954} INFO - Setting next_dagrun for example_task_group_decorator to 2025-07-17 00:00:00+00:00, run_after=2025-07-18 00:00:00+00:00
[2025-07-18T07:01:25.219+0000] {processor.py:183} INFO - Processing /home/airflow/.local/lib/python3.12/site-packages/airflow/example_dags/example_task_group_decorator.py took 0.341 seconds
[2025-07-18T07:02:05.978+0000] {processor.py:161} INFO - Started process (PID=311) to work on /home/airflow/.local/lib/python3.12/site-packages/airflow/example_dags/example_task_group_decorator.py
[2025-07-18T07:02:05.983+0000] {processor.py:830} INFO - Processing file /home/airflow/.local/lib/python3.12/site-packages/airflow/example_dags/example_task_group_decorator.py for tasks to queue
[2025-07-18T07:02:05.993+0000] {logging_mixin.py:188} INFO - [2025-07-18T07:02:05.992+0000] {dagbag.py:545} INFO - Filling up the DagBag from /home/airflow/.local/lib/python3.12/site-packages/airflow/example_dags/example_task_group_decorator.py
[2025-07-18T07:02:06.042+0000] {processor.py:840} INFO - DAG(s) 'example_task_group_decorator' retrieved from /home/airflow/.local/lib/python3.12/site-packages/airflow/example_dags/example_task_group_decorator.py
[2025-07-18T07:02:06.457+0000] {logging_mixin.py:188} INFO - [2025-07-18T07:02:06.456+0000] {dag.py:3096} INFO - Sync 1 DAGs
[2025-07-18T07:02:06.529+0000] {logging_mixin.py:188} INFO - [2025-07-18T07:02:06.528+0000] {dag.py:3954} INFO - Setting next_dagrun for example_task_group_decorator to 2025-07-17 00:00:00+00:00, run_after=2025-07-18 00:00:00+00:00
[2025-07-18T07:02:06.601+0000] {processor.py:183} INFO - Processing /home/airflow/.local/lib/python3.12/site-packages/airflow/example_dags/example_task_group_decorator.py took 0.645 seconds
[2025-07-18T07:02:37.000+0000] {processor.py:161} INFO - Started process (PID=373) to work on /home/airflow/.local/lib/python3.12/site-packages/airflow/example_dags/example_task_group_decorator.py
[2025-07-18T07:02:37.006+0000] {processor.py:830} INFO - Processing file /home/airflow/.local/lib/python3.12/site-packages/airflow/example_dags/example_task_group_decorator.py for tasks to queue
[2025-07-18T07:02:37.015+0000] {logging_mixin.py:188} INFO - [2025-07-18T07:02:37.013+0000] {dagbag.py:545} INFO - Filling up the DagBag from /home/airflow/.local/lib/python3.12/site-packages/airflow/example_dags/example_task_group_decorator.py
[2025-07-18T07:02:37.134+0000] {processor.py:840} INFO - DAG(s) 'example_task_group_decorator' retrieved from /home/airflow/.local/lib/python3.12/site-packages/airflow/example_dags/example_task_group_decorator.py
[2025-07-18T07:02:37.388+0000] {logging_mixin.py:188} INFO - [2025-07-18T07:02:37.387+0000] {dag.py:3096} INFO - Sync 1 DAGs
[2025-07-18T07:02:37.643+0000] {logging_mixin.py:188} INFO - [2025-07-18T07:02:37.642+0000] {dag.py:3954} INFO - Setting next_dagrun for example_task_group_decorator to 2025-07-17 00:00:00+00:00, run_after=2025-07-18 00:00:00+00:00
[2025-07-18T07:02:37.822+0000] {processor.py:183} INFO - Processing /home/airflow/.local/lib/python3.12/site-packages/airflow/example_dags/example_task_group_decorator.py took 0.855 seconds
[2025-07-18T07:03:11.323+0000] {processor.py:161} INFO - Started process (PID=435) to work on /home/airflow/.local/lib/python3.12/site-packages/airflow/example_dags/example_task_group_decorator.py
[2025-07-18T07:03:11.327+0000] {processor.py:830} INFO - Processing file /home/airflow/.local/lib/python3.12/site-packages/airflow/example_dags/example_task_group_decorator.py for tasks to queue
[2025-07-18T07:03:11.333+0000] {logging_mixin.py:188} INFO - [2025-07-18T07:03:11.332+0000] {dagbag.py:545} INFO - Filling up the DagBag from /home/airflow/.local/lib/python3.12/site-packages/airflow/example_dags/example_task_group_decorator.py
[2025-07-18T07:03:11.388+0000] {processor.py:840} INFO - DAG(s) 'example_task_group_decorator' retrieved from /home/airflow/.local/lib/python3.12/site-packages/airflow/example_dags/example_task_group_decorator.py
[2025-07-18T07:03:11.465+0000] {logging_mixin.py:188} INFO - [2025-07-18T07:03:11.464+0000] {dag.py:3096} INFO - Sync 1 DAGs
[2025-07-18T07:03:11.653+0000] {logging_mixin.py:188} INFO - [2025-07-18T07:03:11.651+0000] {dag.py:3954} INFO - Setting next_dagrun for example_task_group_decorator to 2025-07-17 00:00:00+00:00, run_after=2025-07-18 00:00:00+00:00
[2025-07-18T07:03:11.791+0000] {processor.py:183} INFO - Processing /home/airflow/.local/lib/python3.12/site-packages/airflow/example_dags/example_task_group_decorator.py took 0.486 seconds
[2025-07-18T07:03:44.684+0000] {processor.py:161} INFO - Started process (PID=497) to work on /home/airflow/.local/lib/python3.12/site-packages/airflow/example_dags/example_task_group_decorator.py
[2025-07-18T07:03:44.690+0000] {processor.py:830} INFO - Processing file /home/airflow/.local/lib/python3.12/site-packages/airflow/example_dags/example_task_group_decorator.py for tasks to queue
[2025-07-18T07:03:44.699+0000] {logging_mixin.py:188} INFO - [2025-07-18T07:03:44.697+0000] {dagbag.py:545} INFO - Filling up the DagBag from /home/airflow/.local/lib/python3.12/site-packages/airflow/example_dags/example_task_group_decorator.py
[2025-07-18T07:03:44.794+0000] {processor.py:840} INFO - DAG(s) 'example_task_group_decorator' retrieved from /home/airflow/.local/lib/python3.12/site-packages/airflow/example_dags/example_task_group_decorator.py
[2025-07-18T07:03:44.957+0000] {logging_mixin.py:188} INFO - [2025-07-18T07:03:44.956+0000] {dag.py:3096} INFO - Sync 1 DAGs
[2025-07-18T07:03:45.082+0000] {logging_mixin.py:188} INFO - [2025-07-18T07:03:45.081+0000] {dag.py:3954} INFO - Setting next_dagrun for example_task_group_decorator to 2025-07-17 00:00:00+00:00, run_after=2025-07-18 00:00:00+00:00
[2025-07-18T07:03:45.171+0000] {processor.py:183} INFO - Processing /home/airflow/.local/lib/python3.12/site-packages/airflow/example_dags/example_task_group_decorator.py took 0.522 seconds
[2025-07-18T07:04:26.800+0000] {processor.py:161} INFO - Started process (PID=559) to work on /home/airflow/.local/lib/python3.12/site-packages/airflow/example_dags/example_task_group_decorator.py
[2025-07-18T07:04:26.902+0000] {processor.py:830} INFO - Processing file /home/airflow/.local/lib/python3.12/site-packages/airflow/example_dags/example_task_group_decorator.py for tasks to queue
[2025-07-18T07:04:27.155+0000] {logging_mixin.py:188} INFO - [2025-07-18T07:04:27.154+0000] {dagbag.py:545} INFO - Filling up the DagBag from /home/airflow/.local/lib/python3.12/site-packages/airflow/example_dags/example_task_group_decorator.py
[2025-07-18T07:04:27.654+0000] {processor.py:840} INFO - DAG(s) 'example_task_group_decorator' retrieved from /home/airflow/.local/lib/python3.12/site-packages/airflow/example_dags/example_task_group_decorator.py
[2025-07-18T07:04:28.300+0000] {logging_mixin.py:188} INFO - [2025-07-18T07:04:28.300+0000] {dag.py:3096} INFO - Sync 1 DAGs
[2025-07-18T07:04:30.351+0000] {logging_mixin.py:188} INFO - [2025-07-18T07:04:30.347+0000] {dag.py:3954} INFO - Setting next_dagrun for example_task_group_decorator to 2025-07-17 00:00:00+00:00, run_after=2025-07-18 00:00:00+00:00
[2025-07-18T07:04:30.558+0000] {processor.py:183} INFO - Processing /home/airflow/.local/lib/python3.12/site-packages/airflow/example_dags/example_task_group_decorator.py took 3.798 seconds
