[2025-07-18T06:59:21.145+0000] {processor.py:161} INFO - Started process (PID=141) to work on /home/airflow/.local/lib/python3.12/site-packages/airflow/example_dags/example_python_operator.py
[2025-07-18T06:59:21.160+0000] {processor.py:830} INFO - Processing file /home/airflow/.local/lib/python3.12/site-packages/airflow/example_dags/example_python_operator.py for tasks to queue
[2025-07-18T06:59:21.194+0000] {logging_mixin.py:188} INFO - [2025-07-18T06:59:21.193+0000] {dagbag.py:545} INFO - Filling up the DagBag from /home/airflow/.local/lib/python3.12/site-packages/airflow/example_dags/example_python_operator.py
[2025-07-18T06:59:21.322+0000] {processor.py:840} INFO - DAG(s) 'example_python_operator' retrieved from /home/airflow/.local/lib/python3.12/site-packages/airflow/example_dags/example_python_operator.py
[2025-07-18T06:59:22.329+0000] {logging_mixin.py:188} INFO - [2025-07-18T06:59:22.328+0000] {dag.py:3096} INFO - Sync 1 DAGs
[2025-07-18T06:59:22.480+0000] {logging_mixin.py:188} INFO - [2025-07-18T06:59:22.476+0000] {dag.py:3954} INFO - Setting next_dagrun for example_python_operator to None, run_after=None
[2025-07-18T06:59:22.779+0000] {processor.py:183} INFO - Processing /home/airflow/.local/lib/python3.12/site-packages/airflow/example_dags/example_python_operator.py took 1.734 seconds
[2025-07-18T07:01:10.433+0000] {processor.py:161} INFO - Started process (PID=216) to work on /home/airflow/.local/lib/python3.12/site-packages/airflow/example_dags/example_python_operator.py
[2025-07-18T07:01:10.447+0000] {processor.py:830} INFO - Processing file /home/airflow/.local/lib/python3.12/site-packages/airflow/example_dags/example_python_operator.py for tasks to queue
[2025-07-18T07:01:10.463+0000] {logging_mixin.py:188} INFO - [2025-07-18T07:01:10.460+0000] {dagbag.py:545} INFO - Filling up the DagBag from /home/airflow/.local/lib/python3.12/site-packages/airflow/example_dags/example_python_operator.py
[2025-07-18T07:01:10.625+0000] {processor.py:840} INFO - DAG(s) 'example_python_operator' retrieved from /home/airflow/.local/lib/python3.12/site-packages/airflow/example_dags/example_python_operator.py
[2025-07-18T07:01:10.787+0000] {logging_mixin.py:188} INFO - [2025-07-18T07:01:10.786+0000] {dag.py:3096} INFO - Sync 1 DAGs
[2025-07-18T07:01:11.013+0000] {logging_mixin.py:188} INFO - [2025-07-18T07:01:11.012+0000] {dag.py:3954} INFO - Setting next_dagrun for example_python_operator to None, run_after=None
[2025-07-18T07:01:11.344+0000] {processor.py:183} INFO - Processing /home/airflow/.local/lib/python3.12/site-packages/airflow/example_dags/example_python_operator.py took 0.957 seconds
[2025-07-18T07:01:44.917+0000] {processor.py:161} INFO - Started process (PID=279) to work on /home/airflow/.local/lib/python3.12/site-packages/airflow/example_dags/example_python_operator.py
[2025-07-18T07:01:44.920+0000] {processor.py:830} INFO - Processing file /home/airflow/.local/lib/python3.12/site-packages/airflow/example_dags/example_python_operator.py for tasks to queue
[2025-07-18T07:01:44.930+0000] {logging_mixin.py:188} INFO - [2025-07-18T07:01:44.928+0000] {dagbag.py:545} INFO - Filling up the DagBag from /home/airflow/.local/lib/python3.12/site-packages/airflow/example_dags/example_python_operator.py
[2025-07-18T07:01:44.977+0000] {processor.py:840} INFO - DAG(s) 'example_python_operator' retrieved from /home/airflow/.local/lib/python3.12/site-packages/airflow/example_dags/example_python_operator.py
[2025-07-18T07:01:45.797+0000] {logging_mixin.py:188} INFO - [2025-07-18T07:01:45.794+0000] {dag.py:3096} INFO - Sync 1 DAGs
[2025-07-18T07:01:45.941+0000] {logging_mixin.py:188} INFO - [2025-07-18T07:01:45.939+0000] {dag.py:3954} INFO - Setting next_dagrun for example_python_operator to None, run_after=None
[2025-07-18T07:01:46.321+0000] {processor.py:183} INFO - Processing /home/airflow/.local/lib/python3.12/site-packages/airflow/example_dags/example_python_operator.py took 1.436 seconds
[2025-07-18T07:02:27.041+0000] {processor.py:161} INFO - Started process (PID=341) to work on /home/airflow/.local/lib/python3.12/site-packages/airflow/example_dags/example_python_operator.py
[2025-07-18T07:02:27.045+0000] {processor.py:830} INFO - Processing file /home/airflow/.local/lib/python3.12/site-packages/airflow/example_dags/example_python_operator.py for tasks to queue
[2025-07-18T07:02:27.051+0000] {logging_mixin.py:188} INFO - [2025-07-18T07:02:27.050+0000] {dagbag.py:545} INFO - Filling up the DagBag from /home/airflow/.local/lib/python3.12/site-packages/airflow/example_dags/example_python_operator.py
[2025-07-18T07:02:27.099+0000] {processor.py:840} INFO - DAG(s) 'example_python_operator' retrieved from /home/airflow/.local/lib/python3.12/site-packages/airflow/example_dags/example_python_operator.py
[2025-07-18T07:02:27.200+0000] {logging_mixin.py:188} INFO - [2025-07-18T07:02:27.200+0000] {dag.py:3096} INFO - Sync 1 DAGs
[2025-07-18T07:02:27.266+0000] {logging_mixin.py:188} INFO - [2025-07-18T07:02:27.265+0000] {dag.py:3954} INFO - Setting next_dagrun for example_python_operator to None, run_after=None
[2025-07-18T07:02:27.369+0000] {processor.py:183} INFO - Processing /home/airflow/.local/lib/python3.12/site-packages/airflow/example_dags/example_python_operator.py took 0.351 seconds
[2025-07-18T07:02:59.146+0000] {processor.py:161} INFO - Started process (PID=403) to work on /home/airflow/.local/lib/python3.12/site-packages/airflow/example_dags/example_python_operator.py
[2025-07-18T07:02:59.149+0000] {processor.py:830} INFO - Processing file /home/airflow/.local/lib/python3.12/site-packages/airflow/example_dags/example_python_operator.py for tasks to queue
[2025-07-18T07:02:59.155+0000] {logging_mixin.py:188} INFO - [2025-07-18T07:02:59.154+0000] {dagbag.py:545} INFO - Filling up the DagBag from /home/airflow/.local/lib/python3.12/site-packages/airflow/example_dags/example_python_operator.py
[2025-07-18T07:02:59.193+0000] {processor.py:840} INFO - DAG(s) 'example_python_operator' retrieved from /home/airflow/.local/lib/python3.12/site-packages/airflow/example_dags/example_python_operator.py
[2025-07-18T07:02:59.287+0000] {logging_mixin.py:188} INFO - [2025-07-18T07:02:59.286+0000] {dag.py:3096} INFO - Sync 1 DAGs
[2025-07-18T07:02:59.359+0000] {logging_mixin.py:188} INFO - [2025-07-18T07:02:59.358+0000] {dag.py:3954} INFO - Setting next_dagrun for example_python_operator to None, run_after=None
[2025-07-18T07:02:59.477+0000] {processor.py:183} INFO - Processing /home/airflow/.local/lib/python3.12/site-packages/airflow/example_dags/example_python_operator.py took 0.353 seconds
[2025-07-18T07:03:29.924+0000] {processor.py:161} INFO - Started process (PID=465) to work on /home/airflow/.local/lib/python3.12/site-packages/airflow/example_dags/example_python_operator.py
[2025-07-18T07:03:29.935+0000] {processor.py:830} INFO - Processing file /home/airflow/.local/lib/python3.12/site-packages/airflow/example_dags/example_python_operator.py for tasks to queue
[2025-07-18T07:03:29.946+0000] {logging_mixin.py:188} INFO - [2025-07-18T07:03:29.944+0000] {dagbag.py:545} INFO - Filling up the DagBag from /home/airflow/.local/lib/python3.12/site-packages/airflow/example_dags/example_python_operator.py
[2025-07-18T07:03:30.027+0000] {processor.py:840} INFO - DAG(s) 'example_python_operator' retrieved from /home/airflow/.local/lib/python3.12/site-packages/airflow/example_dags/example_python_operator.py
[2025-07-18T07:03:30.150+0000] {logging_mixin.py:188} INFO - [2025-07-18T07:03:30.149+0000] {dag.py:3096} INFO - Sync 1 DAGs
[2025-07-18T07:03:30.318+0000] {logging_mixin.py:188} INFO - [2025-07-18T07:03:30.317+0000] {dag.py:3954} INFO - Setting next_dagrun for example_python_operator to None, run_after=None
[2025-07-18T07:03:30.432+0000] {processor.py:183} INFO - Processing /home/airflow/.local/lib/python3.12/site-packages/airflow/example_dags/example_python_operator.py took 0.547 seconds
[2025-07-18T07:04:00.733+0000] {processor.py:161} INFO - Started process (PID=527) to work on /home/airflow/.local/lib/python3.12/site-packages/airflow/example_dags/example_python_operator.py
[2025-07-18T07:04:00.738+0000] {processor.py:830} INFO - Processing file /home/airflow/.local/lib/python3.12/site-packages/airflow/example_dags/example_python_operator.py for tasks to queue
[2025-07-18T07:04:00.748+0000] {logging_mixin.py:188} INFO - [2025-07-18T07:04:00.745+0000] {dagbag.py:545} INFO - Filling up the DagBag from /home/airflow/.local/lib/python3.12/site-packages/airflow/example_dags/example_python_operator.py
[2025-07-18T07:04:00.801+0000] {processor.py:840} INFO - DAG(s) 'example_python_operator' retrieved from /home/airflow/.local/lib/python3.12/site-packages/airflow/example_dags/example_python_operator.py
[2025-07-18T07:04:00.931+0000] {logging_mixin.py:188} INFO - [2025-07-18T07:04:00.930+0000] {dag.py:3096} INFO - Sync 1 DAGs
[2025-07-18T07:04:01.011+0000] {logging_mixin.py:188} INFO - [2025-07-18T07:04:01.010+0000] {dag.py:3954} INFO - Setting next_dagrun for example_python_operator to None, run_after=None
[2025-07-18T07:04:01.117+0000] {processor.py:183} INFO - Processing /home/airflow/.local/lib/python3.12/site-packages/airflow/example_dags/example_python_operator.py took 0.421 seconds
