[2025-07-18T06:59:23.271+0000] {processor.py:161} INFO - Started process (PID=143) to work on /home/airflow/.local/lib/python3.12/site-packages/airflow/example_dags/example_branch_python_dop_operator_3.py
[2025-07-18T06:59:23.290+0000] {processor.py:830} INFO - Processing file /home/airflow/.local/lib/python3.12/site-packages/airflow/example_dags/example_branch_python_dop_operator_3.py for tasks to queue
[2025-07-18T06:59:23.317+0000] {logging_mixin.py:188} INFO - [2025-07-18T06:59:23.316+0000] {dagbag.py:545} INFO - Filling up the DagBag from /home/airflow/.local/lib/python3.12/site-packages/airflow/example_dags/example_branch_python_dop_operator_3.py
[2025-07-18T06:59:23.438+0000] {processor.py:840} INFO - DAG(s) 'example_branch_dop_operator_v3' retrieved from /home/airflow/.local/lib/python3.12/site-packages/airflow/example_dags/example_branch_python_dop_operator_3.py
[2025-07-18T06:59:23.670+0000] {logging_mixin.py:188} INFO - [2025-07-18T06:59:23.669+0000] {dag.py:3096} INFO - Sync 1 DAGs
[2025-07-18T06:59:23.929+0000] {logging_mixin.py:188} INFO - [2025-07-18T06:59:23.928+0000] {dag.py:3954} INFO - Setting next_dagrun for example_branch_dop_operator_v3 to 2025-07-18 06:58:00+00:00, run_after=2025-07-18 06:59:00+00:00
[2025-07-18T06:59:24.271+0000] {processor.py:183} INFO - Processing /home/airflow/.local/lib/python3.12/site-packages/airflow/example_dags/example_branch_python_dop_operator_3.py took 1.036 seconds
[2025-07-18T07:01:11.619+0000] {processor.py:161} INFO - Started process (PID=218) to work on /home/airflow/.local/lib/python3.12/site-packages/airflow/example_dags/example_branch_python_dop_operator_3.py
[2025-07-18T07:01:11.625+0000] {processor.py:830} INFO - Processing file /home/airflow/.local/lib/python3.12/site-packages/airflow/example_dags/example_branch_python_dop_operator_3.py for tasks to queue
[2025-07-18T07:01:11.631+0000] {logging_mixin.py:188} INFO - [2025-07-18T07:01:11.630+0000] {dagbag.py:545} INFO - Filling up the DagBag from /home/airflow/.local/lib/python3.12/site-packages/airflow/example_dags/example_branch_python_dop_operator_3.py
[2025-07-18T07:01:11.670+0000] {processor.py:840} INFO - DAG(s) 'example_branch_dop_operator_v3' retrieved from /home/airflow/.local/lib/python3.12/site-packages/airflow/example_dags/example_branch_python_dop_operator_3.py
[2025-07-18T07:01:11.748+0000] {logging_mixin.py:188} INFO - [2025-07-18T07:01:11.747+0000] {dag.py:3096} INFO - Sync 1 DAGs
[2025-07-18T07:01:11.938+0000] {logging_mixin.py:188} INFO - [2025-07-18T07:01:11.938+0000] {dag.py:3954} INFO - Setting next_dagrun for example_branch_dop_operator_v3 to 2025-07-18 07:00:00+00:00, run_after=2025-07-18 07:01:00+00:00
[2025-07-18T07:01:12.081+0000] {processor.py:183} INFO - Processing /home/airflow/.local/lib/python3.12/site-packages/airflow/example_dags/example_branch_python_dop_operator_3.py took 0.490 seconds
[2025-07-18T07:01:47.484+0000] {processor.py:161} INFO - Started process (PID=281) to work on /home/airflow/.local/lib/python3.12/site-packages/airflow/example_dags/example_branch_python_dop_operator_3.py
[2025-07-18T07:01:47.508+0000] {processor.py:830} INFO - Processing file /home/airflow/.local/lib/python3.12/site-packages/airflow/example_dags/example_branch_python_dop_operator_3.py for tasks to queue
[2025-07-18T07:01:47.547+0000] {logging_mixin.py:188} INFO - [2025-07-18T07:01:47.545+0000] {dagbag.py:545} INFO - Filling up the DagBag from /home/airflow/.local/lib/python3.12/site-packages/airflow/example_dags/example_branch_python_dop_operator_3.py
[2025-07-18T07:01:47.816+0000] {processor.py:840} INFO - DAG(s) 'example_branch_dop_operator_v3' retrieved from /home/airflow/.local/lib/python3.12/site-packages/airflow/example_dags/example_branch_python_dop_operator_3.py
[2025-07-18T07:01:49.203+0000] {logging_mixin.py:188} INFO - [2025-07-18T07:01:49.202+0000] {dag.py:3096} INFO - Sync 1 DAGs
[2025-07-18T07:01:49.472+0000] {logging_mixin.py:188} INFO - [2025-07-18T07:01:49.471+0000] {dag.py:3954} INFO - Setting next_dagrun for example_branch_dop_operator_v3 to 2025-07-18 07:00:00+00:00, run_after=2025-07-18 07:01:00+00:00
[2025-07-18T07:01:49.829+0000] {processor.py:183} INFO - Processing /home/airflow/.local/lib/python3.12/site-packages/airflow/example_dags/example_branch_python_dop_operator_3.py took 2.464 seconds
[2025-07-18T07:02:27.581+0000] {processor.py:161} INFO - Started process (PID=343) to work on /home/airflow/.local/lib/python3.12/site-packages/airflow/example_dags/example_branch_python_dop_operator_3.py
[2025-07-18T07:02:27.586+0000] {processor.py:830} INFO - Processing file /home/airflow/.local/lib/python3.12/site-packages/airflow/example_dags/example_branch_python_dop_operator_3.py for tasks to queue
[2025-07-18T07:02:27.593+0000] {logging_mixin.py:188} INFO - [2025-07-18T07:02:27.592+0000] {dagbag.py:545} INFO - Filling up the DagBag from /home/airflow/.local/lib/python3.12/site-packages/airflow/example_dags/example_branch_python_dop_operator_3.py
[2025-07-18T07:02:27.665+0000] {processor.py:840} INFO - DAG(s) 'example_branch_dop_operator_v3' retrieved from /home/airflow/.local/lib/python3.12/site-packages/airflow/example_dags/example_branch_python_dop_operator_3.py
[2025-07-18T07:02:27.759+0000] {logging_mixin.py:188} INFO - [2025-07-18T07:02:27.758+0000] {dag.py:3096} INFO - Sync 1 DAGs
[2025-07-18T07:02:27.871+0000] {logging_mixin.py:188} INFO - [2025-07-18T07:02:27.871+0000] {dag.py:3954} INFO - Setting next_dagrun for example_branch_dop_operator_v3 to 2025-07-18 07:01:00+00:00, run_after=2025-07-18 07:02:00+00:00
[2025-07-18T07:02:28.009+0000] {processor.py:183} INFO - Processing /home/airflow/.local/lib/python3.12/site-packages/airflow/example_dags/example_branch_python_dop_operator_3.py took 0.453 seconds
[2025-07-18T07:02:59.631+0000] {processor.py:161} INFO - Started process (PID=405) to work on /home/airflow/.local/lib/python3.12/site-packages/airflow/example_dags/example_branch_python_dop_operator_3.py
[2025-07-18T07:02:59.635+0000] {processor.py:830} INFO - Processing file /home/airflow/.local/lib/python3.12/site-packages/airflow/example_dags/example_branch_python_dop_operator_3.py for tasks to queue
[2025-07-18T07:02:59.642+0000] {logging_mixin.py:188} INFO - [2025-07-18T07:02:59.641+0000] {dagbag.py:545} INFO - Filling up the DagBag from /home/airflow/.local/lib/python3.12/site-packages/airflow/example_dags/example_branch_python_dop_operator_3.py
[2025-07-18T07:02:59.682+0000] {processor.py:840} INFO - DAG(s) 'example_branch_dop_operator_v3' retrieved from /home/airflow/.local/lib/python3.12/site-packages/airflow/example_dags/example_branch_python_dop_operator_3.py
[2025-07-18T07:02:59.759+0000] {logging_mixin.py:188} INFO - [2025-07-18T07:02:59.758+0000] {dag.py:3096} INFO - Sync 1 DAGs
[2025-07-18T07:02:59.865+0000] {logging_mixin.py:188} INFO - [2025-07-18T07:02:59.865+0000] {dag.py:3954} INFO - Setting next_dagrun for example_branch_dop_operator_v3 to 2025-07-18 07:01:00+00:00, run_after=2025-07-18 07:02:00+00:00
[2025-07-18T07:02:59.944+0000] {processor.py:183} INFO - Processing /home/airflow/.local/lib/python3.12/site-packages/airflow/example_dags/example_branch_python_dop_operator_3.py took 0.334 seconds
[2025-07-18T07:03:30.556+0000] {processor.py:161} INFO - Started process (PID=467) to work on /home/airflow/.local/lib/python3.12/site-packages/airflow/example_dags/example_branch_python_dop_operator_3.py
[2025-07-18T07:03:30.559+0000] {processor.py:830} INFO - Processing file /home/airflow/.local/lib/python3.12/site-packages/airflow/example_dags/example_branch_python_dop_operator_3.py for tasks to queue
[2025-07-18T07:03:30.564+0000] {logging_mixin.py:188} INFO - [2025-07-18T07:03:30.563+0000] {dagbag.py:545} INFO - Filling up the DagBag from /home/airflow/.local/lib/python3.12/site-packages/airflow/example_dags/example_branch_python_dop_operator_3.py
[2025-07-18T07:03:30.588+0000] {processor.py:840} INFO - DAG(s) 'example_branch_dop_operator_v3' retrieved from /home/airflow/.local/lib/python3.12/site-packages/airflow/example_dags/example_branch_python_dop_operator_3.py
[2025-07-18T07:03:30.674+0000] {logging_mixin.py:188} INFO - [2025-07-18T07:03:30.673+0000] {dag.py:3096} INFO - Sync 1 DAGs
[2025-07-18T07:03:30.779+0000] {logging_mixin.py:188} INFO - [2025-07-18T07:03:30.779+0000] {dag.py:3954} INFO - Setting next_dagrun for example_branch_dop_operator_v3 to 2025-07-18 07:02:00+00:00, run_after=2025-07-18 07:03:00+00:00
[2025-07-18T07:03:30.861+0000] {processor.py:183} INFO - Processing /home/airflow/.local/lib/python3.12/site-packages/airflow/example_dags/example_branch_python_dop_operator_3.py took 0.320 seconds
[2025-07-18T07:04:01.314+0000] {processor.py:161} INFO - Started process (PID=529) to work on /home/airflow/.local/lib/python3.12/site-packages/airflow/example_dags/example_branch_python_dop_operator_3.py
[2025-07-18T07:04:01.318+0000] {processor.py:830} INFO - Processing file /home/airflow/.local/lib/python3.12/site-packages/airflow/example_dags/example_branch_python_dop_operator_3.py for tasks to queue
[2025-07-18T07:04:01.328+0000] {logging_mixin.py:188} INFO - [2025-07-18T07:04:01.326+0000] {dagbag.py:545} INFO - Filling up the DagBag from /home/airflow/.local/lib/python3.12/site-packages/airflow/example_dags/example_branch_python_dop_operator_3.py
[2025-07-18T07:04:01.363+0000] {processor.py:840} INFO - DAG(s) 'example_branch_dop_operator_v3' retrieved from /home/airflow/.local/lib/python3.12/site-packages/airflow/example_dags/example_branch_python_dop_operator_3.py
[2025-07-18T07:04:01.460+0000] {logging_mixin.py:188} INFO - [2025-07-18T07:04:01.458+0000] {dag.py:3096} INFO - Sync 1 DAGs
[2025-07-18T07:04:01.601+0000] {logging_mixin.py:188} INFO - [2025-07-18T07:04:01.600+0000] {dag.py:3954} INFO - Setting next_dagrun for example_branch_dop_operator_v3 to 2025-07-18 07:03:00+00:00, run_after=2025-07-18 07:04:00+00:00
[2025-07-18T07:04:01.689+0000] {processor.py:183} INFO - Processing /home/airflow/.local/lib/python3.12/site-packages/airflow/example_dags/example_branch_python_dop_operator_3.py took 0.406 seconds
