[2025-07-18T06:59:15.097+0000] {processor.py:161} INFO - Started process (PID=128) to work on /home/airflow/.local/lib/python3.12/site-packages/airflow/example_dags/example_external_task_marker_dag.py
[2025-07-18T06:59:15.115+0000] {processor.py:830} INFO - Processing file /home/airflow/.local/lib/python3.12/site-packages/airflow/example_dags/example_external_task_marker_dag.py for tasks to queue
[2025-07-18T06:59:15.139+0000] {logging_mixin.py:188} INFO - [2025-07-18T06:59:15.137+0000] {dagbag.py:545} INFO - Filling up the DagBag from /home/airflow/.local/lib/python3.12/site-packages/airflow/example_dags/example_external_task_marker_dag.py
[2025-07-18T06:59:15.233+0000] {processor.py:840} INFO - DAG(s) 'example_external_task_marker_child', 'example_external_task_marker_parent' retrieved from /home/airflow/.local/lib/python3.12/site-packages/airflow/example_dags/example_external_task_marker_dag.py
[2025-07-18T06:59:15.661+0000] {logging_mixin.py:188} INFO - [2025-07-18T06:59:15.660+0000] {dag.py:3096} INFO - Sync 2 DAGs
[2025-07-18T06:59:15.902+0000] {logging_mixin.py:188} INFO - [2025-07-18T06:59:15.901+0000] {dag.py:3954} INFO - Setting next_dagrun for example_external_task_marker_child to None, run_after=None
[2025-07-18T06:59:15.968+0000] {logging_mixin.py:188} INFO - [2025-07-18T06:59:15.967+0000] {dag.py:3954} INFO - Setting next_dagrun for example_external_task_marker_parent to None, run_after=None
[2025-07-18T06:59:16.183+0000] {processor.py:183} INFO - Processing /home/airflow/.local/lib/python3.12/site-packages/airflow/example_dags/example_external_task_marker_dag.py took 1.135 seconds
[2025-07-18T07:01:07.574+0000] {processor.py:161} INFO - Started process (PID=210) to work on /home/airflow/.local/lib/python3.12/site-packages/airflow/example_dags/example_external_task_marker_dag.py
[2025-07-18T07:01:07.579+0000] {processor.py:830} INFO - Processing file /home/airflow/.local/lib/python3.12/site-packages/airflow/example_dags/example_external_task_marker_dag.py for tasks to queue
[2025-07-18T07:01:07.589+0000] {logging_mixin.py:188} INFO - [2025-07-18T07:01:07.588+0000] {dagbag.py:545} INFO - Filling up the DagBag from /home/airflow/.local/lib/python3.12/site-packages/airflow/example_dags/example_external_task_marker_dag.py
[2025-07-18T07:01:07.627+0000] {processor.py:840} INFO - DAG(s) 'example_external_task_marker_parent', 'example_external_task_marker_child' retrieved from /home/airflow/.local/lib/python3.12/site-packages/airflow/example_dags/example_external_task_marker_dag.py
[2025-07-18T07:01:07.758+0000] {logging_mixin.py:188} INFO - [2025-07-18T07:01:07.758+0000] {dag.py:3096} INFO - Sync 2 DAGs
[2025-07-18T07:01:07.904+0000] {logging_mixin.py:188} INFO - [2025-07-18T07:01:07.904+0000] {dag.py:3954} INFO - Setting next_dagrun for example_external_task_marker_child to None, run_after=None
[2025-07-18T07:01:07.944+0000] {logging_mixin.py:188} INFO - [2025-07-18T07:01:07.943+0000] {dag.py:3954} INFO - Setting next_dagrun for example_external_task_marker_parent to None, run_after=None
[2025-07-18T07:01:08.156+0000] {processor.py:183} INFO - Processing /home/airflow/.local/lib/python3.12/site-packages/airflow/example_dags/example_external_task_marker_dag.py took 0.713 seconds
[2025-07-18T07:01:40.362+0000] {processor.py:161} INFO - Started process (PID=273) to work on /home/airflow/.local/lib/python3.12/site-packages/airflow/example_dags/example_external_task_marker_dag.py
[2025-07-18T07:01:40.366+0000] {processor.py:830} INFO - Processing file /home/airflow/.local/lib/python3.12/site-packages/airflow/example_dags/example_external_task_marker_dag.py for tasks to queue
[2025-07-18T07:01:40.379+0000] {logging_mixin.py:188} INFO - [2025-07-18T07:01:40.378+0000] {dagbag.py:545} INFO - Filling up the DagBag from /home/airflow/.local/lib/python3.12/site-packages/airflow/example_dags/example_external_task_marker_dag.py
[2025-07-18T07:01:40.418+0000] {processor.py:840} INFO - DAG(s) 'example_external_task_marker_child', 'example_external_task_marker_parent' retrieved from /home/airflow/.local/lib/python3.12/site-packages/airflow/example_dags/example_external_task_marker_dag.py
[2025-07-18T07:01:41.115+0000] {logging_mixin.py:188} INFO - [2025-07-18T07:01:41.114+0000] {dag.py:3096} INFO - Sync 2 DAGs
[2025-07-18T07:01:41.179+0000] {logging_mixin.py:188} INFO - [2025-07-18T07:01:41.178+0000] {dag.py:3954} INFO - Setting next_dagrun for example_external_task_marker_child to None, run_after=None
[2025-07-18T07:01:41.197+0000] {logging_mixin.py:188} INFO - [2025-07-18T07:01:41.196+0000] {dag.py:3954} INFO - Setting next_dagrun for example_external_task_marker_parent to None, run_after=None
[2025-07-18T07:01:41.331+0000] {processor.py:183} INFO - Processing /home/airflow/.local/lib/python3.12/site-packages/airflow/example_dags/example_external_task_marker_dag.py took 1.005 seconds
[2025-07-18T07:02:25.096+0000] {processor.py:161} INFO - Started process (PID=335) to work on /home/airflow/.local/lib/python3.12/site-packages/airflow/example_dags/example_external_task_marker_dag.py
[2025-07-18T07:02:25.119+0000] {processor.py:830} INFO - Processing file /home/airflow/.local/lib/python3.12/site-packages/airflow/example_dags/example_external_task_marker_dag.py for tasks to queue
[2025-07-18T07:02:25.140+0000] {logging_mixin.py:188} INFO - [2025-07-18T07:02:25.138+0000] {dagbag.py:545} INFO - Filling up the DagBag from /home/airflow/.local/lib/python3.12/site-packages/airflow/example_dags/example_external_task_marker_dag.py
[2025-07-18T07:02:25.213+0000] {processor.py:840} INFO - DAG(s) 'example_external_task_marker_parent', 'example_external_task_marker_child' retrieved from /home/airflow/.local/lib/python3.12/site-packages/airflow/example_dags/example_external_task_marker_dag.py
[2025-07-18T07:02:25.432+0000] {logging_mixin.py:188} INFO - [2025-07-18T07:02:25.431+0000] {dag.py:3096} INFO - Sync 2 DAGs
[2025-07-18T07:02:25.630+0000] {logging_mixin.py:188} INFO - [2025-07-18T07:02:25.628+0000] {dag.py:3954} INFO - Setting next_dagrun for example_external_task_marker_child to None, run_after=None
[2025-07-18T07:02:25.669+0000] {logging_mixin.py:188} INFO - [2025-07-18T07:02:25.667+0000] {dag.py:3954} INFO - Setting next_dagrun for example_external_task_marker_parent to None, run_after=None
[2025-07-18T07:02:25.816+0000] {processor.py:183} INFO - Processing /home/airflow/.local/lib/python3.12/site-packages/airflow/example_dags/example_external_task_marker_dag.py took 0.783 seconds
[2025-07-18T07:02:56.090+0000] {processor.py:161} INFO - Started process (PID=397) to work on /home/airflow/.local/lib/python3.12/site-packages/airflow/example_dags/example_external_task_marker_dag.py
[2025-07-18T07:02:56.093+0000] {processor.py:830} INFO - Processing file /home/airflow/.local/lib/python3.12/site-packages/airflow/example_dags/example_external_task_marker_dag.py for tasks to queue
[2025-07-18T07:02:56.102+0000] {logging_mixin.py:188} INFO - [2025-07-18T07:02:56.099+0000] {dagbag.py:545} INFO - Filling up the DagBag from /home/airflow/.local/lib/python3.12/site-packages/airflow/example_dags/example_external_task_marker_dag.py
[2025-07-18T07:02:56.124+0000] {processor.py:840} INFO - DAG(s) 'example_external_task_marker_parent', 'example_external_task_marker_child' retrieved from /home/airflow/.local/lib/python3.12/site-packages/airflow/example_dags/example_external_task_marker_dag.py
[2025-07-18T07:02:56.206+0000] {logging_mixin.py:188} INFO - [2025-07-18T07:02:56.206+0000] {dag.py:3096} INFO - Sync 2 DAGs
[2025-07-18T07:02:56.258+0000] {logging_mixin.py:188} INFO - [2025-07-18T07:02:56.258+0000] {dag.py:3954} INFO - Setting next_dagrun for example_external_task_marker_child to None, run_after=None
[2025-07-18T07:02:56.271+0000] {logging_mixin.py:188} INFO - [2025-07-18T07:02:56.271+0000] {dag.py:3954} INFO - Setting next_dagrun for example_external_task_marker_parent to None, run_after=None
[2025-07-18T07:02:56.338+0000] {processor.py:183} INFO - Processing /home/airflow/.local/lib/python3.12/site-packages/airflow/example_dags/example_external_task_marker_dag.py took 0.269 seconds
[2025-07-18T07:03:27.108+0000] {processor.py:161} INFO - Started process (PID=459) to work on /home/airflow/.local/lib/python3.12/site-packages/airflow/example_dags/example_external_task_marker_dag.py
[2025-07-18T07:03:27.112+0000] {processor.py:830} INFO - Processing file /home/airflow/.local/lib/python3.12/site-packages/airflow/example_dags/example_external_task_marker_dag.py for tasks to queue
[2025-07-18T07:03:27.127+0000] {logging_mixin.py:188} INFO - [2025-07-18T07:03:27.126+0000] {dagbag.py:545} INFO - Filling up the DagBag from /home/airflow/.local/lib/python3.12/site-packages/airflow/example_dags/example_external_task_marker_dag.py
[2025-07-18T07:03:27.146+0000] {processor.py:840} INFO - DAG(s) 'example_external_task_marker_child', 'example_external_task_marker_parent' retrieved from /home/airflow/.local/lib/python3.12/site-packages/airflow/example_dags/example_external_task_marker_dag.py
[2025-07-18T07:03:27.243+0000] {logging_mixin.py:188} INFO - [2025-07-18T07:03:27.242+0000] {dag.py:3096} INFO - Sync 2 DAGs
[2025-07-18T07:03:27.311+0000] {logging_mixin.py:188} INFO - [2025-07-18T07:03:27.310+0000] {dag.py:3954} INFO - Setting next_dagrun for example_external_task_marker_child to None, run_after=None
[2025-07-18T07:03:27.329+0000] {logging_mixin.py:188} INFO - [2025-07-18T07:03:27.328+0000] {dag.py:3954} INFO - Setting next_dagrun for example_external_task_marker_parent to None, run_after=None
[2025-07-18T07:03:27.413+0000] {processor.py:183} INFO - Processing /home/airflow/.local/lib/python3.12/site-packages/airflow/example_dags/example_external_task_marker_dag.py took 0.329 seconds
[2025-07-18T07:03:58.169+0000] {processor.py:161} INFO - Started process (PID=521) to work on /home/airflow/.local/lib/python3.12/site-packages/airflow/example_dags/example_external_task_marker_dag.py
[2025-07-18T07:03:58.171+0000] {processor.py:830} INFO - Processing file /home/airflow/.local/lib/python3.12/site-packages/airflow/example_dags/example_external_task_marker_dag.py for tasks to queue
[2025-07-18T07:03:58.179+0000] {logging_mixin.py:188} INFO - [2025-07-18T07:03:58.178+0000] {dagbag.py:545} INFO - Filling up the DagBag from /home/airflow/.local/lib/python3.12/site-packages/airflow/example_dags/example_external_task_marker_dag.py
[2025-07-18T07:03:58.196+0000] {processor.py:840} INFO - DAG(s) 'example_external_task_marker_child', 'example_external_task_marker_parent' retrieved from /home/airflow/.local/lib/python3.12/site-packages/airflow/example_dags/example_external_task_marker_dag.py
[2025-07-18T07:03:58.256+0000] {logging_mixin.py:188} INFO - [2025-07-18T07:03:58.256+0000] {dag.py:3096} INFO - Sync 2 DAGs
[2025-07-18T07:03:58.286+0000] {logging_mixin.py:188} INFO - [2025-07-18T07:03:58.285+0000] {dag.py:3954} INFO - Setting next_dagrun for example_external_task_marker_child to None, run_after=None
[2025-07-18T07:03:58.298+0000] {logging_mixin.py:188} INFO - [2025-07-18T07:03:58.297+0000] {dag.py:3954} INFO - Setting next_dagrun for example_external_task_marker_parent to None, run_after=None
[2025-07-18T07:03:58.345+0000] {processor.py:183} INFO - Processing /home/airflow/.local/lib/python3.12/site-packages/airflow/example_dags/example_external_task_marker_dag.py took 0.193 seconds
