[2025-07-18T06:58:35.939+0000] {processor.py:161} INFO - Started process (PID=91) to work on /home/airflow/.local/lib/python3.12/site-packages/airflow/example_dags/example_branch_datetime_operator.py
[2025-07-18T06:58:35.983+0000] {processor.py:830} INFO - Processing file /home/airflow/.local/lib/python3.12/site-packages/airflow/example_dags/example_branch_datetime_operator.py for tasks to queue
[2025-07-18T06:58:36.025+0000] {logging_mixin.py:188} INFO - [2025-07-18T06:58:36.024+0000] {dagbag.py:545} INFO - Filling up the DagBag from /home/airflow/.local/lib/python3.12/site-packages/airflow/example_dags/example_branch_datetime_operator.py
[2025-07-18T06:58:36.168+0000] {processor.py:840} INFO - DAG(s) 'example_branch_datetime_operator_3', 'example_branch_datetime_operator_2', 'example_branch_datetime_operator' retrieved from /home/airflow/.local/lib/python3.12/site-packages/airflow/example_dags/example_branch_datetime_operator.py
[2025-07-18T06:58:36.513+0000] {logging_mixin.py:188} INFO - [2025-07-18T06:58:36.511+0000] {dag.py:3096} INFO - Sync 3 DAGs
[2025-07-18T06:58:37.018+0000] {logging_mixin.py:188} INFO - [2025-07-18T06:58:37.018+0000] {dag.py:3954} INFO - Setting next_dagrun for example_branch_datetime_operator to 2025-07-17 00:00:00+00:00, run_after=2025-07-18 00:00:00+00:00
[2025-07-18T06:58:37.146+0000] {logging_mixin.py:188} INFO - [2025-07-18T06:58:37.145+0000] {dag.py:3954} INFO - Setting next_dagrun for example_branch_datetime_operator_2 to 2025-07-17 00:00:00+00:00, run_after=2025-07-18 00:00:00+00:00
[2025-07-18T06:58:37.182+0000] {logging_mixin.py:188} INFO - [2025-07-18T06:58:37.181+0000] {dag.py:3954} INFO - Setting next_dagrun for example_branch_datetime_operator_3 to 2025-07-17 00:00:00+00:00, run_after=2025-07-18 00:00:00+00:00
[2025-07-18T06:58:37.308+0000] {processor.py:183} INFO - Processing /home/airflow/.local/lib/python3.12/site-packages/airflow/example_dags/example_branch_datetime_operator.py took 1.448 seconds
[2025-07-18T07:00:25.392+0000] {processor.py:161} INFO - Started process (PID=166) to work on /home/airflow/.local/lib/python3.12/site-packages/airflow/example_dags/example_branch_datetime_operator.py
[2025-07-18T07:00:25.411+0000] {processor.py:830} INFO - Processing file /home/airflow/.local/lib/python3.12/site-packages/airflow/example_dags/example_branch_datetime_operator.py for tasks to queue
[2025-07-18T07:00:25.438+0000] {logging_mixin.py:188} INFO - [2025-07-18T07:00:25.437+0000] {dagbag.py:545} INFO - Filling up the DagBag from /home/airflow/.local/lib/python3.12/site-packages/airflow/example_dags/example_branch_datetime_operator.py
[2025-07-18T07:00:25.706+0000] {processor.py:840} INFO - DAG(s) 'example_branch_datetime_operator', 'example_branch_datetime_operator_2', 'example_branch_datetime_operator_3' retrieved from /home/airflow/.local/lib/python3.12/site-packages/airflow/example_dags/example_branch_datetime_operator.py
[2025-07-18T07:00:26.288+0000] {logging_mixin.py:188} INFO - [2025-07-18T07:00:26.285+0000] {dag.py:3096} INFO - Sync 3 DAGs
[2025-07-18T07:00:27.205+0000] {logging_mixin.py:188} INFO - [2025-07-18T07:00:27.190+0000] {dag.py:3954} INFO - Setting next_dagrun for example_branch_datetime_operator to 2025-07-17 00:00:00+00:00, run_after=2025-07-18 00:00:00+00:00
[2025-07-18T07:00:27.524+0000] {logging_mixin.py:188} INFO - [2025-07-18T07:00:27.523+0000] {dag.py:3954} INFO - Setting next_dagrun for example_branch_datetime_operator_2 to 2025-07-17 00:00:00+00:00, run_after=2025-07-18 00:00:00+00:00
[2025-07-18T07:00:27.669+0000] {logging_mixin.py:188} INFO - [2025-07-18T07:00:27.668+0000] {dag.py:3954} INFO - Setting next_dagrun for example_branch_datetime_operator_3 to 2025-07-17 00:00:00+00:00, run_after=2025-07-18 00:00:00+00:00
[2025-07-18T07:00:28.203+0000] {processor.py:183} INFO - Processing /home/airflow/.local/lib/python3.12/site-packages/airflow/example_dags/example_branch_datetime_operator.py took 2.867 seconds
[2025-07-18T07:01:19.980+0000] {processor.py:161} INFO - Started process (PID=233) to work on /home/airflow/.local/lib/python3.12/site-packages/airflow/example_dags/example_branch_datetime_operator.py
[2025-07-18T07:01:19.986+0000] {processor.py:830} INFO - Processing file /home/airflow/.local/lib/python3.12/site-packages/airflow/example_dags/example_branch_datetime_operator.py for tasks to queue
[2025-07-18T07:01:20.009+0000] {logging_mixin.py:188} INFO - [2025-07-18T07:01:20.007+0000] {dagbag.py:545} INFO - Filling up the DagBag from /home/airflow/.local/lib/python3.12/site-packages/airflow/example_dags/example_branch_datetime_operator.py
[2025-07-18T07:01:20.151+0000] {processor.py:840} INFO - DAG(s) 'example_branch_datetime_operator', 'example_branch_datetime_operator_2', 'example_branch_datetime_operator_3' retrieved from /home/airflow/.local/lib/python3.12/site-packages/airflow/example_dags/example_branch_datetime_operator.py
[2025-07-18T07:01:20.264+0000] {logging_mixin.py:188} INFO - [2025-07-18T07:01:20.263+0000] {dag.py:3096} INFO - Sync 3 DAGs
[2025-07-18T07:01:20.540+0000] {logging_mixin.py:188} INFO - [2025-07-18T07:01:20.539+0000] {dag.py:3954} INFO - Setting next_dagrun for example_branch_datetime_operator to 2025-07-17 00:00:00+00:00, run_after=2025-07-18 00:00:00+00:00
[2025-07-18T07:01:20.598+0000] {logging_mixin.py:188} INFO - [2025-07-18T07:01:20.597+0000] {dag.py:3954} INFO - Setting next_dagrun for example_branch_datetime_operator_2 to 2025-07-17 00:00:00+00:00, run_after=2025-07-18 00:00:00+00:00
[2025-07-18T07:01:20.625+0000] {logging_mixin.py:188} INFO - [2025-07-18T07:01:20.624+0000] {dag.py:3954} INFO - Setting next_dagrun for example_branch_datetime_operator_3 to 2025-07-17 00:00:00+00:00, run_after=2025-07-18 00:00:00+00:00
[2025-07-18T07:01:20.824+0000] {processor.py:183} INFO - Processing /home/airflow/.local/lib/python3.12/site-packages/airflow/example_dags/example_branch_datetime_operator.py took 0.893 seconds
[2025-07-18T07:02:01.254+0000] {processor.py:161} INFO - Started process (PID=300) to work on /home/airflow/.local/lib/python3.12/site-packages/airflow/example_dags/example_branch_datetime_operator.py
[2025-07-18T07:02:01.258+0000] {processor.py:830} INFO - Processing file /home/airflow/.local/lib/python3.12/site-packages/airflow/example_dags/example_branch_datetime_operator.py for tasks to queue
[2025-07-18T07:02:01.269+0000] {logging_mixin.py:188} INFO - [2025-07-18T07:02:01.267+0000] {dagbag.py:545} INFO - Filling up the DagBag from /home/airflow/.local/lib/python3.12/site-packages/airflow/example_dags/example_branch_datetime_operator.py
[2025-07-18T07:02:01.325+0000] {processor.py:840} INFO - DAG(s) 'example_branch_datetime_operator_3', 'example_branch_datetime_operator', 'example_branch_datetime_operator_2' retrieved from /home/airflow/.local/lib/python3.12/site-packages/airflow/example_dags/example_branch_datetime_operator.py
[2025-07-18T07:02:02.457+0000] {logging_mixin.py:188} INFO - [2025-07-18T07:02:02.456+0000] {dag.py:3096} INFO - Sync 3 DAGs
[2025-07-18T07:02:02.589+0000] {logging_mixin.py:188} INFO - [2025-07-18T07:02:02.588+0000] {dag.py:3954} INFO - Setting next_dagrun for example_branch_datetime_operator to 2025-07-17 00:00:00+00:00, run_after=2025-07-18 00:00:00+00:00
[2025-07-18T07:02:02.622+0000] {logging_mixin.py:188} INFO - [2025-07-18T07:02:02.621+0000] {dag.py:3954} INFO - Setting next_dagrun for example_branch_datetime_operator_2 to 2025-07-17 00:00:00+00:00, run_after=2025-07-18 00:00:00+00:00
[2025-07-18T07:02:02.644+0000] {logging_mixin.py:188} INFO - [2025-07-18T07:02:02.642+0000] {dag.py:3954} INFO - Setting next_dagrun for example_branch_datetime_operator_3 to 2025-07-17 00:00:00+00:00, run_after=2025-07-18 00:00:00+00:00
[2025-07-18T07:02:02.771+0000] {processor.py:183} INFO - Processing /home/airflow/.local/lib/python3.12/site-packages/airflow/example_dags/example_branch_datetime_operator.py took 1.544 seconds
[2025-07-18T07:02:33.083+0000] {processor.py:161} INFO - Started process (PID=362) to work on /home/airflow/.local/lib/python3.12/site-packages/airflow/example_dags/example_branch_datetime_operator.py
[2025-07-18T07:02:33.089+0000] {processor.py:830} INFO - Processing file /home/airflow/.local/lib/python3.12/site-packages/airflow/example_dags/example_branch_datetime_operator.py for tasks to queue
[2025-07-18T07:02:33.107+0000] {logging_mixin.py:188} INFO - [2025-07-18T07:02:33.105+0000] {dagbag.py:545} INFO - Filling up the DagBag from /home/airflow/.local/lib/python3.12/site-packages/airflow/example_dags/example_branch_datetime_operator.py
[2025-07-18T07:02:33.194+0000] {processor.py:840} INFO - DAG(s) 'example_branch_datetime_operator', 'example_branch_datetime_operator_2', 'example_branch_datetime_operator_3' retrieved from /home/airflow/.local/lib/python3.12/site-packages/airflow/example_dags/example_branch_datetime_operator.py
[2025-07-18T07:02:33.423+0000] {logging_mixin.py:188} INFO - [2025-07-18T07:02:33.421+0000] {dag.py:3096} INFO - Sync 3 DAGs
[2025-07-18T07:02:33.638+0000] {logging_mixin.py:188} INFO - [2025-07-18T07:02:33.637+0000] {dag.py:3954} INFO - Setting next_dagrun for example_branch_datetime_operator to 2025-07-17 00:00:00+00:00, run_after=2025-07-18 00:00:00+00:00
[2025-07-18T07:02:33.678+0000] {logging_mixin.py:188} INFO - [2025-07-18T07:02:33.676+0000] {dag.py:3954} INFO - Setting next_dagrun for example_branch_datetime_operator_2 to 2025-07-17 00:00:00+00:00, run_after=2025-07-18 00:00:00+00:00
[2025-07-18T07:02:33.694+0000] {logging_mixin.py:188} INFO - [2025-07-18T07:02:33.693+0000] {dag.py:3954} INFO - Setting next_dagrun for example_branch_datetime_operator_3 to 2025-07-17 00:00:00+00:00, run_after=2025-07-18 00:00:00+00:00
[2025-07-18T07:02:33.803+0000] {processor.py:183} INFO - Processing /home/airflow/.local/lib/python3.12/site-packages/airflow/example_dags/example_branch_datetime_operator.py took 0.776 seconds
[2025-07-18T07:03:04.165+0000] {processor.py:161} INFO - Started process (PID=422) to work on /home/airflow/.local/lib/python3.12/site-packages/airflow/example_dags/example_branch_datetime_operator.py
[2025-07-18T07:03:04.169+0000] {processor.py:830} INFO - Processing file /home/airflow/.local/lib/python3.12/site-packages/airflow/example_dags/example_branch_datetime_operator.py for tasks to queue
[2025-07-18T07:03:04.176+0000] {logging_mixin.py:188} INFO - [2025-07-18T07:03:04.175+0000] {dagbag.py:545} INFO - Filling up the DagBag from /home/airflow/.local/lib/python3.12/site-packages/airflow/example_dags/example_branch_datetime_operator.py
[2025-07-18T07:03:04.220+0000] {processor.py:840} INFO - DAG(s) 'example_branch_datetime_operator_3', 'example_branch_datetime_operator_2', 'example_branch_datetime_operator' retrieved from /home/airflow/.local/lib/python3.12/site-packages/airflow/example_dags/example_branch_datetime_operator.py
[2025-07-18T07:03:04.313+0000] {logging_mixin.py:188} INFO - [2025-07-18T07:03:04.312+0000] {dag.py:3096} INFO - Sync 3 DAGs
[2025-07-18T07:03:04.391+0000] {logging_mixin.py:188} INFO - [2025-07-18T07:03:04.390+0000] {dag.py:3954} INFO - Setting next_dagrun for example_branch_datetime_operator to 2025-07-17 00:00:00+00:00, run_after=2025-07-18 00:00:00+00:00
[2025-07-18T07:03:04.418+0000] {logging_mixin.py:188} INFO - [2025-07-18T07:03:04.418+0000] {dag.py:3954} INFO - Setting next_dagrun for example_branch_datetime_operator_2 to 2025-07-17 00:00:00+00:00, run_after=2025-07-18 00:00:00+00:00
[2025-07-18T07:03:04.430+0000] {logging_mixin.py:188} INFO - [2025-07-18T07:03:04.428+0000] {dag.py:3954} INFO - Setting next_dagrun for example_branch_datetime_operator_3 to 2025-07-17 00:00:00+00:00, run_after=2025-07-18 00:00:00+00:00
[2025-07-18T07:03:04.547+0000] {processor.py:183} INFO - Processing /home/airflow/.local/lib/python3.12/site-packages/airflow/example_dags/example_branch_datetime_operator.py took 0.401 seconds
[2025-07-18T07:03:35.217+0000] {processor.py:161} INFO - Started process (PID=484) to work on /home/airflow/.local/lib/python3.12/site-packages/airflow/example_dags/example_branch_datetime_operator.py
[2025-07-18T07:03:35.222+0000] {processor.py:830} INFO - Processing file /home/airflow/.local/lib/python3.12/site-packages/airflow/example_dags/example_branch_datetime_operator.py for tasks to queue
[2025-07-18T07:03:35.228+0000] {logging_mixin.py:188} INFO - [2025-07-18T07:03:35.226+0000] {dagbag.py:545} INFO - Filling up the DagBag from /home/airflow/.local/lib/python3.12/site-packages/airflow/example_dags/example_branch_datetime_operator.py
[2025-07-18T07:03:35.256+0000] {processor.py:840} INFO - DAG(s) 'example_branch_datetime_operator', 'example_branch_datetime_operator_2', 'example_branch_datetime_operator_3' retrieved from /home/airflow/.local/lib/python3.12/site-packages/airflow/example_dags/example_branch_datetime_operator.py
[2025-07-18T07:03:35.364+0000] {logging_mixin.py:188} INFO - [2025-07-18T07:03:35.363+0000] {dag.py:3096} INFO - Sync 3 DAGs
[2025-07-18T07:03:35.446+0000] {logging_mixin.py:188} INFO - [2025-07-18T07:03:35.446+0000] {dag.py:3954} INFO - Setting next_dagrun for example_branch_datetime_operator to 2025-07-17 00:00:00+00:00, run_after=2025-07-18 00:00:00+00:00
[2025-07-18T07:03:35.472+0000] {logging_mixin.py:188} INFO - [2025-07-18T07:03:35.472+0000] {dag.py:3954} INFO - Setting next_dagrun for example_branch_datetime_operator_2 to 2025-07-17 00:00:00+00:00, run_after=2025-07-18 00:00:00+00:00
[2025-07-18T07:03:35.492+0000] {logging_mixin.py:188} INFO - [2025-07-18T07:03:35.491+0000] {dag.py:3954} INFO - Setting next_dagrun for example_branch_datetime_operator_3 to 2025-07-17 00:00:00+00:00, run_after=2025-07-18 00:00:00+00:00
[2025-07-18T07:03:35.578+0000] {processor.py:183} INFO - Processing /home/airflow/.local/lib/python3.12/site-packages/airflow/example_dags/example_branch_datetime_operator.py took 0.389 seconds
[2025-07-18T07:04:05.830+0000] {processor.py:161} INFO - Started process (PID=546) to work on /home/airflow/.local/lib/python3.12/site-packages/airflow/example_dags/example_branch_datetime_operator.py
[2025-07-18T07:04:05.833+0000] {processor.py:830} INFO - Processing file /home/airflow/.local/lib/python3.12/site-packages/airflow/example_dags/example_branch_datetime_operator.py for tasks to queue
[2025-07-18T07:04:05.839+0000] {logging_mixin.py:188} INFO - [2025-07-18T07:04:05.838+0000] {dagbag.py:545} INFO - Filling up the DagBag from /home/airflow/.local/lib/python3.12/site-packages/airflow/example_dags/example_branch_datetime_operator.py
[2025-07-18T07:04:05.869+0000] {processor.py:840} INFO - DAG(s) 'example_branch_datetime_operator', 'example_branch_datetime_operator_3', 'example_branch_datetime_operator_2' retrieved from /home/airflow/.local/lib/python3.12/site-packages/airflow/example_dags/example_branch_datetime_operator.py
[2025-07-18T07:04:05.948+0000] {logging_mixin.py:188} INFO - [2025-07-18T07:04:05.947+0000] {dag.py:3096} INFO - Sync 3 DAGs
[2025-07-18T07:04:06.005+0000] {logging_mixin.py:188} INFO - [2025-07-18T07:04:06.004+0000] {dag.py:3954} INFO - Setting next_dagrun for example_branch_datetime_operator to 2025-07-17 00:00:00+00:00, run_after=2025-07-18 00:00:00+00:00
[2025-07-18T07:04:06.019+0000] {logging_mixin.py:188} INFO - [2025-07-18T07:04:06.019+0000] {dag.py:3954} INFO - Setting next_dagrun for example_branch_datetime_operator_2 to 2025-07-17 00:00:00+00:00, run_after=2025-07-18 00:00:00+00:00
[2025-07-18T07:04:06.026+0000] {logging_mixin.py:188} INFO - [2025-07-18T07:04:06.025+0000] {dag.py:3954} INFO - Setting next_dagrun for example_branch_datetime_operator_3 to 2025-07-17 00:00:00+00:00, run_after=2025-07-18 00:00:00+00:00
[2025-07-18T07:04:06.070+0000] {processor.py:183} INFO - Processing /home/airflow/.local/lib/python3.12/site-packages/airflow/example_dags/example_branch_datetime_operator.py took 0.259 seconds
