[2025-07-18T06:58:49.119+0000] {processor.py:161} INFO - Started process (PID=109) to work on /home/airflow/.local/lib/python3.12/site-packages/airflow/example_dags/example_time_delta_sensor_async.py
[2025-07-18T06:58:49.139+0000] {processor.py:830} INFO - Processing file /home/airflow/.local/lib/python3.12/site-packages/airflow/example_dags/example_time_delta_sensor_async.py for tasks to queue
[2025-07-18T06:58:49.186+0000] {logging_mixin.py:188} INFO - [2025-07-18T06:58:49.181+0000] {dagbag.py:545} INFO - Filling up the DagBag from /home/airflow/.local/lib/python3.12/site-packages/airflow/example_dags/example_time_delta_sensor_async.py
[2025-07-18T06:58:49.276+0000] {processor.py:840} INFO - DAG(s) 'example_time_delta_sensor_async' retrieved from /home/airflow/.local/lib/python3.12/site-packages/airflow/example_dags/example_time_delta_sensor_async.py
[2025-07-18T06:58:49.745+0000] {logging_mixin.py:188} INFO - [2025-07-18T06:58:49.744+0000] {dag.py:3096} INFO - Sync 1 DAGs
[2025-07-18T06:58:50.083+0000] {logging_mixin.py:188} INFO - [2025-07-18T06:58:50.082+0000] {dag.py:3954} INFO - Setting next_dagrun for example_time_delta_sensor_async to None, run_after=None
[2025-07-18T06:58:51.291+0000] {processor.py:183} INFO - Processing /home/airflow/.local/lib/python3.12/site-packages/airflow/example_dags/example_time_delta_sensor_async.py took 2.258 seconds
[2025-07-18T07:00:37.537+0000] {processor.py:161} INFO - Started process (PID=183) to work on /home/airflow/.local/lib/python3.12/site-packages/airflow/example_dags/example_time_delta_sensor_async.py
[2025-07-18T07:00:37.555+0000] {processor.py:830} INFO - Processing file /home/airflow/.local/lib/python3.12/site-packages/airflow/example_dags/example_time_delta_sensor_async.py for tasks to queue
[2025-07-18T07:00:37.577+0000] {logging_mixin.py:188} INFO - [2025-07-18T07:00:37.573+0000] {dagbag.py:545} INFO - Filling up the DagBag from /home/airflow/.local/lib/python3.12/site-packages/airflow/example_dags/example_time_delta_sensor_async.py
[2025-07-18T07:00:37.604+0000] {processor.py:840} INFO - DAG(s) 'example_time_delta_sensor_async' retrieved from /home/airflow/.local/lib/python3.12/site-packages/airflow/example_dags/example_time_delta_sensor_async.py
[2025-07-18T07:00:37.735+0000] {logging_mixin.py:188} INFO - [2025-07-18T07:00:37.735+0000] {dag.py:3096} INFO - Sync 1 DAGs
[2025-07-18T07:00:37.823+0000] {logging_mixin.py:188} INFO - [2025-07-18T07:00:37.822+0000] {dag.py:3954} INFO - Setting next_dagrun for example_time_delta_sensor_async to None, run_after=None
[2025-07-18T07:00:38.054+0000] {processor.py:183} INFO - Processing /home/airflow/.local/lib/python3.12/site-packages/airflow/example_dags/example_time_delta_sensor_async.py took 0.579 seconds
[2025-07-18T07:01:25.076+0000] {processor.py:161} INFO - Started process (PID=245) to work on /home/airflow/.local/lib/python3.12/site-packages/airflow/example_dags/example_time_delta_sensor_async.py
[2025-07-18T07:01:25.080+0000] {processor.py:830} INFO - Processing file /home/airflow/.local/lib/python3.12/site-packages/airflow/example_dags/example_time_delta_sensor_async.py for tasks to queue
[2025-07-18T07:01:25.085+0000] {logging_mixin.py:188} INFO - [2025-07-18T07:01:25.084+0000] {dagbag.py:545} INFO - Filling up the DagBag from /home/airflow/.local/lib/python3.12/site-packages/airflow/example_dags/example_time_delta_sensor_async.py
[2025-07-18T07:01:25.105+0000] {processor.py:840} INFO - DAG(s) 'example_time_delta_sensor_async' retrieved from /home/airflow/.local/lib/python3.12/site-packages/airflow/example_dags/example_time_delta_sensor_async.py
[2025-07-18T07:01:25.147+0000] {logging_mixin.py:188} INFO - [2025-07-18T07:01:25.146+0000] {dag.py:3096} INFO - Sync 1 DAGs
[2025-07-18T07:01:25.190+0000] {logging_mixin.py:188} INFO - [2025-07-18T07:01:25.190+0000] {dag.py:3954} INFO - Setting next_dagrun for example_time_delta_sensor_async to None, run_after=None
[2025-07-18T07:01:25.265+0000] {processor.py:183} INFO - Processing /home/airflow/.local/lib/python3.12/site-packages/airflow/example_dags/example_time_delta_sensor_async.py took 0.207 seconds
[2025-07-18T07:02:06.300+0000] {processor.py:161} INFO - Started process (PID=312) to work on /home/airflow/.local/lib/python3.12/site-packages/airflow/example_dags/example_time_delta_sensor_async.py
[2025-07-18T07:02:06.304+0000] {processor.py:830} INFO - Processing file /home/airflow/.local/lib/python3.12/site-packages/airflow/example_dags/example_time_delta_sensor_async.py for tasks to queue
[2025-07-18T07:02:06.310+0000] {logging_mixin.py:188} INFO - [2025-07-18T07:02:06.308+0000] {dagbag.py:545} INFO - Filling up the DagBag from /home/airflow/.local/lib/python3.12/site-packages/airflow/example_dags/example_time_delta_sensor_async.py
[2025-07-18T07:02:06.326+0000] {processor.py:840} INFO - DAG(s) 'example_time_delta_sensor_async' retrieved from /home/airflow/.local/lib/python3.12/site-packages/airflow/example_dags/example_time_delta_sensor_async.py
[2025-07-18T07:02:06.733+0000] {logging_mixin.py:188} INFO - [2025-07-18T07:02:06.732+0000] {dag.py:3096} INFO - Sync 1 DAGs
[2025-07-18T07:02:06.773+0000] {logging_mixin.py:188} INFO - [2025-07-18T07:02:06.772+0000] {dag.py:3954} INFO - Setting next_dagrun for example_time_delta_sensor_async to None, run_after=None
[2025-07-18T07:02:06.860+0000] {processor.py:183} INFO - Processing /home/airflow/.local/lib/python3.12/site-packages/airflow/example_dags/example_time_delta_sensor_async.py took 0.577 seconds
[2025-07-18T07:02:37.860+0000] {processor.py:161} INFO - Started process (PID=374) to work on /home/airflow/.local/lib/python3.12/site-packages/airflow/example_dags/example_time_delta_sensor_async.py
[2025-07-18T07:02:37.872+0000] {processor.py:830} INFO - Processing file /home/airflow/.local/lib/python3.12/site-packages/airflow/example_dags/example_time_delta_sensor_async.py for tasks to queue
[2025-07-18T07:02:37.891+0000] {logging_mixin.py:188} INFO - [2025-07-18T07:02:37.889+0000] {dagbag.py:545} INFO - Filling up the DagBag from /home/airflow/.local/lib/python3.12/site-packages/airflow/example_dags/example_time_delta_sensor_async.py
[2025-07-18T07:02:37.936+0000] {processor.py:840} INFO - DAG(s) 'example_time_delta_sensor_async' retrieved from /home/airflow/.local/lib/python3.12/site-packages/airflow/example_dags/example_time_delta_sensor_async.py
[2025-07-18T07:02:38.139+0000] {logging_mixin.py:188} INFO - [2025-07-18T07:02:38.137+0000] {dag.py:3096} INFO - Sync 1 DAGs
[2025-07-18T07:02:38.252+0000] {logging_mixin.py:188} INFO - [2025-07-18T07:02:38.251+0000] {dag.py:3954} INFO - Setting next_dagrun for example_time_delta_sensor_async to None, run_after=None
[2025-07-18T07:02:38.362+0000] {processor.py:183} INFO - Processing /home/airflow/.local/lib/python3.12/site-packages/airflow/example_dags/example_time_delta_sensor_async.py took 0.574 seconds
[2025-07-18T07:03:11.327+0000] {processor.py:161} INFO - Started process (PID=436) to work on /home/airflow/.local/lib/python3.12/site-packages/airflow/example_dags/example_time_delta_sensor_async.py
[2025-07-18T07:03:11.330+0000] {processor.py:830} INFO - Processing file /home/airflow/.local/lib/python3.12/site-packages/airflow/example_dags/example_time_delta_sensor_async.py for tasks to queue
[2025-07-18T07:03:11.335+0000] {logging_mixin.py:188} INFO - [2025-07-18T07:03:11.334+0000] {dagbag.py:545} INFO - Filling up the DagBag from /home/airflow/.local/lib/python3.12/site-packages/airflow/example_dags/example_time_delta_sensor_async.py
[2025-07-18T07:03:11.349+0000] {processor.py:840} INFO - DAG(s) 'example_time_delta_sensor_async' retrieved from /home/airflow/.local/lib/python3.12/site-packages/airflow/example_dags/example_time_delta_sensor_async.py
[2025-07-18T07:03:11.417+0000] {logging_mixin.py:188} INFO - [2025-07-18T07:03:11.417+0000] {dag.py:3096} INFO - Sync 1 DAGs
[2025-07-18T07:03:11.456+0000] {logging_mixin.py:188} INFO - [2025-07-18T07:03:11.455+0000] {dag.py:3954} INFO - Setting next_dagrun for example_time_delta_sensor_async to None, run_after=None
[2025-07-18T07:03:11.611+0000] {processor.py:183} INFO - Processing /home/airflow/.local/lib/python3.12/site-packages/airflow/example_dags/example_time_delta_sensor_async.py took 0.298 seconds
[2025-07-18T07:03:45.138+0000] {processor.py:161} INFO - Started process (PID=498) to work on /home/airflow/.local/lib/python3.12/site-packages/airflow/example_dags/example_time_delta_sensor_async.py
[2025-07-18T07:03:45.143+0000] {processor.py:830} INFO - Processing file /home/airflow/.local/lib/python3.12/site-packages/airflow/example_dags/example_time_delta_sensor_async.py for tasks to queue
[2025-07-18T07:03:45.150+0000] {logging_mixin.py:188} INFO - [2025-07-18T07:03:45.149+0000] {dagbag.py:545} INFO - Filling up the DagBag from /home/airflow/.local/lib/python3.12/site-packages/airflow/example_dags/example_time_delta_sensor_async.py
[2025-07-18T07:03:45.170+0000] {processor.py:840} INFO - DAG(s) 'example_time_delta_sensor_async' retrieved from /home/airflow/.local/lib/python3.12/site-packages/airflow/example_dags/example_time_delta_sensor_async.py
[2025-07-18T07:03:45.284+0000] {logging_mixin.py:188} INFO - [2025-07-18T07:03:45.283+0000] {dag.py:3096} INFO - Sync 1 DAGs
[2025-07-18T07:03:45.361+0000] {logging_mixin.py:188} INFO - [2025-07-18T07:03:45.361+0000] {dag.py:3954} INFO - Setting next_dagrun for example_time_delta_sensor_async to None, run_after=None
[2025-07-18T07:03:45.486+0000] {processor.py:183} INFO - Processing /home/airflow/.local/lib/python3.12/site-packages/airflow/example_dags/example_time_delta_sensor_async.py took 0.378 seconds
[2025-07-18T07:04:30.944+0000] {processor.py:161} INFO - Started process (PID=560) to work on /home/airflow/.local/lib/python3.12/site-packages/airflow/example_dags/example_time_delta_sensor_async.py
[2025-07-18T07:04:30.948+0000] {processor.py:830} INFO - Processing file /home/airflow/.local/lib/python3.12/site-packages/airflow/example_dags/example_time_delta_sensor_async.py for tasks to queue
[2025-07-18T07:04:30.962+0000] {logging_mixin.py:188} INFO - [2025-07-18T07:04:30.961+0000] {dagbag.py:545} INFO - Filling up the DagBag from /home/airflow/.local/lib/python3.12/site-packages/airflow/example_dags/example_time_delta_sensor_async.py
[2025-07-18T07:04:30.999+0000] {processor.py:840} INFO - DAG(s) 'example_time_delta_sensor_async' retrieved from /home/airflow/.local/lib/python3.12/site-packages/airflow/example_dags/example_time_delta_sensor_async.py
[2025-07-18T07:04:31.117+0000] {logging_mixin.py:188} INFO - [2025-07-18T07:04:31.116+0000] {dag.py:3096} INFO - Sync 1 DAGs
[2025-07-18T07:04:31.203+0000] {logging_mixin.py:188} INFO - [2025-07-18T07:04:31.203+0000] {dag.py:3954} INFO - Setting next_dagrun for example_time_delta_sensor_async to None, run_after=None
[2025-07-18T07:04:31.321+0000] {processor.py:183} INFO - Processing /home/airflow/.local/lib/python3.12/site-packages/airflow/example_dags/example_time_delta_sensor_async.py took 0.421 seconds
