[2025-07-18T06:58:45.891+0000] {processor.py:161} INFO - Started process (PID=107) to work on /home/airflow/.local/lib/python3.12/site-packages/airflow/example_dags/example_nested_branch_dag.py
[2025-07-18T06:58:45.971+0000] {processor.py:830} INFO - Processing file /home/airflow/.local/lib/python3.12/site-packages/airflow/example_dags/example_nested_branch_dag.py for tasks to queue
[2025-07-18T06:58:46.195+0000] {logging_mixin.py:188} INFO - [2025-07-18T06:58:46.193+0000] {dagbag.py:545} INFO - Filling up the DagBag from /home/airflow/.local/lib/python3.12/site-packages/airflow/example_dags/example_nested_branch_dag.py
[2025-07-18T06:58:46.813+0000] {processor.py:840} INFO - DAG(s) 'example_nested_branch_dag' retrieved from /home/airflow/.local/lib/python3.12/site-packages/airflow/example_dags/example_nested_branch_dag.py
[2025-07-18T06:58:47.760+0000] {logging_mixin.py:188} INFO - [2025-07-18T06:58:47.759+0000] {dag.py:3096} INFO - Sync 1 DAGs
[2025-07-18T06:58:48.087+0000] {logging_mixin.py:188} INFO - [2025-07-18T06:58:48.087+0000] {dag.py:3954} INFO - Setting next_dagrun for example_nested_branch_dag to 2025-07-17 00:00:00+00:00, run_after=2025-07-18 00:00:00+00:00
[2025-07-18T06:58:48.430+0000] {processor.py:183} INFO - Processing /home/airflow/.local/lib/python3.12/site-packages/airflow/example_dags/example_nested_branch_dag.py took 2.929 seconds
[2025-07-18T07:00:36.627+0000] {processor.py:161} INFO - Started process (PID=181) to work on /home/airflow/.local/lib/python3.12/site-packages/airflow/example_dags/example_nested_branch_dag.py
[2025-07-18T07:00:36.639+0000] {processor.py:830} INFO - Processing file /home/airflow/.local/lib/python3.12/site-packages/airflow/example_dags/example_nested_branch_dag.py for tasks to queue
[2025-07-18T07:00:36.661+0000] {logging_mixin.py:188} INFO - [2025-07-18T07:00:36.660+0000] {dagbag.py:545} INFO - Filling up the DagBag from /home/airflow/.local/lib/python3.12/site-packages/airflow/example_dags/example_nested_branch_dag.py
[2025-07-18T07:00:36.726+0000] {processor.py:840} INFO - DAG(s) 'example_nested_branch_dag' retrieved from /home/airflow/.local/lib/python3.12/site-packages/airflow/example_dags/example_nested_branch_dag.py
[2025-07-18T07:00:36.898+0000] {logging_mixin.py:188} INFO - [2025-07-18T07:00:36.897+0000] {dag.py:3096} INFO - Sync 1 DAGs
[2025-07-18T07:00:37.120+0000] {logging_mixin.py:188} INFO - [2025-07-18T07:00:37.120+0000] {dag.py:3954} INFO - Setting next_dagrun for example_nested_branch_dag to 2025-07-17 00:00:00+00:00, run_after=2025-07-18 00:00:00+00:00
[2025-07-18T07:00:37.258+0000] {processor.py:183} INFO - Processing /home/airflow/.local/lib/python3.12/site-packages/airflow/example_dags/example_nested_branch_dag.py took 0.687 seconds
[2025-07-18T07:01:24.600+0000] {processor.py:161} INFO - Started process (PID=243) to work on /home/airflow/.local/lib/python3.12/site-packages/airflow/example_dags/example_nested_branch_dag.py
[2025-07-18T07:01:24.605+0000] {processor.py:830} INFO - Processing file /home/airflow/.local/lib/python3.12/site-packages/airflow/example_dags/example_nested_branch_dag.py for tasks to queue
[2025-07-18T07:01:24.613+0000] {logging_mixin.py:188} INFO - [2025-07-18T07:01:24.612+0000] {dagbag.py:545} INFO - Filling up the DagBag from /home/airflow/.local/lib/python3.12/site-packages/airflow/example_dags/example_nested_branch_dag.py
[2025-07-18T07:01:24.677+0000] {processor.py:840} INFO - DAG(s) 'example_nested_branch_dag' retrieved from /home/airflow/.local/lib/python3.12/site-packages/airflow/example_dags/example_nested_branch_dag.py
[2025-07-18T07:01:24.735+0000] {logging_mixin.py:188} INFO - [2025-07-18T07:01:24.734+0000] {dag.py:3096} INFO - Sync 1 DAGs
[2025-07-18T07:01:24.840+0000] {logging_mixin.py:188} INFO - [2025-07-18T07:01:24.839+0000] {dag.py:3954} INFO - Setting next_dagrun for example_nested_branch_dag to 2025-07-17 00:00:00+00:00, run_after=2025-07-18 00:00:00+00:00
[2025-07-18T07:01:24.924+0000] {processor.py:183} INFO - Processing /home/airflow/.local/lib/python3.12/site-packages/airflow/example_dags/example_nested_branch_dag.py took 0.346 seconds
[2025-07-18T07:02:05.585+0000] {processor.py:161} INFO - Started process (PID=310) to work on /home/airflow/.local/lib/python3.12/site-packages/airflow/example_dags/example_nested_branch_dag.py
[2025-07-18T07:02:05.592+0000] {processor.py:830} INFO - Processing file /home/airflow/.local/lib/python3.12/site-packages/airflow/example_dags/example_nested_branch_dag.py for tasks to queue
[2025-07-18T07:02:05.600+0000] {logging_mixin.py:188} INFO - [2025-07-18T07:02:05.599+0000] {dagbag.py:545} INFO - Filling up the DagBag from /home/airflow/.local/lib/python3.12/site-packages/airflow/example_dags/example_nested_branch_dag.py
[2025-07-18T07:02:05.649+0000] {processor.py:840} INFO - DAG(s) 'example_nested_branch_dag' retrieved from /home/airflow/.local/lib/python3.12/site-packages/airflow/example_dags/example_nested_branch_dag.py
[2025-07-18T07:02:06.026+0000] {logging_mixin.py:188} INFO - [2025-07-18T07:02:06.025+0000] {dag.py:3096} INFO - Sync 1 DAGs
[2025-07-18T07:02:06.102+0000] {logging_mixin.py:188} INFO - [2025-07-18T07:02:06.102+0000] {dag.py:3954} INFO - Setting next_dagrun for example_nested_branch_dag to 2025-07-17 00:00:00+00:00, run_after=2025-07-18 00:00:00+00:00
[2025-07-18T07:02:06.178+0000] {processor.py:183} INFO - Processing /home/airflow/.local/lib/python3.12/site-packages/airflow/example_dags/example_nested_branch_dag.py took 0.623 seconds
[2025-07-18T07:02:36.399+0000] {processor.py:161} INFO - Started process (PID=372) to work on /home/airflow/.local/lib/python3.12/site-packages/airflow/example_dags/example_nested_branch_dag.py
[2025-07-18T07:02:36.403+0000] {processor.py:830} INFO - Processing file /home/airflow/.local/lib/python3.12/site-packages/airflow/example_dags/example_nested_branch_dag.py for tasks to queue
[2025-07-18T07:02:36.410+0000] {logging_mixin.py:188} INFO - [2025-07-18T07:02:36.408+0000] {dagbag.py:545} INFO - Filling up the DagBag from /home/airflow/.local/lib/python3.12/site-packages/airflow/example_dags/example_nested_branch_dag.py
[2025-07-18T07:02:36.444+0000] {processor.py:840} INFO - DAG(s) 'example_nested_branch_dag' retrieved from /home/airflow/.local/lib/python3.12/site-packages/airflow/example_dags/example_nested_branch_dag.py
[2025-07-18T07:02:36.554+0000] {logging_mixin.py:188} INFO - [2025-07-18T07:02:36.553+0000] {dag.py:3096} INFO - Sync 1 DAGs
[2025-07-18T07:02:36.697+0000] {logging_mixin.py:188} INFO - [2025-07-18T07:02:36.696+0000] {dag.py:3954} INFO - Setting next_dagrun for example_nested_branch_dag to 2025-07-17 00:00:00+00:00, run_after=2025-07-18 00:00:00+00:00
[2025-07-18T07:02:36.803+0000] {processor.py:183} INFO - Processing /home/airflow/.local/lib/python3.12/site-packages/airflow/example_dags/example_nested_branch_dag.py took 0.423 seconds
[2025-07-18T07:03:10.984+0000] {processor.py:161} INFO - Started process (PID=434) to work on /home/airflow/.local/lib/python3.12/site-packages/airflow/example_dags/example_nested_branch_dag.py
[2025-07-18T07:03:10.988+0000] {processor.py:830} INFO - Processing file /home/airflow/.local/lib/python3.12/site-packages/airflow/example_dags/example_nested_branch_dag.py for tasks to queue
[2025-07-18T07:03:10.994+0000] {logging_mixin.py:188} INFO - [2025-07-18T07:03:10.993+0000] {dagbag.py:545} INFO - Filling up the DagBag from /home/airflow/.local/lib/python3.12/site-packages/airflow/example_dags/example_nested_branch_dag.py
[2025-07-18T07:03:11.019+0000] {processor.py:840} INFO - DAG(s) 'example_nested_branch_dag' retrieved from /home/airflow/.local/lib/python3.12/site-packages/airflow/example_dags/example_nested_branch_dag.py
[2025-07-18T07:03:11.084+0000] {logging_mixin.py:188} INFO - [2025-07-18T07:03:11.083+0000] {dag.py:3096} INFO - Sync 1 DAGs
[2025-07-18T07:03:11.143+0000] {logging_mixin.py:188} INFO - [2025-07-18T07:03:11.142+0000] {dag.py:3954} INFO - Setting next_dagrun for example_nested_branch_dag to 2025-07-17 00:00:00+00:00, run_after=2025-07-18 00:00:00+00:00
[2025-07-18T07:03:11.200+0000] {processor.py:183} INFO - Processing /home/airflow/.local/lib/python3.12/site-packages/airflow/example_dags/example_nested_branch_dag.py took 0.235 seconds
[2025-07-18T07:03:44.506+0000] {processor.py:161} INFO - Started process (PID=496) to work on /home/airflow/.local/lib/python3.12/site-packages/airflow/example_dags/example_nested_branch_dag.py
[2025-07-18T07:03:44.516+0000] {processor.py:830} INFO - Processing file /home/airflow/.local/lib/python3.12/site-packages/airflow/example_dags/example_nested_branch_dag.py for tasks to queue
[2025-07-18T07:03:44.526+0000] {logging_mixin.py:188} INFO - [2025-07-18T07:03:44.524+0000] {dagbag.py:545} INFO - Filling up the DagBag from /home/airflow/.local/lib/python3.12/site-packages/airflow/example_dags/example_nested_branch_dag.py
[2025-07-18T07:03:44.604+0000] {processor.py:840} INFO - DAG(s) 'example_nested_branch_dag' retrieved from /home/airflow/.local/lib/python3.12/site-packages/airflow/example_dags/example_nested_branch_dag.py
[2025-07-18T07:03:44.730+0000] {logging_mixin.py:188} INFO - [2025-07-18T07:03:44.730+0000] {dag.py:3096} INFO - Sync 1 DAGs
[2025-07-18T07:03:44.870+0000] {logging_mixin.py:188} INFO - [2025-07-18T07:03:44.869+0000] {dag.py:3954} INFO - Setting next_dagrun for example_nested_branch_dag to 2025-07-17 00:00:00+00:00, run_after=2025-07-18 00:00:00+00:00
[2025-07-18T07:03:44.978+0000] {processor.py:183} INFO - Processing /home/airflow/.local/lib/python3.12/site-packages/airflow/example_dags/example_nested_branch_dag.py took 0.506 seconds
[2025-07-18T07:04:22.669+0000] {processor.py:161} INFO - Started process (PID=557) to work on /home/airflow/.local/lib/python3.12/site-packages/airflow/example_dags/example_nested_branch_dag.py
[2025-07-18T07:04:22.744+0000] {processor.py:830} INFO - Processing file /home/airflow/.local/lib/python3.12/site-packages/airflow/example_dags/example_nested_branch_dag.py for tasks to queue
[2025-07-18T07:04:22.920+0000] {logging_mixin.py:188} INFO - [2025-07-18T07:04:22.918+0000] {dagbag.py:545} INFO - Filling up the DagBag from /home/airflow/.local/lib/python3.12/site-packages/airflow/example_dags/example_nested_branch_dag.py
[2025-07-18T07:04:23.206+0000] {processor.py:840} INFO - DAG(s) 'example_nested_branch_dag' retrieved from /home/airflow/.local/lib/python3.12/site-packages/airflow/example_dags/example_nested_branch_dag.py
[2025-07-18T07:04:23.882+0000] {logging_mixin.py:188} INFO - [2025-07-18T07:04:23.881+0000] {dag.py:3096} INFO - Sync 1 DAGs
[2025-07-18T07:04:24.313+0000] {logging_mixin.py:188} INFO - [2025-07-18T07:04:24.312+0000] {dag.py:3954} INFO - Setting next_dagrun for example_nested_branch_dag to 2025-07-17 00:00:00+00:00, run_after=2025-07-18 00:00:00+00:00
[2025-07-18T07:04:24.604+0000] {processor.py:183} INFO - Processing /home/airflow/.local/lib/python3.12/site-packages/airflow/example_dags/example_nested_branch_dag.py took 2.055 seconds
