[2025-07-18T06:58:32.408+0000] {processor.py:161} INFO - Started process (PID=90) to work on /home/airflow/.local/lib/python3.12/site-packages/airflow/example_dags/example_complex.py
[2025-07-18T06:58:32.454+0000] {processor.py:830} INFO - Processing file /home/airflow/.local/lib/python3.12/site-packages/airflow/example_dags/example_complex.py for tasks to queue
[2025-07-18T06:58:32.603+0000] {logging_mixin.py:188} INFO - [2025-07-18T06:58:32.592+0000] {dagbag.py:545} INFO - Filling up the DagBag from /home/airflow/.local/lib/python3.12/site-packages/airflow/example_dags/example_complex.py
[2025-07-18T06:58:33.157+0000] {processor.py:840} INFO - DAG(s) 'example_complex' retrieved from /home/airflow/.local/lib/python3.12/site-packages/airflow/example_dags/example_complex.py
[2025-07-18T06:58:34.745+0000] {logging_mixin.py:188} INFO - [2025-07-18T06:58:34.744+0000] {dag.py:3096} INFO - Sync 1 DAGs
[2025-07-18T06:58:34.835+0000] {logging_mixin.py:188} INFO - [2025-07-18T06:58:34.835+0000] {dag.py:3954} INFO - Setting next_dagrun for example_complex to None, run_after=None
[2025-07-18T06:58:35.120+0000] {processor.py:183} INFO - Processing /home/airflow/.local/lib/python3.12/site-packages/airflow/example_dags/example_complex.py took 3.055 seconds
[2025-07-18T07:00:23.410+0000] {processor.py:161} INFO - Started process (PID=165) to work on /home/airflow/.local/lib/python3.12/site-packages/airflow/example_dags/example_complex.py
[2025-07-18T07:00:23.474+0000] {processor.py:830} INFO - Processing file /home/airflow/.local/lib/python3.12/site-packages/airflow/example_dags/example_complex.py for tasks to queue
[2025-07-18T07:00:23.587+0000] {logging_mixin.py:188} INFO - [2025-07-18T07:00:23.543+0000] {dagbag.py:545} INFO - Filling up the DagBag from /home/airflow/.local/lib/python3.12/site-packages/airflow/example_dags/example_complex.py
[2025-07-18T07:00:23.979+0000] {processor.py:840} INFO - DAG(s) 'example_complex' retrieved from /home/airflow/.local/lib/python3.12/site-packages/airflow/example_dags/example_complex.py
[2025-07-18T07:00:24.527+0000] {logging_mixin.py:188} INFO - [2025-07-18T07:00:24.526+0000] {dag.py:3096} INFO - Sync 1 DAGs
[2025-07-18T07:00:24.649+0000] {logging_mixin.py:188} INFO - [2025-07-18T07:00:24.648+0000] {dag.py:3954} INFO - Setting next_dagrun for example_complex to None, run_after=None
[2025-07-18T07:00:24.948+0000] {processor.py:183} INFO - Processing /home/airflow/.local/lib/python3.12/site-packages/airflow/example_dags/example_complex.py took 1.736 seconds
[2025-07-18T07:01:19.141+0000] {processor.py:161} INFO - Started process (PID=232) to work on /home/airflow/.local/lib/python3.12/site-packages/airflow/example_dags/example_complex.py
[2025-07-18T07:01:19.147+0000] {processor.py:830} INFO - Processing file /home/airflow/.local/lib/python3.12/site-packages/airflow/example_dags/example_complex.py for tasks to queue
[2025-07-18T07:01:19.163+0000] {logging_mixin.py:188} INFO - [2025-07-18T07:01:19.161+0000] {dagbag.py:545} INFO - Filling up the DagBag from /home/airflow/.local/lib/python3.12/site-packages/airflow/example_dags/example_complex.py
[2025-07-18T07:01:19.265+0000] {processor.py:840} INFO - DAG(s) 'example_complex' retrieved from /home/airflow/.local/lib/python3.12/site-packages/airflow/example_dags/example_complex.py
[2025-07-18T07:01:19.388+0000] {logging_mixin.py:188} INFO - [2025-07-18T07:01:19.386+0000] {dag.py:3096} INFO - Sync 1 DAGs
[2025-07-18T07:01:19.499+0000] {logging_mixin.py:188} INFO - [2025-07-18T07:01:19.498+0000] {dag.py:3954} INFO - Setting next_dagrun for example_complex to None, run_after=None
[2025-07-18T07:01:19.659+0000] {processor.py:183} INFO - Processing /home/airflow/.local/lib/python3.12/site-packages/airflow/example_dags/example_complex.py took 0.555 seconds
[2025-07-18T07:02:00.654+0000] {processor.py:161} INFO - Started process (PID=299) to work on /home/airflow/.local/lib/python3.12/site-packages/airflow/example_dags/example_complex.py
[2025-07-18T07:02:00.658+0000] {processor.py:830} INFO - Processing file /home/airflow/.local/lib/python3.12/site-packages/airflow/example_dags/example_complex.py for tasks to queue
[2025-07-18T07:02:00.667+0000] {logging_mixin.py:188} INFO - [2025-07-18T07:02:00.663+0000] {dagbag.py:545} INFO - Filling up the DagBag from /home/airflow/.local/lib/python3.12/site-packages/airflow/example_dags/example_complex.py
[2025-07-18T07:02:00.718+0000] {processor.py:840} INFO - DAG(s) 'example_complex' retrieved from /home/airflow/.local/lib/python3.12/site-packages/airflow/example_dags/example_complex.py
[2025-07-18T07:02:01.265+0000] {logging_mixin.py:188} INFO - [2025-07-18T07:02:01.264+0000] {dag.py:3096} INFO - Sync 1 DAGs
[2025-07-18T07:02:01.323+0000] {logging_mixin.py:188} INFO - [2025-07-18T07:02:01.322+0000] {dag.py:3954} INFO - Setting next_dagrun for example_complex to None, run_after=None
[2025-07-18T07:02:01.401+0000] {processor.py:183} INFO - Processing /home/airflow/.local/lib/python3.12/site-packages/airflow/example_dags/example_complex.py took 0.771 seconds
[2025-07-18T07:02:32.022+0000] {processor.py:161} INFO - Started process (PID=360) to work on /home/airflow/.local/lib/python3.12/site-packages/airflow/example_dags/example_complex.py
[2025-07-18T07:02:32.029+0000] {processor.py:830} INFO - Processing file /home/airflow/.local/lib/python3.12/site-packages/airflow/example_dags/example_complex.py for tasks to queue
[2025-07-18T07:02:32.050+0000] {logging_mixin.py:188} INFO - [2025-07-18T07:02:32.049+0000] {dagbag.py:545} INFO - Filling up the DagBag from /home/airflow/.local/lib/python3.12/site-packages/airflow/example_dags/example_complex.py
[2025-07-18T07:02:32.128+0000] {processor.py:840} INFO - DAG(s) 'example_complex' retrieved from /home/airflow/.local/lib/python3.12/site-packages/airflow/example_dags/example_complex.py
[2025-07-18T07:02:32.324+0000] {logging_mixin.py:188} INFO - [2025-07-18T07:02:32.323+0000] {dag.py:3096} INFO - Sync 1 DAGs
[2025-07-18T07:02:32.382+0000] {logging_mixin.py:188} INFO - [2025-07-18T07:02:32.382+0000] {dag.py:3954} INFO - Setting next_dagrun for example_complex to None, run_after=None
[2025-07-18T07:02:32.450+0000] {processor.py:183} INFO - Processing /home/airflow/.local/lib/python3.12/site-packages/airflow/example_dags/example_complex.py took 0.460 seconds
[2025-07-18T07:03:03.619+0000] {processor.py:161} INFO - Started process (PID=419) to work on /home/airflow/.local/lib/python3.12/site-packages/airflow/example_dags/example_complex.py
[2025-07-18T07:03:03.623+0000] {processor.py:830} INFO - Processing file /home/airflow/.local/lib/python3.12/site-packages/airflow/example_dags/example_complex.py for tasks to queue
[2025-07-18T07:03:03.631+0000] {logging_mixin.py:188} INFO - [2025-07-18T07:03:03.630+0000] {dagbag.py:545} INFO - Filling up the DagBag from /home/airflow/.local/lib/python3.12/site-packages/airflow/example_dags/example_complex.py
[2025-07-18T07:03:03.678+0000] {processor.py:840} INFO - DAG(s) 'example_complex' retrieved from /home/airflow/.local/lib/python3.12/site-packages/airflow/example_dags/example_complex.py
[2025-07-18T07:03:03.834+0000] {logging_mixin.py:188} INFO - [2025-07-18T07:03:03.833+0000] {dag.py:3096} INFO - Sync 1 DAGs
[2025-07-18T07:03:03.889+0000] {logging_mixin.py:188} INFO - [2025-07-18T07:03:03.889+0000] {dag.py:3954} INFO - Setting next_dagrun for example_complex to None, run_after=None
[2025-07-18T07:03:03.967+0000] {processor.py:183} INFO - Processing /home/airflow/.local/lib/python3.12/site-packages/airflow/example_dags/example_complex.py took 0.372 seconds
[2025-07-18T07:03:34.511+0000] {processor.py:161} INFO - Started process (PID=481) to work on /home/airflow/.local/lib/python3.12/site-packages/airflow/example_dags/example_complex.py
[2025-07-18T07:03:34.517+0000] {processor.py:830} INFO - Processing file /home/airflow/.local/lib/python3.12/site-packages/airflow/example_dags/example_complex.py for tasks to queue
[2025-07-18T07:03:34.523+0000] {logging_mixin.py:188} INFO - [2025-07-18T07:03:34.522+0000] {dagbag.py:545} INFO - Filling up the DagBag from /home/airflow/.local/lib/python3.12/site-packages/airflow/example_dags/example_complex.py
[2025-07-18T07:03:34.557+0000] {processor.py:840} INFO - DAG(s) 'example_complex' retrieved from /home/airflow/.local/lib/python3.12/site-packages/airflow/example_dags/example_complex.py
[2025-07-18T07:03:34.683+0000] {logging_mixin.py:188} INFO - [2025-07-18T07:03:34.682+0000] {dag.py:3096} INFO - Sync 1 DAGs
[2025-07-18T07:03:34.724+0000] {logging_mixin.py:188} INFO - [2025-07-18T07:03:34.723+0000] {dag.py:3954} INFO - Setting next_dagrun for example_complex to None, run_after=None
[2025-07-18T07:03:34.793+0000] {processor.py:183} INFO - Processing /home/airflow/.local/lib/python3.12/site-packages/airflow/example_dags/example_complex.py took 0.296 seconds
[2025-07-18T07:04:05.453+0000] {processor.py:161} INFO - Started process (PID=543) to work on /home/airflow/.local/lib/python3.12/site-packages/airflow/example_dags/example_complex.py
[2025-07-18T07:04:05.455+0000] {processor.py:830} INFO - Processing file /home/airflow/.local/lib/python3.12/site-packages/airflow/example_dags/example_complex.py for tasks to queue
[2025-07-18T07:04:05.463+0000] {logging_mixin.py:188} INFO - [2025-07-18T07:04:05.462+0000] {dagbag.py:545} INFO - Filling up the DagBag from /home/airflow/.local/lib/python3.12/site-packages/airflow/example_dags/example_complex.py
[2025-07-18T07:04:05.490+0000] {processor.py:840} INFO - DAG(s) 'example_complex' retrieved from /home/airflow/.local/lib/python3.12/site-packages/airflow/example_dags/example_complex.py
[2025-07-18T07:04:05.607+0000] {logging_mixin.py:188} INFO - [2025-07-18T07:04:05.606+0000] {dag.py:3096} INFO - Sync 1 DAGs
[2025-07-18T07:04:05.656+0000] {logging_mixin.py:188} INFO - [2025-07-18T07:04:05.655+0000] {dag.py:3954} INFO - Setting next_dagrun for example_complex to None, run_after=None
[2025-07-18T07:04:05.717+0000] {processor.py:183} INFO - Processing /home/airflow/.local/lib/python3.12/site-packages/airflow/example_dags/example_complex.py took 0.284 seconds
