[2025-07-18T06:59:11.974+0000] {processor.py:161} INFO - Started process (PID=124) to work on /home/airflow/.local/lib/python3.12/site-packages/airflow/example_dags/example_short_circuit_operator.py
[2025-07-18T06:59:11.978+0000] {processor.py:830} INFO - Processing file /home/airflow/.local/lib/python3.12/site-packages/airflow/example_dags/example_short_circuit_operator.py for tasks to queue
[2025-07-18T06:59:11.986+0000] {logging_mixin.py:188} INFO - [2025-07-18T06:59:11.985+0000] {dagbag.py:545} INFO - Filling up the DagBag from /home/airflow/.local/lib/python3.12/site-packages/airflow/example_dags/example_short_circuit_operator.py
[2025-07-18T06:59:12.041+0000] {processor.py:840} INFO - DAG(s) 'example_short_circuit_operator' retrieved from /home/airflow/.local/lib/python3.12/site-packages/airflow/example_dags/example_short_circuit_operator.py
[2025-07-18T06:59:12.446+0000] {logging_mixin.py:188} INFO - [2025-07-18T06:59:12.445+0000] {dag.py:3096} INFO - Sync 1 DAGs
[2025-07-18T06:59:12.726+0000] {logging_mixin.py:188} INFO - [2025-07-18T06:59:12.725+0000] {dag.py:3954} INFO - Setting next_dagrun for example_short_circuit_operator to 2025-07-17 00:00:00+00:00, run_after=2025-07-18 00:00:00+00:00
[2025-07-18T06:59:12.904+0000] {processor.py:183} INFO - Processing /home/airflow/.local/lib/python3.12/site-packages/airflow/example_dags/example_short_circuit_operator.py took 0.990 seconds
[2025-07-18T07:01:03.505+0000] {processor.py:161} INFO - Started process (PID=206) to work on /home/airflow/.local/lib/python3.12/site-packages/airflow/example_dags/example_short_circuit_operator.py
[2025-07-18T07:01:03.563+0000] {processor.py:830} INFO - Processing file /home/airflow/.local/lib/python3.12/site-packages/airflow/example_dags/example_short_circuit_operator.py for tasks to queue
[2025-07-18T07:01:03.596+0000] {logging_mixin.py:188} INFO - [2025-07-18T07:01:03.593+0000] {dagbag.py:545} INFO - Filling up the DagBag from /home/airflow/.local/lib/python3.12/site-packages/airflow/example_dags/example_short_circuit_operator.py
[2025-07-18T07:01:03.776+0000] {processor.py:840} INFO - DAG(s) 'example_short_circuit_operator' retrieved from /home/airflow/.local/lib/python3.12/site-packages/airflow/example_dags/example_short_circuit_operator.py
[2025-07-18T07:01:04.231+0000] {logging_mixin.py:188} INFO - [2025-07-18T07:01:04.229+0000] {dag.py:3096} INFO - Sync 1 DAGs
[2025-07-18T07:01:04.678+0000] {logging_mixin.py:188} INFO - [2025-07-18T07:01:04.665+0000] {dag.py:3954} INFO - Setting next_dagrun for example_short_circuit_operator to 2025-07-17 00:00:00+00:00, run_after=2025-07-18 00:00:00+00:00
[2025-07-18T07:01:04.956+0000] {processor.py:183} INFO - Processing /home/airflow/.local/lib/python3.12/site-packages/airflow/example_dags/example_short_circuit_operator.py took 1.576 seconds
[2025-07-18T07:01:36.099+0000] {processor.py:161} INFO - Started process (PID=269) to work on /home/airflow/.local/lib/python3.12/site-packages/airflow/example_dags/example_short_circuit_operator.py
[2025-07-18T07:01:36.114+0000] {processor.py:830} INFO - Processing file /home/airflow/.local/lib/python3.12/site-packages/airflow/example_dags/example_short_circuit_operator.py for tasks to queue
[2025-07-18T07:01:36.134+0000] {logging_mixin.py:188} INFO - [2025-07-18T07:01:36.133+0000] {dagbag.py:545} INFO - Filling up the DagBag from /home/airflow/.local/lib/python3.12/site-packages/airflow/example_dags/example_short_circuit_operator.py
[2025-07-18T07:01:36.220+0000] {processor.py:840} INFO - DAG(s) 'example_short_circuit_operator' retrieved from /home/airflow/.local/lib/python3.12/site-packages/airflow/example_dags/example_short_circuit_operator.py
[2025-07-18T07:01:37.816+0000] {logging_mixin.py:188} INFO - [2025-07-18T07:01:37.814+0000] {dag.py:3096} INFO - Sync 1 DAGs
[2025-07-18T07:01:38.081+0000] {logging_mixin.py:188} INFO - [2025-07-18T07:01:38.080+0000] {dag.py:3954} INFO - Setting next_dagrun for example_short_circuit_operator to 2025-07-17 00:00:00+00:00, run_after=2025-07-18 00:00:00+00:00
[2025-07-18T07:01:38.285+0000] {processor.py:183} INFO - Processing /home/airflow/.local/lib/python3.12/site-packages/airflow/example_dags/example_short_circuit_operator.py took 2.258 seconds
[2025-07-18T07:02:23.047+0000] {processor.py:161} INFO - Started process (PID=331) to work on /home/airflow/.local/lib/python3.12/site-packages/airflow/example_dags/example_short_circuit_operator.py
[2025-07-18T07:02:23.055+0000] {processor.py:830} INFO - Processing file /home/airflow/.local/lib/python3.12/site-packages/airflow/example_dags/example_short_circuit_operator.py for tasks to queue
[2025-07-18T07:02:23.069+0000] {logging_mixin.py:188} INFO - [2025-07-18T07:02:23.067+0000] {dagbag.py:545} INFO - Filling up the DagBag from /home/airflow/.local/lib/python3.12/site-packages/airflow/example_dags/example_short_circuit_operator.py
[2025-07-18T07:02:23.124+0000] {processor.py:840} INFO - DAG(s) 'example_short_circuit_operator' retrieved from /home/airflow/.local/lib/python3.12/site-packages/airflow/example_dags/example_short_circuit_operator.py
[2025-07-18T07:02:23.304+0000] {logging_mixin.py:188} INFO - [2025-07-18T07:02:23.303+0000] {dag.py:3096} INFO - Sync 1 DAGs
[2025-07-18T07:02:23.496+0000] {logging_mixin.py:188} INFO - [2025-07-18T07:02:23.495+0000] {dag.py:3954} INFO - Setting next_dagrun for example_short_circuit_operator to 2025-07-17 00:00:00+00:00, run_after=2025-07-18 00:00:00+00:00
[2025-07-18T07:02:23.683+0000] {processor.py:183} INFO - Processing /home/airflow/.local/lib/python3.12/site-packages/airflow/example_dags/example_short_circuit_operator.py took 0.685 seconds
[2025-07-18T07:02:54.531+0000] {processor.py:161} INFO - Started process (PID=393) to work on /home/airflow/.local/lib/python3.12/site-packages/airflow/example_dags/example_short_circuit_operator.py
[2025-07-18T07:02:54.536+0000] {processor.py:830} INFO - Processing file /home/airflow/.local/lib/python3.12/site-packages/airflow/example_dags/example_short_circuit_operator.py for tasks to queue
[2025-07-18T07:02:54.545+0000] {logging_mixin.py:188} INFO - [2025-07-18T07:02:54.544+0000] {dagbag.py:545} INFO - Filling up the DagBag from /home/airflow/.local/lib/python3.12/site-packages/airflow/example_dags/example_short_circuit_operator.py
[2025-07-18T07:02:54.575+0000] {processor.py:840} INFO - DAG(s) 'example_short_circuit_operator' retrieved from /home/airflow/.local/lib/python3.12/site-packages/airflow/example_dags/example_short_circuit_operator.py
[2025-07-18T07:02:54.686+0000] {logging_mixin.py:188} INFO - [2025-07-18T07:02:54.685+0000] {dag.py:3096} INFO - Sync 1 DAGs
[2025-07-18T07:02:54.808+0000] {logging_mixin.py:188} INFO - [2025-07-18T07:02:54.808+0000] {dag.py:3954} INFO - Setting next_dagrun for example_short_circuit_operator to 2025-07-17 00:00:00+00:00, run_after=2025-07-18 00:00:00+00:00
[2025-07-18T07:02:54.885+0000] {processor.py:183} INFO - Processing /home/airflow/.local/lib/python3.12/site-packages/airflow/example_dags/example_short_circuit_operator.py took 0.377 seconds
[2025-07-18T07:03:25.561+0000] {processor.py:161} INFO - Started process (PID=455) to work on /home/airflow/.local/lib/python3.12/site-packages/airflow/example_dags/example_short_circuit_operator.py
[2025-07-18T07:03:25.570+0000] {processor.py:830} INFO - Processing file /home/airflow/.local/lib/python3.12/site-packages/airflow/example_dags/example_short_circuit_operator.py for tasks to queue
[2025-07-18T07:03:25.581+0000] {logging_mixin.py:188} INFO - [2025-07-18T07:03:25.579+0000] {dagbag.py:545} INFO - Filling up the DagBag from /home/airflow/.local/lib/python3.12/site-packages/airflow/example_dags/example_short_circuit_operator.py
[2025-07-18T07:03:25.612+0000] {processor.py:840} INFO - DAG(s) 'example_short_circuit_operator' retrieved from /home/airflow/.local/lib/python3.12/site-packages/airflow/example_dags/example_short_circuit_operator.py
[2025-07-18T07:03:25.773+0000] {logging_mixin.py:188} INFO - [2025-07-18T07:03:25.772+0000] {dag.py:3096} INFO - Sync 1 DAGs
[2025-07-18T07:03:25.933+0000] {logging_mixin.py:188} INFO - [2025-07-18T07:03:25.932+0000] {dag.py:3954} INFO - Setting next_dagrun for example_short_circuit_operator to 2025-07-17 00:00:00+00:00, run_after=2025-07-18 00:00:00+00:00
[2025-07-18T07:03:26.123+0000] {processor.py:183} INFO - Processing /home/airflow/.local/lib/python3.12/site-packages/airflow/example_dags/example_short_circuit_operator.py took 0.617 seconds
[2025-07-18T07:03:56.712+0000] {processor.py:161} INFO - Started process (PID=517) to work on /home/airflow/.local/lib/python3.12/site-packages/airflow/example_dags/example_short_circuit_operator.py
[2025-07-18T07:03:56.715+0000] {processor.py:830} INFO - Processing file /home/airflow/.local/lib/python3.12/site-packages/airflow/example_dags/example_short_circuit_operator.py for tasks to queue
[2025-07-18T07:03:56.721+0000] {logging_mixin.py:188} INFO - [2025-07-18T07:03:56.721+0000] {dagbag.py:545} INFO - Filling up the DagBag from /home/airflow/.local/lib/python3.12/site-packages/airflow/example_dags/example_short_circuit_operator.py
[2025-07-18T07:03:56.751+0000] {processor.py:840} INFO - DAG(s) 'example_short_circuit_operator' retrieved from /home/airflow/.local/lib/python3.12/site-packages/airflow/example_dags/example_short_circuit_operator.py
[2025-07-18T07:03:56.867+0000] {logging_mixin.py:188} INFO - [2025-07-18T07:03:56.866+0000] {dag.py:3096} INFO - Sync 1 DAGs
[2025-07-18T07:03:56.996+0000] {logging_mixin.py:188} INFO - [2025-07-18T07:03:56.995+0000] {dag.py:3954} INFO - Setting next_dagrun for example_short_circuit_operator to 2025-07-17 00:00:00+00:00, run_after=2025-07-18 00:00:00+00:00
[2025-07-18T07:03:57.168+0000] {processor.py:183} INFO - Processing /home/airflow/.local/lib/python3.12/site-packages/airflow/example_dags/example_short_circuit_operator.py took 0.475 seconds
[2025-07-18T07:04:40.409+0000] {processor.py:161} INFO - Started process (PID=583) to work on /home/airflow/.local/lib/python3.12/site-packages/airflow/example_dags/example_short_circuit_operator.py
[2025-07-18T07:04:40.413+0000] {processor.py:830} INFO - Processing file /home/airflow/.local/lib/python3.12/site-packages/airflow/example_dags/example_short_circuit_operator.py for tasks to queue
[2025-07-18T07:04:40.425+0000] {logging_mixin.py:188} INFO - [2025-07-18T07:04:40.424+0000] {dagbag.py:545} INFO - Filling up the DagBag from /home/airflow/.local/lib/python3.12/site-packages/airflow/example_dags/example_short_circuit_operator.py
[2025-07-18T07:04:40.464+0000] {processor.py:840} INFO - DAG(s) 'example_short_circuit_operator' retrieved from /home/airflow/.local/lib/python3.12/site-packages/airflow/example_dags/example_short_circuit_operator.py
[2025-07-18T07:04:40.700+0000] {logging_mixin.py:188} INFO - [2025-07-18T07:04:40.699+0000] {dag.py:3096} INFO - Sync 1 DAGs
[2025-07-18T07:04:40.833+0000] {logging_mixin.py:188} INFO - [2025-07-18T07:04:40.832+0000] {dag.py:3954} INFO - Setting next_dagrun for example_short_circuit_operator to 2025-07-17 00:00:00+00:00, run_after=2025-07-18 00:00:00+00:00
[2025-07-18T07:04:40.922+0000] {processor.py:183} INFO - Processing /home/airflow/.local/lib/python3.12/site-packages/airflow/example_dags/example_short_circuit_operator.py took 0.536 seconds
