[2025-07-18T06:58:39.334+0000] {processor.py:161} INFO - Started process (PID=95) to work on /home/airflow/.local/lib/python3.12/site-packages/airflow/example_dags/tutorial_dag.py
[2025-07-18T06:58:39.339+0000] {processor.py:830} INFO - Processing file /home/airflow/.local/lib/python3.12/site-packages/airflow/example_dags/tutorial_dag.py for tasks to queue
[2025-07-18T06:58:39.348+0000] {logging_mixin.py:188} INFO - [2025-07-18T06:58:39.347+0000] {dagbag.py:545} INFO - Filling up the DagBag from /home/airflow/.local/lib/python3.12/site-packages/airflow/example_dags/tutorial_dag.py
[2025-07-18T06:58:39.383+0000] {processor.py:840} INFO - DAG(s) 'tutorial_dag' retrieved from /home/airflow/.local/lib/python3.12/site-packages/airflow/example_dags/tutorial_dag.py
[2025-07-18T06:58:39.587+0000] {logging_mixin.py:188} INFO - [2025-07-18T06:58:39.586+0000] {dag.py:3096} INFO - Sync 1 DAGs
[2025-07-18T06:58:39.692+0000] {logging_mixin.py:188} INFO - [2025-07-18T06:58:39.691+0000] {dag.py:3954} INFO - Setting next_dagrun for tutorial_dag to None, run_after=None
[2025-07-18T06:58:39.830+0000] {processor.py:183} INFO - Processing /home/airflow/.local/lib/python3.12/site-packages/airflow/example_dags/tutorial_dag.py took 0.532 seconds
[2025-07-18T07:00:33.077+0000] {processor.py:161} INFO - Started process (PID=175) to work on /home/airflow/.local/lib/python3.12/site-packages/airflow/example_dags/tutorial_dag.py
[2025-07-18T07:00:33.104+0000] {processor.py:830} INFO - Processing file /home/airflow/.local/lib/python3.12/site-packages/airflow/example_dags/tutorial_dag.py for tasks to queue
[2025-07-18T07:00:33.125+0000] {logging_mixin.py:188} INFO - [2025-07-18T07:00:33.123+0000] {dagbag.py:545} INFO - Filling up the DagBag from /home/airflow/.local/lib/python3.12/site-packages/airflow/example_dags/tutorial_dag.py
[2025-07-18T07:00:33.194+0000] {processor.py:840} INFO - DAG(s) 'tutorial_dag' retrieved from /home/airflow/.local/lib/python3.12/site-packages/airflow/example_dags/tutorial_dag.py
[2025-07-18T07:00:33.357+0000] {logging_mixin.py:188} INFO - [2025-07-18T07:00:33.356+0000] {dag.py:3096} INFO - Sync 1 DAGs
[2025-07-18T07:00:33.497+0000] {logging_mixin.py:188} INFO - [2025-07-18T07:00:33.497+0000] {dag.py:3954} INFO - Setting next_dagrun for tutorial_dag to None, run_after=None
[2025-07-18T07:00:33.669+0000] {processor.py:183} INFO - Processing /home/airflow/.local/lib/python3.12/site-packages/airflow/example_dags/tutorial_dag.py took 0.651 seconds
[2025-07-18T07:01:22.069+0000] {processor.py:161} INFO - Started process (PID=237) to work on /home/airflow/.local/lib/python3.12/site-packages/airflow/example_dags/tutorial_dag.py
[2025-07-18T07:01:22.094+0000] {processor.py:830} INFO - Processing file /home/airflow/.local/lib/python3.12/site-packages/airflow/example_dags/tutorial_dag.py for tasks to queue
[2025-07-18T07:01:22.114+0000] {logging_mixin.py:188} INFO - [2025-07-18T07:01:22.109+0000] {dagbag.py:545} INFO - Filling up the DagBag from /home/airflow/.local/lib/python3.12/site-packages/airflow/example_dags/tutorial_dag.py
[2025-07-18T07:01:22.169+0000] {processor.py:840} INFO - DAG(s) 'tutorial_dag' retrieved from /home/airflow/.local/lib/python3.12/site-packages/airflow/example_dags/tutorial_dag.py
[2025-07-18T07:01:22.296+0000] {logging_mixin.py:188} INFO - [2025-07-18T07:01:22.295+0000] {dag.py:3096} INFO - Sync 1 DAGs
[2025-07-18T07:01:22.441+0000] {logging_mixin.py:188} INFO - [2025-07-18T07:01:22.440+0000] {dag.py:3954} INFO - Setting next_dagrun for tutorial_dag to None, run_after=None
[2025-07-18T07:01:22.647+0000] {processor.py:183} INFO - Processing /home/airflow/.local/lib/python3.12/site-packages/airflow/example_dags/tutorial_dag.py took 0.669 seconds
[2025-07-18T07:02:03.824+0000] {processor.py:161} INFO - Started process (PID=304) to work on /home/airflow/.local/lib/python3.12/site-packages/airflow/example_dags/tutorial_dag.py
[2025-07-18T07:02:03.828+0000] {processor.py:830} INFO - Processing file /home/airflow/.local/lib/python3.12/site-packages/airflow/example_dags/tutorial_dag.py for tasks to queue
[2025-07-18T07:02:03.834+0000] {logging_mixin.py:188} INFO - [2025-07-18T07:02:03.833+0000] {dagbag.py:545} INFO - Filling up the DagBag from /home/airflow/.local/lib/python3.12/site-packages/airflow/example_dags/tutorial_dag.py
[2025-07-18T07:02:03.848+0000] {processor.py:840} INFO - DAG(s) 'tutorial_dag' retrieved from /home/airflow/.local/lib/python3.12/site-packages/airflow/example_dags/tutorial_dag.py
[2025-07-18T07:02:04.184+0000] {logging_mixin.py:188} INFO - [2025-07-18T07:02:04.183+0000] {dag.py:3096} INFO - Sync 1 DAGs
[2025-07-18T07:02:04.215+0000] {logging_mixin.py:188} INFO - [2025-07-18T07:02:04.214+0000] {dag.py:3954} INFO - Setting next_dagrun for tutorial_dag to None, run_after=None
[2025-07-18T07:02:04.276+0000] {processor.py:183} INFO - Processing /home/airflow/.local/lib/python3.12/site-packages/airflow/example_dags/tutorial_dag.py took 0.466 seconds
[2025-07-18T07:02:35.316+0000] {processor.py:161} INFO - Started process (PID=366) to work on /home/airflow/.local/lib/python3.12/site-packages/airflow/example_dags/tutorial_dag.py
[2025-07-18T07:02:35.319+0000] {processor.py:830} INFO - Processing file /home/airflow/.local/lib/python3.12/site-packages/airflow/example_dags/tutorial_dag.py for tasks to queue
[2025-07-18T07:02:35.324+0000] {logging_mixin.py:188} INFO - [2025-07-18T07:02:35.323+0000] {dagbag.py:545} INFO - Filling up the DagBag from /home/airflow/.local/lib/python3.12/site-packages/airflow/example_dags/tutorial_dag.py
[2025-07-18T07:02:35.340+0000] {processor.py:840} INFO - DAG(s) 'tutorial_dag' retrieved from /home/airflow/.local/lib/python3.12/site-packages/airflow/example_dags/tutorial_dag.py
[2025-07-18T07:02:35.407+0000] {logging_mixin.py:188} INFO - [2025-07-18T07:02:35.406+0000] {dag.py:3096} INFO - Sync 1 DAGs
[2025-07-18T07:02:35.473+0000] {logging_mixin.py:188} INFO - [2025-07-18T07:02:35.472+0000] {dag.py:3954} INFO - Setting next_dagrun for tutorial_dag to None, run_after=None
[2025-07-18T07:02:35.563+0000] {processor.py:183} INFO - Processing /home/airflow/.local/lib/python3.12/site-packages/airflow/example_dags/tutorial_dag.py took 0.260 seconds
[2025-07-18T07:03:07.109+0000] {processor.py:161} INFO - Started process (PID=428) to work on /home/airflow/.local/lib/python3.12/site-packages/airflow/example_dags/tutorial_dag.py
[2025-07-18T07:03:07.115+0000] {processor.py:830} INFO - Processing file /home/airflow/.local/lib/python3.12/site-packages/airflow/example_dags/tutorial_dag.py for tasks to queue
[2025-07-18T07:03:07.125+0000] {logging_mixin.py:188} INFO - [2025-07-18T07:03:07.123+0000] {dagbag.py:545} INFO - Filling up the DagBag from /home/airflow/.local/lib/python3.12/site-packages/airflow/example_dags/tutorial_dag.py
[2025-07-18T07:03:07.166+0000] {processor.py:840} INFO - DAG(s) 'tutorial_dag' retrieved from /home/airflow/.local/lib/python3.12/site-packages/airflow/example_dags/tutorial_dag.py
[2025-07-18T07:03:07.331+0000] {logging_mixin.py:188} INFO - [2025-07-18T07:03:07.329+0000] {dag.py:3096} INFO - Sync 1 DAGs
[2025-07-18T07:03:07.491+0000] {logging_mixin.py:188} INFO - [2025-07-18T07:03:07.489+0000] {dag.py:3954} INFO - Setting next_dagrun for tutorial_dag to None, run_after=None
[2025-07-18T07:03:07.778+0000] {processor.py:183} INFO - Processing /home/airflow/.local/lib/python3.12/site-packages/airflow/example_dags/tutorial_dag.py took 0.709 seconds
[2025-07-18T07:03:38.366+0000] {processor.py:161} INFO - Started process (PID=488) to work on /home/airflow/.local/lib/python3.12/site-packages/airflow/example_dags/tutorial_dag.py
[2025-07-18T07:03:38.370+0000] {processor.py:830} INFO - Processing file /home/airflow/.local/lib/python3.12/site-packages/airflow/example_dags/tutorial_dag.py for tasks to queue
[2025-07-18T07:03:38.374+0000] {logging_mixin.py:188} INFO - [2025-07-18T07:03:38.373+0000] {dagbag.py:545} INFO - Filling up the DagBag from /home/airflow/.local/lib/python3.12/site-packages/airflow/example_dags/tutorial_dag.py
[2025-07-18T07:03:38.389+0000] {processor.py:840} INFO - DAG(s) 'tutorial_dag' retrieved from /home/airflow/.local/lib/python3.12/site-packages/airflow/example_dags/tutorial_dag.py
[2025-07-18T07:03:38.446+0000] {logging_mixin.py:188} INFO - [2025-07-18T07:03:38.446+0000] {dag.py:3096} INFO - Sync 1 DAGs
[2025-07-18T07:03:38.503+0000] {logging_mixin.py:188} INFO - [2025-07-18T07:03:38.502+0000] {dag.py:3954} INFO - Setting next_dagrun for tutorial_dag to None, run_after=None
[2025-07-18T07:03:38.566+0000] {processor.py:183} INFO - Processing /home/airflow/.local/lib/python3.12/site-packages/airflow/example_dags/tutorial_dag.py took 0.218 seconds
[2025-07-18T07:04:08.744+0000] {processor.py:161} INFO - Started process (PID=550) to work on /home/airflow/.local/lib/python3.12/site-packages/airflow/example_dags/tutorial_dag.py
[2025-07-18T07:04:08.748+0000] {processor.py:830} INFO - Processing file /home/airflow/.local/lib/python3.12/site-packages/airflow/example_dags/tutorial_dag.py for tasks to queue
[2025-07-18T07:04:08.756+0000] {logging_mixin.py:188} INFO - [2025-07-18T07:04:08.755+0000] {dagbag.py:545} INFO - Filling up the DagBag from /home/airflow/.local/lib/python3.12/site-packages/airflow/example_dags/tutorial_dag.py
[2025-07-18T07:04:08.783+0000] {processor.py:840} INFO - DAG(s) 'tutorial_dag' retrieved from /home/airflow/.local/lib/python3.12/site-packages/airflow/example_dags/tutorial_dag.py
[2025-07-18T07:04:08.915+0000] {logging_mixin.py:188} INFO - [2025-07-18T07:04:08.914+0000] {dag.py:3096} INFO - Sync 1 DAGs
[2025-07-18T07:04:08.966+0000] {logging_mixin.py:188} INFO - [2025-07-18T07:04:08.965+0000] {dag.py:3954} INFO - Setting next_dagrun for tutorial_dag to None, run_after=None
[2025-07-18T07:04:09.031+0000] {processor.py:183} INFO - Processing /home/airflow/.local/lib/python3.12/site-packages/airflow/example_dags/tutorial_dag.py took 0.317 seconds
