[2025-07-18T06:58:29.929+0000] {processor.py:161} INFO - Started process (PID=88) to work on /home/airflow/.local/lib/python3.12/site-packages/airflow/example_dags/tutorial_taskflow_api_virtualenv.py
[2025-07-18T06:58:29.940+0000] {processor.py:830} INFO - Processing file /home/airflow/.local/lib/python3.12/site-packages/airflow/example_dags/tutorial_taskflow_api_virtualenv.py for tasks to queue
[2025-07-18T06:58:29.982+0000] {logging_mixin.py:188} INFO - [2025-07-18T06:58:29.973+0000] {dagbag.py:545} INFO - Filling up the DagBag from /home/airflow/.local/lib/python3.12/site-packages/airflow/example_dags/tutorial_taskflow_api_virtualenv.py
[2025-07-18T06:58:30.156+0000] {processor.py:840} INFO - DAG(s) 'tutorial_taskflow_api_virtualenv' retrieved from /home/airflow/.local/lib/python3.12/site-packages/airflow/example_dags/tutorial_taskflow_api_virtualenv.py
[2025-07-18T06:58:35.558+0000] {logging_mixin.py:188} INFO - [2025-07-18T06:58:35.557+0000] {dag.py:3096} INFO - Sync 1 DAGs
[2025-07-18T06:58:35.843+0000] {logging_mixin.py:188} INFO - [2025-07-18T06:58:35.839+0000] {dag.py:3954} INFO - Setting next_dagrun for tutorial_taskflow_api_virtualenv to None, run_after=None
[2025-07-18T06:58:36.101+0000] {processor.py:183} INFO - Processing /home/airflow/.local/lib/python3.12/site-packages/airflow/example_dags/tutorial_taskflow_api_virtualenv.py took 6.395 seconds
[2025-07-18T07:00:18.673+0000] {processor.py:161} INFO - Started process (PID=162) to work on /home/airflow/.local/lib/python3.12/site-packages/airflow/example_dags/tutorial_taskflow_api_virtualenv.py
[2025-07-18T07:00:18.752+0000] {processor.py:830} INFO - Processing file /home/airflow/.local/lib/python3.12/site-packages/airflow/example_dags/tutorial_taskflow_api_virtualenv.py for tasks to queue
[2025-07-18T07:00:18.864+0000] {logging_mixin.py:188} INFO - [2025-07-18T07:00:18.861+0000] {dagbag.py:545} INFO - Filling up the DagBag from /home/airflow/.local/lib/python3.12/site-packages/airflow/example_dags/tutorial_taskflow_api_virtualenv.py
[2025-07-18T07:00:19.638+0000] {processor.py:840} INFO - DAG(s) 'tutorial_taskflow_api_virtualenv' retrieved from /home/airflow/.local/lib/python3.12/site-packages/airflow/example_dags/tutorial_taskflow_api_virtualenv.py
[2025-07-18T07:00:20.277+0000] {logging_mixin.py:188} INFO - [2025-07-18T07:00:20.276+0000] {dag.py:3096} INFO - Sync 1 DAGs
[2025-07-18T07:00:20.483+0000] {logging_mixin.py:188} INFO - [2025-07-18T07:00:20.482+0000] {dag.py:3954} INFO - Setting next_dagrun for tutorial_taskflow_api_virtualenv to None, run_after=None
[2025-07-18T07:00:20.774+0000] {processor.py:183} INFO - Processing /home/airflow/.local/lib/python3.12/site-packages/airflow/example_dags/tutorial_taskflow_api_virtualenv.py took 2.233 seconds
[2025-07-18T07:01:17.840+0000] {processor.py:161} INFO - Started process (PID=230) to work on /home/airflow/.local/lib/python3.12/site-packages/airflow/example_dags/tutorial_taskflow_api_virtualenv.py
[2025-07-18T07:01:17.848+0000] {processor.py:830} INFO - Processing file /home/airflow/.local/lib/python3.12/site-packages/airflow/example_dags/tutorial_taskflow_api_virtualenv.py for tasks to queue
[2025-07-18T07:01:17.862+0000] {logging_mixin.py:188} INFO - [2025-07-18T07:01:17.861+0000] {dagbag.py:545} INFO - Filling up the DagBag from /home/airflow/.local/lib/python3.12/site-packages/airflow/example_dags/tutorial_taskflow_api_virtualenv.py
[2025-07-18T07:01:17.907+0000] {processor.py:840} INFO - DAG(s) 'tutorial_taskflow_api_virtualenv' retrieved from /home/airflow/.local/lib/python3.12/site-packages/airflow/example_dags/tutorial_taskflow_api_virtualenv.py
[2025-07-18T07:01:17.980+0000] {logging_mixin.py:188} INFO - [2025-07-18T07:01:17.979+0000] {dag.py:3096} INFO - Sync 1 DAGs
[2025-07-18T07:01:18.050+0000] {logging_mixin.py:188} INFO - [2025-07-18T07:01:18.050+0000] {dag.py:3954} INFO - Setting next_dagrun for tutorial_taskflow_api_virtualenv to None, run_after=None
[2025-07-18T07:01:18.117+0000] {processor.py:183} INFO - Processing /home/airflow/.local/lib/python3.12/site-packages/airflow/example_dags/tutorial_taskflow_api_virtualenv.py took 0.310 seconds
[2025-07-18T07:01:57.183+0000] {processor.py:161} INFO - Started process (PID=290) to work on /home/airflow/.local/lib/python3.12/site-packages/airflow/example_dags/tutorial_taskflow_api_virtualenv.py
[2025-07-18T07:01:57.188+0000] {processor.py:830} INFO - Processing file /home/airflow/.local/lib/python3.12/site-packages/airflow/example_dags/tutorial_taskflow_api_virtualenv.py for tasks to queue
[2025-07-18T07:01:57.200+0000] {logging_mixin.py:188} INFO - [2025-07-18T07:01:57.199+0000] {dagbag.py:545} INFO - Filling up the DagBag from /home/airflow/.local/lib/python3.12/site-packages/airflow/example_dags/tutorial_taskflow_api_virtualenv.py
[2025-07-18T07:01:57.263+0000] {processor.py:840} INFO - DAG(s) 'tutorial_taskflow_api_virtualenv' retrieved from /home/airflow/.local/lib/python3.12/site-packages/airflow/example_dags/tutorial_taskflow_api_virtualenv.py
[2025-07-18T07:01:58.648+0000] {logging_mixin.py:188} INFO - [2025-07-18T07:01:58.646+0000] {dag.py:3096} INFO - Sync 1 DAGs
[2025-07-18T07:01:58.737+0000] {logging_mixin.py:188} INFO - [2025-07-18T07:01:58.736+0000] {dag.py:3954} INFO - Setting next_dagrun for tutorial_taskflow_api_virtualenv to None, run_after=None
[2025-07-18T07:01:58.877+0000] {processor.py:183} INFO - Processing /home/airflow/.local/lib/python3.12/site-packages/airflow/example_dags/tutorial_taskflow_api_virtualenv.py took 1.729 seconds
[2025-07-18T07:02:30.816+0000] {processor.py:161} INFO - Started process (PID=357) to work on /home/airflow/.local/lib/python3.12/site-packages/airflow/example_dags/tutorial_taskflow_api_virtualenv.py
[2025-07-18T07:02:30.822+0000] {processor.py:830} INFO - Processing file /home/airflow/.local/lib/python3.12/site-packages/airflow/example_dags/tutorial_taskflow_api_virtualenv.py for tasks to queue
[2025-07-18T07:02:30.828+0000] {logging_mixin.py:188} INFO - [2025-07-18T07:02:30.827+0000] {dagbag.py:545} INFO - Filling up the DagBag from /home/airflow/.local/lib/python3.12/site-packages/airflow/example_dags/tutorial_taskflow_api_virtualenv.py
[2025-07-18T07:02:30.876+0000] {processor.py:840} INFO - DAG(s) 'tutorial_taskflow_api_virtualenv' retrieved from /home/airflow/.local/lib/python3.12/site-packages/airflow/example_dags/tutorial_taskflow_api_virtualenv.py
[2025-07-18T07:02:30.980+0000] {logging_mixin.py:188} INFO - [2025-07-18T07:02:30.978+0000] {dag.py:3096} INFO - Sync 1 DAGs
[2025-07-18T07:02:31.048+0000] {logging_mixin.py:188} INFO - [2025-07-18T07:02:31.047+0000] {dag.py:3954} INFO - Setting next_dagrun for tutorial_taskflow_api_virtualenv to None, run_after=None
[2025-07-18T07:02:31.146+0000] {processor.py:183} INFO - Processing /home/airflow/.local/lib/python3.12/site-packages/airflow/example_dags/tutorial_taskflow_api_virtualenv.py took 0.373 seconds
[2025-07-18T07:03:02.891+0000] {processor.py:161} INFO - Started process (PID=417) to work on /home/airflow/.local/lib/python3.12/site-packages/airflow/example_dags/tutorial_taskflow_api_virtualenv.py
[2025-07-18T07:03:02.907+0000] {processor.py:830} INFO - Processing file /home/airflow/.local/lib/python3.12/site-packages/airflow/example_dags/tutorial_taskflow_api_virtualenv.py for tasks to queue
[2025-07-18T07:03:02.940+0000] {logging_mixin.py:188} INFO - [2025-07-18T07:03:02.928+0000] {dagbag.py:545} INFO - Filling up the DagBag from /home/airflow/.local/lib/python3.12/site-packages/airflow/example_dags/tutorial_taskflow_api_virtualenv.py
[2025-07-18T07:03:03.079+0000] {processor.py:840} INFO - DAG(s) 'tutorial_taskflow_api_virtualenv' retrieved from /home/airflow/.local/lib/python3.12/site-packages/airflow/example_dags/tutorial_taskflow_api_virtualenv.py
[2025-07-18T07:03:03.252+0000] {logging_mixin.py:188} INFO - [2025-07-18T07:03:03.250+0000] {dag.py:3096} INFO - Sync 1 DAGs
[2025-07-18T07:03:03.359+0000] {logging_mixin.py:188} INFO - [2025-07-18T07:03:03.358+0000] {dag.py:3954} INFO - Setting next_dagrun for tutorial_taskflow_api_virtualenv to None, run_after=None
[2025-07-18T07:03:03.463+0000] {processor.py:183} INFO - Processing /home/airflow/.local/lib/python3.12/site-packages/airflow/example_dags/tutorial_taskflow_api_virtualenv.py took 0.646 seconds
[2025-07-18T07:03:33.930+0000] {processor.py:161} INFO - Started process (PID=479) to work on /home/airflow/.local/lib/python3.12/site-packages/airflow/example_dags/tutorial_taskflow_api_virtualenv.py
[2025-07-18T07:03:33.936+0000] {processor.py:830} INFO - Processing file /home/airflow/.local/lib/python3.12/site-packages/airflow/example_dags/tutorial_taskflow_api_virtualenv.py for tasks to queue
[2025-07-18T07:03:33.946+0000] {logging_mixin.py:188} INFO - [2025-07-18T07:03:33.944+0000] {dagbag.py:545} INFO - Filling up the DagBag from /home/airflow/.local/lib/python3.12/site-packages/airflow/example_dags/tutorial_taskflow_api_virtualenv.py
[2025-07-18T07:03:34.015+0000] {processor.py:840} INFO - DAG(s) 'tutorial_taskflow_api_virtualenv' retrieved from /home/airflow/.local/lib/python3.12/site-packages/airflow/example_dags/tutorial_taskflow_api_virtualenv.py
[2025-07-18T07:03:34.152+0000] {logging_mixin.py:188} INFO - [2025-07-18T07:03:34.149+0000] {dag.py:3096} INFO - Sync 1 DAGs
[2025-07-18T07:03:34.289+0000] {logging_mixin.py:188} INFO - [2025-07-18T07:03:34.288+0000] {dag.py:3954} INFO - Setting next_dagrun for tutorial_taskflow_api_virtualenv to None, run_after=None
[2025-07-18T07:03:34.389+0000] {processor.py:183} INFO - Processing /home/airflow/.local/lib/python3.12/site-packages/airflow/example_dags/tutorial_taskflow_api_virtualenv.py took 0.515 seconds
[2025-07-18T07:04:04.707+0000] {processor.py:161} INFO - Started process (PID=540) to work on /home/airflow/.local/lib/python3.12/site-packages/airflow/example_dags/tutorial_taskflow_api_virtualenv.py
[2025-07-18T07:04:04.710+0000] {processor.py:830} INFO - Processing file /home/airflow/.local/lib/python3.12/site-packages/airflow/example_dags/tutorial_taskflow_api_virtualenv.py for tasks to queue
[2025-07-18T07:04:04.717+0000] {logging_mixin.py:188} INFO - [2025-07-18T07:04:04.716+0000] {dagbag.py:545} INFO - Filling up the DagBag from /home/airflow/.local/lib/python3.12/site-packages/airflow/example_dags/tutorial_taskflow_api_virtualenv.py
[2025-07-18T07:04:04.749+0000] {processor.py:840} INFO - DAG(s) 'tutorial_taskflow_api_virtualenv' retrieved from /home/airflow/.local/lib/python3.12/site-packages/airflow/example_dags/tutorial_taskflow_api_virtualenv.py
[2025-07-18T07:04:04.837+0000] {logging_mixin.py:188} INFO - [2025-07-18T07:04:04.837+0000] {dag.py:3096} INFO - Sync 1 DAGs
[2025-07-18T07:04:04.906+0000] {logging_mixin.py:188} INFO - [2025-07-18T07:04:04.905+0000] {dag.py:3954} INFO - Setting next_dagrun for tutorial_taskflow_api_virtualenv to None, run_after=None
[2025-07-18T07:04:04.979+0000] {processor.py:183} INFO - Processing /home/airflow/.local/lib/python3.12/site-packages/airflow/example_dags/tutorial_taskflow_api_virtualenv.py took 0.291 seconds
