[2025-07-17T14:56:42.366+0000] {local_task_job_runner.py:120} INFO - ::group::Pre task execution logs
[2025-07-17T14:56:42.432+0000] {taskinstance.py:2076} INFO - Dependencies all met for dep_context=non-requeueable deps ti=<TaskInstance: bps_simdasi_pipeline.process_simdasi_apis.process_api_1 manual__2025-07-17T14:56:37.202698+00:00 [queued]>
[2025-07-17T14:56:42.456+0000] {taskinstance.py:2076} INFO - Dependencies all met for dep_context=requeueable deps ti=<TaskInstance: bps_simdasi_pipeline.process_simdasi_apis.process_api_1 manual__2025-07-17T14:56:37.202698+00:00 [queued]>
[2025-07-17T14:56:42.458+0000] {taskinstance.py:2306} INFO - Starting attempt 1 of 2
[2025-07-17T14:56:42.508+0000] {taskinstance.py:2330} INFO - Executing <Task(PythonOperator): process_simdasi_apis.process_api_1> on 2025-07-17 14:56:37.202698+00:00
[2025-07-17T14:56:42.537+0000] {warnings.py:112} WARNING - /home/***/.local/lib/python3.12/site-packages/***/task/task_runner/standard_task_runner.py:61: DeprecationWarning: This process (pid=488) is multi-threaded, use of fork() may lead to deadlocks in the child.
  pid = os.fork()

[2025-07-17T14:56:42.541+0000] {standard_task_runner.py:63} INFO - Started process 499 to run task
[2025-07-17T14:56:42.543+0000] {standard_task_runner.py:90} INFO - Running: ['***', 'tasks', 'run', 'bps_simdasi_pipeline', 'process_simdasi_apis.process_api_1', 'manual__2025-07-17T14:56:37.202698+00:00', '--job-id', '177', '--raw', '--subdir', 'DAGS_FOLDER/bps_simdasi_pipeline.py', '--cfg-path', '/tmp/tmprz6bjtnr']
[2025-07-17T14:56:42.546+0000] {standard_task_runner.py:91} INFO - Job 177: Subtask process_simdasi_apis.process_api_1
[2025-07-17T14:56:42.688+0000] {task_command.py:426} INFO - Running <TaskInstance: bps_simdasi_pipeline.process_simdasi_apis.process_api_1 manual__2025-07-17T14:56:37.202698+00:00 [running]> on host be615b49433c
[2025-07-17T14:56:42.921+0000] {taskinstance.py:2648} INFO - Exporting env vars: AIRFLOW_CTX_DAG_OWNER='***' AIRFLOW_CTX_DAG_ID='bps_simdasi_pipeline' AIRFLOW_CTX_TASK_ID='process_simdasi_apis.process_api_1' AIRFLOW_CTX_EXECUTION_DATE='2025-07-17T14:56:37.202698+00:00' AIRFLOW_CTX_TRY_NUMBER='1' AIRFLOW_CTX_DAG_RUN_ID='manual__2025-07-17T14:56:37.202698+00:00'
[2025-07-17T14:56:42.924+0000] {taskinstance.py:430} INFO - ::endgroup::
[2025-07-17T14:56:42.926+0000] {logging_mixin.py:188} INFO - Processing URL: https://webapi.bps.go.id/v1/api/interoperabilitas/datasource/simdasi/id/25/tahun/2024/id_tabel/YzVEYlo5MVplU2NaM2NtT2daTzB6UT09/wilayah/0000000/key/79452e4c302f8921ad36cd2bf55f0630
[2025-07-17T14:56:42.927+0000] {logging_mixin.py:188} INFO - 
🔄 Mencoba mengambil daftar tahun yang tersedia secara otomatis...
[2025-07-17T14:56:45.556+0000] {logging_mixin.py:188} INFO - ✅ Tahun yang tersedia ditemukan: [2024]
[2025-07-17T14:56:45.561+0000] {logging_mixin.py:188} INFO - 
--- Memulai Loop Pengambilan Data SIMDASI ---
[2025-07-17T14:56:45.563+0000] {logging_mixin.py:188} INFO - 🔄 Mengambil tahun 2024...
[2025-07-17T14:56:46.208+0000] {logging_mixin.py:188} INFO - 
✅ Metadata awal ditangkap dari tahun 2024:
[2025-07-17T14:56:46.210+0000] {logging_mixin.py:188} INFO -    -> Nama Skema: api_bps_keuangan_pemerintah_fiskal
[2025-07-17T14:56:46.211+0000] {logging_mixin.py:188} INFO -    -> Nama Kolom Label: jabatan
[2025-07-17T14:56:46.212+0000] {logging_mixin.py:188} INFO -    -> ID Kategori (mms_id): 534
[2025-07-17T14:56:46.214+0000] {logging_mixin.py:188} INFO - -> Berhasil memproses data untuk tahun 2024.
[2025-07-17T14:56:46.216+0000] {logging_mixin.py:188} INFO - 
✅ Nama tabel final diatur ke: 'jmlh_prtr_spl_ngr_sn_mnrt_jbtn_jns_sn_dn_jns_klmn_rng_dsmbr_202' (berdasarkan judul dari tahun terakhir yang tersedia).
[2025-07-17T14:56:47.586+0000] {logging_mixin.py:188} INFO - ✅ Data saved to api_bps_keuangan_pemerintah_fiskal.jmlh_prtr_spl_ngr_sn_mnrt_jbtn_jns_sn_dn_jns_klmn_rng_dsmbr_202
[2025-07-17T14:56:47.588+0000] {python.py:237} INFO - Done. Returned value was: None
[2025-07-17T14:56:47.591+0000] {taskinstance.py:441} INFO - ::group::Post task execution logs
[2025-07-17T14:56:47.610+0000] {taskinstance.py:1206} INFO - Marking task as SUCCESS. dag_id=bps_simdasi_pipeline, task_id=process_simdasi_apis.process_api_1, run_id=manual__2025-07-17T14:56:37.202698+00:00, execution_date=20250717T145637, start_date=20250717T145642, end_date=20250717T145647
[2025-07-17T14:56:47.692+0000] {local_task_job_runner.py:240} INFO - Task exited with return code 0
[2025-07-17T14:56:47.721+0000] {taskinstance.py:3503} INFO - 0 downstream tasks scheduled from follow-on schedule check
[2025-07-17T14:56:47.725+0000] {local_task_job_runner.py:222} INFO - ::endgroup::
