[2025-07-21T16:57:14.191+0000] {local_task_job_runner.py:120} INFO - ::group::Pre task execution logs
[2025-07-21T16:57:14.274+0000] {taskinstance.py:2076} INFO - Dependencies all met for dep_context=non-requeueable deps ti=<TaskInstance: bps_simdasi_pipeline.process_simdasi_apis.process_api_18 manual__2025-07-21T16:51:36.203962+00:00 [queued]>
[2025-07-21T16:57:14.302+0000] {taskinstance.py:2076} INFO - Dependencies all met for dep_context=requeueable deps ti=<TaskInstance: bps_simdasi_pipeline.process_simdasi_apis.process_api_18 manual__2025-07-21T16:51:36.203962+00:00 [queued]>
[2025-07-21T16:57:14.304+0000] {taskinstance.py:2306} INFO - Starting attempt 1 of 2
[2025-07-21T16:57:14.350+0000] {taskinstance.py:2330} INFO - Executing <Task(PythonOperator): process_simdasi_apis.process_api_18> on 2025-07-21 16:51:36.203962+00:00
[2025-07-21T16:57:14.371+0000] {warnings.py:112} WARNING - /home/***/.local/lib/python3.12/site-packages/***/task/task_runner/standard_task_runner.py:61: DeprecationWarning: This process (pid=378) is multi-threaded, use of fork() may lead to deadlocks in the child.
  pid = os.fork()

[2025-07-21T16:57:14.374+0000] {standard_task_runner.py:90} INFO - Running: ['***', 'tasks', 'run', 'bps_simdasi_pipeline', 'process_simdasi_apis.process_api_18', 'manual__2025-07-21T16:51:36.203962+00:00', '--job-id', '221', '--raw', '--subdir', 'DAGS_FOLDER/bps_simdasi_pipeline.py', '--cfg-path', '/tmp/tmp7865n87r']
[2025-07-21T16:57:14.376+0000] {standard_task_runner.py:63} INFO - Started process 380 to run task
[2025-07-21T16:57:14.377+0000] {standard_task_runner.py:91} INFO - Job 221: Subtask process_simdasi_apis.process_api_18
[2025-07-21T16:57:14.502+0000] {task_command.py:426} INFO - Running <TaskInstance: bps_simdasi_pipeline.process_simdasi_apis.process_api_18 manual__2025-07-21T16:51:36.203962+00:00 [running]> on host be615b49433c
[2025-07-21T16:57:14.682+0000] {taskinstance.py:2648} INFO - Exporting env vars: AIRFLOW_CTX_DAG_OWNER='***' AIRFLOW_CTX_DAG_ID='bps_simdasi_pipeline' AIRFLOW_CTX_TASK_ID='process_simdasi_apis.process_api_18' AIRFLOW_CTX_EXECUTION_DATE='2025-07-21T16:51:36.203962+00:00' AIRFLOW_CTX_TRY_NUMBER='1' AIRFLOW_CTX_DAG_RUN_ID='manual__2025-07-21T16:51:36.203962+00:00'
[2025-07-21T16:57:14.687+0000] {taskinstance.py:430} INFO - ::endgroup::
[2025-07-21T16:57:14.690+0000] {logging_mixin.py:188} INFO - ðŸ” Processing URL: https://webapi.bps.go.id/v1/api/interoperabilitas/datasource/simdasi/id/25/tahun/2023/id_tabel/TkFMNjl1eC9uUlBMSVdIWmdaZE00UT09/wilayah/3500000/key/79452e4c302f8921ad36cd2bf55f0630/
[2025-07-21T16:57:14.691+0000] {logging_mixin.py:188} INFO - 
ðŸ”„ Mencoba mengambil daftar tahun yang tersedia secara otomatis...
[2025-07-21T16:57:16.689+0000] {logging_mixin.py:188} INFO - âœ… Tahun yang tersedia ditemukan: [2014, 2015, 2016, 2017, 2018, 2019, 2020, 2021, 2022, 2023]
[2025-07-21T16:57:16.693+0000] {logging_mixin.py:188} INFO - 
--- Memulai Loop Pengambilan Data SIMDASI ---
[2025-07-21T16:57:16.695+0000] {logging_mixin.py:188} INFO - ðŸ”„ Mengambil tahun 2014...
[2025-07-21T16:57:17.315+0000] {logging_mixin.py:188} INFO - 
âœ… Metadata awal ditangkap dari tahun 2014:
[2025-07-21T16:57:17.317+0000] {logging_mixin.py:188} INFO -    -> Nama Skema: api_bps_pemukiman_perumahan
[2025-07-21T16:57:17.319+0000] {logging_mixin.py:188} INFO -    -> Nama Kolom Label: kabupatenkota
[2025-07-21T16:57:17.320+0000] {logging_mixin.py:188} INFO -    -> ID Kategori (mms_id): 525
[2025-07-21T16:57:17.321+0000] {logging_mixin.py:188} INFO - -> Berhasil memproses data untuk tahun 2014.
[2025-07-21T16:57:17.322+0000] {logging_mixin.py:188} INFO - ðŸ”„ Mengambil tahun 2015...
[2025-07-21T16:57:18.048+0000] {logging_mixin.py:188} INFO - -> Berhasil memproses data untuk tahun 2015.
[2025-07-21T16:57:18.053+0000] {logging_mixin.py:188} INFO - ðŸ”„ Mengambil tahun 2016...
[2025-07-21T16:57:18.728+0000] {logging_mixin.py:188} INFO - -> Berhasil memproses data untuk tahun 2016.
[2025-07-21T16:57:18.731+0000] {logging_mixin.py:188} INFO - ðŸ”„ Mengambil tahun 2017...
[2025-07-21T16:57:19.321+0000] {logging_mixin.py:188} INFO - -> Berhasil memproses data untuk tahun 2017.
[2025-07-21T16:57:19.323+0000] {logging_mixin.py:188} INFO - ðŸ”„ Mengambil tahun 2018...
[2025-07-21T16:57:19.917+0000] {logging_mixin.py:188} INFO - -> Berhasil memproses data untuk tahun 2018.
[2025-07-21T16:57:19.919+0000] {logging_mixin.py:188} INFO - ðŸ”„ Mengambil tahun 2019...
[2025-07-21T16:57:21.936+0000] {logging_mixin.py:188} INFO - -> Berhasil memproses data untuk tahun 2019.
[2025-07-21T16:57:21.938+0000] {logging_mixin.py:188} INFO - ðŸ”„ Mengambil tahun 2020...
[2025-07-21T16:57:22.560+0000] {logging_mixin.py:188} INFO - -> Berhasil memproses data untuk tahun 2020.
[2025-07-21T16:57:22.561+0000] {logging_mixin.py:188} INFO - ðŸ”„ Mengambil tahun 2021...
[2025-07-21T16:57:23.163+0000] {logging_mixin.py:188} INFO - -> Berhasil memproses data untuk tahun 2021.
[2025-07-21T16:57:23.165+0000] {logging_mixin.py:188} INFO - ðŸ”„ Mengambil tahun 2022...
[2025-07-21T16:57:23.733+0000] {logging_mixin.py:188} INFO - -> Berhasil memproses data untuk tahun 2022.
[2025-07-21T16:57:23.735+0000] {logging_mixin.py:188} INFO - ðŸ”„ Mengambil tahun 2023...
[2025-07-21T16:57:24.426+0000] {logging_mixin.py:188} INFO - -> Berhasil memproses data untuk tahun 2023.
[2025-07-21T16:57:26.241+0000] {logging_mixin.py:188} INFO - âœ… Data saved to api_bps_pemukiman_perumahan.prsnts_rmh_tngg_yng_mmlk_kss_trhdp_snts_lyk_mnrt_kbptnkt_d_prvn
[2025-07-21T16:57:26.242+0000] {python.py:237} INFO - Done. Returned value was: None
[2025-07-21T16:57:26.244+0000] {taskinstance.py:441} INFO - ::group::Post task execution logs
[2025-07-21T16:57:26.263+0000] {taskinstance.py:1206} INFO - Marking task as SUCCESS. dag_id=bps_simdasi_pipeline, task_id=process_simdasi_apis.process_api_18, run_id=manual__2025-07-21T16:51:36.203962+00:00, execution_date=20250721T165136, start_date=20250721T165714, end_date=20250721T165726
[2025-07-21T16:57:26.345+0000] {local_task_job_runner.py:240} INFO - Task exited with return code 0
[2025-07-21T16:57:26.395+0000] {taskinstance.py:3503} INFO - 1 downstream tasks scheduled from follow-on schedule check
[2025-07-21T16:57:26.401+0000] {local_task_job_runner.py:222} INFO - ::endgroup::
