[2025-07-08T06:29:30.886+0000] {local_task_job_runner.py:120} INFO - ::group::Pre task execution logs
[2025-07-08T06:29:31.130+0000] {taskinstance.py:2076} INFO - Dependencies all met for dep_context=non-requeueable deps ti=<TaskInstance: tutorial.print_date scheduled__2025-07-07T00:00:00+00:00 [queued]>
[2025-07-08T06:29:31.195+0000] {taskinstance.py:2076} INFO - Dependencies all met for dep_context=requeueable deps ti=<TaskInstance: tutorial.print_date scheduled__2025-07-07T00:00:00+00:00 [queued]>
[2025-07-08T06:29:31.202+0000] {taskinstance.py:2306} INFO - Starting attempt 1 of 2
[2025-07-08T06:29:31.284+0000] {taskinstance.py:2330} INFO - Executing <Task(BashOperator): print_date> on 2025-07-07 00:00:00+00:00
[2025-07-08T06:29:31.312+0000] {warnings.py:112} WARNING - /home/***/.local/lib/python3.12/site-packages/***/task/task_runner/standard_task_runner.py:61: DeprecationWarning: This process (pid=506) is multi-threaded, use of fork() may lead to deadlocks in the child.
  pid = os.fork()

[2025-07-08T06:29:31.319+0000] {standard_task_runner.py:63} INFO - Started process 517 to run task
[2025-07-08T06:29:31.321+0000] {standard_task_runner.py:90} INFO - Running: ['***', 'tasks', 'run', 'tutorial', 'print_date', 'scheduled__2025-07-07T00:00:00+00:00', '--job-id', '13', '--raw', '--subdir', '/home/***/.local/lib/python3.12/site-packages/***/example_dags/tutorial.py', '--cfg-path', '/tmp/tmpvdee_u4q']
[2025-07-08T06:29:31.330+0000] {standard_task_runner.py:91} INFO - Job 13: Subtask print_date
[2025-07-08T06:29:31.621+0000] {task_command.py:426} INFO - Running <TaskInstance: tutorial.print_date scheduled__2025-07-07T00:00:00+00:00 [running]> on host 1fa35bf9f54b
[2025-07-08T06:29:31.945+0000] {taskinstance.py:2648} INFO - Exporting env vars: AIRFLOW_CTX_DAG_EMAIL='***@example.com' AIRFLOW_CTX_DAG_OWNER='***' AIRFLOW_CTX_DAG_ID='tutorial' AIRFLOW_CTX_TASK_ID='print_date' AIRFLOW_CTX_EXECUTION_DATE='2025-07-07T00:00:00+00:00' AIRFLOW_CTX_TRY_NUMBER='1' AIRFLOW_CTX_DAG_RUN_ID='scheduled__2025-07-07T00:00:00+00:00'
[2025-07-08T06:29:31.957+0000] {taskinstance.py:430} INFO - ::endgroup::
[2025-07-08T06:29:31.962+0000] {subprocess.py:63} INFO - Tmp dir root location: /tmp
[2025-07-08T06:29:31.969+0000] {subprocess.py:75} INFO - Running command: ['/usr/bin/bash', '-c', 'date']
[2025-07-08T06:29:32.053+0000] {subprocess.py:86} INFO - Output:
[2025-07-08T06:29:32.115+0000] {subprocess.py:93} INFO - Tue Jul  8 06:29:32 UTC 2025
[2025-07-08T06:29:32.117+0000] {subprocess.py:97} INFO - Command exited with return code 0
[2025-07-08T06:29:32.124+0000] {taskinstance.py:441} INFO - ::group::Post task execution logs
[2025-07-08T06:29:32.276+0000] {taskinstance.py:1206} INFO - Marking task as SUCCESS. dag_id=tutorial, task_id=print_date, run_id=scheduled__2025-07-07T00:00:00+00:00, execution_date=20250707T000000, start_date=20250708T062931, end_date=20250708T062932
[2025-07-08T06:29:32.401+0000] {local_task_job_runner.py:240} INFO - Task exited with return code 0
[2025-07-08T06:29:32.480+0000] {taskinstance.py:3503} INFO - 2 downstream tasks scheduled from follow-on schedule check
[2025-07-08T06:29:32.487+0000] {local_task_job_runner.py:222} INFO - ::endgroup::
