[2025-07-17T11:30:29.875+0000] {local_task_job_runner.py:120} INFO - ::group::Pre task execution logs
[2025-07-17T11:30:30.097+0000] {taskinstance.py:2076} INFO - Dependencies all met for dep_context=non-requeueable deps ti=<TaskInstance: bps_simdasi_pipeline.process_simdasi_apis.process_api_9 manual__2025-07-17T11:23:16.824677+00:00 [queued]>
[2025-07-17T11:30:30.241+0000] {taskinstance.py:2076} INFO - Dependencies all met for dep_context=requeueable deps ti=<TaskInstance: bps_simdasi_pipeline.process_simdasi_apis.process_api_9 manual__2025-07-17T11:23:16.824677+00:00 [queued]>
[2025-07-17T11:30:30.270+0000] {taskinstance.py:2306} INFO - Starting attempt 2 of 2
[2025-07-17T11:30:32.182+0000] {taskinstance.py:2330} INFO - Executing <Task(PythonOperator): process_simdasi_apis.process_api_9> on 2025-07-17 11:23:16.824677+00:00
[2025-07-17T11:30:32.721+0000] {warnings.py:112} WARNING - /home/***/.local/lib/python3.12/site-packages/***/task/task_runner/standard_task_runner.py:61: DeprecationWarning: This process (pid=298) is multi-threaded, use of fork() may lead to deadlocks in the child.
  pid = os.fork()

[2025-07-17T11:30:32.779+0000] {standard_task_runner.py:63} INFO - Started process 321 to run task
[2025-07-17T11:30:32.686+0000] {standard_task_runner.py:90} INFO - Running: ['***', 'tasks', 'run', 'bps_simdasi_pipeline', 'process_simdasi_apis.process_api_9', 'manual__2025-07-17T11:23:16.824677+00:00', '--job-id', '131', '--raw', '--subdir', 'DAGS_FOLDER/bps_simdasi_pipeline.py.py', '--cfg-path', '/tmp/tmp29gi0rsx']
[2025-07-17T11:30:32.798+0000] {standard_task_runner.py:91} INFO - Job 131: Subtask process_simdasi_apis.process_api_9
[2025-07-17T11:30:36.967+0000] {task_command.py:426} INFO - Running <TaskInstance: bps_simdasi_pipeline.process_simdasi_apis.process_api_9 manual__2025-07-17T11:23:16.824677+00:00 [running]> on host be615b49433c
[2025-07-17T11:30:40.284+0000] {taskinstance.py:2648} INFO - Exporting env vars: AIRFLOW_CTX_DAG_OWNER='***' AIRFLOW_CTX_DAG_ID='bps_simdasi_pipeline' AIRFLOW_CTX_TASK_ID='process_simdasi_apis.process_api_9' AIRFLOW_CTX_EXECUTION_DATE='2025-07-17T11:23:16.824677+00:00' AIRFLOW_CTX_TRY_NUMBER='2' AIRFLOW_CTX_DAG_RUN_ID='manual__2025-07-17T11:23:16.824677+00:00'
[2025-07-17T11:30:40.408+0000] {taskinstance.py:430} INFO - ::endgroup::
[2025-07-17T11:30:40.463+0000] {logging_mixin.py:188} INFO - Processing URL: https://webapi.bps.go.id/v1/api/interoperabilitas/datasource/simdasi/id/25/tahun/2023/id_tabel/TkFMNjl1eC9uUlBMSVdIWmdaZE00UT09/wilayah/3500000/key/79452e4c302f8921ad36cd2bf55f0630
[2025-07-17T11:30:44.158+0000] {logging_mixin.py:188} INFO - 
--- Memulai Loop Pengambilan Data SIMDASI ---
[2025-07-17T11:30:44.179+0000] {logging_mixin.py:188} INFO - 🔄 Mengambil tahun 2014...
[2025-07-17T11:30:45.533+0000] {logging_mixin.py:188} INFO - 
✅ Metadata awal ditangkap dari tahun 2014:
[2025-07-17T11:30:45.541+0000] {logging_mixin.py:188} INFO -    -> Nama Skema: api_bps_pemukiman_perumahan
[2025-07-17T11:30:45.549+0000] {logging_mixin.py:188} INFO -    -> Nama Kolom Label: kabupatenkota
[2025-07-17T11:30:45.551+0000] {logging_mixin.py:188} INFO -    -> ID Kategori (mms_id): 525
[2025-07-17T11:30:45.564+0000] {logging_mixin.py:188} INFO - -> Berhasil memproses data untuk tahun 2014.
[2025-07-17T11:30:45.582+0000] {logging_mixin.py:188} INFO - 🔄 Mengambil tahun 2015...
[2025-07-17T11:30:47.682+0000] {logging_mixin.py:188} INFO - -> Berhasil memproses data untuk tahun 2015.
[2025-07-17T11:30:47.713+0000] {logging_mixin.py:188} INFO - 🔄 Mengambil tahun 2016...
[2025-07-17T11:30:49.732+0000] {logging_mixin.py:188} INFO - -> Berhasil memproses data untuk tahun 2016.
[2025-07-17T11:30:49.745+0000] {logging_mixin.py:188} INFO - 🔄 Mengambil tahun 2017...
[2025-07-17T11:30:51.360+0000] {logging_mixin.py:188} INFO - -> Berhasil memproses data untuk tahun 2017.
[2025-07-17T11:30:51.374+0000] {logging_mixin.py:188} INFO - 🔄 Mengambil tahun 2018...
[2025-07-17T11:30:53.115+0000] {logging_mixin.py:188} INFO - -> Berhasil memproses data untuk tahun 2018.
[2025-07-17T11:30:53.125+0000] {logging_mixin.py:188} INFO - 🔄 Mengambil tahun 2019...
[2025-07-17T11:30:55.032+0000] {logging_mixin.py:188} INFO - -> Berhasil memproses data untuk tahun 2019.
[2025-07-17T11:30:55.049+0000] {logging_mixin.py:188} INFO - 🔄 Mengambil tahun 2020...
[2025-07-17T11:30:57.865+0000] {logging_mixin.py:188} INFO - -> Berhasil memproses data untuk tahun 2020.
[2025-07-17T11:30:57.873+0000] {logging_mixin.py:188} INFO - 🔄 Mengambil tahun 2021...
[2025-07-17T11:31:00.103+0000] {logging_mixin.py:188} INFO - -> Berhasil memproses data untuk tahun 2021.
[2025-07-17T11:31:00.114+0000] {logging_mixin.py:188} INFO - 🔄 Mengambil tahun 2022...
[2025-07-17T11:31:02.383+0000] {logging_mixin.py:188} INFO - -> Berhasil memproses data untuk tahun 2022.
[2025-07-17T11:31:02.469+0000] {logging_mixin.py:188} INFO - 🔄 Mengambil tahun 2023...
[2025-07-17T11:31:05.877+0000] {logging_mixin.py:188} INFO - -> Berhasil memproses data untuk tahun 2023.
[2025-07-17T11:31:05.886+0000] {logging_mixin.py:188} INFO - 
✅ Nama tabel final diatur ke: 'prsnts_rmh_tngg_yng_mmlk_kss_trhdp_snts_lyk_mnrt_kbptnkt_d_prvn' (berdasarkan judul dari tahun terakhir yang tersedia).
[2025-07-17T11:31:10.865+0000] {logging_mixin.py:188} INFO - ❌ Database error: (psycopg2.OperationalError) connection to server at "103.183.92.158", port 5432 failed: FATAL:  sorry, too many clients already

(Background on this error at: https://sqlalche.me/e/14/e3q8)
[2025-07-17T11:31:11.235+0000] {python.py:237} INFO - Done. Returned value was: None
[2025-07-17T11:31:12.062+0000] {taskinstance.py:441} INFO - ::group::Post task execution logs
[2025-07-17T11:31:12.599+0000] {taskinstance.py:1206} INFO - Marking task as SUCCESS. dag_id=bps_simdasi_pipeline, task_id=process_simdasi_apis.process_api_9, run_id=manual__2025-07-17T11:23:16.824677+00:00, execution_date=20250717T112316, start_date=20250717T113030, end_date=20250717T113112
[2025-07-17T11:31:14.074+0000] {local_task_job_runner.py:240} INFO - Task exited with return code 0
[2025-07-17T11:31:14.879+0000] {taskinstance.py:3503} INFO - 0 downstream tasks scheduled from follow-on schedule check
[2025-07-17T11:31:14.981+0000] {local_task_job_runner.py:222} INFO - ::endgroup::
