[2025-07-17T11:46:10.246+0000] {local_task_job_runner.py:120} INFO - ::group::Pre task execution logs
[2025-07-17T11:46:10.338+0000] {taskinstance.py:2076} INFO - Dependencies all met for dep_context=non-requeueable deps ti=<TaskInstance: bps_simdasi_pipeline.process_simdasi_apis.process_api_3 manual__2025-07-17T11:44:46.952680+00:00 [queued]>
[2025-07-17T11:46:10.369+0000] {taskinstance.py:2076} INFO - Dependencies all met for dep_context=requeueable deps ti=<TaskInstance: bps_simdasi_pipeline.process_simdasi_apis.process_api_3 manual__2025-07-17T11:44:46.952680+00:00 [queued]>
[2025-07-17T11:46:10.371+0000] {taskinstance.py:2306} INFO - Starting attempt 1 of 2
[2025-07-17T11:46:10.420+0000] {taskinstance.py:2330} INFO - Executing <Task(PythonOperator): process_simdasi_apis.process_api_3> on 2025-07-17 11:44:46.952680+00:00
[2025-07-17T11:46:10.491+0000] {warnings.py:112} WARNING - /home/***/.local/lib/python3.12/site-packages/***/task/task_runner/standard_task_runner.py:61: DeprecationWarning: This process (pid=502) is multi-threaded, use of fork() may lead to deadlocks in the child.
  pid = os.fork()

[2025-07-17T11:46:10.505+0000] {standard_task_runner.py:63} INFO - Started process 545 to run task
[2025-07-17T11:46:10.520+0000] {standard_task_runner.py:90} INFO - Running: ['***', 'tasks', 'run', 'bps_simdasi_pipeline', 'process_simdasi_apis.process_api_3', 'manual__2025-07-17T11:44:46.952680+00:00', '--job-id', '142', '--raw', '--subdir', 'DAGS_FOLDER/bps_simdasi_pipeline.py.py', '--cfg-path', '/tmp/tmp8bam9z9l']
[2025-07-17T11:46:10.523+0000] {standard_task_runner.py:91} INFO - Job 142: Subtask process_simdasi_apis.process_api_3
[2025-07-17T11:46:10.754+0000] {task_command.py:426} INFO - Running <TaskInstance: bps_simdasi_pipeline.process_simdasi_apis.process_api_3 manual__2025-07-17T11:44:46.952680+00:00 [running]> on host be615b49433c
[2025-07-17T11:46:11.045+0000] {taskinstance.py:2648} INFO - Exporting env vars: AIRFLOW_CTX_DAG_OWNER='***' AIRFLOW_CTX_DAG_ID='bps_simdasi_pipeline' AIRFLOW_CTX_TASK_ID='process_simdasi_apis.process_api_3' AIRFLOW_CTX_EXECUTION_DATE='2025-07-17T11:44:46.952680+00:00' AIRFLOW_CTX_TRY_NUMBER='1' AIRFLOW_CTX_DAG_RUN_ID='manual__2025-07-17T11:44:46.952680+00:00'
[2025-07-17T11:46:11.049+0000] {taskinstance.py:430} INFO - ::endgroup::
[2025-07-17T11:46:11.051+0000] {logging_mixin.py:188} INFO - Processing URL: https://webapi.bps.go.id/v1/api/interoperabilitas/datasource/simdasi/id/25/tahun/2024/id_tabel/d3ZjM280TU9FanlkdDRETUV5aVdndz09/wilayah/3500000/key/79452e4c302f8921ad36cd2bf55f0630
[2025-07-17T11:46:14.036+0000] {logging_mixin.py:188} INFO - 
--- Memulai Loop Pengambilan Data SIMDASI ---
[2025-07-17T11:46:14.046+0000] {logging_mixin.py:188} INFO - 🔄 Mengambil tahun 2018...
[2025-07-17T11:46:16.782+0000] {logging_mixin.py:188} INFO - 
✅ Metadata awal ditangkap dari tahun 2018:
[2025-07-17T11:46:16.785+0000] {logging_mixin.py:188} INFO -    -> Nama Skema: api_bps_pertanian_kehutanan_perikanan
[2025-07-17T11:46:16.788+0000] {logging_mixin.py:188} INFO -    -> Nama Kolom Label: kabupatenkota
[2025-07-17T11:46:16.790+0000] {logging_mixin.py:188} INFO -    -> ID Kategori (mms_id): 557
[2025-07-17T11:46:16.794+0000] {logging_mixin.py:188} INFO - -> Berhasil memproses data untuk tahun 2018.
[2025-07-17T11:46:16.800+0000] {logging_mixin.py:188} INFO - 🔄 Mengambil tahun 2019...
[2025-07-17T11:46:20.532+0000] {logging_mixin.py:188} INFO - -> Berhasil memproses data untuk tahun 2019.
[2025-07-17T11:46:20.533+0000] {logging_mixin.py:188} INFO - 🔄 Mengambil tahun 2020...
[2025-07-17T11:46:24.785+0000] {logging_mixin.py:188} INFO - -> Berhasil memproses data untuk tahun 2020.
[2025-07-17T11:46:24.787+0000] {logging_mixin.py:188} INFO - 🔄 Mengambil tahun 2021...
[2025-07-17T11:46:26.770+0000] {logging_mixin.py:188} INFO - -> Berhasil memproses data untuk tahun 2021.
[2025-07-17T11:46:26.771+0000] {logging_mixin.py:188} INFO - 🔄 Mengambil tahun 2022...
[2025-07-17T11:46:29.535+0000] {logging_mixin.py:188} INFO - -> Berhasil memproses data untuk tahun 2022.
[2025-07-17T11:46:29.536+0000] {logging_mixin.py:188} INFO - 🔄 Mengambil tahun 2023...
[2025-07-17T11:46:31.623+0000] {logging_mixin.py:188} INFO - -> Berhasil memproses data untuk tahun 2023.
[2025-07-17T11:46:31.624+0000] {logging_mixin.py:188} INFO - 🔄 Mengambil tahun 2024...
[2025-07-17T11:46:33.671+0000] {logging_mixin.py:188} INFO - -> Berhasil memproses data untuk tahun 2024.
[2025-07-17T11:46:33.672+0000] {logging_mixin.py:188} INFO - 
✅ Nama tabel final diatur ke: 'prdks_pdltspgt1ltspgt_dn_brs_mnrt_kbptnkt_d_prvns_jw_tmr_2024' (berdasarkan judul dari tahun terakhir yang tersedia).
[2025-07-17T11:46:34.105+0000] {logging_mixin.py:188} INFO - ❌ Database error: (psycopg2.OperationalError) connection to server at "103.183.92.158", port 5432 failed: FATAL:  sorry, too many clients already

(Background on this error at: https://sqlalche.me/e/14/e3q8)
[2025-07-17T11:46:34.106+0000] {python.py:237} INFO - Done. Returned value was: None
[2025-07-17T11:46:34.109+0000] {taskinstance.py:441} INFO - ::group::Post task execution logs
[2025-07-17T11:46:34.130+0000] {taskinstance.py:1206} INFO - Marking task as SUCCESS. dag_id=bps_simdasi_pipeline, task_id=process_simdasi_apis.process_api_3, run_id=manual__2025-07-17T11:44:46.952680+00:00, execution_date=20250717T114446, start_date=20250717T114610, end_date=20250717T114634
[2025-07-17T11:46:34.219+0000] {local_task_job_runner.py:240} INFO - Task exited with return code 0
[2025-07-17T11:46:34.253+0000] {taskinstance.py:3503} INFO - 0 downstream tasks scheduled from follow-on schedule check
[2025-07-17T11:46:34.259+0000] {local_task_job_runner.py:222} INFO - ::endgroup::
