[2025-07-09T15:30:11.178+0000] {local_task_job_runner.py:120} INFO - ::group::Pre task execution logs
[2025-07-09T15:30:11.244+0000] {taskinstance.py:2076} INFO - Dependencies all met for dep_context=non-requeueable deps ti=<TaskInstance: etl_simdasi_pipeline.run_simdasi_etl manual__2025-07-09T15:29:56.157565+00:00 [queued]>
[2025-07-09T15:30:11.262+0000] {taskinstance.py:2076} INFO - Dependencies all met for dep_context=requeueable deps ti=<TaskInstance: etl_simdasi_pipeline.run_simdasi_etl manual__2025-07-09T15:29:56.157565+00:00 [queued]>
[2025-07-09T15:30:11.263+0000] {taskinstance.py:2306} INFO - Starting attempt 1 of 2
[2025-07-09T15:30:11.292+0000] {taskinstance.py:2330} INFO - Executing <Task(PythonOperator): run_simdasi_etl> on 2025-07-09 15:29:56.157565+00:00
[2025-07-09T15:30:11.323+0000] {warnings.py:112} WARNING - /home/***/.local/lib/python3.12/site-packages/***/task/task_runner/standard_task_runner.py:61: DeprecationWarning: This process (pid=179) is multi-threaded, use of fork() may lead to deadlocks in the child.
  pid = os.fork()

[2025-07-09T15:30:11.326+0000] {standard_task_runner.py:63} INFO - Started process 181 to run task
[2025-07-09T15:30:11.326+0000] {standard_task_runner.py:90} INFO - Running: ['***', 'tasks', 'run', 'etl_simdasi_pipeline', 'run_simdasi_etl', 'manual__2025-07-09T15:29:56.157565+00:00', '--job-id', '67', '--raw', '--subdir', 'DAGS_FOLDER/script/etl_dag.py', '--cfg-path', '/tmp/tmpxktzfwf9']
[2025-07-09T15:30:11.328+0000] {standard_task_runner.py:91} INFO - Job 67: Subtask run_simdasi_etl
[2025-07-09T15:30:11.458+0000] {task_command.py:426} INFO - Running <TaskInstance: etl_simdasi_pipeline.run_simdasi_etl manual__2025-07-09T15:29:56.157565+00:00 [running]> on host be615b49433c
[2025-07-09T15:30:11.683+0000] {taskinstance.py:2648} INFO - Exporting env vars: AIRFLOW_CTX_DAG_OWNER='puput' AIRFLOW_CTX_DAG_ID='etl_simdasi_pipeline' AIRFLOW_CTX_TASK_ID='run_simdasi_etl' AIRFLOW_CTX_EXECUTION_DATE='2025-07-09T15:29:56.157565+00:00' AIRFLOW_CTX_TRY_NUMBER='1' AIRFLOW_CTX_DAG_RUN_ID='manual__2025-07-09T15:29:56.157565+00:00'
[2025-07-09T15:30:11.686+0000] {taskinstance.py:430} INFO - ::endgroup::
[2025-07-09T15:30:11.688+0000] {logging_mixin.py:188} INFO - 🔄 Fetching tahun 2016...
[2025-07-09T15:30:30.284+0000] {logging_mixin.py:188} INFO - 🔄 Fetching tahun 2017...
[2025-07-09T15:30:47.994+0000] {logging_mixin.py:188} INFO - 🔄 Fetching tahun 2018...
[2025-07-09T15:31:05.937+0000] {logging_mixin.py:188} INFO - 🔄 Fetching tahun 2019...
[2025-07-09T15:31:23.905+0000] {logging_mixin.py:188} INFO - 🔄 Fetching tahun 2020...
[2025-07-09T15:31:41.842+0000] {logging_mixin.py:188} INFO - 🔄 Fetching tahun 2021...
[2025-07-09T15:32:00.135+0000] {logging_mixin.py:188} INFO - 🔄 Fetching tahun 2022...
[2025-07-09T15:32:01.401+0000] {logging_mixin.py:188} INFO - 🔄 Fetching tahun 2023...
[2025-07-09T15:32:02.466+0000] {logging_mixin.py:188} INFO - 🔄 Fetching tahun 2024...
[2025-07-09T15:32:03.786+0000] {logging_mixin.py:188} INFO - 📦 Schema 'simdasi' dipastikan ada.
[2025-07-09T15:32:04.481+0000] {logging_mixin.py:188} INFO - ✅ Data berhasil disimpan ke PostgreSQL
[2025-07-09T15:32:04.483+0000] {python.py:237} INFO - Done. Returned value was: None
[2025-07-09T15:32:04.485+0000] {taskinstance.py:441} INFO - ::group::Post task execution logs
[2025-07-09T15:32:04.507+0000] {taskinstance.py:1206} INFO - Marking task as SUCCESS. dag_id=etl_simdasi_pipeline, task_id=run_simdasi_etl, run_id=manual__2025-07-09T15:29:56.157565+00:00, execution_date=20250709T152956, start_date=20250709T153011, end_date=20250709T153204
[2025-07-09T15:32:04.593+0000] {local_task_job_runner.py:240} INFO - Task exited with return code 0
[2025-07-09T15:32:04.627+0000] {taskinstance.py:3503} INFO - 0 downstream tasks scheduled from follow-on schedule check
[2025-07-09T15:32:04.631+0000] {local_task_job_runner.py:222} INFO - ::endgroup::
