[2025-07-17T11:45:51.538+0000] {local_task_job_runner.py:120} INFO - ::group::Pre task execution logs
[2025-07-17T11:45:51.807+0000] {taskinstance.py:2076} INFO - Dependencies all met for dep_context=non-requeueable deps ti=<TaskInstance: bps_simdasi_pipeline.process_simdasi_apis.process_api_5 manual__2025-07-17T11:44:46.952680+00:00 [queued]>
[2025-07-17T11:45:51.889+0000] {taskinstance.py:2076} INFO - Dependencies all met for dep_context=requeueable deps ti=<TaskInstance: bps_simdasi_pipeline.process_simdasi_apis.process_api_5 manual__2025-07-17T11:44:46.952680+00:00 [queued]>
[2025-07-17T11:45:51.912+0000] {taskinstance.py:2306} INFO - Starting attempt 1 of 2
[2025-07-17T11:45:52.524+0000] {taskinstance.py:2330} INFO - Executing <Task(PythonOperator): process_simdasi_apis.process_api_5> on 2025-07-17 11:44:46.952680+00:00
[2025-07-17T11:45:54.302+0000] {warnings.py:112} WARNING - /home/***/.local/lib/python3.12/site-packages/***/task/task_runner/standard_task_runner.py:61: DeprecationWarning: This process (pid=508) is multi-threaded, use of fork() may lead to deadlocks in the child.
  pid = os.fork()

[2025-07-17T11:45:54.386+0000] {standard_task_runner.py:63} INFO - Started process 533 to run task
[2025-07-17T11:45:54.527+0000] {standard_task_runner.py:90} INFO - Running: ['***', 'tasks', 'run', 'bps_simdasi_pipeline', 'process_simdasi_apis.process_api_5', 'manual__2025-07-17T11:44:46.952680+00:00', '--job-id', '139', '--raw', '--subdir', 'DAGS_FOLDER/bps_simdasi_pipeline.py.py', '--cfg-path', '/tmp/tmp8ch8ozhq']
[2025-07-17T11:45:54.543+0000] {standard_task_runner.py:91} INFO - Job 139: Subtask process_simdasi_apis.process_api_5
[2025-07-17T11:45:55.125+0000] {task_command.py:426} INFO - Running <TaskInstance: bps_simdasi_pipeline.process_simdasi_apis.process_api_5 manual__2025-07-17T11:44:46.952680+00:00 [running]> on host be615b49433c
[2025-07-17T11:45:55.807+0000] {taskinstance.py:2648} INFO - Exporting env vars: AIRFLOW_CTX_DAG_OWNER='***' AIRFLOW_CTX_DAG_ID='bps_simdasi_pipeline' AIRFLOW_CTX_TASK_ID='process_simdasi_apis.process_api_5' AIRFLOW_CTX_EXECUTION_DATE='2025-07-17T11:44:46.952680+00:00' AIRFLOW_CTX_TRY_NUMBER='1' AIRFLOW_CTX_DAG_RUN_ID='manual__2025-07-17T11:44:46.952680+00:00'
[2025-07-17T11:45:55.910+0000] {taskinstance.py:430} INFO - ::endgroup::
[2025-07-17T11:45:55.959+0000] {logging_mixin.py:188} INFO - Processing URL: https://webapi.bps.go.id/v1/api/interoperabilitas/datasource/simdasi/id/25/tahun/2024/id_tabel/S2ViU1dwVTlpSXRwU1MvendHN05Cdz09/wilayah/3500000/key/79452e4c302f8921ad36cd2bf55f0630
[2025-07-17T11:46:02.117+0000] {logging_mixin.py:188} INFO - 
--- Memulai Loop Pengambilan Data SIMDASI ---
[2025-07-17T11:46:02.141+0000] {logging_mixin.py:188} INFO - 🔄 Mengambil tahun 2017...
[2025-07-17T11:46:05.333+0000] {logging_mixin.py:188} INFO - 
✅ Metadata awal ditangkap dari tahun 2017:
[2025-07-17T11:46:05.366+0000] {logging_mixin.py:188} INFO -    -> Nama Skema: api_bps_hortikultura_perkebunan_peternakan
[2025-07-17T11:46:05.421+0000] {logging_mixin.py:188} INFO -    -> Nama Kolom Label: kabupatenkota
[2025-07-17T11:46:05.449+0000] {logging_mixin.py:188} INFO -    -> ID Kategori (mms_id): 557
[2025-07-17T11:46:05.513+0000] {logging_mixin.py:188} INFO - -> Berhasil memproses data untuk tahun 2017.
[2025-07-17T11:46:05.565+0000] {logging_mixin.py:188} INFO - 🔄 Mengambil tahun 2018...
[2025-07-17T11:46:09.702+0000] {logging_mixin.py:188} INFO - -> Berhasil memproses data untuk tahun 2018.
[2025-07-17T11:46:09.746+0000] {logging_mixin.py:188} INFO - 🔄 Mengambil tahun 2019...
[2025-07-17T11:46:12.620+0000] {logging_mixin.py:188} INFO - -> Berhasil memproses data untuk tahun 2019.
[2025-07-17T11:46:12.625+0000] {logging_mixin.py:188} INFO - 🔄 Mengambil tahun 2020...
[2025-07-17T11:46:15.729+0000] {logging_mixin.py:188} INFO - -> Berhasil memproses data untuk tahun 2020.
[2025-07-17T11:46:15.731+0000] {logging_mixin.py:188} INFO - 🔄 Mengambil tahun 2021...
[2025-07-17T11:46:18.247+0000] {logging_mixin.py:188} INFO - -> Berhasil memproses data untuk tahun 2021.
[2025-07-17T11:46:18.361+0000] {logging_mixin.py:188} INFO - 🔄 Mengambil tahun 2022...
[2025-07-17T11:46:21.640+0000] {logging_mixin.py:188} INFO - -> Berhasil memproses data untuk tahun 2022.
[2025-07-17T11:46:21.645+0000] {logging_mixin.py:188} INFO - 🔄 Mengambil tahun 2023...
[2025-07-17T11:46:25.135+0000] {logging_mixin.py:188} INFO - -> Berhasil memproses data untuk tahun 2023.
[2025-07-17T11:46:25.136+0000] {logging_mixin.py:188} INFO - 🔄 Mengambil tahun 2024...
[2025-07-17T11:46:28.286+0000] {logging_mixin.py:188} INFO - -> Berhasil memproses data untuk tahun 2024.
[2025-07-17T11:46:28.287+0000] {logging_mixin.py:188} INFO - 
✅ Nama tabel final diatur ke: 'ppls_trnk_mnrt_kbptnkt_dn_jns_trnk_d_prvns_jw_tmr_kr_2024' (berdasarkan judul dari tahun terakhir yang tersedia).
[2025-07-17T11:46:28.456+0000] {logging_mixin.py:188} INFO - ❌ Database error: connection to server at "103.183.92.158", port 5432 failed: FATAL:  sorry, too many clients already
[2025-07-17T11:46:28.458+0000] {python.py:237} INFO - Done. Returned value was: None
[2025-07-17T11:46:28.459+0000] {taskinstance.py:441} INFO - ::group::Post task execution logs
[2025-07-17T11:46:28.507+0000] {taskinstance.py:1206} INFO - Marking task as SUCCESS. dag_id=bps_simdasi_pipeline, task_id=process_simdasi_apis.process_api_5, run_id=manual__2025-07-17T11:44:46.952680+00:00, execution_date=20250717T114446, start_date=20250717T114551, end_date=20250717T114628
[2025-07-17T11:46:28.620+0000] {local_task_job_runner.py:240} INFO - Task exited with return code 0
[2025-07-17T11:46:28.695+0000] {taskinstance.py:3503} INFO - 0 downstream tasks scheduled from follow-on schedule check
[2025-07-17T11:46:28.702+0000] {local_task_job_runner.py:222} INFO - ::endgroup::
