[2025-07-17T11:45:51.537+0000] {local_task_job_runner.py:120} INFO - ::group::Pre task execution logs
[2025-07-17T11:45:52.126+0000] {taskinstance.py:2076} INFO - Dependencies all met for dep_context=non-requeueable deps ti=<TaskInstance: bps_simdasi_pipeline.process_simdasi_apis.process_api_10 manual__2025-07-17T11:44:46.952680+00:00 [queued]>
[2025-07-17T11:45:52.324+0000] {taskinstance.py:2076} INFO - Dependencies all met for dep_context=requeueable deps ti=<TaskInstance: bps_simdasi_pipeline.process_simdasi_apis.process_api_10 manual__2025-07-17T11:44:46.952680+00:00 [queued]>
[2025-07-17T11:45:52.341+0000] {taskinstance.py:2306} INFO - Starting attempt 1 of 2
[2025-07-17T11:45:53.093+0000] {taskinstance.py:2330} INFO - Executing <Task(PythonOperator): process_simdasi_apis.process_api_10> on 2025-07-17 11:44:46.952680+00:00
[2025-07-17T11:45:54.646+0000] {warnings.py:112} WARNING - /home/***/.local/lib/python3.12/site-packages/***/task/task_runner/standard_task_runner.py:61: DeprecationWarning: This process (pid=510) is multi-threaded, use of fork() may lead to deadlocks in the child.
  pid = os.fork()

[2025-07-17T11:45:54.682+0000] {standard_task_runner.py:63} INFO - Started process 535 to run task
[2025-07-17T11:45:54.655+0000] {standard_task_runner.py:90} INFO - Running: ['***', 'tasks', 'run', 'bps_simdasi_pipeline', 'process_simdasi_apis.process_api_10', 'manual__2025-07-17T11:44:46.952680+00:00', '--job-id', '138', '--raw', '--subdir', 'DAGS_FOLDER/bps_simdasi_pipeline.py.py', '--cfg-path', '/tmp/tmp5zj4gzd1']
[2025-07-17T11:45:54.688+0000] {standard_task_runner.py:91} INFO - Job 138: Subtask process_simdasi_apis.process_api_10
[2025-07-17T11:45:55.300+0000] {task_command.py:426} INFO - Running <TaskInstance: bps_simdasi_pipeline.process_simdasi_apis.process_api_10 manual__2025-07-17T11:44:46.952680+00:00 [running]> on host be615b49433c
[2025-07-17T11:45:58.724+0000] {taskinstance.py:2648} INFO - Exporting env vars: AIRFLOW_CTX_DAG_OWNER='***' AIRFLOW_CTX_DAG_ID='bps_simdasi_pipeline' AIRFLOW_CTX_TASK_ID='process_simdasi_apis.process_api_10' AIRFLOW_CTX_EXECUTION_DATE='2025-07-17T11:44:46.952680+00:00' AIRFLOW_CTX_TRY_NUMBER='1' AIRFLOW_CTX_DAG_RUN_ID='manual__2025-07-17T11:44:46.952680+00:00'
[2025-07-17T11:45:58.739+0000] {taskinstance.py:430} INFO - ::endgroup::
[2025-07-17T11:45:58.745+0000] {logging_mixin.py:188} INFO - Processing URL: https://webapi.bps.go.id/v1/api/interoperabilitas/datasource/simdasi/id/25/tahun/2024/id_tabel/Mkt1SFdWbWdZa1hKZ2FtRU1NaHRsUT09/wilayah/3500000/key/79452e4c302f8921ad36cd2bf55f0630
[2025-07-17T11:46:02.147+0000] {logging_mixin.py:188} INFO - 
--- Memulai Loop Pengambilan Data SIMDASI ---
[2025-07-17T11:46:02.161+0000] {logging_mixin.py:188} INFO - 🔄 Mengambil tahun 2018...
[2025-07-17T11:46:03.495+0000] {logging_mixin.py:188} INFO - 
✅ Metadata awal ditangkap dari tahun 2018:
[2025-07-17T11:46:03.497+0000] {logging_mixin.py:188} INFO -    -> Nama Skema: api_bps_perlindungan_sosial
[2025-07-17T11:46:03.499+0000] {logging_mixin.py:188} INFO -    -> Nama Kolom Label: kabupatenkota
[2025-07-17T11:46:03.501+0000] {logging_mixin.py:188} INFO -    -> ID Kategori (mms_id): 524
[2025-07-17T11:46:03.504+0000] {logging_mixin.py:188} INFO - -> Berhasil memproses data untuk tahun 2018.
[2025-07-17T11:46:03.508+0000] {logging_mixin.py:188} INFO - 🔄 Mengambil tahun 2019...
[2025-07-17T11:46:04.676+0000] {logging_mixin.py:188} INFO - -> Berhasil memproses data untuk tahun 2019.
[2025-07-17T11:46:04.681+0000] {logging_mixin.py:188} INFO - 🔄 Mengambil tahun 2020...
[2025-07-17T11:46:07.365+0000] {logging_mixin.py:188} INFO - -> Berhasil memproses data untuk tahun 2020.
[2025-07-17T11:46:07.370+0000] {logging_mixin.py:188} INFO - 🔄 Mengambil tahun 2021...
[2025-07-17T11:46:11.180+0000] {logging_mixin.py:188} INFO - -> Berhasil memproses data untuk tahun 2021.
[2025-07-17T11:46:11.193+0000] {logging_mixin.py:188} INFO - 🔄 Mengambil tahun 2022...
[2025-07-17T11:46:12.674+0000] {logging_mixin.py:188} INFO - -> Berhasil memproses data untuk tahun 2022.
[2025-07-17T11:46:12.677+0000] {logging_mixin.py:188} INFO - 🔄 Mengambil tahun 2023...
[2025-07-17T11:46:14.872+0000] {logging_mixin.py:188} INFO - -> Berhasil memproses data untuk tahun 2023.
[2025-07-17T11:46:14.875+0000] {logging_mixin.py:188} INFO - 🔄 Mengambil tahun 2024...
[2025-07-17T11:46:15.880+0000] {logging_mixin.py:188} INFO - -> Berhasil memproses data untuk tahun 2024.
[2025-07-17T11:46:15.882+0000] {logging_mixin.py:188} INFO - 
✅ Nama tabel final diatur ke: 'jmlh_klrg_pnrm_mnft_kpm_dn_nggrn_bntn_ssl_pngn_mnrt_kbptnkt_d_p' (berdasarkan judul dari tahun terakhir yang tersedia).
[2025-07-17T11:46:16.082+0000] {logging_mixin.py:188} INFO - ❌ Database error: connection to server at "103.183.92.158", port 5432 failed: FATAL:  sorry, too many clients already
[2025-07-17T11:46:16.083+0000] {python.py:237} INFO - Done. Returned value was: None
[2025-07-17T11:46:16.085+0000] {taskinstance.py:441} INFO - ::group::Post task execution logs
[2025-07-17T11:46:16.111+0000] {taskinstance.py:1206} INFO - Marking task as SUCCESS. dag_id=bps_simdasi_pipeline, task_id=process_simdasi_apis.process_api_10, run_id=manual__2025-07-17T11:44:46.952680+00:00, execution_date=20250717T114446, start_date=20250717T114552, end_date=20250717T114616
[2025-07-17T11:46:16.241+0000] {local_task_job_runner.py:240} INFO - Task exited with return code 0
[2025-07-17T11:46:16.278+0000] {taskinstance.py:3503} INFO - 0 downstream tasks scheduled from follow-on schedule check
[2025-07-17T11:46:16.285+0000] {local_task_job_runner.py:222} INFO - ::endgroup::
