[2025-07-08T06:29:55.050+0000] {local_task_job_runner.py:120} INFO - ::group::Pre task execution logs
[2025-07-08T06:29:55.245+0000] {taskinstance.py:2076} INFO - Dependencies all met for dep_context=non-requeueable deps ti=<TaskInstance: conditional_dataset_and_time_based_timetable.conditional_dataset_and_time_based_timetable manual__2025-07-08T06:29:31.915944+00:00 [queued]>
[2025-07-08T06:29:55.328+0000] {taskinstance.py:2076} INFO - Dependencies all met for dep_context=requeueable deps ti=<TaskInstance: conditional_dataset_and_time_based_timetable.conditional_dataset_and_time_based_timetable manual__2025-07-08T06:29:31.915944+00:00 [queued]>
[2025-07-08T06:29:55.341+0000] {taskinstance.py:2306} INFO - Starting attempt 1 of 1
[2025-07-08T06:29:55.444+0000] {taskinstance.py:2330} INFO - Executing <Task(BashOperator): conditional_dataset_and_time_based_timetable> on 2025-07-08 06:29:31.915944+00:00
[2025-07-08T06:29:55.479+0000] {warnings.py:112} WARNING - /home/***/.local/lib/python3.12/site-packages/***/task/task_runner/standard_task_runner.py:61: DeprecationWarning: This process (pid=523) is multi-threaded, use of fork() may lead to deadlocks in the child.
  pid = os.fork()

[2025-07-08T06:29:55.489+0000] {standard_task_runner.py:63} INFO - Started process 535 to run task
[2025-07-08T06:29:55.489+0000] {standard_task_runner.py:90} INFO - Running: ['***', 'tasks', 'run', 'conditional_dataset_and_time_based_timetable', 'conditional_dataset_and_time_based_timetable', 'manual__2025-07-08T06:29:31.915944+00:00', '--job-id', '18', '--raw', '--subdir', '/home/***/.local/lib/python3.12/site-packages/***/example_dags/example_datasets.py', '--cfg-path', '/tmp/tmprq4ithhq']
[2025-07-08T06:29:55.501+0000] {standard_task_runner.py:91} INFO - Job 18: Subtask conditional_dataset_and_time_based_timetable
[2025-07-08T06:29:55.760+0000] {task_command.py:426} INFO - Running <TaskInstance: conditional_dataset_and_time_based_timetable.conditional_dataset_and_time_based_timetable manual__2025-07-08T06:29:31.915944+00:00 [running]> on host 1fa35bf9f54b
[2025-07-08T06:29:56.224+0000] {taskinstance.py:2648} INFO - Exporting env vars: AIRFLOW_CTX_DAG_OWNER='***' AIRFLOW_CTX_DAG_ID='conditional_dataset_and_time_based_timetable' AIRFLOW_CTX_TASK_ID='conditional_dataset_and_time_based_timetable' AIRFLOW_CTX_EXECUTION_DATE='2025-07-08T06:29:31.915944+00:00' AIRFLOW_CTX_TRY_NUMBER='1' AIRFLOW_CTX_DAG_RUN_ID='manual__2025-07-08T06:29:31.915944+00:00'
[2025-07-08T06:29:56.240+0000] {taskinstance.py:430} INFO - ::endgroup::
[2025-07-08T06:29:56.243+0000] {subprocess.py:63} INFO - Tmp dir root location: /tmp
[2025-07-08T06:29:56.255+0000] {subprocess.py:75} INFO - Running command: ['/usr/bin/bash', '-c', 'sleep 5']
[2025-07-08T06:29:56.315+0000] {subprocess.py:86} INFO - Output:
[2025-07-08T06:30:01.329+0000] {subprocess.py:97} INFO - Command exited with return code 0
[2025-07-08T06:30:01.330+0000] {taskinstance.py:441} INFO - ::group::Post task execution logs
[2025-07-08T06:30:01.411+0000] {taskinstance.py:1206} INFO - Marking task as SUCCESS. dag_id=conditional_dataset_and_time_based_timetable, task_id=conditional_dataset_and_time_based_timetable, run_id=manual__2025-07-08T06:29:31.915944+00:00, execution_date=20250708T062931, start_date=20250708T062955, end_date=20250708T063001
[2025-07-08T06:30:01.528+0000] {local_task_job_runner.py:240} INFO - Task exited with return code 0
[2025-07-08T06:30:01.569+0000] {taskinstance.py:3503} INFO - 0 downstream tasks scheduled from follow-on schedule check
[2025-07-08T06:30:01.577+0000] {local_task_job_runner.py:222} INFO - ::endgroup::
