[2025-07-21T16:52:01.560+0000] {local_task_job_runner.py:120} INFO - ::group::Pre task execution logs
[2025-07-21T16:52:01.638+0000] {taskinstance.py:2076} INFO - Dependencies all met for dep_context=non-requeueable deps ti=<TaskInstance: bps_simdasi_pipeline.process_simdasi_apis.process_api_1 manual__2025-07-21T16:51:36.203962+00:00 [queued]>
[2025-07-21T16:52:01.657+0000] {taskinstance.py:2076} INFO - Dependencies all met for dep_context=requeueable deps ti=<TaskInstance: bps_simdasi_pipeline.process_simdasi_apis.process_api_1 manual__2025-07-21T16:51:36.203962+00:00 [queued]>
[2025-07-21T16:52:01.659+0000] {taskinstance.py:2306} INFO - Starting attempt 1 of 2
[2025-07-21T16:52:01.701+0000] {taskinstance.py:2330} INFO - Executing <Task(PythonOperator): process_simdasi_apis.process_api_1> on 2025-07-21 16:51:36.203962+00:00
[2025-07-21T16:52:01.758+0000] {warnings.py:112} WARNING - /home/***/.local/lib/python3.12/site-packages/***/task/task_runner/standard_task_runner.py:61: DeprecationWarning: This process (pid=270) is multi-threaded, use of fork() may lead to deadlocks in the child.
  pid = os.fork()

[2025-07-21T16:52:01.766+0000] {standard_task_runner.py:63} INFO - Started process 272 to run task
[2025-07-21T16:52:01.765+0000] {standard_task_runner.py:90} INFO - Running: ['***', 'tasks', 'run', 'bps_simdasi_pipeline', 'process_simdasi_apis.process_api_1', 'manual__2025-07-21T16:51:36.203962+00:00', '--job-id', '204', '--raw', '--subdir', 'DAGS_FOLDER/bps_simdasi_pipeline.py', '--cfg-path', '/tmp/tmpmpwyfug6']
[2025-07-21T16:52:01.768+0000] {standard_task_runner.py:91} INFO - Job 204: Subtask process_simdasi_apis.process_api_1
[2025-07-21T16:52:02.016+0000] {task_command.py:426} INFO - Running <TaskInstance: bps_simdasi_pipeline.process_simdasi_apis.process_api_1 manual__2025-07-21T16:51:36.203962+00:00 [running]> on host be615b49433c
[2025-07-21T16:52:02.326+0000] {taskinstance.py:2648} INFO - Exporting env vars: AIRFLOW_CTX_DAG_OWNER='***' AIRFLOW_CTX_DAG_ID='bps_simdasi_pipeline' AIRFLOW_CTX_TASK_ID='process_simdasi_apis.process_api_1' AIRFLOW_CTX_EXECUTION_DATE='2025-07-21T16:51:36.203962+00:00' AIRFLOW_CTX_TRY_NUMBER='1' AIRFLOW_CTX_DAG_RUN_ID='manual__2025-07-21T16:51:36.203962+00:00'
[2025-07-21T16:52:02.329+0000] {taskinstance.py:430} INFO - ::endgroup::
[2025-07-21T16:52:02.331+0000] {logging_mixin.py:188} INFO - ðŸ” Processing URL: https://webapi.bps.go.id/v1/api/interoperabilitas/datasource/simdasi/id/25/tahun/2024/id_tabel/eDUyUFFYcUdLWnIyQ0VDVkorZWlGZz09/wilayah/0000000/key/79452e4c302f8921ad36cd2bf55f0630/
[2025-07-21T16:52:02.332+0000] {logging_mixin.py:188} INFO - 
ðŸ”„ Mencoba mengambil daftar tahun yang tersedia secara otomatis...
[2025-07-21T16:52:04.793+0000] {logging_mixin.py:188} INFO - âœ… Tahun yang tersedia ditemukan: [2011, 2014, 2018, 2019, 2020, 2021, 2024]
[2025-07-21T16:52:04.799+0000] {logging_mixin.py:188} INFO - 
--- Memulai Loop Pengambilan Data SIMDASI ---
[2025-07-21T16:52:04.802+0000] {logging_mixin.py:188} INFO - ðŸ”„ Mengambil tahun 2011...
[2025-07-21T16:52:07.157+0000] {logging_mixin.py:188} INFO - 
âœ… Metadata awal ditangkap dari tahun 2011:
[2025-07-21T16:52:07.164+0000] {logging_mixin.py:188} INFO -    -> Nama Skema: api_bps_pendidikan
[2025-07-21T16:52:07.167+0000] {logging_mixin.py:188} INFO -    -> Nama Kolom Label: provinsi
[2025-07-21T16:52:07.179+0000] {logging_mixin.py:188} INFO -    -> ID Kategori (mms_id): 521
[2025-07-21T16:52:07.190+0000] {logging_mixin.py:188} INFO - -> Berhasil memproses data untuk tahun 2011.
[2025-07-21T16:52:07.201+0000] {logging_mixin.py:188} INFO - ðŸ”„ Mengambil tahun 2014...
[2025-07-21T16:52:09.131+0000] {logging_mixin.py:188} INFO - -> Berhasil memproses data untuk tahun 2014.
[2025-07-21T16:52:09.133+0000] {logging_mixin.py:188} INFO - ðŸ”„ Mengambil tahun 2018...
[2025-07-21T16:52:11.709+0000] {logging_mixin.py:188} INFO - -> Berhasil memproses data untuk tahun 2018.
[2025-07-21T16:52:11.711+0000] {logging_mixin.py:188} INFO - ðŸ”„ Mengambil tahun 2019...
[2025-07-21T16:52:13.427+0000] {logging_mixin.py:188} INFO - -> Berhasil memproses data untuk tahun 2019.
[2025-07-21T16:52:13.428+0000] {logging_mixin.py:188} INFO - ðŸ”„ Mengambil tahun 2020...
[2025-07-21T16:52:15.160+0000] {logging_mixin.py:188} INFO - -> Berhasil memproses data untuk tahun 2020.
[2025-07-21T16:52:15.162+0000] {logging_mixin.py:188} INFO - ðŸ”„ Mengambil tahun 2021...
[2025-07-21T16:52:17.893+0000] {logging_mixin.py:188} INFO - -> Berhasil memproses data untuk tahun 2021.
[2025-07-21T16:52:17.909+0000] {logging_mixin.py:188} INFO - ðŸ”„ Mengambil tahun 2024...
[2025-07-21T16:52:19.970+0000] {logging_mixin.py:188} INFO - -> Berhasil memproses data untuk tahun 2024.
[2025-07-21T16:52:22.667+0000] {logging_mixin.py:188} INFO - âœ… Data saved to api_bps_pendidikan.jmlh_dsltspgt1ltspgtklrhn_yng_mmlk_fslts_sklh_mnrt_prvns_dn_tng
[2025-07-21T16:52:22.669+0000] {python.py:237} INFO - Done. Returned value was: None
[2025-07-21T16:52:22.673+0000] {taskinstance.py:441} INFO - ::group::Post task execution logs
[2025-07-21T16:52:22.709+0000] {taskinstance.py:1206} INFO - Marking task as SUCCESS. dag_id=bps_simdasi_pipeline, task_id=process_simdasi_apis.process_api_1, run_id=manual__2025-07-21T16:51:36.203962+00:00, execution_date=20250721T165136, start_date=20250721T165201, end_date=20250721T165222
[2025-07-21T16:52:22.860+0000] {local_task_job_runner.py:240} INFO - Task exited with return code 0
[2025-07-21T16:52:23.074+0000] {taskinstance.py:3503} INFO - 1 downstream tasks scheduled from follow-on schedule check
[2025-07-21T16:52:23.089+0000] {local_task_job_runner.py:222} INFO - ::endgroup::
