[2025-07-23T16:07:28.556+0000] {local_task_job_runner.py:120} INFO - ::group::Pre task execution logs
[2025-07-23T16:07:28.619+0000] {taskinstance.py:2076} INFO - Dependencies all met for dep_context=non-requeueable deps ti=<TaskInstance: bps_simdasi_pipeline.process_simdasi_apis.process_api_2 manual__2025-07-23T16:02:34.444004+00:00 [queued]>
[2025-07-23T16:07:28.638+0000] {taskinstance.py:2076} INFO - Dependencies all met for dep_context=requeueable deps ti=<TaskInstance: bps_simdasi_pipeline.process_simdasi_apis.process_api_2 manual__2025-07-23T16:02:34.444004+00:00 [queued]>
[2025-07-23T16:07:28.640+0000] {taskinstance.py:2306} INFO - Starting attempt 1 of 2
[2025-07-23T16:07:28.676+0000] {taskinstance.py:2330} INFO - Executing <Task(PythonOperator): process_simdasi_apis.process_api_2> on 2025-07-23 16:02:34.444004+00:00
[2025-07-23T16:07:28.702+0000] {warnings.py:112} WARNING - /home/***/.local/lib/python3.12/site-packages/***/task/task_runner/standard_task_runner.py:61: DeprecationWarning: This process (pid=400) is multi-threaded, use of fork() may lead to deadlocks in the child.
  pid = os.fork()

[2025-07-23T16:07:28.704+0000] {standard_task_runner.py:90} INFO - Running: ['***', 'tasks', 'run', 'bps_simdasi_pipeline', 'process_simdasi_apis.process_api_2', 'manual__2025-07-23T16:02:34.444004+00:00', '--job-id', '241', '--raw', '--subdir', 'DAGS_FOLDER/bps_simdasi_pipeline.py', '--cfg-path', '/tmp/tmpxvm_2av4']
[2025-07-23T16:07:28.706+0000] {standard_task_runner.py:63} INFO - Started process 402 to run task
[2025-07-23T16:07:28.706+0000] {standard_task_runner.py:91} INFO - Job 241: Subtask process_simdasi_apis.process_api_2
[2025-07-23T16:07:28.843+0000] {task_command.py:426} INFO - Running <TaskInstance: bps_simdasi_pipeline.process_simdasi_apis.process_api_2 manual__2025-07-23T16:02:34.444004+00:00 [running]> on host be615b49433c
[2025-07-23T16:07:29.066+0000] {taskinstance.py:2648} INFO - Exporting env vars: AIRFLOW_CTX_DAG_OWNER='***' AIRFLOW_CTX_DAG_ID='bps_simdasi_pipeline' AIRFLOW_CTX_TASK_ID='process_simdasi_apis.process_api_2' AIRFLOW_CTX_EXECUTION_DATE='2025-07-23T16:02:34.444004+00:00' AIRFLOW_CTX_TRY_NUMBER='1' AIRFLOW_CTX_DAG_RUN_ID='manual__2025-07-23T16:02:34.444004+00:00'
[2025-07-23T16:07:29.069+0000] {taskinstance.py:430} INFO - ::endgroup::
[2025-07-23T16:07:29.071+0000] {logging_mixin.py:188} INFO - 🔁 Processing URL: https://webapi.bps.go.id/v1/api/interoperabilitas/datasource/simdasi/id/25/tahun/2024/id_tabel/a1lFcnlHNXNYMFlueG8xL0ZOZnU0Zz09/wilayah/0000000/key/79452e4c302f8921ad36cd2bf55f0630/
[2025-07-23T16:07:29.072+0000] {logging_mixin.py:188} INFO - 
🔄 Mencoba mengambil daftar tahun yang tersedia secara otomatis...
[2025-07-23T16:07:50.438+0000] {logging_mixin.py:188} INFO - ❌ Terjadi kesalahan saat mengambil tahun otomatis: HTTPSConnectionPool(host='webapi.bps.go.id', port=443): Max retries exceeded with url: /v1/api/interoperabilitas/datasource/simdasi/id/23/wilayah/0000000/key/79452e4c302f8921ad36cd2bf55f0630/ (Caused by NewConnectionError('<urllib3.connection.HTTPSConnection object at 0x789da7066240>: Failed to establish a new connection: [Errno 111] Connection refused'))
[2025-07-23T16:07:50.439+0000] {logging_mixin.py:188} INFO - ⚠️ Menggunakan rentang tahun default: [2015, 2016, 2017, 2018, 2019, 2020, 2021, 2022, 2023, 2024, 2025]
[2025-07-23T16:07:50.441+0000] {logging_mixin.py:188} INFO - 
--- Memulai Loop Pengambilan Data SIMDASI ---
[2025-07-23T16:07:50.442+0000] {logging_mixin.py:188} INFO - 🔄 Mengambil tahun 2015...
[2025-07-23T16:08:12.412+0000] {logging_mixin.py:188} INFO - ❌ Kesalahan jaringan untuk tahun 2015: HTTPSConnectionPool(host='webapi.bps.go.id', port=443): Max retries exceeded with url: /v1/api/interoperabilitas/datasource/simdasi/id/25/tahun/2024/id_tabel/a1lFcnlHNXNYMFlueG8xL0ZOZnU0Zz09/wilayah/0000000/key/79452e4c302f8921ad36cd2bf55f0630/ (Caused by NewConnectionError('<urllib3.connection.HTTPSConnection object at 0x789d81fba720>: Failed to establish a new connection: [Errno 111] Connection refused'))
[2025-07-23T16:08:12.413+0000] {logging_mixin.py:188} INFO - 🔄 Mengambil tahun 2016...
[2025-07-23T16:08:34.418+0000] {logging_mixin.py:188} INFO - ❌ Kesalahan jaringan untuk tahun 2016: HTTPSConnectionPool(host='webapi.bps.go.id', port=443): Max retries exceeded with url: /v1/api/interoperabilitas/datasource/simdasi/id/25/tahun/2024/id_tabel/a1lFcnlHNXNYMFlueG8xL0ZOZnU0Zz09/wilayah/0000000/key/79452e4c302f8921ad36cd2bf55f0630/ (Caused by NewConnectionError('<urllib3.connection.HTTPSConnection object at 0x789d81fbb230>: Failed to establish a new connection: [Errno 111] Connection refused'))
[2025-07-23T16:08:34.420+0000] {logging_mixin.py:188} INFO - 🔄 Mengambil tahun 2017...
[2025-07-23T16:08:56.418+0000] {logging_mixin.py:188} INFO - ❌ Kesalahan jaringan untuk tahun 2017: HTTPSConnectionPool(host='webapi.bps.go.id', port=443): Max retries exceeded with url: /v1/api/interoperabilitas/datasource/simdasi/id/25/tahun/2024/id_tabel/a1lFcnlHNXNYMFlueG8xL0ZOZnU0Zz09/wilayah/0000000/key/79452e4c302f8921ad36cd2bf55f0630/ (Caused by NewConnectionError('<urllib3.connection.HTTPSConnection object at 0x789d81fbbe30>: Failed to establish a new connection: [Errno 111] Connection refused'))
[2025-07-23T16:08:56.420+0000] {logging_mixin.py:188} INFO - 🔄 Mengambil tahun 2018...
[2025-07-23T16:09:18.439+0000] {logging_mixin.py:188} INFO - ❌ Kesalahan jaringan untuk tahun 2018: HTTPSConnectionPool(host='webapi.bps.go.id', port=443): Max retries exceeded with url: /v1/api/interoperabilitas/datasource/simdasi/id/25/tahun/2024/id_tabel/a1lFcnlHNXNYMFlueG8xL0ZOZnU0Zz09/wilayah/0000000/key/79452e4c302f8921ad36cd2bf55f0630/ (Caused by NewConnectionError('<urllib3.connection.HTTPSConnection object at 0x789d81fe47d0>: Failed to establish a new connection: [Errno 111] Connection refused'))
[2025-07-23T16:09:18.441+0000] {logging_mixin.py:188} INFO - 🔄 Mengambil tahun 2019...
[2025-07-23T16:09:40.412+0000] {logging_mixin.py:188} INFO - ❌ Kesalahan jaringan untuk tahun 2019: HTTPSConnectionPool(host='webapi.bps.go.id', port=443): Max retries exceeded with url: /v1/api/interoperabilitas/datasource/simdasi/id/25/tahun/2024/id_tabel/a1lFcnlHNXNYMFlueG8xL0ZOZnU0Zz09/wilayah/0000000/key/79452e4c302f8921ad36cd2bf55f0630/ (Caused by NewConnectionError('<urllib3.connection.HTTPSConnection object at 0x789d81fe4ef0>: Failed to establish a new connection: [Errno 111] Connection refused'))
[2025-07-23T16:09:40.419+0000] {logging_mixin.py:188} INFO - 🔄 Mengambil tahun 2020...
[2025-07-23T16:10:02.439+0000] {logging_mixin.py:188} INFO - ❌ Kesalahan jaringan untuk tahun 2020: HTTPSConnectionPool(host='webapi.bps.go.id', port=443): Max retries exceeded with url: /v1/api/interoperabilitas/datasource/simdasi/id/25/tahun/2024/id_tabel/a1lFcnlHNXNYMFlueG8xL0ZOZnU0Zz09/wilayah/0000000/key/79452e4c302f8921ad36cd2bf55f0630/ (Caused by NewConnectionError('<urllib3.connection.HTTPSConnection object at 0x789d81fbbbc0>: Failed to establish a new connection: [Errno 111] Connection refused'))
[2025-07-23T16:10:02.441+0000] {logging_mixin.py:188} INFO - 🔄 Mengambil tahun 2021...
[2025-07-23T16:10:24.427+0000] {logging_mixin.py:188} INFO - ❌ Kesalahan jaringan untuk tahun 2021: HTTPSConnectionPool(host='webapi.bps.go.id', port=443): Max retries exceeded with url: /v1/api/interoperabilitas/datasource/simdasi/id/25/tahun/2024/id_tabel/a1lFcnlHNXNYMFlueG8xL0ZOZnU0Zz09/wilayah/0000000/key/79452e4c302f8921ad36cd2bf55f0630/ (Caused by NewConnectionError('<urllib3.connection.HTTPSConnection object at 0x789d81fbb320>: Failed to establish a new connection: [Errno 111] Connection refused'))
[2025-07-23T16:10:24.428+0000] {logging_mixin.py:188} INFO - 🔄 Mengambil tahun 2022...
[2025-07-23T16:10:46.439+0000] {logging_mixin.py:188} INFO - ❌ Kesalahan jaringan untuk tahun 2022: HTTPSConnectionPool(host='webapi.bps.go.id', port=443): Max retries exceeded with url: /v1/api/interoperabilitas/datasource/simdasi/id/25/tahun/2024/id_tabel/a1lFcnlHNXNYMFlueG8xL0ZOZnU0Zz09/wilayah/0000000/key/79452e4c302f8921ad36cd2bf55f0630/ (Caused by NewConnectionError('<urllib3.connection.HTTPSConnection object at 0x789d81fe4fb0>: Failed to establish a new connection: [Errno 111] Connection refused'))
[2025-07-23T16:10:46.441+0000] {logging_mixin.py:188} INFO - 🔄 Mengambil tahun 2023...
[2025-07-23T16:11:08.407+0000] {logging_mixin.py:188} INFO - ❌ Kesalahan jaringan untuk tahun 2023: HTTPSConnectionPool(host='webapi.bps.go.id', port=443): Max retries exceeded with url: /v1/api/interoperabilitas/datasource/simdasi/id/25/tahun/2024/id_tabel/a1lFcnlHNXNYMFlueG8xL0ZOZnU0Zz09/wilayah/0000000/key/79452e4c302f8921ad36cd2bf55f0630/ (Caused by NewConnectionError('<urllib3.connection.HTTPSConnection object at 0x789d81fe4410>: Failed to establish a new connection: [Errno 111] Connection refused'))
[2025-07-23T16:11:08.409+0000] {logging_mixin.py:188} INFO - 🔄 Mengambil tahun 2024...
[2025-07-23T16:11:30.424+0000] {logging_mixin.py:188} INFO - ❌ Kesalahan jaringan untuk tahun 2024: HTTPSConnectionPool(host='webapi.bps.go.id', port=443): Max retries exceeded with url: /v1/api/interoperabilitas/datasource/simdasi/id/25/tahun/2024/id_tabel/a1lFcnlHNXNYMFlueG8xL0ZOZnU0Zz09/wilayah/0000000/key/79452e4c302f8921ad36cd2bf55f0630/ (Caused by NewConnectionError('<urllib3.connection.HTTPSConnection object at 0x789d81fe64b0>: Failed to establish a new connection: [Errno 111] Connection refused'))
[2025-07-23T16:11:30.428+0000] {logging_mixin.py:188} INFO - 🔄 Mengambil tahun 2025...
[2025-07-23T16:11:52.413+0000] {logging_mixin.py:188} INFO - ❌ Kesalahan jaringan untuk tahun 2025: HTTPSConnectionPool(host='webapi.bps.go.id', port=443): Max retries exceeded with url: /v1/api/interoperabilitas/datasource/simdasi/id/25/tahun/2024/id_tabel/a1lFcnlHNXNYMFlueG8xL0ZOZnU0Zz09/wilayah/0000000/key/79452e4c302f8921ad36cd2bf55f0630/ (Caused by NewConnectionError('<urllib3.connection.HTTPSConnection object at 0x789d81fe7140>: Failed to establish a new connection: [Errno 111] Connection refused'))
[2025-07-23T16:11:52.415+0000] {logging_mixin.py:188} INFO - 
❌ Gagal Total: Tidak dapat menangkap metadata nama dari tahun manapun. Proses dihentikan.
[2025-07-23T16:11:52.632+0000] {logging_mixin.py:188} INFO - ⚠️ No data processed or table name missing
[2025-07-23T16:11:52.635+0000] {python.py:237} INFO - Done. Returned value was: None
[2025-07-23T16:11:52.636+0000] {taskinstance.py:441} INFO - ::group::Post task execution logs
[2025-07-23T16:11:52.758+0000] {taskinstance.py:1206} INFO - Marking task as SUCCESS. dag_id=bps_simdasi_pipeline, task_id=process_simdasi_apis.process_api_2, run_id=manual__2025-07-23T16:02:34.444004+00:00, execution_date=20250723T160234, start_date=20250723T160728, end_date=20250723T161152
[2025-07-23T16:11:53.058+0000] {local_task_job_runner.py:240} INFO - Task exited with return code 0
[2025-07-23T16:11:53.266+0000] {taskinstance.py:3503} INFO - 1 downstream tasks scheduled from follow-on schedule check
[2025-07-23T16:11:53.272+0000] {local_task_job_runner.py:222} INFO - ::endgroup::
