[2025-07-09T03:54:27.503+0000] {local_task_job_runner.py:120} INFO - ::group::Pre task execution logs
[2025-07-09T03:54:27.797+0000] {taskinstance.py:2076} INFO - Dependencies all met for dep_context=non-requeueable deps ti=<TaskInstance: simple_logic_dag.run_simple_logic manual__2025-07-09T03:48:34.434353+00:00 [queued]>
[2025-07-09T03:54:27.886+0000] {taskinstance.py:2076} INFO - Dependencies all met for dep_context=requeueable deps ti=<TaskInstance: simple_logic_dag.run_simple_logic manual__2025-07-09T03:48:34.434353+00:00 [queued]>
[2025-07-09T03:54:27.899+0000] {taskinstance.py:2306} INFO - Starting attempt 2 of 2
[2025-07-09T03:54:28.119+0000] {taskinstance.py:2330} INFO - Executing <Task(PythonOperator): run_simple_logic> on 2025-07-09 03:48:34.434353+00:00
[2025-07-09T03:54:28.282+0000] {warnings.py:112} WARNING - /home/***/.local/lib/python3.12/site-packages/***/task/task_runner/standard_task_runner.py:61: DeprecationWarning: This process (pid=160) is multi-threaded, use of fork() may lead to deadlocks in the child.
  pid = os.fork()

[2025-07-09T03:54:28.329+0000] {standard_task_runner.py:63} INFO - Started process 163 to run task
[2025-07-09T03:54:28.314+0000] {standard_task_runner.py:90} INFO - Running: ['***', 'tasks', 'run', 'simple_logic_dag', 'run_simple_logic', 'manual__2025-07-09T03:48:34.434353+00:00', '--job-id', '52', '--raw', '--subdir', 'DAGS_FOLDER/script/simple_dag.py', '--cfg-path', '/tmp/tmpezmap_an']
[2025-07-09T03:54:28.377+0000] {standard_task_runner.py:91} INFO - Job 52: Subtask run_simple_logic
[2025-07-09T03:54:29.024+0000] {task_command.py:426} INFO - Running <TaskInstance: simple_logic_dag.run_simple_logic manual__2025-07-09T03:48:34.434353+00:00 [running]> on host be615b49433c
[2025-07-09T03:54:29.747+0000] {taskinstance.py:2648} INFO - Exporting env vars: AIRFLOW_CTX_DAG_OWNER='***' AIRFLOW_CTX_DAG_ID='simple_logic_dag' AIRFLOW_CTX_TASK_ID='run_simple_logic' AIRFLOW_CTX_EXECUTION_DATE='2025-07-09T03:48:34.434353+00:00' AIRFLOW_CTX_TRY_NUMBER='2' AIRFLOW_CTX_DAG_RUN_ID='manual__2025-07-09T03:48:34.434353+00:00'
[2025-07-09T03:54:29.754+0000] {taskinstance.py:430} INFO - ::endgroup::
[2025-07-09T03:54:29.756+0000] {logging_mixin.py:188} INFO - Halo dari task sederhana!
[2025-07-09T03:54:29.759+0000] {python.py:237} INFO - Done. Returned value was: Task selesai
[2025-07-09T03:54:29.763+0000] {taskinstance.py:441} INFO - ::group::Post task execution logs
[2025-07-09T03:54:29.869+0000] {taskinstance.py:1206} INFO - Marking task as SUCCESS. dag_id=simple_logic_dag, task_id=run_simple_logic, run_id=manual__2025-07-09T03:48:34.434353+00:00, execution_date=20250709T034834, start_date=20250709T035427, end_date=20250709T035429
[2025-07-09T03:54:30.022+0000] {local_task_job_runner.py:240} INFO - Task exited with return code 0
[2025-07-09T03:54:30.093+0000] {taskinstance.py:3503} INFO - 0 downstream tasks scheduled from follow-on schedule check
[2025-07-09T03:54:30.101+0000] {local_task_job_runner.py:222} INFO - ::endgroup::
