[2025-07-17T15:03:00.677+0000] {local_task_job_runner.py:120} INFO - ::group::Pre task execution logs
[2025-07-17T15:03:00.742+0000] {taskinstance.py:2076} INFO - Dependencies all met for dep_context=non-requeueable deps ti=<TaskInstance: bps_simdasi_pipeline.process_simdasi_apis.process_api_2 manual__2025-07-17T15:02:56.878938+00:00 [queued]>
[2025-07-17T15:03:00.766+0000] {taskinstance.py:2076} INFO - Dependencies all met for dep_context=requeueable deps ti=<TaskInstance: bps_simdasi_pipeline.process_simdasi_apis.process_api_2 manual__2025-07-17T15:02:56.878938+00:00 [queued]>
[2025-07-17T15:03:00.769+0000] {taskinstance.py:2306} INFO - Starting attempt 1 of 2
[2025-07-17T15:03:00.808+0000] {taskinstance.py:2330} INFO - Executing <Task(PythonOperator): process_simdasi_apis.process_api_2> on 2025-07-17 15:02:56.878938+00:00
[2025-07-17T15:03:00.839+0000] {warnings.py:112} WARNING - /home/***/.local/lib/python3.12/site-packages/***/task/task_runner/standard_task_runner.py:61: DeprecationWarning: This process (pid=576) is multi-threaded, use of fork() may lead to deadlocks in the child.
  pid = os.fork()

[2025-07-17T15:03:00.845+0000] {standard_task_runner.py:63} INFO - Started process 581 to run task
[2025-07-17T15:03:00.845+0000] {standard_task_runner.py:90} INFO - Running: ['***', 'tasks', 'run', 'bps_simdasi_pipeline', 'process_simdasi_apis.process_api_2', 'manual__2025-07-17T15:02:56.878938+00:00', '--job-id', '180', '--raw', '--subdir', 'DAGS_FOLDER/bps_simdasi_pipeline.py', '--cfg-path', '/tmp/tmpy7xmwx6i']
[2025-07-17T15:03:00.849+0000] {standard_task_runner.py:91} INFO - Job 180: Subtask process_simdasi_apis.process_api_2
[2025-07-17T15:03:01.010+0000] {task_command.py:426} INFO - Running <TaskInstance: bps_simdasi_pipeline.process_simdasi_apis.process_api_2 manual__2025-07-17T15:02:56.878938+00:00 [running]> on host be615b49433c
[2025-07-17T15:03:01.220+0000] {taskinstance.py:2648} INFO - Exporting env vars: AIRFLOW_CTX_DAG_OWNER='***' AIRFLOW_CTX_DAG_ID='bps_simdasi_pipeline' AIRFLOW_CTX_TASK_ID='process_simdasi_apis.process_api_2' AIRFLOW_CTX_EXECUTION_DATE='2025-07-17T15:02:56.878938+00:00' AIRFLOW_CTX_TRY_NUMBER='1' AIRFLOW_CTX_DAG_RUN_ID='manual__2025-07-17T15:02:56.878938+00:00'
[2025-07-17T15:03:01.224+0000] {taskinstance.py:430} INFO - ::endgroup::
[2025-07-17T15:03:01.226+0000] {logging_mixin.py:188} INFO - Processing URL: https://webapi.bps.go.id/v1/api/interoperabilitas/datasource/simdasi/id/25/tahun/2024/id_tabel/YzVEYlo5MVplU2NaM2NtT2daTzB6UT09/wilayah/0000000/key/79452e4c302f8921ad36cd2bf55f0630
[2025-07-17T15:03:01.227+0000] {logging_mixin.py:188} INFO - 
🔄 Mencoba mengambil daftar tahun yang tersedia secara otomatis...
[2025-07-17T15:03:03.465+0000] {logging_mixin.py:188} INFO - ✅ Tahun yang tersedia ditemukan: [2024]
[2025-07-17T15:03:03.469+0000] {logging_mixin.py:188} INFO - 
--- Memulai Loop Pengambilan Data SIMDASI ---
[2025-07-17T15:03:03.471+0000] {logging_mixin.py:188} INFO - 🔄 Mengambil tahun 2024...
[2025-07-17T15:03:04.163+0000] {logging_mixin.py:188} INFO - 
✅ Metadata awal ditangkap dari tahun 2024:
[2025-07-17T15:03:04.164+0000] {logging_mixin.py:188} INFO -    -> Nama Skema: api_bps_keuangan_pemerintah_fiskal
[2025-07-17T15:03:04.166+0000] {logging_mixin.py:188} INFO -    -> Nama Kolom Label: jabatan
[2025-07-17T15:03:04.167+0000] {logging_mixin.py:188} INFO -    -> ID Kategori (mms_id): 534
[2025-07-17T15:03:04.170+0000] {logging_mixin.py:188} INFO - -> Berhasil memproses data untuk tahun 2024.
[2025-07-17T15:03:04.171+0000] {logging_mixin.py:188} INFO - 
✅ Nama tabel final diatur ke: 'jmlh_prtr_spl_ngr_sn_mnrt_jbtn_jns_sn_dn_jns_klmn_rng_dsmbr_202' (berdasarkan judul dari tahun terakhir yang tersedia).
[2025-07-17T15:03:05.519+0000] {logging_mixin.py:188} INFO - ✅ Data saved to api_bps_keuangan_pemerintah_fiskal.jmlh_prtr_spl_ngr_sn_mnrt_jbtn_jns_sn_dn_jns_klmn_rng_dsmbr_202
[2025-07-17T15:03:05.520+0000] {python.py:237} INFO - Done. Returned value was: None
[2025-07-17T15:03:05.523+0000] {taskinstance.py:441} INFO - ::group::Post task execution logs
[2025-07-17T15:03:05.546+0000] {taskinstance.py:1206} INFO - Marking task as SUCCESS. dag_id=bps_simdasi_pipeline, task_id=process_simdasi_apis.process_api_2, run_id=manual__2025-07-17T15:02:56.878938+00:00, execution_date=20250717T150256, start_date=20250717T150300, end_date=20250717T150305
[2025-07-17T15:03:05.622+0000] {local_task_job_runner.py:240} INFO - Task exited with return code 0
[2025-07-17T15:03:05.661+0000] {taskinstance.py:3503} INFO - 0 downstream tasks scheduled from follow-on schedule check
[2025-07-17T15:03:05.665+0000] {local_task_job_runner.py:222} INFO - ::endgroup::
