[2025-07-17T04:20:34.013+0000] {local_task_job_runner.py:120} INFO - ::group::Pre task execution logs
[2025-07-17T04:20:34.456+0000] {taskinstance.py:2076} INFO - Dependencies all met for dep_context=non-requeueable deps ti=<TaskInstance: bps_simdasi_pipeline.process_simdasi_apis.process_api_1 scheduled__2025-06-01T00:00:00+00:00 [queued]>
[2025-07-17T04:20:34.555+0000] {taskinstance.py:2076} INFO - Dependencies all met for dep_context=requeueable deps ti=<TaskInstance: bps_simdasi_pipeline.process_simdasi_apis.process_api_1 scheduled__2025-06-01T00:00:00+00:00 [queued]>
[2025-07-17T04:20:34.574+0000] {taskinstance.py:2306} INFO - Starting attempt 1 of 2
[2025-07-17T04:20:34.820+0000] {taskinstance.py:2330} INFO - Executing <Task(PythonOperator): process_simdasi_apis.process_api_1> on 2025-06-01 00:00:00+00:00
[2025-07-17T04:20:35.048+0000] {warnings.py:112} WARNING - /home/***/.local/lib/python3.12/site-packages/***/task/task_runner/standard_task_runner.py:61: DeprecationWarning: This process (pid=1896) is multi-threaded, use of fork() may lead to deadlocks in the child.
  pid = os.fork()

[2025-07-17T04:20:35.095+0000] {standard_task_runner.py:63} INFO - Started process 1949 to run task
[2025-07-17T04:20:35.135+0000] {standard_task_runner.py:90} INFO - Running: ['***', 'tasks', 'run', 'bps_simdasi_pipeline', 'process_simdasi_apis.process_api_1', 'scheduled__2025-06-01T00:00:00+00:00', '--job-id', '114', '--raw', '--subdir', 'DAGS_FOLDER/bps_simdasi_pipeline.py.py', '--cfg-path', '/tmp/tmpno10petx']
[2025-07-17T04:20:35.155+0000] {standard_task_runner.py:91} INFO - Job 114: Subtask process_simdasi_apis.process_api_1
[2025-07-17T04:20:35.751+0000] {task_command.py:426} INFO - Running <TaskInstance: bps_simdasi_pipeline.process_simdasi_apis.process_api_1 scheduled__2025-06-01T00:00:00+00:00 [running]> on host be615b49433c
[2025-07-17T04:20:37.097+0000] {taskinstance.py:2648} INFO - Exporting env vars: AIRFLOW_CTX_DAG_OWNER='***' AIRFLOW_CTX_DAG_ID='bps_simdasi_pipeline' AIRFLOW_CTX_TASK_ID='process_simdasi_apis.process_api_1' AIRFLOW_CTX_EXECUTION_DATE='2025-06-01T00:00:00+00:00' AIRFLOW_CTX_TRY_NUMBER='1' AIRFLOW_CTX_DAG_RUN_ID='scheduled__2025-06-01T00:00:00+00:00'
[2025-07-17T04:20:37.184+0000] {taskinstance.py:430} INFO - ::endgroup::
[2025-07-17T04:20:37.211+0000] {logging_mixin.py:188} INFO - Processing URL: https://webapi.bps.go.id/v1/api/interoperabilitas/datasource/simdasi/id/25/tahun/2019/id_tabel/SENxVDdSbVprRGF2Sk91UTdGcVdTdz09/wilayah/0000000/key/79452e4c302f8921ad36cd2bf55f0630
[2025-07-17T04:20:40.851+0000] {logging_mixin.py:188} INFO - Error getting available years: 'list' object has no attribute 'split'
[2025-07-17T04:21:12.794+0000] {logging_mixin.py:188} INFO - ✅ Data saved to api_bps_transportasi.pnjng_jln_mnrt_prvns_dn_tngkt_kwnngn_pmrnthn_ltspgt1ltspgt_2019
[2025-07-17T04:21:12.795+0000] {python.py:237} INFO - Done. Returned value was: None
[2025-07-17T04:21:12.801+0000] {taskinstance.py:441} INFO - ::group::Post task execution logs
[2025-07-17T04:21:12.832+0000] {taskinstance.py:1206} INFO - Marking task as SUCCESS. dag_id=bps_simdasi_pipeline, task_id=process_simdasi_apis.process_api_1, run_id=scheduled__2025-06-01T00:00:00+00:00, execution_date=20250601T000000, start_date=20250717T042034, end_date=20250717T042112
[2025-07-17T04:21:12.945+0000] {local_task_job_runner.py:240} INFO - Task exited with return code 0
[2025-07-17T04:21:12.982+0000] {taskinstance.py:3503} INFO - 0 downstream tasks scheduled from follow-on schedule check
[2025-07-17T04:21:12.989+0000] {local_task_job_runner.py:222} INFO - ::endgroup::
