[2025-07-21T16:55:02.376+0000] {local_task_job_runner.py:120} INFO - ::group::Pre task execution logs
[2025-07-21T16:55:02.435+0000] {taskinstance.py:2076} INFO - Dependencies all met for dep_context=non-requeueable deps ti=<TaskInstance: bps_simdasi_pipeline.process_simdasi_apis.process_api_10 manual__2025-07-21T16:51:36.203962+00:00 [queued]>
[2025-07-21T16:55:02.457+0000] {taskinstance.py:2076} INFO - Dependencies all met for dep_context=requeueable deps ti=<TaskInstance: bps_simdasi_pipeline.process_simdasi_apis.process_api_10 manual__2025-07-21T16:51:36.203962+00:00 [queued]>
[2025-07-21T16:55:02.459+0000] {taskinstance.py:2306} INFO - Starting attempt 1 of 2
[2025-07-21T16:55:02.500+0000] {taskinstance.py:2330} INFO - Executing <Task(PythonOperator): process_simdasi_apis.process_api_10> on 2025-07-21 16:51:36.203962+00:00
[2025-07-21T16:55:02.522+0000] {warnings.py:112} WARNING - /home/***/.local/lib/python3.12/site-packages/***/task/task_runner/standard_task_runner.py:61: DeprecationWarning: This process (pid=333) is multi-threaded, use of fork() may lead to deadlocks in the child.
  pid = os.fork()

[2025-07-21T16:55:02.527+0000] {standard_task_runner.py:63} INFO - Started process 335 to run task
[2025-07-21T16:55:02.527+0000] {standard_task_runner.py:90} INFO - Running: ['***', 'tasks', 'run', 'bps_simdasi_pipeline', 'process_simdasi_apis.process_api_10', 'manual__2025-07-21T16:51:36.203962+00:00', '--job-id', '213', '--raw', '--subdir', 'DAGS_FOLDER/bps_simdasi_pipeline.py', '--cfg-path', '/tmp/tmp0awt1__8']
[2025-07-21T16:55:02.529+0000] {standard_task_runner.py:91} INFO - Job 213: Subtask process_simdasi_apis.process_api_10
[2025-07-21T16:55:02.730+0000] {task_command.py:426} INFO - Running <TaskInstance: bps_simdasi_pipeline.process_simdasi_apis.process_api_10 manual__2025-07-21T16:51:36.203962+00:00 [running]> on host be615b49433c
[2025-07-21T16:55:03.001+0000] {taskinstance.py:2648} INFO - Exporting env vars: AIRFLOW_CTX_DAG_OWNER='***' AIRFLOW_CTX_DAG_ID='bps_simdasi_pipeline' AIRFLOW_CTX_TASK_ID='process_simdasi_apis.process_api_10' AIRFLOW_CTX_EXECUTION_DATE='2025-07-21T16:51:36.203962+00:00' AIRFLOW_CTX_TRY_NUMBER='1' AIRFLOW_CTX_DAG_RUN_ID='manual__2025-07-21T16:51:36.203962+00:00'
[2025-07-21T16:55:03.005+0000] {taskinstance.py:430} INFO - ::endgroup::
[2025-07-21T16:55:03.008+0000] {logging_mixin.py:188} INFO - ðŸ” Processing URL: https://webapi.bps.go.id/v1/api/interoperabilitas/datasource/simdasi/id/25/tahun/2023/id_tabel/aWpHRGF4UVBjZTVEODBHMTV4R0xUUT09/wilayah/0000000/key/79452e4c302f8921ad36cd2bf55f0630/
[2025-07-21T16:55:03.009+0000] {logging_mixin.py:188} INFO - 
ðŸ”„ Mencoba mengambil daftar tahun yang tersedia secara otomatis...
[2025-07-21T16:55:05.652+0000] {logging_mixin.py:188} INFO - âœ… Tahun yang tersedia ditemukan: [2016, 2017, 2018, 2023]
[2025-07-21T16:55:05.658+0000] {logging_mixin.py:188} INFO - 
--- Memulai Loop Pengambilan Data SIMDASI ---
[2025-07-21T16:55:05.660+0000] {logging_mixin.py:188} INFO - ðŸ”„ Mengambil tahun 2016...
[2025-07-21T16:55:06.417+0000] {logging_mixin.py:188} INFO - 
âœ… Metadata awal ditangkap dari tahun 2016:
[2025-07-21T16:55:06.418+0000] {logging_mixin.py:188} INFO -    -> Nama Skema: api_bps_kesehatan
[2025-07-21T16:55:06.420+0000] {logging_mixin.py:188} INFO -    -> Nama Kolom Label: provinsi
[2025-07-21T16:55:06.422+0000] {logging_mixin.py:188} INFO -    -> ID Kategori (mms_id): 522
[2025-07-21T16:55:06.424+0000] {logging_mixin.py:188} INFO - -> Berhasil memproses data untuk tahun 2016.
[2025-07-21T16:55:06.426+0000] {logging_mixin.py:188} INFO - ðŸ”„ Mengambil tahun 2017...
[2025-07-21T16:55:07.215+0000] {logging_mixin.py:188} INFO - -> Berhasil memproses data untuk tahun 2017.
[2025-07-21T16:55:07.217+0000] {logging_mixin.py:188} INFO - ðŸ”„ Mengambil tahun 2018...
[2025-07-21T16:55:08.024+0000] {logging_mixin.py:188} INFO - -> Berhasil memproses data untuk tahun 2018.
[2025-07-21T16:55:08.025+0000] {logging_mixin.py:188} INFO - ðŸ”„ Mengambil tahun 2023...
[2025-07-21T16:55:08.797+0000] {logging_mixin.py:188} INFO - -> Berhasil memproses data untuk tahun 2023.
[2025-07-21T16:55:10.937+0000] {logging_mixin.py:188} INFO - âœ… Data saved to api_bps_kesehatan.jmlh_tng_kshtn_mnrt_prvns_2023
[2025-07-21T16:55:10.951+0000] {python.py:237} INFO - Done. Returned value was: None
[2025-07-21T16:55:10.961+0000] {taskinstance.py:441} INFO - ::group::Post task execution logs
[2025-07-21T16:55:11.170+0000] {taskinstance.py:1206} INFO - Marking task as SUCCESS. dag_id=bps_simdasi_pipeline, task_id=process_simdasi_apis.process_api_10, run_id=manual__2025-07-21T16:51:36.203962+00:00, execution_date=20250721T165136, start_date=20250721T165502, end_date=20250721T165511
[2025-07-21T16:55:11.445+0000] {local_task_job_runner.py:240} INFO - Task exited with return code 0
[2025-07-21T16:55:11.631+0000] {taskinstance.py:3503} INFO - 1 downstream tasks scheduled from follow-on schedule check
[2025-07-21T16:55:11.642+0000] {local_task_job_runner.py:222} INFO - ::endgroup::
