[2025-07-17T05:23:07.000+0000] {local_task_job_runner.py:120} INFO - ::group::Pre task execution logs
[2025-07-17T05:23:07.309+0000] {taskinstance.py:2076} INFO - Dependencies all met for dep_context=non-requeueable deps ti=<TaskInstance: bps_simdasi_pipeline.process_simdasi_apis.process_api_6 manual__2025-07-17T04:23:54.916799+00:00 [queued]>
[2025-07-17T05:23:07.433+0000] {taskinstance.py:2076} INFO - Dependencies all met for dep_context=requeueable deps ti=<TaskInstance: bps_simdasi_pipeline.process_simdasi_apis.process_api_6 manual__2025-07-17T04:23:54.916799+00:00 [queued]>
[2025-07-17T05:23:07.435+0000] {taskinstance.py:2306} INFO - Starting attempt 2 of 2
[2025-07-17T05:23:07.622+0000] {taskinstance.py:2330} INFO - Executing <Task(PythonOperator): process_simdasi_apis.process_api_6> on 2025-07-17 04:23:54.916799+00:00
[2025-07-17T05:23:07.982+0000] {warnings.py:112} WARNING - /home/***/.local/lib/python3.12/site-packages/***/task/task_runner/standard_task_runner.py:61: DeprecationWarning: This process (pid=78) is multi-threaded, use of fork() may lead to deadlocks in the child.
  pid = os.fork()

[2025-07-17T05:23:07.997+0000] {standard_task_runner.py:63} INFO - Started process 96 to run task
[2025-07-17T05:23:07.986+0000] {standard_task_runner.py:90} INFO - Running: ['***', 'tasks', 'run', 'bps_simdasi_pipeline', 'process_simdasi_apis.process_api_6', 'manual__2025-07-17T04:23:54.916799+00:00', '--job-id', '120', '--raw', '--subdir', 'DAGS_FOLDER/bps_simdasi_pipeline.py.py', '--cfg-path', '/tmp/tmpxpexx30k']
[2025-07-17T05:23:08.002+0000] {standard_task_runner.py:91} INFO - Job 120: Subtask process_simdasi_apis.process_api_6
[2025-07-17T05:23:08.406+0000] {task_command.py:426} INFO - Running <TaskInstance: bps_simdasi_pipeline.process_simdasi_apis.process_api_6 manual__2025-07-17T04:23:54.916799+00:00 [running]> on host be615b49433c
[2025-07-17T05:23:08.913+0000] {taskinstance.py:2648} INFO - Exporting env vars: AIRFLOW_CTX_DAG_OWNER='***' AIRFLOW_CTX_DAG_ID='bps_simdasi_pipeline' AIRFLOW_CTX_TASK_ID='process_simdasi_apis.process_api_6' AIRFLOW_CTX_EXECUTION_DATE='2025-07-17T04:23:54.916799+00:00' AIRFLOW_CTX_TRY_NUMBER='2' AIRFLOW_CTX_DAG_RUN_ID='manual__2025-07-17T04:23:54.916799+00:00'
[2025-07-17T05:23:08.920+0000] {taskinstance.py:430} INFO - ::endgroup::
[2025-07-17T05:23:08.937+0000] {logging_mixin.py:188} INFO - Processing URL: https://webapi.bps.go.id/v1/api/interoperabilitas/datasource/simdasi/id/25/tahun/2023/id_tabel/RjhwOFhnQm9Na2piQWZrOFd5Zmp1Zz09/wilayah/3500000/key/79452e4c302f8921ad36cd2bf55f0630
[2025-07-17T05:23:11.664+0000] {logging_mixin.py:188} INFO - Error getting available years: 'list' object has no attribute 'split'
[2025-07-17T05:23:28.064+0000] {logging_mixin.py:188} INFO - ✅ Data saved to api_bps_pertanian_kehutanan_perikanan.ls_kwsn_htn_dn_prrn_mnrt_kbptnkt_d_prvns_jw_tmr_h_2023
[2025-07-17T05:23:28.067+0000] {python.py:237} INFO - Done. Returned value was: None
[2025-07-17T05:23:28.074+0000] {taskinstance.py:441} INFO - ::group::Post task execution logs
[2025-07-17T05:23:28.109+0000] {taskinstance.py:1206} INFO - Marking task as SUCCESS. dag_id=bps_simdasi_pipeline, task_id=process_simdasi_apis.process_api_6, run_id=manual__2025-07-17T04:23:54.916799+00:00, execution_date=20250717T042354, start_date=20250717T052307, end_date=20250717T052328
[2025-07-17T05:23:28.217+0000] {local_task_job_runner.py:240} INFO - Task exited with return code 0
[2025-07-17T05:23:28.268+0000] {taskinstance.py:3503} INFO - 0 downstream tasks scheduled from follow-on schedule check
[2025-07-17T05:23:28.275+0000] {local_task_job_runner.py:222} INFO - ::endgroup::
