[2025-07-21T16:53:20.615+0000] {local_task_job_runner.py:120} INFO - ::group::Pre task execution logs
[2025-07-21T16:53:20.660+0000] {taskinstance.py:2076} INFO - Dependencies all met for dep_context=non-requeueable deps ti=<TaskInstance: bps_simdasi_pipeline.process_simdasi_apis.process_api_5 manual__2025-07-21T16:51:36.203962+00:00 [queued]>
[2025-07-21T16:53:20.673+0000] {taskinstance.py:2076} INFO - Dependencies all met for dep_context=requeueable deps ti=<TaskInstance: bps_simdasi_pipeline.process_simdasi_apis.process_api_5 manual__2025-07-21T16:51:36.203962+00:00 [queued]>
[2025-07-21T16:53:20.675+0000] {taskinstance.py:2306} INFO - Starting attempt 1 of 2
[2025-07-21T16:53:20.703+0000] {taskinstance.py:2330} INFO - Executing <Task(PythonOperator): process_simdasi_apis.process_api_5> on 2025-07-21 16:51:36.203962+00:00
[2025-07-21T16:53:20.718+0000] {warnings.py:112} WARNING - /home/***/.local/lib/python3.12/site-packages/***/task/task_runner/standard_task_runner.py:61: DeprecationWarning: This process (pid=296) is multi-threaded, use of fork() may lead to deadlocks in the child.
  pid = os.fork()

[2025-07-21T16:53:20.722+0000] {standard_task_runner.py:63} INFO - Started process 298 to run task
[2025-07-21T16:53:20.724+0000] {standard_task_runner.py:90} INFO - Running: ['***', 'tasks', 'run', 'bps_simdasi_pipeline', 'process_simdasi_apis.process_api_5', 'manual__2025-07-21T16:51:36.203962+00:00', '--job-id', '208', '--raw', '--subdir', 'DAGS_FOLDER/bps_simdasi_pipeline.py', '--cfg-path', '/tmp/tmpb3cbyqar']
[2025-07-21T16:53:20.726+0000] {standard_task_runner.py:91} INFO - Job 208: Subtask process_simdasi_apis.process_api_5
[2025-07-21T16:53:20.835+0000] {task_command.py:426} INFO - Running <TaskInstance: bps_simdasi_pipeline.process_simdasi_apis.process_api_5 manual__2025-07-21T16:51:36.203962+00:00 [running]> on host be615b49433c
[2025-07-21T16:53:21.014+0000] {taskinstance.py:2648} INFO - Exporting env vars: AIRFLOW_CTX_DAG_OWNER='***' AIRFLOW_CTX_DAG_ID='bps_simdasi_pipeline' AIRFLOW_CTX_TASK_ID='process_simdasi_apis.process_api_5' AIRFLOW_CTX_EXECUTION_DATE='2025-07-21T16:51:36.203962+00:00' AIRFLOW_CTX_TRY_NUMBER='1' AIRFLOW_CTX_DAG_RUN_ID='manual__2025-07-21T16:51:36.203962+00:00'
[2025-07-21T16:53:21.018+0000] {taskinstance.py:430} INFO - ::endgroup::
[2025-07-21T16:53:21.024+0000] {logging_mixin.py:188} INFO - ðŸ” Processing URL: https://webapi.bps.go.id/v1/api/interoperabilitas/datasource/simdasi/id/25/tahun/2024/id_tabel/MU90V01YZ0RxenhmbFdsU21iUHh2Zz09/wilayah/0000000/key/79452e4c302f8921ad36cd2bf55f0630/
[2025-07-21T16:53:21.027+0000] {logging_mixin.py:188} INFO - 
ðŸ”„ Mencoba mengambil daftar tahun yang tersedia secara otomatis...
[2025-07-21T16:53:23.692+0000] {logging_mixin.py:188} INFO - âœ… Tahun yang tersedia ditemukan: [2016, 2017, 2019, 2020, 2021, 2022, 2023, 2024]
[2025-07-21T16:53:23.696+0000] {logging_mixin.py:188} INFO - 
--- Memulai Loop Pengambilan Data SIMDASI ---
[2025-07-21T16:53:23.698+0000] {logging_mixin.py:188} INFO - ðŸ”„ Mengambil tahun 2016...
[2025-07-21T16:53:24.402+0000] {logging_mixin.py:188} INFO - 
âœ… Metadata awal ditangkap dari tahun 2016:
[2025-07-21T16:53:24.404+0000] {logging_mixin.py:188} INFO -    -> Nama Skema: api_bps_pendidikan
[2025-07-21T16:53:24.405+0000] {logging_mixin.py:188} INFO -    -> Nama Kolom Label: provinsi
[2025-07-21T16:53:24.406+0000] {logging_mixin.py:188} INFO -    -> ID Kategori (mms_id): 521
[2025-07-21T16:53:24.408+0000] {logging_mixin.py:188} INFO - -> Berhasil memproses data untuk tahun 2016.
[2025-07-21T16:53:24.410+0000] {logging_mixin.py:188} INFO - ðŸ”„ Mengambil tahun 2017...
[2025-07-21T16:53:25.304+0000] {logging_mixin.py:188} INFO - -> Berhasil memproses data untuk tahun 2017.
[2025-07-21T16:53:25.305+0000] {logging_mixin.py:188} INFO - ðŸ”„ Mengambil tahun 2019...
[2025-07-21T16:53:26.191+0000] {logging_mixin.py:188} INFO - -> Berhasil memproses data untuk tahun 2019.
[2025-07-21T16:53:26.192+0000] {logging_mixin.py:188} INFO - ðŸ”„ Mengambil tahun 2020...
[2025-07-21T16:53:26.967+0000] {logging_mixin.py:188} INFO - -> Berhasil memproses data untuk tahun 2020.
[2025-07-21T16:53:26.969+0000] {logging_mixin.py:188} INFO - ðŸ”„ Mengambil tahun 2021...
[2025-07-21T16:53:29.178+0000] {logging_mixin.py:188} INFO - -> Berhasil memproses data untuk tahun 2021.
[2025-07-21T16:53:29.180+0000] {logging_mixin.py:188} INFO - ðŸ”„ Mengambil tahun 2022...
[2025-07-21T16:53:30.385+0000] {logging_mixin.py:188} INFO - -> Berhasil memproses data untuk tahun 2022.
[2025-07-21T16:53:30.386+0000] {logging_mixin.py:188} INFO - ðŸ”„ Mengambil tahun 2023...
[2025-07-21T16:53:30.986+0000] {logging_mixin.py:188} INFO - -> Berhasil memproses data untuk tahun 2023.
[2025-07-21T16:53:30.988+0000] {logging_mixin.py:188} INFO - ðŸ”„ Mengambil tahun 2024...
[2025-07-21T16:53:32.236+0000] {logging_mixin.py:188} INFO - -> Berhasil memproses data untuk tahun 2024.
[2025-07-21T16:53:33.188+0000] {logging_mixin.py:188} INFO - âœ… Data saved to api_bps_pendidikan.jmlh_sklh_gr_dn_mrd_sklh_mnngh_kjrn_smk_d_bwh_kmntrn_pnddkn_kbd
[2025-07-21T16:53:33.189+0000] {python.py:237} INFO - Done. Returned value was: None
[2025-07-21T16:53:33.192+0000] {taskinstance.py:441} INFO - ::group::Post task execution logs
[2025-07-21T16:53:33.212+0000] {taskinstance.py:1206} INFO - Marking task as SUCCESS. dag_id=bps_simdasi_pipeline, task_id=process_simdasi_apis.process_api_5, run_id=manual__2025-07-21T16:51:36.203962+00:00, execution_date=20250721T165136, start_date=20250721T165320, end_date=20250721T165333
[2025-07-21T16:53:33.272+0000] {local_task_job_runner.py:240} INFO - Task exited with return code 0
[2025-07-21T16:53:33.328+0000] {taskinstance.py:3503} INFO - 1 downstream tasks scheduled from follow-on schedule check
[2025-07-21T16:53:33.332+0000] {local_task_job_runner.py:222} INFO - ::endgroup::
