[2025-07-14T15:05:20.970+0000] {local_task_job_runner.py:120} INFO - ::group::Pre task execution logs
[2025-07-14T15:05:21.348+0000] {taskinstance.py:2076} INFO - Dependencies all met for dep_context=non-requeueable deps ti=<TaskInstance: etl_simdasi_pipeline.run_simdasi_etl scheduled__2025-07-13T00:00:00+00:00 [queued]>
[2025-07-14T15:05:21.465+0000] {taskinstance.py:2076} INFO - Dependencies all met for dep_context=requeueable deps ti=<TaskInstance: etl_simdasi_pipeline.run_simdasi_etl scheduled__2025-07-13T00:00:00+00:00 [queued]>
[2025-07-14T15:05:21.478+0000] {taskinstance.py:2306} INFO - Starting attempt 1 of 2
[2025-07-14T15:05:21.680+0000] {taskinstance.py:2330} INFO - Executing <Task(PythonOperator): run_simdasi_etl> on 2025-07-13 00:00:00+00:00
[2025-07-14T15:05:21.815+0000] {standard_task_runner.py:90} INFO - Running: ['***', 'tasks', 'run', 'etl_simdasi_pipeline', 'run_simdasi_etl', 'scheduled__2025-07-13T00:00:00+00:00', '--job-id', '71', '--raw', '--subdir', 'DAGS_FOLDER/script/etl_dag.py', '--cfg-path', '/tmp/tmpbhxmy9m4']
[2025-07-14T15:05:21.823+0000] {warnings.py:112} WARNING - /home/***/.local/lib/python3.12/site-packages/***/task/task_runner/standard_task_runner.py:61: DeprecationWarning: This process (pid=99) is multi-threaded, use of fork() may lead to deadlocks in the child.
  pid = os.fork()

[2025-07-14T15:05:21.842+0000] {standard_task_runner.py:91} INFO - Job 71: Subtask run_simdasi_etl
[2025-07-14T15:05:21.844+0000] {standard_task_runner.py:63} INFO - Started process 108 to run task
[2025-07-14T15:05:22.645+0000] {task_command.py:426} INFO - Running <TaskInstance: etl_simdasi_pipeline.run_simdasi_etl scheduled__2025-07-13T00:00:00+00:00 [running]> on host be615b49433c
[2025-07-14T15:05:23.845+0000] {taskinstance.py:2648} INFO - Exporting env vars: AIRFLOW_CTX_DAG_OWNER='puput' AIRFLOW_CTX_DAG_ID='etl_simdasi_pipeline' AIRFLOW_CTX_TASK_ID='run_simdasi_etl' AIRFLOW_CTX_EXECUTION_DATE='2025-07-13T00:00:00+00:00' AIRFLOW_CTX_TRY_NUMBER='1' AIRFLOW_CTX_DAG_RUN_ID='scheduled__2025-07-13T00:00:00+00:00'
[2025-07-14T15:05:23.864+0000] {taskinstance.py:430} INFO - ::endgroup::
[2025-07-14T15:05:23.901+0000] {logging_mixin.py:188} INFO - 🔄 Fetching tahun 2016...
[2025-07-14T15:05:43.745+0000] {logging_mixin.py:188} INFO - 🔄 Fetching tahun 2017...
[2025-07-14T15:06:02.800+0000] {logging_mixin.py:188} INFO - 🔄 Fetching tahun 2018...
[2025-07-14T15:06:21.728+0000] {logging_mixin.py:188} INFO - 🔄 Fetching tahun 2019...
[2025-07-14T15:06:41.057+0000] {logging_mixin.py:188} INFO - 🔄 Fetching tahun 2020...
[2025-07-14T15:06:59.835+0000] {logging_mixin.py:188} INFO - 🔄 Fetching tahun 2021...
[2025-07-14T15:07:19.030+0000] {logging_mixin.py:188} INFO - 🔄 Fetching tahun 2022...
[2025-07-14T15:07:21.278+0000] {logging_mixin.py:188} INFO - 🔄 Fetching tahun 2023...
[2025-07-14T15:07:23.329+0000] {logging_mixin.py:188} INFO - 🔄 Fetching tahun 2024...
[2025-07-14T15:07:40.337+0000] {logging_mixin.py:188} INFO - 📦 Schema 'simdasi' dipastikan ada.
[2025-07-14T15:07:57.014+0000] {logging_mixin.py:188} INFO - ✅ Data berhasil disimpan ke PostgreSQL
[2025-07-14T15:07:57.147+0000] {python.py:237} INFO - Done. Returned value was: None
[2025-07-14T15:07:58.169+0000] {taskinstance.py:441} INFO - ::group::Post task execution logs
[2025-07-14T15:08:02.469+0000] {taskinstance.py:1206} INFO - Marking task as SUCCESS. dag_id=etl_simdasi_pipeline, task_id=run_simdasi_etl, run_id=scheduled__2025-07-13T00:00:00+00:00, execution_date=20250713T000000, start_date=20250714T150521, end_date=20250714T150802
[2025-07-14T15:08:14.208+0000] {local_task_job_runner.py:310} WARNING - State of this instance has been externally set to success. Terminating instance.
[2025-07-14T15:08:15.993+0000] {local_task_job_runner.py:222} INFO - ::endgroup::
