[2025-07-17T11:51:21.589+0000] {local_task_job_runner.py:120} INFO - ::group::Pre task execution logs
[2025-07-17T11:51:21.925+0000] {taskinstance.py:2076} INFO - Dependencies all met for dep_context=non-requeueable deps ti=<TaskInstance: bps_simdasi_pipeline.process_simdasi_apis.process_api_9 manual__2025-07-17T11:44:46.952680+00:00 [queued]>
[2025-07-17T11:51:22.098+0000] {taskinstance.py:2076} INFO - Dependencies all met for dep_context=requeueable deps ti=<TaskInstance: bps_simdasi_pipeline.process_simdasi_apis.process_api_9 manual__2025-07-17T11:44:46.952680+00:00 [queued]>
[2025-07-17T11:51:22.107+0000] {taskinstance.py:2306} INFO - Starting attempt 2 of 2
[2025-07-17T11:51:22.308+0000] {taskinstance.py:2330} INFO - Executing <Task(PythonOperator): process_simdasi_apis.process_api_9> on 2025-07-17 11:44:46.952680+00:00
[2025-07-17T11:51:22.751+0000] {standard_task_runner.py:90} INFO - Running: ['***', 'tasks', 'run', 'bps_simdasi_pipeline', 'process_simdasi_apis.process_api_9', 'manual__2025-07-17T11:44:46.952680+00:00', '--job-id', '145', '--raw', '--subdir', 'DAGS_FOLDER/bps_simdasi_pipeline.py.py', '--cfg-path', '/tmp/tmpntsp4wvx']
[2025-07-17T11:51:22.799+0000] {standard_task_runner.py:91} INFO - Job 145: Subtask process_simdasi_apis.process_api_9
[2025-07-17T11:51:22.792+0000] {warnings.py:112} WARNING - /home/***/.local/lib/python3.12/site-packages/***/task/task_runner/standard_task_runner.py:61: DeprecationWarning: This process (pid=599) is multi-threaded, use of fork() may lead to deadlocks in the child.
  pid = os.fork()

[2025-07-17T11:51:22.816+0000] {standard_task_runner.py:63} INFO - Started process 619 to run task
[2025-07-17T11:51:25.546+0000] {task_command.py:426} INFO - Running <TaskInstance: bps_simdasi_pipeline.process_simdasi_apis.process_api_9 manual__2025-07-17T11:44:46.952680+00:00 [running]> on host be615b49433c
[2025-07-17T11:51:27.626+0000] {taskinstance.py:2648} INFO - Exporting env vars: AIRFLOW_CTX_DAG_OWNER='***' AIRFLOW_CTX_DAG_ID='bps_simdasi_pipeline' AIRFLOW_CTX_TASK_ID='process_simdasi_apis.process_api_9' AIRFLOW_CTX_EXECUTION_DATE='2025-07-17T11:44:46.952680+00:00' AIRFLOW_CTX_TRY_NUMBER='2' AIRFLOW_CTX_DAG_RUN_ID='manual__2025-07-17T11:44:46.952680+00:00'
[2025-07-17T11:51:27.674+0000] {taskinstance.py:430} INFO - ::endgroup::
[2025-07-17T11:51:27.707+0000] {logging_mixin.py:188} INFO - Processing URL: https://webapi.bps.go.id/v1/api/interoperabilitas/datasource/simdasi/id/25/tahun/2023/id_tabel/TkFMNjl1eC9uUlBMSVdIWmdaZE00UT09/wilayah/3500000/key/79452e4c302f8921ad36cd2bf55f0630
[2025-07-17T11:51:33.834+0000] {logging_mixin.py:188} INFO - 
--- Memulai Loop Pengambilan Data SIMDASI ---
[2025-07-17T11:51:33.906+0000] {logging_mixin.py:188} INFO - 🔄 Mengambil tahun 2014...
[2025-07-17T11:51:35.551+0000] {logging_mixin.py:188} INFO - 
✅ Metadata awal ditangkap dari tahun 2014:
[2025-07-17T11:51:35.555+0000] {logging_mixin.py:188} INFO -    -> Nama Skema: api_bps_pemukiman_perumahan
[2025-07-17T11:51:35.561+0000] {logging_mixin.py:188} INFO -    -> Nama Kolom Label: kabupatenkota
[2025-07-17T11:51:35.568+0000] {logging_mixin.py:188} INFO -    -> ID Kategori (mms_id): 525
[2025-07-17T11:51:35.577+0000] {logging_mixin.py:188} INFO - -> Berhasil memproses data untuk tahun 2014.
[2025-07-17T11:51:35.589+0000] {logging_mixin.py:188} INFO - 🔄 Mengambil tahun 2015...
[2025-07-17T11:51:37.648+0000] {logging_mixin.py:188} INFO - -> Berhasil memproses data untuk tahun 2015.
[2025-07-17T11:51:37.665+0000] {logging_mixin.py:188} INFO - 🔄 Mengambil tahun 2016...
[2025-07-17T11:51:39.877+0000] {logging_mixin.py:188} INFO - -> Berhasil memproses data untuk tahun 2016.
[2025-07-17T11:51:39.901+0000] {logging_mixin.py:188} INFO - 🔄 Mengambil tahun 2017...
[2025-07-17T11:51:41.712+0000] {logging_mixin.py:188} INFO - -> Berhasil memproses data untuk tahun 2017.
[2025-07-17T11:51:41.724+0000] {logging_mixin.py:188} INFO - 🔄 Mengambil tahun 2018...
[2025-07-17T11:51:44.039+0000] {logging_mixin.py:188} INFO - -> Berhasil memproses data untuk tahun 2018.
[2025-07-17T11:51:44.044+0000] {logging_mixin.py:188} INFO - 🔄 Mengambil tahun 2019...
[2025-07-17T11:51:45.150+0000] {logging_mixin.py:188} INFO - -> Berhasil memproses data untuk tahun 2019.
[2025-07-17T11:51:45.153+0000] {logging_mixin.py:188} INFO - 🔄 Mengambil tahun 2020...
[2025-07-17T11:51:46.641+0000] {logging_mixin.py:188} INFO - -> Berhasil memproses data untuk tahun 2020.
[2025-07-17T11:51:46.646+0000] {logging_mixin.py:188} INFO - 🔄 Mengambil tahun 2021...
[2025-07-17T11:51:48.450+0000] {logging_mixin.py:188} INFO - -> Berhasil memproses data untuk tahun 2021.
[2025-07-17T11:51:48.459+0000] {logging_mixin.py:188} INFO - 🔄 Mengambil tahun 2022...
[2025-07-17T11:51:49.430+0000] {logging_mixin.py:188} INFO - -> Berhasil memproses data untuk tahun 2022.
[2025-07-17T11:51:49.432+0000] {logging_mixin.py:188} INFO - 🔄 Mengambil tahun 2023...
[2025-07-17T11:51:50.239+0000] {logging_mixin.py:188} INFO - -> Berhasil memproses data untuk tahun 2023.
[2025-07-17T11:51:50.244+0000] {logging_mixin.py:188} INFO - 
✅ Nama tabel final diatur ke: 'prsnts_rmh_tngg_yng_mmlk_kss_trhdp_snts_lyk_mnrt_kbptnkt_d_prvn' (berdasarkan judul dari tahun terakhir yang tersedia).
[2025-07-17T11:51:50.561+0000] {logging_mixin.py:188} INFO - ❌ Database error: connection to server at "103.183.92.158", port 5432 failed: FATAL:  sorry, too many clients already
[2025-07-17T11:51:50.566+0000] {python.py:237} INFO - Done. Returned value was: None
[2025-07-17T11:51:50.574+0000] {taskinstance.py:441} INFO - ::group::Post task execution logs
[2025-07-17T11:51:50.863+0000] {taskinstance.py:1206} INFO - Marking task as SUCCESS. dag_id=bps_simdasi_pipeline, task_id=process_simdasi_apis.process_api_9, run_id=manual__2025-07-17T11:44:46.952680+00:00, execution_date=20250717T114446, start_date=20250717T115121, end_date=20250717T115150
[2025-07-17T11:51:51.733+0000] {local_task_job_runner.py:240} INFO - Task exited with return code 0
[2025-07-17T11:51:52.155+0000] {taskinstance.py:3503} INFO - 0 downstream tasks scheduled from follow-on schedule check
[2025-07-17T11:51:52.194+0000] {local_task_job_runner.py:222} INFO - ::endgroup::
