[2025-07-17T14:44:22.918+0000] {local_task_job_runner.py:120} INFO - ::group::Pre task execution logs
[2025-07-17T14:44:22.981+0000] {taskinstance.py:2076} INFO - Dependencies all met for dep_context=non-requeueable deps ti=<TaskInstance: bps_simdasi_pipeline.process_simdasi_apis.process_api_1 manual__2025-07-17T14:44:09.669699+00:00 [queued]>
[2025-07-17T14:44:23.001+0000] {taskinstance.py:2076} INFO - Dependencies all met for dep_context=requeueable deps ti=<TaskInstance: bps_simdasi_pipeline.process_simdasi_apis.process_api_1 manual__2025-07-17T14:44:09.669699+00:00 [queued]>
[2025-07-17T14:44:23.003+0000] {taskinstance.py:2306} INFO - Starting attempt 1 of 2
[2025-07-17T14:44:23.038+0000] {taskinstance.py:2330} INFO - Executing <Task(PythonOperator): process_simdasi_apis.process_api_1> on 2025-07-17 14:44:09.669699+00:00
[2025-07-17T14:44:23.072+0000] {warnings.py:112} WARNING - /home/***/.local/lib/python3.12/site-packages/***/task/task_runner/standard_task_runner.py:61: DeprecationWarning: This process (pid=333) is multi-threaded, use of fork() may lead to deadlocks in the child.
  pid = os.fork()

[2025-07-17T14:44:23.077+0000] {standard_task_runner.py:63} INFO - Started process 337 to run task
[2025-07-17T14:44:23.076+0000] {standard_task_runner.py:90} INFO - Running: ['***', 'tasks', 'run', 'bps_simdasi_pipeline', 'process_simdasi_apis.process_api_1', 'manual__2025-07-17T14:44:09.669699+00:00', '--job-id', '173', '--raw', '--subdir', 'DAGS_FOLDER/bps_simdasi_pipeline.py', '--cfg-path', '/tmp/tmpsewkr5f3']
[2025-07-17T14:44:23.079+0000] {standard_task_runner.py:91} INFO - Job 173: Subtask process_simdasi_apis.process_api_1
[2025-07-17T14:44:23.254+0000] {task_command.py:426} INFO - Running <TaskInstance: bps_simdasi_pipeline.process_simdasi_apis.process_api_1 manual__2025-07-17T14:44:09.669699+00:00 [running]> on host be615b49433c
[2025-07-17T14:44:23.571+0000] {taskinstance.py:2648} INFO - Exporting env vars: AIRFLOW_CTX_DAG_OWNER='***' AIRFLOW_CTX_DAG_ID='bps_simdasi_pipeline' AIRFLOW_CTX_TASK_ID='process_simdasi_apis.process_api_1' AIRFLOW_CTX_EXECUTION_DATE='2025-07-17T14:44:09.669699+00:00' AIRFLOW_CTX_TRY_NUMBER='1' AIRFLOW_CTX_DAG_RUN_ID='manual__2025-07-17T14:44:09.669699+00:00'
[2025-07-17T14:44:23.575+0000] {taskinstance.py:430} INFO - ::endgroup::
[2025-07-17T14:44:23.578+0000] {logging_mixin.py:188} INFO - Processing URL: https://webapi.bps.go.id/v1/api/interoperabilitas/datasource/simdasi/id/25/tahun/2019/id_tabel/SENxVDdSbVprRGF2Sk91UTdGcVdTdz09/wilayah/0000000/key/79452e4c302f8921ad36cd2bf55f0630
[2025-07-17T14:44:23.579+0000] {logging_mixin.py:188} INFO - 
🔄 Mencoba mengambil daftar tahun yang tersedia secara otomatis...
[2025-07-17T14:44:26.438+0000] {logging_mixin.py:188} INFO - ✅ Tahun yang tersedia ditemukan: [2016, 2017, 2018, 2019, 2020, 2021, 2022, 2023]
[2025-07-17T14:44:26.449+0000] {logging_mixin.py:188} INFO - 
--- Memulai Loop Pengambilan Data SIMDASI ---
[2025-07-17T14:44:26.453+0000] {logging_mixin.py:188} INFO - 🔄 Mengambil tahun 2016...
[2025-07-17T14:44:28.567+0000] {logging_mixin.py:188} INFO - 
✅ Metadata awal ditangkap dari tahun 2016:
[2025-07-17T14:44:28.569+0000] {logging_mixin.py:188} INFO -    -> Nama Skema: api_bps_transportasi
[2025-07-17T14:44:28.578+0000] {logging_mixin.py:188} INFO -    -> Nama Kolom Label: provinsi
[2025-07-17T14:44:28.581+0000] {logging_mixin.py:188} INFO -    -> ID Kategori (mms_id): 560
[2025-07-17T14:44:28.584+0000] {logging_mixin.py:188} INFO - -> Berhasil memproses data untuk tahun 2016.
[2025-07-17T14:44:28.586+0000] {logging_mixin.py:188} INFO - 🔄 Mengambil tahun 2017...
[2025-07-17T14:44:30.533+0000] {logging_mixin.py:188} INFO - -> Berhasil memproses data untuk tahun 2017.
[2025-07-17T14:44:30.535+0000] {logging_mixin.py:188} INFO - 🔄 Mengambil tahun 2018...
[2025-07-17T14:44:33.288+0000] {logging_mixin.py:188} INFO - -> Berhasil memproses data untuk tahun 2018.
[2025-07-17T14:44:33.298+0000] {logging_mixin.py:188} INFO - 🔄 Mengambil tahun 2019...
[2025-07-17T14:44:35.130+0000] {logging_mixin.py:188} INFO - -> Berhasil memproses data untuk tahun 2019.
[2025-07-17T14:44:35.132+0000] {logging_mixin.py:188} INFO - 🔄 Mengambil tahun 2020...
[2025-07-17T14:44:36.957+0000] {logging_mixin.py:188} INFO - -> Berhasil memproses data untuk tahun 2020.
[2025-07-17T14:44:36.958+0000] {logging_mixin.py:188} INFO - 🔄 Mengambil tahun 2021...
[2025-07-17T14:44:39.264+0000] {logging_mixin.py:188} INFO - -> Berhasil memproses data untuk tahun 2021.
[2025-07-17T14:44:39.265+0000] {logging_mixin.py:188} INFO - 🔄 Mengambil tahun 2022...
[2025-07-17T14:44:41.205+0000] {logging_mixin.py:188} INFO - -> Berhasil memproses data untuk tahun 2022.
[2025-07-17T14:44:41.206+0000] {logging_mixin.py:188} INFO - 🔄 Mengambil tahun 2023...
[2025-07-17T14:44:42.996+0000] {logging_mixin.py:188} INFO - -> Berhasil memproses data untuk tahun 2023.
[2025-07-17T14:44:42.998+0000] {logging_mixin.py:188} INFO - 
✅ Nama tabel final diatur ke: 'pnjng_jln_mnrt_prvns_dn_tngkt_kwnngn_pmrnthn_ltspgt1ltspgt_2019' (berdasarkan judul dari tahun terakhir yang tersedia).
[2025-07-17T14:44:44.666+0000] {logging_mixin.py:188} INFO - ✅ Data saved to api_bps_transportasi.pnjng_jln_mnrt_prvns_dn_tngkt_kwnngn_pmrnthn_ltspgt1ltspgt_2019
[2025-07-17T14:44:44.669+0000] {python.py:237} INFO - Done. Returned value was: None
[2025-07-17T14:44:44.671+0000] {taskinstance.py:441} INFO - ::group::Post task execution logs
[2025-07-17T14:44:44.690+0000] {taskinstance.py:1206} INFO - Marking task as SUCCESS. dag_id=bps_simdasi_pipeline, task_id=process_simdasi_apis.process_api_1, run_id=manual__2025-07-17T14:44:09.669699+00:00, execution_date=20250717T144409, start_date=20250717T144422, end_date=20250717T144444
[2025-07-17T14:44:44.776+0000] {local_task_job_runner.py:240} INFO - Task exited with return code 0
[2025-07-17T14:44:44.809+0000] {taskinstance.py:3503} INFO - 0 downstream tasks scheduled from follow-on schedule check
[2025-07-17T14:44:44.816+0000] {local_task_job_runner.py:222} INFO - ::endgroup::
