[2025-07-17T15:23:40.693+0000] {local_task_job_runner.py:120} INFO - ::group::Pre task execution logs
[2025-07-17T15:23:40.906+0000] {taskinstance.py:2076} INFO - Dependencies all met for dep_context=non-requeueable deps ti=<TaskInstance: bps_simdasi_pipeline.process_simdasi_apis.process_api_10 manual__2025-07-17T15:22:43.606411+00:00 [queued]>
[2025-07-17T15:23:41.040+0000] {taskinstance.py:2076} INFO - Dependencies all met for dep_context=requeueable deps ti=<TaskInstance: bps_simdasi_pipeline.process_simdasi_apis.process_api_10 manual__2025-07-17T15:22:43.606411+00:00 [queued]>
[2025-07-17T15:23:41.058+0000] {taskinstance.py:2306} INFO - Starting attempt 1 of 2
[2025-07-17T15:23:41.258+0000] {taskinstance.py:2330} INFO - Executing <Task(PythonOperator): process_simdasi_apis.process_api_10> on 2025-07-17 15:22:43.606411+00:00
[2025-07-17T15:23:41.778+0000] {warnings.py:112} WARNING - /home/***/.local/lib/python3.12/site-packages/***/task/task_runner/standard_task_runner.py:61: DeprecationWarning: This process (pid=836) is multi-threaded, use of fork() may lead to deadlocks in the child.
  pid = os.fork()

[2025-07-17T15:23:41.828+0000] {standard_task_runner.py:63} INFO - Started process 868 to run task
[2025-07-17T15:23:42.070+0000] {standard_task_runner.py:90} INFO - Running: ['***', 'tasks', 'run', 'bps_simdasi_pipeline', 'process_simdasi_apis.process_api_10', 'manual__2025-07-17T15:22:43.606411+00:00', '--job-id', '186', '--raw', '--subdir', 'DAGS_FOLDER/bps_simdasi_pipeline.py', '--cfg-path', '/tmp/tmpkg_ucevp']
[2025-07-17T15:23:42.115+0000] {standard_task_runner.py:91} INFO - Job 186: Subtask process_simdasi_apis.process_api_10
[2025-07-17T15:23:44.647+0000] {task_command.py:426} INFO - Running <TaskInstance: bps_simdasi_pipeline.process_simdasi_apis.process_api_10 manual__2025-07-17T15:22:43.606411+00:00 [running]> on host be615b49433c
[2025-07-17T15:23:49.105+0000] {taskinstance.py:2648} INFO - Exporting env vars: AIRFLOW_CTX_DAG_OWNER='***' AIRFLOW_CTX_DAG_ID='bps_simdasi_pipeline' AIRFLOW_CTX_TASK_ID='process_simdasi_apis.process_api_10' AIRFLOW_CTX_EXECUTION_DATE='2025-07-17T15:22:43.606411+00:00' AIRFLOW_CTX_TRY_NUMBER='1' AIRFLOW_CTX_DAG_RUN_ID='manual__2025-07-17T15:22:43.606411+00:00'
[2025-07-17T15:23:49.119+0000] {taskinstance.py:430} INFO - ::endgroup::
[2025-07-17T15:23:49.125+0000] {logging_mixin.py:188} INFO - Processing URL: https://webapi.bps.go.id/v1/api/interoperabilitas/datasource/simdasi/id/25/tahun/2024/id_tabel/Mkt1SFdWbWdZa1hKZ2FtRU1NaHRsUT09/wilayah/3500000/key/79452e4c302f8921ad36cd2bf55f0630
[2025-07-17T15:23:49.128+0000] {logging_mixin.py:188} INFO - 
🔄 Mencoba mengambil daftar tahun yang tersedia secara otomatis...
[2025-07-17T15:23:56.149+0000] {logging_mixin.py:188} INFO - ✅ Tahun yang tersedia ditemukan: [2018, 2019, 2020, 2021, 2022, 2023, 2024]
[2025-07-17T15:23:56.180+0000] {logging_mixin.py:188} INFO - 
--- Memulai Loop Pengambilan Data SIMDASI ---
[2025-07-17T15:23:56.232+0000] {logging_mixin.py:188} INFO - 🔄 Mengambil tahun 2018...
[2025-07-17T15:23:57.293+0000] {logging_mixin.py:188} INFO - 
✅ Metadata awal ditangkap dari tahun 2018:
[2025-07-17T15:23:57.297+0000] {logging_mixin.py:188} INFO -    -> Nama Skema: api_bps_perlindungan_sosial
[2025-07-17T15:23:57.300+0000] {logging_mixin.py:188} INFO -    -> Nama Kolom Label: kabupatenkota
[2025-07-17T15:23:57.302+0000] {logging_mixin.py:188} INFO -    -> ID Kategori (mms_id): 524
[2025-07-17T15:23:57.306+0000] {logging_mixin.py:188} INFO - -> Berhasil memproses data untuk tahun 2018.
[2025-07-17T15:23:57.320+0000] {logging_mixin.py:188} INFO - 🔄 Mengambil tahun 2019...
[2025-07-17T15:23:58.296+0000] {logging_mixin.py:188} INFO - -> Berhasil memproses data untuk tahun 2019.
[2025-07-17T15:23:58.297+0000] {logging_mixin.py:188} INFO - 🔄 Mengambil tahun 2020...
[2025-07-17T15:24:00.793+0000] {logging_mixin.py:188} INFO - -> Berhasil memproses data untuk tahun 2020.
[2025-07-17T15:24:00.797+0000] {logging_mixin.py:188} INFO - 🔄 Mengambil tahun 2021...
[2025-07-17T15:24:01.938+0000] {logging_mixin.py:188} INFO - -> Berhasil memproses data untuk tahun 2021.
[2025-07-17T15:24:01.953+0000] {logging_mixin.py:188} INFO - 🔄 Mengambil tahun 2022...
[2025-07-17T15:24:03.255+0000] {logging_mixin.py:188} INFO - -> Berhasil memproses data untuk tahun 2022.
[2025-07-17T15:24:03.269+0000] {logging_mixin.py:188} INFO - 🔄 Mengambil tahun 2023...
[2025-07-17T15:24:05.299+0000] {logging_mixin.py:188} INFO - -> Berhasil memproses data untuk tahun 2023.
[2025-07-17T15:24:05.304+0000] {logging_mixin.py:188} INFO - 🔄 Mengambil tahun 2024...
[2025-07-17T15:24:06.562+0000] {logging_mixin.py:188} INFO - -> Berhasil memproses data untuk tahun 2024.
[2025-07-17T15:24:11.068+0000] {logging_mixin.py:188} INFO - ✅ Data saved to api_bps_perlindungan_sosial.jmlh_klrg_pnrm_mnft_kpm_dn_nggrn_bntn_ssl_pngn_mnrt_kbptnkt_d_p
[2025-07-17T15:24:11.101+0000] {python.py:237} INFO - Done. Returned value was: None
[2025-07-17T15:24:12.078+0000] {taskinstance.py:441} INFO - ::group::Post task execution logs
[2025-07-17T15:24:13.156+0000] {taskinstance.py:1206} INFO - Marking task as SUCCESS. dag_id=bps_simdasi_pipeline, task_id=process_simdasi_apis.process_api_10, run_id=manual__2025-07-17T15:22:43.606411+00:00, execution_date=20250717T152243, start_date=20250717T152340, end_date=20250717T152413
[2025-07-17T15:24:14.548+0000] {local_task_job_runner.py:240} INFO - Task exited with return code 0
[2025-07-17T15:24:15.418+0000] {local_task_job_runner.py:222} INFO - ::endgroup::
