[2025-07-18T06:58:15.488+0000] {processor.py:161} INFO - Started process (PID=85) to work on /opt/airflow/dags/script/etl_dag.py
[2025-07-18T06:58:15.497+0000] {processor.py:830} INFO - Processing file /opt/airflow/dags/script/etl_dag.py for tasks to queue
[2025-07-18T06:58:15.514+0000] {logging_mixin.py:188} INFO - [2025-07-18T06:58:15.513+0000] {dagbag.py:545} INFO - Filling up the DagBag from /opt/airflow/dags/script/etl_dag.py
[2025-07-18T06:58:23.808+0000] {processor.py:840} INFO - DAG(s) 'etl_simdasi_pipeline_tes' retrieved from /opt/airflow/dags/script/etl_dag.py
[2025-07-18T06:58:28.494+0000] {logging_mixin.py:188} INFO - [2025-07-18T06:58:28.491+0000] {dag.py:3096} INFO - Sync 1 DAGs
[2025-07-18T06:58:28.759+0000] {logging_mixin.py:188} INFO - [2025-07-18T06:58:28.758+0000] {dag.py:3954} INFO - Setting next_dagrun for etl_simdasi_pipeline_tes to 2025-07-17 00:00:00+00:00, run_after=2025-07-18 00:00:00+00:00
[2025-07-18T06:58:29.010+0000] {processor.py:183} INFO - Processing /opt/airflow/dags/script/etl_dag.py took 13.661 seconds
[2025-07-18T07:00:15.921+0000] {processor.py:161} INFO - Started process (PID=161) to work on /opt/airflow/dags/script/etl_dag.py
[2025-07-18T07:00:16.111+0000] {processor.py:830} INFO - Processing file /opt/airflow/dags/script/etl_dag.py for tasks to queue
[2025-07-18T07:00:16.398+0000] {logging_mixin.py:188} INFO - [2025-07-18T07:00:16.385+0000] {dagbag.py:545} INFO - Filling up the DagBag from /opt/airflow/dags/script/etl_dag.py
[2025-07-18T07:00:31.828+0000] {processor.py:840} INFO - DAG(s) 'etl_simdasi_pipeline_tes' retrieved from /opt/airflow/dags/script/etl_dag.py
[2025-07-18T07:00:32.031+0000] {logging_mixin.py:188} INFO - [2025-07-18T07:00:32.029+0000] {dag.py:3096} INFO - Sync 1 DAGs
[2025-07-18T07:00:32.364+0000] {logging_mixin.py:188} INFO - [2025-07-18T07:00:32.363+0000] {dag.py:3954} INFO - Setting next_dagrun for etl_simdasi_pipeline_tes to 2025-07-17 00:00:00+00:00, run_after=2025-07-18 00:00:00+00:00
[2025-07-18T07:00:32.573+0000] {processor.py:183} INFO - Processing /opt/airflow/dags/script/etl_dag.py took 17.220 seconds
[2025-07-18T07:01:14.179+0000] {processor.py:161} INFO - Started process (PID=227) to work on /opt/airflow/dags/script/etl_dag.py
[2025-07-18T07:01:14.186+0000] {processor.py:830} INFO - Processing file /opt/airflow/dags/script/etl_dag.py for tasks to queue
[2025-07-18T07:01:14.201+0000] {logging_mixin.py:188} INFO - [2025-07-18T07:01:14.198+0000] {dagbag.py:545} INFO - Filling up the DagBag from /opt/airflow/dags/script/etl_dag.py
[2025-07-18T07:01:18.236+0000] {processor.py:840} INFO - DAG(s) 'etl_simdasi_pipeline_tes' retrieved from /opt/airflow/dags/script/etl_dag.py
[2025-07-18T07:01:18.309+0000] {logging_mixin.py:188} INFO - [2025-07-18T07:01:18.308+0000] {dag.py:3096} INFO - Sync 1 DAGs
[2025-07-18T07:01:18.391+0000] {logging_mixin.py:188} INFO - [2025-07-18T07:01:18.390+0000] {dag.py:3954} INFO - Setting next_dagrun for etl_simdasi_pipeline_tes to 2025-07-17 00:00:00+00:00, run_after=2025-07-18 00:00:00+00:00
[2025-07-18T07:01:18.566+0000] {processor.py:183} INFO - Processing /opt/airflow/dags/script/etl_dag.py took 4.430 seconds
[2025-07-18T07:01:57.113+0000] {processor.py:161} INFO - Started process (PID=289) to work on /opt/airflow/dags/script/etl_dag.py
[2025-07-18T07:01:57.118+0000] {processor.py:830} INFO - Processing file /opt/airflow/dags/script/etl_dag.py for tasks to queue
[2025-07-18T07:01:57.131+0000] {logging_mixin.py:188} INFO - [2025-07-18T07:01:57.130+0000] {dagbag.py:545} INFO - Filling up the DagBag from /opt/airflow/dags/script/etl_dag.py
[2025-07-18T07:02:00.815+0000] {processor.py:840} INFO - DAG(s) 'etl_simdasi_pipeline_tes' retrieved from /opt/airflow/dags/script/etl_dag.py
[2025-07-18T07:02:00.902+0000] {logging_mixin.py:188} INFO - [2025-07-18T07:02:00.901+0000] {dag.py:3096} INFO - Sync 1 DAGs
[2025-07-18T07:02:00.980+0000] {logging_mixin.py:188} INFO - [2025-07-18T07:02:00.979+0000] {dag.py:3954} INFO - Setting next_dagrun for etl_simdasi_pipeline_tes to 2025-07-17 00:00:00+00:00, run_after=2025-07-18 00:00:00+00:00
[2025-07-18T07:02:01.056+0000] {processor.py:183} INFO - Processing /opt/airflow/dags/script/etl_dag.py took 3.976 seconds
[2025-07-18T07:02:31.869+0000] {processor.py:161} INFO - Started process (PID=359) to work on /opt/airflow/dags/script/etl_dag.py
[2025-07-18T07:02:31.873+0000] {processor.py:830} INFO - Processing file /opt/airflow/dags/script/etl_dag.py for tasks to queue
[2025-07-18T07:02:31.888+0000] {logging_mixin.py:188} INFO - [2025-07-18T07:02:31.887+0000] {dagbag.py:545} INFO - Filling up the DagBag from /opt/airflow/dags/script/etl_dag.py
[2025-07-18T07:02:34.965+0000] {processor.py:840} INFO - DAG(s) 'etl_simdasi_pipeline_tes' retrieved from /opt/airflow/dags/script/etl_dag.py
[2025-07-18T07:02:35.043+0000] {logging_mixin.py:188} INFO - [2025-07-18T07:02:35.042+0000] {dag.py:3096} INFO - Sync 1 DAGs
[2025-07-18T07:02:35.115+0000] {logging_mixin.py:188} INFO - [2025-07-18T07:02:35.115+0000] {dag.py:3954} INFO - Setting next_dagrun for etl_simdasi_pipeline_tes to 2025-07-17 00:00:00+00:00, run_after=2025-07-18 00:00:00+00:00
[2025-07-18T07:02:35.173+0000] {processor.py:183} INFO - Processing /opt/airflow/dags/script/etl_dag.py took 3.347 seconds
[2025-07-18T07:03:05.814+0000] {processor.py:161} INFO - Started process (PID=425) to work on /opt/airflow/dags/script/etl_dag.py
[2025-07-18T07:03:05.826+0000] {processor.py:830} INFO - Processing file /opt/airflow/dags/script/etl_dag.py for tasks to queue
[2025-07-18T07:03:05.846+0000] {logging_mixin.py:188} INFO - [2025-07-18T07:03:05.843+0000] {dagbag.py:545} INFO - Filling up the DagBag from /opt/airflow/dags/script/etl_dag.py
[2025-07-18T07:03:09.871+0000] {processor.py:840} INFO - DAG(s) 'etl_simdasi_pipeline_tes' retrieved from /opt/airflow/dags/script/etl_dag.py
[2025-07-18T07:03:09.917+0000] {logging_mixin.py:188} INFO - [2025-07-18T07:03:09.916+0000] {dag.py:3096} INFO - Sync 1 DAGs
[2025-07-18T07:03:09.966+0000] {logging_mixin.py:188} INFO - [2025-07-18T07:03:09.966+0000] {dag.py:3954} INFO - Setting next_dagrun for etl_simdasi_pipeline_tes to 2025-07-17 00:00:00+00:00, run_after=2025-07-18 00:00:00+00:00
[2025-07-18T07:03:10.016+0000] {processor.py:183} INFO - Processing /opt/airflow/dags/script/etl_dag.py took 4.256 seconds
[2025-07-18T07:03:40.426+0000] {processor.py:161} INFO - Started process (PID=489) to work on /opt/airflow/dags/script/etl_dag.py
[2025-07-18T07:03:40.430+0000] {processor.py:830} INFO - Processing file /opt/airflow/dags/script/etl_dag.py for tasks to queue
[2025-07-18T07:03:40.437+0000] {logging_mixin.py:188} INFO - [2025-07-18T07:03:40.436+0000] {dagbag.py:545} INFO - Filling up the DagBag from /opt/airflow/dags/script/etl_dag.py
[2025-07-18T07:03:44.228+0000] {processor.py:840} INFO - DAG(s) 'etl_simdasi_pipeline_tes' retrieved from /opt/airflow/dags/script/etl_dag.py
[2025-07-18T07:03:44.273+0000] {logging_mixin.py:188} INFO - [2025-07-18T07:03:44.272+0000] {dag.py:3096} INFO - Sync 1 DAGs
[2025-07-18T07:03:44.333+0000] {logging_mixin.py:188} INFO - [2025-07-18T07:03:44.332+0000] {dag.py:3954} INFO - Setting next_dagrun for etl_simdasi_pipeline_tes to 2025-07-17 00:00:00+00:00, run_after=2025-07-18 00:00:00+00:00
[2025-07-18T07:03:44.393+0000] {processor.py:183} INFO - Processing /opt/airflow/dags/script/etl_dag.py took 3.989 seconds
[2025-07-18T07:04:18.288+0000] {processor.py:161} INFO - Started process (PID=555) to work on /opt/airflow/dags/script/etl_dag.py
[2025-07-18T07:04:18.308+0000] {processor.py:830} INFO - Processing file /opt/airflow/dags/script/etl_dag.py for tasks to queue
[2025-07-18T07:04:18.336+0000] {logging_mixin.py:188} INFO - [2025-07-18T07:04:18.334+0000] {dagbag.py:545} INFO - Filling up the DagBag from /opt/airflow/dags/script/etl_dag.py
[2025-07-18T07:04:31.207+0000] {processor.py:840} INFO - DAG(s) 'etl_simdasi_pipeline_tes' retrieved from /opt/airflow/dags/script/etl_dag.py
[2025-07-18T07:04:31.323+0000] {logging_mixin.py:188} INFO - [2025-07-18T07:04:31.317+0000] {dag.py:3096} INFO - Sync 1 DAGs
[2025-07-18T07:04:31.493+0000] {logging_mixin.py:188} INFO - [2025-07-18T07:04:31.493+0000] {dag.py:3954} INFO - Setting next_dagrun for etl_simdasi_pipeline_tes to 2025-07-17 00:00:00+00:00, run_after=2025-07-18 00:00:00+00:00
[2025-07-18T07:04:31.606+0000] {processor.py:183} INFO - Processing /opt/airflow/dags/script/etl_dag.py took 13.414 seconds
