[2025-07-17T12:24:30.627+0000] {local_task_job_runner.py:120} INFO - ::group::Pre task execution logs
[2025-07-17T12:24:30.702+0000] {taskinstance.py:2076} INFO - Dependencies all met for dep_context=non-requeueable deps ti=<TaskInstance: bps_simdasi_pipeline.process_simdasi_apis.process_api_12 manual__2025-07-17T12:17:17.887634+00:00 [queued]>
[2025-07-17T12:24:30.732+0000] {taskinstance.py:2076} INFO - Dependencies all met for dep_context=requeueable deps ti=<TaskInstance: bps_simdasi_pipeline.process_simdasi_apis.process_api_12 manual__2025-07-17T12:17:17.887634+00:00 [queued]>
[2025-07-17T12:24:30.734+0000] {taskinstance.py:2306} INFO - Starting attempt 2 of 2
[2025-07-17T12:24:30.798+0000] {taskinstance.py:2330} INFO - Executing <Task(PythonOperator): process_simdasi_apis.process_api_12> on 2025-07-17 12:17:17.887634+00:00
[2025-07-17T12:24:30.847+0000] {warnings.py:112} WARNING - /home/***/.local/lib/python3.12/site-packages/***/task/task_runner/standard_task_runner.py:61: DeprecationWarning: This process (pid=1053) is multi-threaded, use of fork() may lead to deadlocks in the child.
  pid = os.fork()

[2025-07-17T12:24:30.871+0000] {standard_task_runner.py:63} INFO - Started process 1069 to run task
[2025-07-17T12:24:30.888+0000] {standard_task_runner.py:90} INFO - Running: ['***', 'tasks', 'run', 'bps_simdasi_pipeline', 'process_simdasi_apis.process_api_12', 'manual__2025-07-17T12:17:17.887634+00:00', '--job-id', '158', '--raw', '--subdir', 'DAGS_FOLDER/bps_simdasi_pipeline.py.py', '--cfg-path', '/tmp/tmpvul6sr__']
[2025-07-17T12:24:30.891+0000] {standard_task_runner.py:91} INFO - Job 158: Subtask process_simdasi_apis.process_api_12
[2025-07-17T12:24:31.208+0000] {task_command.py:426} INFO - Running <TaskInstance: bps_simdasi_pipeline.process_simdasi_apis.process_api_12 manual__2025-07-17T12:17:17.887634+00:00 [running]> on host be615b49433c
[2025-07-17T12:24:32.288+0000] {taskinstance.py:2648} INFO - Exporting env vars: AIRFLOW_CTX_DAG_OWNER='***' AIRFLOW_CTX_DAG_ID='bps_simdasi_pipeline' AIRFLOW_CTX_TASK_ID='process_simdasi_apis.process_api_12' AIRFLOW_CTX_EXECUTION_DATE='2025-07-17T12:17:17.887634+00:00' AIRFLOW_CTX_TRY_NUMBER='2' AIRFLOW_CTX_DAG_RUN_ID='manual__2025-07-17T12:17:17.887634+00:00'
[2025-07-17T12:24:32.292+0000] {taskinstance.py:430} INFO - ::endgroup::
[2025-07-17T12:24:32.303+0000] {logging_mixin.py:188} INFO - Processing URL: https://webapi.bps.go.id/v1/api/interoperabilitas/datasource/simdasi/id/25/tahun/2024/id_tabel/YzVEYlo5MVplU2NaM2NtT2daTzB6UT09/wilayah/0000000/key/79452e4c302f8921ad36cd2bf55f0630
[2025-07-17T12:24:34.776+0000] {logging_mixin.py:188} INFO - 
--- Memulai Loop Pengambilan Data SIMDASI ---
[2025-07-17T12:24:34.814+0000] {logging_mixin.py:188} INFO - 🔄 Mengambil tahun 2024...
[2025-07-17T12:24:36.856+0000] {logging_mixin.py:188} INFO - 
✅ Metadata awal ditangkap dari tahun 2024:
[2025-07-17T12:24:36.861+0000] {logging_mixin.py:188} INFO -    -> Nama Skema: api_bps_keuangan_pemerintah_fiskal
[2025-07-17T12:24:36.864+0000] {logging_mixin.py:188} INFO -    -> Nama Kolom Label: jabatan
[2025-07-17T12:24:36.866+0000] {logging_mixin.py:188} INFO -    -> ID Kategori (mms_id): 534
[2025-07-17T12:24:36.871+0000] {logging_mixin.py:188} INFO - -> Berhasil memproses data untuk tahun 2024.
[2025-07-17T12:24:36.873+0000] {logging_mixin.py:188} INFO - 
✅ Nama tabel final diatur ke: 'jmlh_prtr_spl_ngr_sn_mnrt_jbtn_jns_sn_dn_jns_klmn_rng_dsmbr_202' (berdasarkan judul dari tahun terakhir yang tersedia).
[2025-07-17T12:24:39.940+0000] {logging_mixin.py:188} INFO - ✅ Data saved to api_bps_keuangan_pemerintah_fiskal.jmlh_prtr_spl_ngr_sn_mnrt_jbtn_jns_sn_dn_jns_klmn_rng_dsmbr_202
[2025-07-17T12:24:39.942+0000] {python.py:237} INFO - Done. Returned value was: None
[2025-07-17T12:24:39.946+0000] {taskinstance.py:441} INFO - ::group::Post task execution logs
[2025-07-17T12:24:39.978+0000] {taskinstance.py:1206} INFO - Marking task as SUCCESS. dag_id=bps_simdasi_pipeline, task_id=process_simdasi_apis.process_api_12, run_id=manual__2025-07-17T12:17:17.887634+00:00, execution_date=20250717T121717, start_date=20250717T122430, end_date=20250717T122439
[2025-07-17T12:24:40.116+0000] {local_task_job_runner.py:240} INFO - Task exited with return code 0
[2025-07-17T12:24:40.174+0000] {taskinstance.py:3503} INFO - 0 downstream tasks scheduled from follow-on schedule check
[2025-07-17T12:24:40.183+0000] {local_task_job_runner.py:222} INFO - ::endgroup::
