[2025-07-23T15:59:11.739+0000] {local_task_job_runner.py:120} INFO - ::group::Pre task execution logs
[2025-07-23T15:59:11.789+0000] {taskinstance.py:2076} INFO - Dependencies all met for dep_context=non-requeueable deps ti=<TaskInstance: bps_simdasi_pipeline.process_simdasi_apis.process_api_2 manual__2025-07-23T15:54:10.461716+00:00 [queued]>
[2025-07-23T15:59:11.804+0000] {taskinstance.py:2076} INFO - Dependencies all met for dep_context=requeueable deps ti=<TaskInstance: bps_simdasi_pipeline.process_simdasi_apis.process_api_2 manual__2025-07-23T15:54:10.461716+00:00 [queued]>
[2025-07-23T15:59:11.806+0000] {taskinstance.py:2306} INFO - Starting attempt 1 of 2
[2025-07-23T15:59:11.836+0000] {taskinstance.py:2330} INFO - Executing <Task(PythonOperator): process_simdasi_apis.process_api_2> on 2025-07-23 15:54:10.461716+00:00
[2025-07-23T15:59:11.852+0000] {warnings.py:112} WARNING - /home/***/.local/lib/python3.12/site-packages/***/task/task_runner/standard_task_runner.py:61: DeprecationWarning: This process (pid=291) is multi-threaded, use of fork() may lead to deadlocks in the child.
  pid = os.fork()

[2025-07-23T15:59:11.855+0000] {standard_task_runner.py:63} INFO - Started process 293 to run task
[2025-07-23T15:59:11.856+0000] {standard_task_runner.py:90} INFO - Running: ['***', 'tasks', 'run', 'bps_simdasi_pipeline', 'process_simdasi_apis.process_api_2', 'manual__2025-07-23T15:54:10.461716+00:00', '--job-id', '238', '--raw', '--subdir', 'DAGS_FOLDER/bps_simdasi_pipeline.py', '--cfg-path', '/tmp/tmpzzye_fja']
[2025-07-23T15:59:11.858+0000] {standard_task_runner.py:91} INFO - Job 238: Subtask process_simdasi_apis.process_api_2
[2025-07-23T15:59:11.971+0000] {task_command.py:426} INFO - Running <TaskInstance: bps_simdasi_pipeline.process_simdasi_apis.process_api_2 manual__2025-07-23T15:54:10.461716+00:00 [running]> on host be615b49433c
[2025-07-23T15:59:12.151+0000] {taskinstance.py:2648} INFO - Exporting env vars: AIRFLOW_CTX_DAG_OWNER='***' AIRFLOW_CTX_DAG_ID='bps_simdasi_pipeline' AIRFLOW_CTX_TASK_ID='process_simdasi_apis.process_api_2' AIRFLOW_CTX_EXECUTION_DATE='2025-07-23T15:54:10.461716+00:00' AIRFLOW_CTX_TRY_NUMBER='1' AIRFLOW_CTX_DAG_RUN_ID='manual__2025-07-23T15:54:10.461716+00:00'
[2025-07-23T15:59:12.158+0000] {taskinstance.py:430} INFO - ::endgroup::
[2025-07-23T15:59:12.160+0000] {logging_mixin.py:188} INFO - 🔁 Processing URL: https://webapi.bps.go.id/v1/api/interoperabilitas/datasource/simdasi/id/25/tahun/2024/id_tabel/a1lFcnlHNXNYMFlueG8xL0ZOZnU0Zz09/wilayah/0000000/key/79452e4c302f8921ad36cd2bf55f0630/
[2025-07-23T15:59:12.162+0000] {logging_mixin.py:188} INFO - 
🔄 Mencoba mengambil daftar tahun yang tersedia secara otomatis...
[2025-07-23T15:59:33.397+0000] {logging_mixin.py:188} INFO - ❌ Terjadi kesalahan saat mengambil tahun otomatis: HTTPSConnectionPool(host='webapi.bps.go.id', port=443): Max retries exceeded with url: /v1/api/interoperabilitas/datasource/simdasi/id/23/wilayah/0000000/key/79452e4c302f8921ad36cd2bf55f0630/ (Caused by NewConnectionError('<urllib3.connection.HTTPSConnection object at 0x789d8213a4e0>: Failed to establish a new connection: [Errno 111] Connection refused'))
[2025-07-23T15:59:33.399+0000] {logging_mixin.py:188} INFO - ⚠️ Menggunakan rentang tahun default: [2015, 2016, 2017, 2018, 2019, 2020, 2021, 2022, 2023, 2024, 2025]
[2025-07-23T15:59:33.402+0000] {logging_mixin.py:188} INFO - 
--- Memulai Loop Pengambilan Data SIMDASI ---
[2025-07-23T15:59:33.405+0000] {logging_mixin.py:188} INFO - 🔄 Mengambil tahun 2015...
[2025-07-23T15:59:55.408+0000] {logging_mixin.py:188} INFO - ❌ Kesalahan jaringan untuk tahun 2015: HTTPSConnectionPool(host='webapi.bps.go.id', port=443): Max retries exceeded with url: /v1/api/interoperabilitas/datasource/simdasi/id/25/tahun/2024/id_tabel/a1lFcnlHNXNYMFlueG8xL0ZOZnU0Zz09/wilayah/0000000/key/79452e4c302f8921ad36cd2bf55f0630/ (Caused by NewConnectionError('<urllib3.connection.HTTPSConnection object at 0x789d81fb2720>: Failed to establish a new connection: [Errno 111] Connection refused'))
[2025-07-23T15:59:55.409+0000] {logging_mixin.py:188} INFO - 🔄 Mengambil tahun 2016...
[2025-07-23T16:00:17.416+0000] {logging_mixin.py:188} INFO - ❌ Kesalahan jaringan untuk tahun 2016: HTTPSConnectionPool(host='webapi.bps.go.id', port=443): Max retries exceeded with url: /v1/api/interoperabilitas/datasource/simdasi/id/25/tahun/2024/id_tabel/a1lFcnlHNXNYMFlueG8xL0ZOZnU0Zz09/wilayah/0000000/key/79452e4c302f8921ad36cd2bf55f0630/ (Caused by NewConnectionError('<urllib3.connection.HTTPSConnection object at 0x789d81fb3050>: Failed to establish a new connection: [Errno 111] Connection refused'))
[2025-07-23T16:00:17.428+0000] {logging_mixin.py:188} INFO - 🔄 Mengambil tahun 2017...
[2025-07-23T16:00:39.396+0000] {logging_mixin.py:188} INFO - ❌ Kesalahan jaringan untuk tahun 2017: HTTPSConnectionPool(host='webapi.bps.go.id', port=443): Max retries exceeded with url: /v1/api/interoperabilitas/datasource/simdasi/id/25/tahun/2024/id_tabel/a1lFcnlHNXNYMFlueG8xL0ZOZnU0Zz09/wilayah/0000000/key/79452e4c302f8921ad36cd2bf55f0630/ (Caused by NewConnectionError('<urllib3.connection.HTTPSConnection object at 0x789d81fb3a10>: Failed to establish a new connection: [Errno 111] Connection refused'))
[2025-07-23T16:00:39.398+0000] {logging_mixin.py:188} INFO - 🔄 Mengambil tahun 2018...
[2025-07-23T16:01:01.402+0000] {logging_mixin.py:188} INFO - ❌ Kesalahan jaringan untuk tahun 2018: HTTPSConnectionPool(host='webapi.bps.go.id', port=443): Max retries exceeded with url: /v1/api/interoperabilitas/datasource/simdasi/id/25/tahun/2024/id_tabel/a1lFcnlHNXNYMFlueG8xL0ZOZnU0Zz09/wilayah/0000000/key/79452e4c302f8921ad36cd2bf55f0630/ (Caused by NewConnectionError('<urllib3.connection.HTTPSConnection object at 0x789d81fe8410>: Failed to establish a new connection: [Errno 111] Connection refused'))
[2025-07-23T16:01:01.405+0000] {logging_mixin.py:188} INFO - 🔄 Mengambil tahun 2019...
[2025-07-23T16:01:23.410+0000] {logging_mixin.py:188} INFO - ❌ Kesalahan jaringan untuk tahun 2019: HTTPSConnectionPool(host='webapi.bps.go.id', port=443): Max retries exceeded with url: /v1/api/interoperabilitas/datasource/simdasi/id/25/tahun/2024/id_tabel/a1lFcnlHNXNYMFlueG8xL0ZOZnU0Zz09/wilayah/0000000/key/79452e4c302f8921ad36cd2bf55f0630/ (Caused by NewConnectionError('<urllib3.connection.HTTPSConnection object at 0x789d81fe8c80>: Failed to establish a new connection: [Errno 111] Connection refused'))
[2025-07-23T16:01:23.411+0000] {logging_mixin.py:188} INFO - 🔄 Mengambil tahun 2020...
[2025-07-23T16:01:45.404+0000] {logging_mixin.py:188} INFO - ❌ Kesalahan jaringan untuk tahun 2020: HTTPSConnectionPool(host='webapi.bps.go.id', port=443): Max retries exceeded with url: /v1/api/interoperabilitas/datasource/simdasi/id/25/tahun/2024/id_tabel/a1lFcnlHNXNYMFlueG8xL0ZOZnU0Zz09/wilayah/0000000/key/79452e4c302f8921ad36cd2bf55f0630/ (Caused by NewConnectionError('<urllib3.connection.HTTPSConnection object at 0x789d81fb0740>: Failed to establish a new connection: [Errno 111] Connection refused'))
[2025-07-23T16:01:45.407+0000] {logging_mixin.py:188} INFO - 🔄 Mengambil tahun 2021...
[2025-07-23T16:02:07.391+0000] {logging_mixin.py:188} INFO - ❌ Kesalahan jaringan untuk tahun 2021: HTTPSConnectionPool(host='webapi.bps.go.id', port=443): Max retries exceeded with url: /v1/api/interoperabilitas/datasource/simdasi/id/25/tahun/2024/id_tabel/a1lFcnlHNXNYMFlueG8xL0ZOZnU0Zz09/wilayah/0000000/key/79452e4c302f8921ad36cd2bf55f0630/ (Caused by NewConnectionError('<urllib3.connection.HTTPSConnection object at 0x789d81fb32f0>: Failed to establish a new connection: [Errno 111] Connection refused'))
[2025-07-23T16:02:07.395+0000] {logging_mixin.py:188} INFO - 🔄 Mengambil tahun 2022...
[2025-07-23T16:02:29.411+0000] {logging_mixin.py:188} INFO - ❌ Kesalahan jaringan untuk tahun 2022: HTTPSConnectionPool(host='webapi.bps.go.id', port=443): Max retries exceeded with url: /v1/api/interoperabilitas/datasource/simdasi/id/25/tahun/2024/id_tabel/a1lFcnlHNXNYMFlueG8xL0ZOZnU0Zz09/wilayah/0000000/key/79452e4c302f8921ad36cd2bf55f0630/ (Caused by NewConnectionError('<urllib3.connection.HTTPSConnection object at 0x789d81fb24e0>: Failed to establish a new connection: [Errno 111] Connection refused'))
[2025-07-23T16:02:29.414+0000] {logging_mixin.py:188} INFO - 🔄 Mengambil tahun 2023...
[2025-07-23T16:02:51.388+0000] {logging_mixin.py:188} INFO - ❌ Kesalahan jaringan untuk tahun 2023: HTTPSConnectionPool(host='webapi.bps.go.id', port=443): Max retries exceeded with url: /v1/api/interoperabilitas/datasource/simdasi/id/25/tahun/2024/id_tabel/a1lFcnlHNXNYMFlueG8xL0ZOZnU0Zz09/wilayah/0000000/key/79452e4c302f8921ad36cd2bf55f0630/ (Caused by NewConnectionError('<urllib3.connection.HTTPSConnection object at 0x789d81fe83b0>: Failed to establish a new connection: [Errno 111] Connection refused'))
[2025-07-23T16:02:51.390+0000] {logging_mixin.py:188} INFO - 🔄 Mengambil tahun 2024...
[2025-07-23T16:03:13.384+0000] {logging_mixin.py:188} INFO - ❌ Kesalahan jaringan untuk tahun 2024: HTTPSConnectionPool(host='webapi.bps.go.id', port=443): Max retries exceeded with url: /v1/api/interoperabilitas/datasource/simdasi/id/25/tahun/2024/id_tabel/a1lFcnlHNXNYMFlueG8xL0ZOZnU0Zz09/wilayah/0000000/key/79452e4c302f8921ad36cd2bf55f0630/ (Caused by NewConnectionError('<urllib3.connection.HTTPSConnection object at 0x789d81fe9e20>: Failed to establish a new connection: [Errno 111] Connection refused'))
[2025-07-23T16:03:13.386+0000] {logging_mixin.py:188} INFO - 🔄 Mengambil tahun 2025...
[2025-07-23T16:03:35.416+0000] {logging_mixin.py:188} INFO - ❌ Kesalahan jaringan untuk tahun 2025: HTTPSConnectionPool(host='webapi.bps.go.id', port=443): Max retries exceeded with url: /v1/api/interoperabilitas/datasource/simdasi/id/25/tahun/2024/id_tabel/a1lFcnlHNXNYMFlueG8xL0ZOZnU0Zz09/wilayah/0000000/key/79452e4c302f8921ad36cd2bf55f0630/ (Caused by NewConnectionError('<urllib3.connection.HTTPSConnection object at 0x789d81fea6c0>: Failed to establish a new connection: [Errno 111] Connection refused'))
[2025-07-23T16:03:35.418+0000] {logging_mixin.py:188} INFO - 
❌ Gagal Total: Tidak dapat menangkap metadata nama dari tahun manapun. Proses dihentikan.
[2025-07-23T16:03:35.595+0000] {logging_mixin.py:188} INFO - ⚠️ No data processed or table name missing
[2025-07-23T16:03:35.598+0000] {python.py:237} INFO - Done. Returned value was: None
[2025-07-23T16:03:35.602+0000] {taskinstance.py:441} INFO - ::group::Post task execution logs
[2025-07-23T16:03:35.701+0000] {taskinstance.py:1206} INFO - Marking task as SUCCESS. dag_id=bps_simdasi_pipeline, task_id=process_simdasi_apis.process_api_2, run_id=manual__2025-07-23T15:54:10.461716+00:00, execution_date=20250723T155410, start_date=20250723T155911, end_date=20250723T160335
[2025-07-23T16:03:35.873+0000] {local_task_job_runner.py:240} INFO - Task exited with return code 0
[2025-07-23T16:03:36.122+0000] {taskinstance.py:3503} INFO - 1 downstream tasks scheduled from follow-on schedule check
[2025-07-23T16:03:36.139+0000] {local_task_job_runner.py:222} INFO - ::endgroup::
